['b128_gpu1.csv', 'b128_gpu2.csv', 'b128_gpu3.csv', 'b128_gpu4.csv', 'b256_gpu1.csv', 'b256_gpu2.csv', 'b256_gpu3.csv', 'b256_gpu4.csv', 'b512_gpu1.csv', 'b512_gpu2.csv', 'b512_gpu3.csv', 'b512_gpu4.csv', 'b1024_gpu2.csv', 'b1024_gpu3.csv', 'b1024_gpu4.csv']
uarch_file:  /mydata/vtune_logs/pytorch_vtune_logs/csv/vtune_mem_access_unpinned/b128_gpu1.csv
C/C++ functions not found in dataframe:
['GOMP_parallel', '__kmp_join_barrier', '__kmp_fork_barrier', 'gomp_team_barrier_wait_end']
C/C++ functions (indices) found in dataframe:
Index: [2634] Function:  munmap
Index: [10] Function:  at::native::AVX2::vectorized_loop<at::native::(anonymous namespace)::div_true_kernel(at::TensorIteratorBase&)::{lambda()#1}::operator()(void) const::{lambda()#2}::operator()(void) const::{lambda(floatfloat)#1}&, at::native::(anonymous namespace)::div_true_kernel(at::TensorIteratorBase&)::{lambda()#1}::operator()(void) const::{lambda()#2}::operator()(void) const::{lambda(at::vec::AVX2::Vectorized<float>at::vec::AVX2::Vectorized<float>)#2}&>.isra.0
Index: [15] Function:  c10::function_ref<void (char**, long const*, long, long)>::callback_fn<at::native::AVX2::VectorizedLoop2d<at::native::AVX2::direct_copy_kernel(at::TensorIteratorBase&)::{lambda()#3}::operator()(void) const::{lambda()#1}::operator()(void) const::{lambda(unsigned char)#1}, at::native::AVX2::direct_copy_kernel(at::TensorIteratorBase&)::{lambda()#3}::operator()(void) const::{lambda()#1}::operator()(void) const::{lambda(at::vec::AVX2::Vectorized<unsigned char>)#2}>>
Index: [23] Function:  c10::function_ref<void (char**, long const*, long, long)>::callback_fn<at::TensorIteratorBase::loop_2d_from_1d<at::native::AVX2::copy_kernel(at::TensorIterator&, bool)::{lambda()#1}::operator()(void) const::{lambda()#7}::operator()(void) const::{lambda()#1}::operator()(void) const::{lambda()#1}::operator()(void) const::{lambda(char**long const*, long)#1}>(, signed char, at::native::AVX2::copy_kernel(at::TensorIterator&, bool)::{lambda()#1}::operator()(void) const::{lambda()#7}::operator()(void) const::{lambda()#1}::operator()(void) const::{lambda()#1}::operator()(void) const::{lambda(char**long const*, long)#1} const&)::{lambda(char**long const*, long, long)#1}>
Index: [30] Function:  ImagingFlipLeftRight
Index: [3] Function:  ycc_rgb_convert
Index: [6] Function:  jpeg_idct_16x16
Index: [26] Function:  c10::function_ref<void (char**, long const*, long, long)>::callback_fn<at::native::AVX2::VectorizedLoop2d<at::native::(anonymous namespace)::add_kernel(at::TensorIteratorBase&, c10::Scalar const&)::{lambda()#1}::operator()(void) const::{lambda()#7}::operator()(void) const::{lambda(floatfloat)#1}, at::native::(anonymous namespace)::add_kernel(at::TensorIteratorBase&, c10::Scalar const&)::{lambda()#1}::operator()(void) const::{lambda()#7}::operator()(void) const::{lambda(at::vec::AVX2::Vectorized<float>at::vec::AVX2::Vectorized<float>)#2}>>
Index: [1] Function:  jpeg_idct_islow
Index: [0] Function:  decode_mcu
Index: [2] Function:  ImagingResampleHorizontal_8bpc
Index: [8] Function:  c10::function_ref<void (char**, long const*, long, long)>::callback_fn<at::native::AVX2::VectorizedLoop2d<at::native::AVX2::direct_copy_kernel(at::TensorIteratorBase&)::{lambda()#3}::operator()(void) const::{lambda()#7}::operator()(void) const::{lambda(float)#1}, at::native::AVX2::direct_copy_kernel(at::TensorIteratorBase&)::{lambda()#3}::operator()(void) const::{lambda()#7}::operator()(void) const::{lambda(at::vec::AVX2::Vectorized<float>)#2}>>
Index: [9] Function:  decompress_onepass
Index: [151] Function:  __libc_calloc
Index: [25] Function:  __memset_avx2_unaligned_erms
Index: [52] Function:  _int_free
Index: [7] Function:  __memmove_avx_unaligned_erms
Index: [11] Function:  ImagingUnpackRGB
Index: [24] Function:  ImagingPackRGB



uarch_file:  /mydata/vtune_logs/pytorch_vtune_logs/csv/vtune_mem_access_unpinned/b128_gpu2.csv
C/C++ functions not found in dataframe:
['GOMP_parallel', '__kmp_join_barrier', '__kmp_fork_barrier', 'gomp_team_barrier_wait_end']
C/C++ functions (indices) found in dataframe:
Index: [5987] Function:  munmap
Index: [9] Function:  at::native::AVX2::vectorized_loop<at::native::(anonymous namespace)::div_true_kernel(at::TensorIteratorBase&)::{lambda()#1}::operator()(void) const::{lambda()#2}::operator()(void) const::{lambda(floatfloat)#1}&, at::native::(anonymous namespace)::div_true_kernel(at::TensorIteratorBase&)::{lambda()#1}::operator()(void) const::{lambda()#2}::operator()(void) const::{lambda(at::vec::AVX2::Vectorized<float>at::vec::AVX2::Vectorized<float>)#2}&>.isra.0
Index: [15] Function:  c10::function_ref<void (char**, long const*, long, long)>::callback_fn<at::native::AVX2::VectorizedLoop2d<at::native::AVX2::direct_copy_kernel(at::TensorIteratorBase&)::{lambda()#3}::operator()(void) const::{lambda()#1}::operator()(void) const::{lambda(unsigned char)#1}, at::native::AVX2::direct_copy_kernel(at::TensorIteratorBase&)::{lambda()#3}::operator()(void) const::{lambda()#1}::operator()(void) const::{lambda(at::vec::AVX2::Vectorized<unsigned char>)#2}>>
Index: [22] Function:  c10::function_ref<void (char**, long const*, long, long)>::callback_fn<at::TensorIteratorBase::loop_2d_from_1d<at::native::AVX2::copy_kernel(at::TensorIterator&, bool)::{lambda()#1}::operator()(void) const::{lambda()#7}::operator()(void) const::{lambda()#1}::operator()(void) const::{lambda()#1}::operator()(void) const::{lambda(char**long const*, long)#1}>(, signed char, at::native::AVX2::copy_kernel(at::TensorIterator&, bool)::{lambda()#1}::operator()(void) const::{lambda()#7}::operator()(void) const::{lambda()#1}::operator()(void) const::{lambda()#1}::operator()(void) const::{lambda(char**long const*, long)#1} const&)::{lambda(char**long const*, long, long)#1}>
Index: [28] Function:  ImagingFlipLeftRight
Index: [3] Function:  ycc_rgb_convert
Index: [7] Function:  jpeg_idct_16x16
Index: [25] Function:  c10::function_ref<void (char**, long const*, long, long)>::callback_fn<at::native::AVX2::VectorizedLoop2d<at::native::(anonymous namespace)::add_kernel(at::TensorIteratorBase&, c10::Scalar const&)::{lambda()#1}::operator()(void) const::{lambda()#7}::operator()(void) const::{lambda(floatfloat)#1}, at::native::(anonymous namespace)::add_kernel(at::TensorIteratorBase&, c10::Scalar const&)::{lambda()#1}::operator()(void) const::{lambda()#7}::operator()(void) const::{lambda(at::vec::AVX2::Vectorized<float>at::vec::AVX2::Vectorized<float>)#2}>>
Index: [1] Function:  jpeg_idct_islow
Index: [0] Function:  decode_mcu
Index: [2] Function:  ImagingResampleHorizontal_8bpc
Index: [6] Function:  c10::function_ref<void (char**, long const*, long, long)>::callback_fn<at::native::AVX2::VectorizedLoop2d<at::native::AVX2::direct_copy_kernel(at::TensorIteratorBase&)::{lambda()#3}::operator()(void) const::{lambda()#7}::operator()(void) const::{lambda(float)#1}, at::native::AVX2::direct_copy_kernel(at::TensorIteratorBase&)::{lambda()#3}::operator()(void) const::{lambda()#7}::operator()(void) const::{lambda(at::vec::AVX2::Vectorized<float>)#2}>>
Index: [10] Function:  decompress_onepass
Index: [164] Function:  __libc_calloc
Index: [26] Function:  __memset_avx2_unaligned_erms
Index: [50] Function:  _int_free
Index: [8] Function:  __memmove_avx_unaligned_erms
Index: [11] Function:  ImagingUnpackRGB
Index: [24] Function:  ImagingPackRGB



uarch_file:  /mydata/vtune_logs/pytorch_vtune_logs/csv/vtune_mem_access_unpinned/b128_gpu3.csv
C/C++ functions not found in dataframe:
['GOMP_parallel', '__kmp_join_barrier', '__kmp_fork_barrier', 'gomp_team_barrier_wait_end']
C/C++ functions (indices) found in dataframe:
Index: [4185] Function:  munmap
Index: [9] Function:  at::native::AVX2::vectorized_loop<at::native::(anonymous namespace)::div_true_kernel(at::TensorIteratorBase&)::{lambda()#1}::operator()(void) const::{lambda()#2}::operator()(void) const::{lambda(floatfloat)#1}&, at::native::(anonymous namespace)::div_true_kernel(at::TensorIteratorBase&)::{lambda()#1}::operator()(void) const::{lambda()#2}::operator()(void) const::{lambda(at::vec::AVX2::Vectorized<float>at::vec::AVX2::Vectorized<float>)#2}&>.isra.0
Index: [14] Function:  c10::function_ref<void (char**, long const*, long, long)>::callback_fn<at::native::AVX2::VectorizedLoop2d<at::native::AVX2::direct_copy_kernel(at::TensorIteratorBase&)::{lambda()#3}::operator()(void) const::{lambda()#1}::operator()(void) const::{lambda(unsigned char)#1}, at::native::AVX2::direct_copy_kernel(at::TensorIteratorBase&)::{lambda()#3}::operator()(void) const::{lambda()#1}::operator()(void) const::{lambda(at::vec::AVX2::Vectorized<unsigned char>)#2}>>
Index: [22] Function:  c10::function_ref<void (char**, long const*, long, long)>::callback_fn<at::TensorIteratorBase::loop_2d_from_1d<at::native::AVX2::copy_kernel(at::TensorIterator&, bool)::{lambda()#1}::operator()(void) const::{lambda()#7}::operator()(void) const::{lambda()#1}::operator()(void) const::{lambda()#1}::operator()(void) const::{lambda(char**long const*, long)#1}>(, signed char, at::native::AVX2::copy_kernel(at::TensorIterator&, bool)::{lambda()#1}::operator()(void) const::{lambda()#7}::operator()(void) const::{lambda()#1}::operator()(void) const::{lambda()#1}::operator()(void) const::{lambda(char**long const*, long)#1} const&)::{lambda(char**long const*, long, long)#1}>
Index: [32] Function:  ImagingFlipLeftRight
Index: [3] Function:  ycc_rgb_convert
Index: [8] Function:  jpeg_idct_16x16
Index: [25] Function:  c10::function_ref<void (char**, long const*, long, long)>::callback_fn<at::native::AVX2::VectorizedLoop2d<at::native::(anonymous namespace)::add_kernel(at::TensorIteratorBase&, c10::Scalar const&)::{lambda()#1}::operator()(void) const::{lambda()#7}::operator()(void) const::{lambda(floatfloat)#1}, at::native::(anonymous namespace)::add_kernel(at::TensorIteratorBase&, c10::Scalar const&)::{lambda()#1}::operator()(void) const::{lambda()#7}::operator()(void) const::{lambda(at::vec::AVX2::Vectorized<float>at::vec::AVX2::Vectorized<float>)#2}>>
Index: [1] Function:  jpeg_idct_islow
Index: [0] Function:  decode_mcu
Index: [2] Function:  ImagingResampleHorizontal_8bpc
Index: [6] Function:  c10::function_ref<void (char**, long const*, long, long)>::callback_fn<at::native::AVX2::VectorizedLoop2d<at::native::AVX2::direct_copy_kernel(at::TensorIteratorBase&)::{lambda()#3}::operator()(void) const::{lambda()#7}::operator()(void) const::{lambda(float)#1}, at::native::AVX2::direct_copy_kernel(at::TensorIteratorBase&)::{lambda()#3}::operator()(void) const::{lambda()#7}::operator()(void) const::{lambda(at::vec::AVX2::Vectorized<float>)#2}>>
Index: [10] Function:  decompress_onepass
Index: [178] Function:  __libc_calloc
Index: [26] Function:  __memset_avx2_unaligned_erms
Index: [40] Function:  _int_free
Index: [7] Function:  __memmove_avx_unaligned_erms
Index: [11] Function:  ImagingUnpackRGB
Index: [23] Function:  ImagingPackRGB



uarch_file:  /mydata/vtune_logs/pytorch_vtune_logs/csv/vtune_mem_access_unpinned/b128_gpu4.csv
C/C++ functions not found in dataframe:
['GOMP_parallel', '__kmp_join_barrier', '__kmp_fork_barrier', 'gomp_team_barrier_wait_end']
C/C++ functions (indices) found in dataframe:
Index: [6310] Function:  munmap
Index: [9] Function:  at::native::AVX2::vectorized_loop<at::native::(anonymous namespace)::div_true_kernel(at::TensorIteratorBase&)::{lambda()#1}::operator()(void) const::{lambda()#2}::operator()(void) const::{lambda(floatfloat)#1}&, at::native::(anonymous namespace)::div_true_kernel(at::TensorIteratorBase&)::{lambda()#1}::operator()(void) const::{lambda()#2}::operator()(void) const::{lambda(at::vec::AVX2::Vectorized<float>at::vec::AVX2::Vectorized<float>)#2}&>.isra.0
Index: [14] Function:  c10::function_ref<void (char**, long const*, long, long)>::callback_fn<at::native::AVX2::VectorizedLoop2d<at::native::AVX2::direct_copy_kernel(at::TensorIteratorBase&)::{lambda()#3}::operator()(void) const::{lambda()#1}::operator()(void) const::{lambda(unsigned char)#1}, at::native::AVX2::direct_copy_kernel(at::TensorIteratorBase&)::{lambda()#3}::operator()(void) const::{lambda()#1}::operator()(void) const::{lambda(at::vec::AVX2::Vectorized<unsigned char>)#2}>>
Index: [21] Function:  c10::function_ref<void (char**, long const*, long, long)>::callback_fn<at::TensorIteratorBase::loop_2d_from_1d<at::native::AVX2::copy_kernel(at::TensorIterator&, bool)::{lambda()#1}::operator()(void) const::{lambda()#7}::operator()(void) const::{lambda()#1}::operator()(void) const::{lambda()#1}::operator()(void) const::{lambda(char**long const*, long)#1}>(, signed char, at::native::AVX2::copy_kernel(at::TensorIterator&, bool)::{lambda()#1}::operator()(void) const::{lambda()#7}::operator()(void) const::{lambda()#1}::operator()(void) const::{lambda()#1}::operator()(void) const::{lambda(char**long const*, long)#1} const&)::{lambda(char**long const*, long, long)#1}>
Index: [31] Function:  ImagingFlipLeftRight
Index: [3] Function:  ycc_rgb_convert
Index: [8] Function:  jpeg_idct_16x16
Index: [24] Function:  c10::function_ref<void (char**, long const*, long, long)>::callback_fn<at::native::AVX2::VectorizedLoop2d<at::native::(anonymous namespace)::add_kernel(at::TensorIteratorBase&, c10::Scalar const&)::{lambda()#1}::operator()(void) const::{lambda()#7}::operator()(void) const::{lambda(floatfloat)#1}, at::native::(anonymous namespace)::add_kernel(at::TensorIteratorBase&, c10::Scalar const&)::{lambda()#1}::operator()(void) const::{lambda()#7}::operator()(void) const::{lambda(at::vec::AVX2::Vectorized<float>at::vec::AVX2::Vectorized<float>)#2}>>
Index: [1] Function:  jpeg_idct_islow
Index: [0] Function:  decode_mcu
Index: [2] Function:  ImagingResampleHorizontal_8bpc
Index: [6] Function:  c10::function_ref<void (char**, long const*, long, long)>::callback_fn<at::native::AVX2::VectorizedLoop2d<at::native::AVX2::direct_copy_kernel(at::TensorIteratorBase&)::{lambda()#3}::operator()(void) const::{lambda()#7}::operator()(void) const::{lambda(float)#1}, at::native::AVX2::direct_copy_kernel(at::TensorIteratorBase&)::{lambda()#3}::operator()(void) const::{lambda()#7}::operator()(void) const::{lambda(at::vec::AVX2::Vectorized<float>)#2}>>
Index: [10] Function:  decompress_onepass
Index: [164] Function:  __libc_calloc
Index: [25] Function:  __memset_avx2_unaligned_erms
Index: [38] Function:  _int_free
Index: [7] Function:  __memmove_avx_unaligned_erms
Index: [11] Function:  ImagingUnpackRGB
Index: [22] Function:  ImagingPackRGB



uarch_file:  /mydata/vtune_logs/pytorch_vtune_logs/csv/vtune_mem_access_unpinned/b256_gpu1.csv
C/C++ functions not found in dataframe:
['GOMP_parallel', '__kmp_join_barrier', '__kmp_fork_barrier', 'gomp_team_barrier_wait_end']
C/C++ functions (indices) found in dataframe:
Index: [4969] Function:  munmap
Index: [10] Function:  at::native::AVX2::vectorized_loop<at::native::(anonymous namespace)::div_true_kernel(at::TensorIteratorBase&)::{lambda()#1}::operator()(void) const::{lambda()#2}::operator()(void) const::{lambda(floatfloat)#1}&, at::native::(anonymous namespace)::div_true_kernel(at::TensorIteratorBase&)::{lambda()#1}::operator()(void) const::{lambda()#2}::operator()(void) const::{lambda(at::vec::AVX2::Vectorized<float>at::vec::AVX2::Vectorized<float>)#2}&>.isra.0
Index: [16] Function:  c10::function_ref<void (char**, long const*, long, long)>::callback_fn<at::native::AVX2::VectorizedLoop2d<at::native::AVX2::direct_copy_kernel(at::TensorIteratorBase&)::{lambda()#3}::operator()(void) const::{lambda()#1}::operator()(void) const::{lambda(unsigned char)#1}, at::native::AVX2::direct_copy_kernel(at::TensorIteratorBase&)::{lambda()#3}::operator()(void) const::{lambda()#1}::operator()(void) const::{lambda(at::vec::AVX2::Vectorized<unsigned char>)#2}>>
Index: [27] Function:  c10::function_ref<void (char**, long const*, long, long)>::callback_fn<at::TensorIteratorBase::loop_2d_from_1d<at::native::AVX2::copy_kernel(at::TensorIterator&, bool)::{lambda()#1}::operator()(void) const::{lambda()#7}::operator()(void) const::{lambda()#1}::operator()(void) const::{lambda()#1}::operator()(void) const::{lambda(char**long const*, long)#1}>(, signed char, at::native::AVX2::copy_kernel(at::TensorIterator&, bool)::{lambda()#1}::operator()(void) const::{lambda()#7}::operator()(void) const::{lambda()#1}::operator()(void) const::{lambda()#1}::operator()(void) const::{lambda(char**long const*, long)#1} const&)::{lambda(char**long const*, long, long)#1}>
Index: [34] Function:  ImagingFlipLeftRight
Index: [3] Function:  ycc_rgb_convert
Index: [8] Function:  jpeg_idct_16x16
Index: [30] Function:  c10::function_ref<void (char**, long const*, long, long)>::callback_fn<at::native::AVX2::VectorizedLoop2d<at::native::(anonymous namespace)::add_kernel(at::TensorIteratorBase&, c10::Scalar const&)::{lambda()#1}::operator()(void) const::{lambda()#7}::operator()(void) const::{lambda(floatfloat)#1}, at::native::(anonymous namespace)::add_kernel(at::TensorIteratorBase&, c10::Scalar const&)::{lambda()#1}::operator()(void) const::{lambda()#7}::operator()(void) const::{lambda(at::vec::AVX2::Vectorized<float>at::vec::AVX2::Vectorized<float>)#2}>>
Index: [1] Function:  jpeg_idct_islow
Index: [0] Function:  decode_mcu
Index: [2] Function:  ImagingResampleHorizontal_8bpc
Index: [6] Function:  c10::function_ref<void (char**, long const*, long, long)>::callback_fn<at::native::AVX2::VectorizedLoop2d<at::native::AVX2::direct_copy_kernel(at::TensorIteratorBase&)::{lambda()#3}::operator()(void) const::{lambda()#7}::operator()(void) const::{lambda(float)#1}, at::native::AVX2::direct_copy_kernel(at::TensorIteratorBase&)::{lambda()#3}::operator()(void) const::{lambda()#7}::operator()(void) const::{lambda(at::vec::AVX2::Vectorized<float>)#2}>>
Index: [11] Function:  decompress_onepass
Index: [179] Function:  __libc_calloc
Index: [32] Function:  __memset_avx2_unaligned_erms
Index: [63] Function:  _int_free
Index: [9] Function:  __memmove_avx_unaligned_erms
Index: [12] Function:  ImagingUnpackRGB
Index: [26] Function:  ImagingPackRGB



uarch_file:  /mydata/vtune_logs/pytorch_vtune_logs/csv/vtune_mem_access_unpinned/b256_gpu2.csv
C/C++ functions not found in dataframe:
['munmap', 'GOMP_parallel', '__kmp_join_barrier', '__kmp_fork_barrier', 'gomp_team_barrier_wait_end']
C/C++ functions (indices) found in dataframe:
Index: [9] Function:  at::native::AVX2::vectorized_loop<at::native::(anonymous namespace)::div_true_kernel(at::TensorIteratorBase&)::{lambda()#1}::operator()(void) const::{lambda()#2}::operator()(void) const::{lambda(floatfloat)#1}&, at::native::(anonymous namespace)::div_true_kernel(at::TensorIteratorBase&)::{lambda()#1}::operator()(void) const::{lambda()#2}::operator()(void) const::{lambda(at::vec::AVX2::Vectorized<float>at::vec::AVX2::Vectorized<float>)#2}&>.isra.0
Index: [15] Function:  c10::function_ref<void (char**, long const*, long, long)>::callback_fn<at::native::AVX2::VectorizedLoop2d<at::native::AVX2::direct_copy_kernel(at::TensorIteratorBase&)::{lambda()#3}::operator()(void) const::{lambda()#1}::operator()(void) const::{lambda(unsigned char)#1}, at::native::AVX2::direct_copy_kernel(at::TensorIteratorBase&)::{lambda()#3}::operator()(void) const::{lambda()#1}::operator()(void) const::{lambda(at::vec::AVX2::Vectorized<unsigned char>)#2}>>
Index: [22] Function:  c10::function_ref<void (char**, long const*, long, long)>::callback_fn<at::TensorIteratorBase::loop_2d_from_1d<at::native::AVX2::copy_kernel(at::TensorIterator&, bool)::{lambda()#1}::operator()(void) const::{lambda()#7}::operator()(void) const::{lambda()#1}::operator()(void) const::{lambda()#1}::operator()(void) const::{lambda(char**long const*, long)#1}>(, signed char, at::native::AVX2::copy_kernel(at::TensorIterator&, bool)::{lambda()#1}::operator()(void) const::{lambda()#7}::operator()(void) const::{lambda()#1}::operator()(void) const::{lambda()#1}::operator()(void) const::{lambda(char**long const*, long)#1} const&)::{lambda(char**long const*, long, long)#1}>
Index: [32] Function:  ImagingFlipLeftRight
Index: [3] Function:  ycc_rgb_convert
Index: [7] Function:  jpeg_idct_16x16
Index: [24] Function:  c10::function_ref<void (char**, long const*, long, long)>::callback_fn<at::native::AVX2::VectorizedLoop2d<at::native::(anonymous namespace)::add_kernel(at::TensorIteratorBase&, c10::Scalar const&)::{lambda()#1}::operator()(void) const::{lambda()#7}::operator()(void) const::{lambda(floatfloat)#1}, at::native::(anonymous namespace)::add_kernel(at::TensorIteratorBase&, c10::Scalar const&)::{lambda()#1}::operator()(void) const::{lambda()#7}::operator()(void) const::{lambda(at::vec::AVX2::Vectorized<float>at::vec::AVX2::Vectorized<float>)#2}>>
Index: [1] Function:  jpeg_idct_islow
Index: [0] Function:  decode_mcu
Index: [2] Function:  ImagingResampleHorizontal_8bpc
Index: [6] Function:  c10::function_ref<void (char**, long const*, long, long)>::callback_fn<at::native::AVX2::VectorizedLoop2d<at::native::AVX2::direct_copy_kernel(at::TensorIteratorBase&)::{lambda()#3}::operator()(void) const::{lambda()#7}::operator()(void) const::{lambda(float)#1}, at::native::AVX2::direct_copy_kernel(at::TensorIteratorBase&)::{lambda()#3}::operator()(void) const::{lambda()#7}::operator()(void) const::{lambda(at::vec::AVX2::Vectorized<float>)#2}>>
Index: [11] Function:  decompress_onepass
Index: [169] Function:  __libc_calloc
Index: [27] Function:  __memset_avx2_unaligned_erms
Index: [55] Function:  _int_free
Index: [8] Function:  __memmove_avx_unaligned_erms
Index: [12] Function:  ImagingUnpackRGB
Index: [23] Function:  ImagingPackRGB



uarch_file:  /mydata/vtune_logs/pytorch_vtune_logs/csv/vtune_mem_access_unpinned/b256_gpu3.csv
C/C++ functions not found in dataframe:
['munmap', 'GOMP_parallel', '__kmp_join_barrier', '__kmp_fork_barrier', 'gomp_team_barrier_wait_end']
C/C++ functions (indices) found in dataframe:
Index: [9] Function:  at::native::AVX2::vectorized_loop<at::native::(anonymous namespace)::div_true_kernel(at::TensorIteratorBase&)::{lambda()#1}::operator()(void) const::{lambda()#2}::operator()(void) const::{lambda(floatfloat)#1}&, at::native::(anonymous namespace)::div_true_kernel(at::TensorIteratorBase&)::{lambda()#1}::operator()(void) const::{lambda()#2}::operator()(void) const::{lambda(at::vec::AVX2::Vectorized<float>at::vec::AVX2::Vectorized<float>)#2}&>.isra.0
Index: [15] Function:  c10::function_ref<void (char**, long const*, long, long)>::callback_fn<at::native::AVX2::VectorizedLoop2d<at::native::AVX2::direct_copy_kernel(at::TensorIteratorBase&)::{lambda()#3}::operator()(void) const::{lambda()#1}::operator()(void) const::{lambda(unsigned char)#1}, at::native::AVX2::direct_copy_kernel(at::TensorIteratorBase&)::{lambda()#3}::operator()(void) const::{lambda()#1}::operator()(void) const::{lambda(at::vec::AVX2::Vectorized<unsigned char>)#2}>>
Index: [22] Function:  c10::function_ref<void (char**, long const*, long, long)>::callback_fn<at::TensorIteratorBase::loop_2d_from_1d<at::native::AVX2::copy_kernel(at::TensorIterator&, bool)::{lambda()#1}::operator()(void) const::{lambda()#7}::operator()(void) const::{lambda()#1}::operator()(void) const::{lambda()#1}::operator()(void) const::{lambda(char**long const*, long)#1}>(, signed char, at::native::AVX2::copy_kernel(at::TensorIterator&, bool)::{lambda()#1}::operator()(void) const::{lambda()#7}::operator()(void) const::{lambda()#1}::operator()(void) const::{lambda()#1}::operator()(void) const::{lambda(char**long const*, long)#1} const&)::{lambda(char**long const*, long, long)#1}>
Index: [30] Function:  ImagingFlipLeftRight
Index: [3] Function:  ycc_rgb_convert
Index: [8] Function:  jpeg_idct_16x16
Index: [23] Function:  c10::function_ref<void (char**, long const*, long, long)>::callback_fn<at::native::AVX2::VectorizedLoop2d<at::native::(anonymous namespace)::add_kernel(at::TensorIteratorBase&, c10::Scalar const&)::{lambda()#1}::operator()(void) const::{lambda()#7}::operator()(void) const::{lambda(floatfloat)#1}, at::native::(anonymous namespace)::add_kernel(at::TensorIteratorBase&, c10::Scalar const&)::{lambda()#1}::operator()(void) const::{lambda()#7}::operator()(void) const::{lambda(at::vec::AVX2::Vectorized<float>at::vec::AVX2::Vectorized<float>)#2}>>
Index: [1] Function:  jpeg_idct_islow
Index: [0] Function:  decode_mcu
Index: [2] Function:  ImagingResampleHorizontal_8bpc
Index: [6] Function:  c10::function_ref<void (char**, long const*, long, long)>::callback_fn<at::native::AVX2::VectorizedLoop2d<at::native::AVX2::direct_copy_kernel(at::TensorIteratorBase&)::{lambda()#3}::operator()(void) const::{lambda()#7}::operator()(void) const::{lambda(float)#1}, at::native::AVX2::direct_copy_kernel(at::TensorIteratorBase&)::{lambda()#3}::operator()(void) const::{lambda()#7}::operator()(void) const::{lambda(at::vec::AVX2::Vectorized<float>)#2}>>
Index: [10] Function:  decompress_onepass
Index: [155] Function:  __libc_calloc
Index: [26] Function:  __memset_avx2_unaligned_erms
Index: [52] Function:  _int_free
Index: [7] Function:  __memmove_avx_unaligned_erms
Index: [11] Function:  ImagingUnpackRGB
Index: [25] Function:  ImagingPackRGB



uarch_file:  /mydata/vtune_logs/pytorch_vtune_logs/csv/vtune_mem_access_unpinned/b256_gpu4.csv
C/C++ functions not found in dataframe:
['GOMP_parallel', '__kmp_join_barrier', '__kmp_fork_barrier', 'gomp_team_barrier_wait_end']
C/C++ functions (indices) found in dataframe:
Index: [5791] Function:  munmap
Index: [9] Function:  at::native::AVX2::vectorized_loop<at::native::(anonymous namespace)::div_true_kernel(at::TensorIteratorBase&)::{lambda()#1}::operator()(void) const::{lambda()#2}::operator()(void) const::{lambda(floatfloat)#1}&, at::native::(anonymous namespace)::div_true_kernel(at::TensorIteratorBase&)::{lambda()#1}::operator()(void) const::{lambda()#2}::operator()(void) const::{lambda(at::vec::AVX2::Vectorized<float>at::vec::AVX2::Vectorized<float>)#2}&>.isra.0
Index: [14] Function:  c10::function_ref<void (char**, long const*, long, long)>::callback_fn<at::native::AVX2::VectorizedLoop2d<at::native::AVX2::direct_copy_kernel(at::TensorIteratorBase&)::{lambda()#3}::operator()(void) const::{lambda()#1}::operator()(void) const::{lambda(unsigned char)#1}, at::native::AVX2::direct_copy_kernel(at::TensorIteratorBase&)::{lambda()#3}::operator()(void) const::{lambda()#1}::operator()(void) const::{lambda(at::vec::AVX2::Vectorized<unsigned char>)#2}>>
Index: [22] Function:  c10::function_ref<void (char**, long const*, long, long)>::callback_fn<at::TensorIteratorBase::loop_2d_from_1d<at::native::AVX2::copy_kernel(at::TensorIterator&, bool)::{lambda()#1}::operator()(void) const::{lambda()#7}::operator()(void) const::{lambda()#1}::operator()(void) const::{lambda()#1}::operator()(void) const::{lambda(char**long const*, long)#1}>(, signed char, at::native::AVX2::copy_kernel(at::TensorIterator&, bool)::{lambda()#1}::operator()(void) const::{lambda()#7}::operator()(void) const::{lambda()#1}::operator()(void) const::{lambda()#1}::operator()(void) const::{lambda(char**long const*, long)#1} const&)::{lambda(char**long const*, long, long)#1}>
Index: [30] Function:  ImagingFlipLeftRight
Index: [3] Function:  ycc_rgb_convert
Index: [8] Function:  jpeg_idct_16x16
Index: [24] Function:  c10::function_ref<void (char**, long const*, long, long)>::callback_fn<at::native::AVX2::VectorizedLoop2d<at::native::(anonymous namespace)::add_kernel(at::TensorIteratorBase&, c10::Scalar const&)::{lambda()#1}::operator()(void) const::{lambda()#7}::operator()(void) const::{lambda(floatfloat)#1}, at::native::(anonymous namespace)::add_kernel(at::TensorIteratorBase&, c10::Scalar const&)::{lambda()#1}::operator()(void) const::{lambda()#7}::operator()(void) const::{lambda(at::vec::AVX2::Vectorized<float>at::vec::AVX2::Vectorized<float>)#2}>>
Index: [1] Function:  jpeg_idct_islow
Index: [0] Function:  decode_mcu
Index: [2] Function:  ImagingResampleHorizontal_8bpc
Index: [7] Function:  c10::function_ref<void (char**, long const*, long, long)>::callback_fn<at::native::AVX2::VectorizedLoop2d<at::native::AVX2::direct_copy_kernel(at::TensorIteratorBase&)::{lambda()#3}::operator()(void) const::{lambda()#7}::operator()(void) const::{lambda(float)#1}, at::native::AVX2::direct_copy_kernel(at::TensorIteratorBase&)::{lambda()#3}::operator()(void) const::{lambda()#7}::operator()(void) const::{lambda(at::vec::AVX2::Vectorized<float>)#2}>>
Index: [10] Function:  decompress_onepass
Index: [161] Function:  __libc_calloc
Index: [27] Function:  __memset_avx2_unaligned_erms
Index: [50] Function:  _int_free
Index: [6] Function:  __memmove_avx_unaligned_erms
Index: [11] Function:  ImagingUnpackRGB
Index: [23] Function:  ImagingPackRGB



uarch_file:  /mydata/vtune_logs/pytorch_vtune_logs/csv/vtune_mem_access_unpinned/b512_gpu1.csv
C/C++ functions not found in dataframe:
['munmap', 'GOMP_parallel', '__kmp_join_barrier', '__kmp_fork_barrier', 'gomp_team_barrier_wait_end']
C/C++ functions (indices) found in dataframe:
Index: [10] Function:  at::native::AVX2::vectorized_loop<at::native::(anonymous namespace)::div_true_kernel(at::TensorIteratorBase&)::{lambda()#1}::operator()(void) const::{lambda()#2}::operator()(void) const::{lambda(floatfloat)#1}&, at::native::(anonymous namespace)::div_true_kernel(at::TensorIteratorBase&)::{lambda()#1}::operator()(void) const::{lambda()#2}::operator()(void) const::{lambda(at::vec::AVX2::Vectorized<float>at::vec::AVX2::Vectorized<float>)#2}&>.isra.0
Index: [15] Function:  c10::function_ref<void (char**, long const*, long, long)>::callback_fn<at::native::AVX2::VectorizedLoop2d<at::native::AVX2::direct_copy_kernel(at::TensorIteratorBase&)::{lambda()#3}::operator()(void) const::{lambda()#1}::operator()(void) const::{lambda(unsigned char)#1}, at::native::AVX2::direct_copy_kernel(at::TensorIteratorBase&)::{lambda()#3}::operator()(void) const::{lambda()#1}::operator()(void) const::{lambda(at::vec::AVX2::Vectorized<unsigned char>)#2}>>
Index: [25] Function:  c10::function_ref<void (char**, long const*, long, long)>::callback_fn<at::TensorIteratorBase::loop_2d_from_1d<at::native::AVX2::copy_kernel(at::TensorIterator&, bool)::{lambda()#1}::operator()(void) const::{lambda()#7}::operator()(void) const::{lambda()#1}::operator()(void) const::{lambda()#1}::operator()(void) const::{lambda(char**long const*, long)#1}>(, signed char, at::native::AVX2::copy_kernel(at::TensorIterator&, bool)::{lambda()#1}::operator()(void) const::{lambda()#7}::operator()(void) const::{lambda()#1}::operator()(void) const::{lambda()#1}::operator()(void) const::{lambda(char**long const*, long)#1} const&)::{lambda(char**long const*, long, long)#1}>
Index: [33] Function:  ImagingFlipLeftRight
Index: [3] Function:  ycc_rgb_convert
Index: [8] Function:  jpeg_idct_16x16
Index: [28] Function:  c10::function_ref<void (char**, long const*, long, long)>::callback_fn<at::native::AVX2::VectorizedLoop2d<at::native::(anonymous namespace)::add_kernel(at::TensorIteratorBase&, c10::Scalar const&)::{lambda()#1}::operator()(void) const::{lambda()#7}::operator()(void) const::{lambda(floatfloat)#1}, at::native::(anonymous namespace)::add_kernel(at::TensorIteratorBase&, c10::Scalar const&)::{lambda()#1}::operator()(void) const::{lambda()#7}::operator()(void) const::{lambda(at::vec::AVX2::Vectorized<float>at::vec::AVX2::Vectorized<float>)#2}>>
Index: [1] Function:  jpeg_idct_islow
Index: [0] Function:  decode_mcu
Index: [2] Function:  ImagingResampleHorizontal_8bpc
Index: [6] Function:  c10::function_ref<void (char**, long const*, long, long)>::callback_fn<at::native::AVX2::VectorizedLoop2d<at::native::AVX2::direct_copy_kernel(at::TensorIteratorBase&)::{lambda()#3}::operator()(void) const::{lambda()#7}::operator()(void) const::{lambda(float)#1}, at::native::AVX2::direct_copy_kernel(at::TensorIteratorBase&)::{lambda()#3}::operator()(void) const::{lambda()#7}::operator()(void) const::{lambda(at::vec::AVX2::Vectorized<float>)#2}>>
Index: [12] Function:  decompress_onepass
Index: [182] Function:  __libc_calloc
Index: [29] Function:  __memset_avx2_unaligned_erms
Index: [60] Function:  _int_free
Index: [9] Function:  __memmove_avx_unaligned_erms
Index: [13] Function:  ImagingUnpackRGB
Index: [26] Function:  ImagingPackRGB



uarch_file:  /mydata/vtune_logs/pytorch_vtune_logs/csv/vtune_mem_access_unpinned/b512_gpu2.csv
C/C++ functions not found in dataframe:
['munmap', 'GOMP_parallel', '__kmp_join_barrier', '__kmp_fork_barrier', 'gomp_team_barrier_wait_end']
C/C++ functions (indices) found in dataframe:
Index: [10] Function:  at::native::AVX2::vectorized_loop<at::native::(anonymous namespace)::div_true_kernel(at::TensorIteratorBase&)::{lambda()#1}::operator()(void) const::{lambda()#2}::operator()(void) const::{lambda(floatfloat)#1}&, at::native::(anonymous namespace)::div_true_kernel(at::TensorIteratorBase&)::{lambda()#1}::operator()(void) const::{lambda()#2}::operator()(void) const::{lambda(at::vec::AVX2::Vectorized<float>at::vec::AVX2::Vectorized<float>)#2}&>.isra.0
Index: [16] Function:  c10::function_ref<void (char**, long const*, long, long)>::callback_fn<at::native::AVX2::VectorizedLoop2d<at::native::AVX2::direct_copy_kernel(at::TensorIteratorBase&)::{lambda()#3}::operator()(void) const::{lambda()#1}::operator()(void) const::{lambda(unsigned char)#1}, at::native::AVX2::direct_copy_kernel(at::TensorIteratorBase&)::{lambda()#3}::operator()(void) const::{lambda()#1}::operator()(void) const::{lambda(at::vec::AVX2::Vectorized<unsigned char>)#2}>>
Index: [22] Function:  c10::function_ref<void (char**, long const*, long, long)>::callback_fn<at::TensorIteratorBase::loop_2d_from_1d<at::native::AVX2::copy_kernel(at::TensorIterator&, bool)::{lambda()#1}::operator()(void) const::{lambda()#7}::operator()(void) const::{lambda()#1}::operator()(void) const::{lambda()#1}::operator()(void) const::{lambda(char**long const*, long)#1}>(, signed char, at::native::AVX2::copy_kernel(at::TensorIterator&, bool)::{lambda()#1}::operator()(void) const::{lambda()#7}::operator()(void) const::{lambda()#1}::operator()(void) const::{lambda()#1}::operator()(void) const::{lambda(char**long const*, long)#1} const&)::{lambda(char**long const*, long, long)#1}>
Index: [34] Function:  ImagingFlipLeftRight
Index: [3] Function:  ycc_rgb_convert
Index: [6] Function:  jpeg_idct_16x16
Index: [25] Function:  c10::function_ref<void (char**, long const*, long, long)>::callback_fn<at::native::AVX2::VectorizedLoop2d<at::native::(anonymous namespace)::add_kernel(at::TensorIteratorBase&, c10::Scalar const&)::{lambda()#1}::operator()(void) const::{lambda()#7}::operator()(void) const::{lambda(floatfloat)#1}, at::native::(anonymous namespace)::add_kernel(at::TensorIteratorBase&, c10::Scalar const&)::{lambda()#1}::operator()(void) const::{lambda()#7}::operator()(void) const::{lambda(at::vec::AVX2::Vectorized<float>at::vec::AVX2::Vectorized<float>)#2}>>
Index: [1] Function:  jpeg_idct_islow
Index: [0] Function:  decode_mcu
Index: [2] Function:  ImagingResampleHorizontal_8bpc
Index: [8] Function:  c10::function_ref<void (char**, long const*, long, long)>::callback_fn<at::native::AVX2::VectorizedLoop2d<at::native::AVX2::direct_copy_kernel(at::TensorIteratorBase&)::{lambda()#3}::operator()(void) const::{lambda()#7}::operator()(void) const::{lambda(float)#1}, at::native::AVX2::direct_copy_kernel(at::TensorIteratorBase&)::{lambda()#3}::operator()(void) const::{lambda()#7}::operator()(void) const::{lambda(at::vec::AVX2::Vectorized<float>)#2}>>
Index: [11] Function:  decompress_onepass
Index: [135] Function:  __libc_calloc
Index: [28] Function:  __memset_avx2_unaligned_erms
Index: [57] Function:  _int_free
Index: [7] Function:  __memmove_avx_unaligned_erms
Index: [12] Function:  ImagingUnpackRGB
Index: [24] Function:  ImagingPackRGB



uarch_file:  /mydata/vtune_logs/pytorch_vtune_logs/csv/vtune_mem_access_unpinned/b512_gpu3.csv
C/C++ functions not found in dataframe:
['GOMP_parallel', '__kmp_join_barrier', '__kmp_fork_barrier', 'gomp_team_barrier_wait_end']
C/C++ functions (indices) found in dataframe:
Index: [5270] Function:  munmap
Index: [10] Function:  at::native::AVX2::vectorized_loop<at::native::(anonymous namespace)::div_true_kernel(at::TensorIteratorBase&)::{lambda()#1}::operator()(void) const::{lambda()#2}::operator()(void) const::{lambda(floatfloat)#1}&, at::native::(anonymous namespace)::div_true_kernel(at::TensorIteratorBase&)::{lambda()#1}::operator()(void) const::{lambda()#2}::operator()(void) const::{lambda(at::vec::AVX2::Vectorized<float>at::vec::AVX2::Vectorized<float>)#2}&>.isra.0
Index: [15] Function:  c10::function_ref<void (char**, long const*, long, long)>::callback_fn<at::native::AVX2::VectorizedLoop2d<at::native::AVX2::direct_copy_kernel(at::TensorIteratorBase&)::{lambda()#3}::operator()(void) const::{lambda()#1}::operator()(void) const::{lambda(unsigned char)#1}, at::native::AVX2::direct_copy_kernel(at::TensorIteratorBase&)::{lambda()#3}::operator()(void) const::{lambda()#1}::operator()(void) const::{lambda(at::vec::AVX2::Vectorized<unsigned char>)#2}>>
Index: [22] Function:  c10::function_ref<void (char**, long const*, long, long)>::callback_fn<at::TensorIteratorBase::loop_2d_from_1d<at::native::AVX2::copy_kernel(at::TensorIterator&, bool)::{lambda()#1}::operator()(void) const::{lambda()#7}::operator()(void) const::{lambda()#1}::operator()(void) const::{lambda()#1}::operator()(void) const::{lambda(char**long const*, long)#1}>(, signed char, at::native::AVX2::copy_kernel(at::TensorIterator&, bool)::{lambda()#1}::operator()(void) const::{lambda()#7}::operator()(void) const::{lambda()#1}::operator()(void) const::{lambda()#1}::operator()(void) const::{lambda(char**long const*, long)#1} const&)::{lambda(char**long const*, long, long)#1}>
Index: [32] Function:  ImagingFlipLeftRight
Index: [3] Function:  ycc_rgb_convert
Index: [8] Function:  jpeg_idct_16x16
Index: [25] Function:  c10::function_ref<void (char**, long const*, long, long)>::callback_fn<at::native::AVX2::VectorizedLoop2d<at::native::(anonymous namespace)::add_kernel(at::TensorIteratorBase&, c10::Scalar const&)::{lambda()#1}::operator()(void) const::{lambda()#7}::operator()(void) const::{lambda(floatfloat)#1}, at::native::(anonymous namespace)::add_kernel(at::TensorIteratorBase&, c10::Scalar const&)::{lambda()#1}::operator()(void) const::{lambda()#7}::operator()(void) const::{lambda(at::vec::AVX2::Vectorized<float>at::vec::AVX2::Vectorized<float>)#2}>>
Index: [1] Function:  jpeg_idct_islow
Index: [0] Function:  decode_mcu
Index: [2] Function:  ImagingResampleHorizontal_8bpc
Index: [7] Function:  c10::function_ref<void (char**, long const*, long, long)>::callback_fn<at::native::AVX2::VectorizedLoop2d<at::native::AVX2::direct_copy_kernel(at::TensorIteratorBase&)::{lambda()#3}::operator()(void) const::{lambda()#7}::operator()(void) const::{lambda(float)#1}, at::native::AVX2::direct_copy_kernel(at::TensorIteratorBase&)::{lambda()#3}::operator()(void) const::{lambda()#7}::operator()(void) const::{lambda(at::vec::AVX2::Vectorized<float>)#2}>>
Index: [11] Function:  decompress_onepass
Index: [142] Function:  __libc_calloc
Index: [26] Function:  __memset_avx2_unaligned_erms
Index: [54] Function:  _int_free
Index: [6] Function:  __memmove_avx_unaligned_erms
Index: [13] Function:  ImagingUnpackRGB
Index: [23] Function:  ImagingPackRGB



uarch_file:  /mydata/vtune_logs/pytorch_vtune_logs/csv/vtune_mem_access_unpinned/b512_gpu4.csv
C/C++ functions not found in dataframe:
['GOMP_parallel', '__kmp_join_barrier', '__kmp_fork_barrier', 'gomp_team_barrier_wait_end']
C/C++ functions (indices) found in dataframe:
Index: [5531] Function:  munmap
Index: [9] Function:  at::native::AVX2::vectorized_loop<at::native::(anonymous namespace)::div_true_kernel(at::TensorIteratorBase&)::{lambda()#1}::operator()(void) const::{lambda()#2}::operator()(void) const::{lambda(floatfloat)#1}&, at::native::(anonymous namespace)::div_true_kernel(at::TensorIteratorBase&)::{lambda()#1}::operator()(void) const::{lambda()#2}::operator()(void) const::{lambda(at::vec::AVX2::Vectorized<float>at::vec::AVX2::Vectorized<float>)#2}&>.isra.0
Index: [15] Function:  c10::function_ref<void (char**, long const*, long, long)>::callback_fn<at::native::AVX2::VectorizedLoop2d<at::native::AVX2::direct_copy_kernel(at::TensorIteratorBase&)::{lambda()#3}::operator()(void) const::{lambda()#1}::operator()(void) const::{lambda(unsigned char)#1}, at::native::AVX2::direct_copy_kernel(at::TensorIteratorBase&)::{lambda()#3}::operator()(void) const::{lambda()#1}::operator()(void) const::{lambda(at::vec::AVX2::Vectorized<unsigned char>)#2}>>
Index: [22] Function:  c10::function_ref<void (char**, long const*, long, long)>::callback_fn<at::TensorIteratorBase::loop_2d_from_1d<at::native::AVX2::copy_kernel(at::TensorIterator&, bool)::{lambda()#1}::operator()(void) const::{lambda()#7}::operator()(void) const::{lambda()#1}::operator()(void) const::{lambda()#1}::operator()(void) const::{lambda(char**long const*, long)#1}>(, signed char, at::native::AVX2::copy_kernel(at::TensorIterator&, bool)::{lambda()#1}::operator()(void) const::{lambda()#7}::operator()(void) const::{lambda()#1}::operator()(void) const::{lambda()#1}::operator()(void) const::{lambda(char**long const*, long)#1} const&)::{lambda(char**long const*, long, long)#1}>
Index: [32] Function:  ImagingFlipLeftRight
Index: [3] Function:  ycc_rgb_convert
Index: [8] Function:  jpeg_idct_16x16
Index: [25] Function:  c10::function_ref<void (char**, long const*, long, long)>::callback_fn<at::native::AVX2::VectorizedLoop2d<at::native::(anonymous namespace)::add_kernel(at::TensorIteratorBase&, c10::Scalar const&)::{lambda()#1}::operator()(void) const::{lambda()#7}::operator()(void) const::{lambda(floatfloat)#1}, at::native::(anonymous namespace)::add_kernel(at::TensorIteratorBase&, c10::Scalar const&)::{lambda()#1}::operator()(void) const::{lambda()#7}::operator()(void) const::{lambda(at::vec::AVX2::Vectorized<float>at::vec::AVX2::Vectorized<float>)#2}>>
Index: [1] Function:  jpeg_idct_islow
Index: [0] Function:  decode_mcu
Index: [2] Function:  ImagingResampleHorizontal_8bpc
Index: [7] Function:  c10::function_ref<void (char**, long const*, long, long)>::callback_fn<at::native::AVX2::VectorizedLoop2d<at::native::AVX2::direct_copy_kernel(at::TensorIteratorBase&)::{lambda()#3}::operator()(void) const::{lambda()#7}::operator()(void) const::{lambda(float)#1}, at::native::AVX2::direct_copy_kernel(at::TensorIteratorBase&)::{lambda()#3}::operator()(void) const::{lambda()#7}::operator()(void) const::{lambda(at::vec::AVX2::Vectorized<float>)#2}>>
Index: [11] Function:  decompress_onepass
Index: [162] Function:  __libc_calloc
Index: [26] Function:  __memset_avx2_unaligned_erms
Index: [52] Function:  _int_free
Index: [6] Function:  __memmove_avx_unaligned_erms
Index: [12] Function:  ImagingUnpackRGB
Index: [24] Function:  ImagingPackRGB



uarch_file:  /mydata/vtune_logs/pytorch_vtune_logs/csv/vtune_mem_access_unpinned/b1024_gpu2.csv
C/C++ functions not found in dataframe:
['munmap', 'GOMP_parallel', '__kmp_join_barrier', '__kmp_fork_barrier', 'gomp_team_barrier_wait_end']
C/C++ functions (indices) found in dataframe:
Index: [10] Function:  at::native::AVX2::vectorized_loop<at::native::(anonymous namespace)::div_true_kernel(at::TensorIteratorBase&)::{lambda()#1}::operator()(void) const::{lambda()#2}::operator()(void) const::{lambda(floatfloat)#1}&, at::native::(anonymous namespace)::div_true_kernel(at::TensorIteratorBase&)::{lambda()#1}::operator()(void) const::{lambda()#2}::operator()(void) const::{lambda(at::vec::AVX2::Vectorized<float>at::vec::AVX2::Vectorized<float>)#2}&>.isra.0
Index: [16] Function:  c10::function_ref<void (char**, long const*, long, long)>::callback_fn<at::native::AVX2::VectorizedLoop2d<at::native::AVX2::direct_copy_kernel(at::TensorIteratorBase&)::{lambda()#3}::operator()(void) const::{lambda()#1}::operator()(void) const::{lambda(unsigned char)#1}, at::native::AVX2::direct_copy_kernel(at::TensorIteratorBase&)::{lambda()#3}::operator()(void) const::{lambda()#1}::operator()(void) const::{lambda(at::vec::AVX2::Vectorized<unsigned char>)#2}>>
Index: [22] Function:  c10::function_ref<void (char**, long const*, long, long)>::callback_fn<at::TensorIteratorBase::loop_2d_from_1d<at::native::AVX2::copy_kernel(at::TensorIterator&, bool)::{lambda()#1}::operator()(void) const::{lambda()#7}::operator()(void) const::{lambda()#1}::operator()(void) const::{lambda()#1}::operator()(void) const::{lambda(char**long const*, long)#1}>(, signed char, at::native::AVX2::copy_kernel(at::TensorIterator&, bool)::{lambda()#1}::operator()(void) const::{lambda()#7}::operator()(void) const::{lambda()#1}::operator()(void) const::{lambda()#1}::operator()(void) const::{lambda(char**long const*, long)#1} const&)::{lambda(char**long const*, long, long)#1}>
Index: [34] Function:  ImagingFlipLeftRight
Index: [3] Function:  ycc_rgb_convert
Index: [7] Function:  jpeg_idct_16x16
Index: [24] Function:  c10::function_ref<void (char**, long const*, long, long)>::callback_fn<at::native::AVX2::VectorizedLoop2d<at::native::(anonymous namespace)::add_kernel(at::TensorIteratorBase&, c10::Scalar const&)::{lambda()#1}::operator()(void) const::{lambda()#7}::operator()(void) const::{lambda(floatfloat)#1}, at::native::(anonymous namespace)::add_kernel(at::TensorIteratorBase&, c10::Scalar const&)::{lambda()#1}::operator()(void) const::{lambda()#7}::operator()(void) const::{lambda(at::vec::AVX2::Vectorized<float>at::vec::AVX2::Vectorized<float>)#2}>>
Index: [1] Function:  jpeg_idct_islow
Index: [0] Function:  decode_mcu
Index: [2] Function:  ImagingResampleHorizontal_8bpc
Index: [8] Function:  c10::function_ref<void (char**, long const*, long, long)>::callback_fn<at::native::AVX2::VectorizedLoop2d<at::native::AVX2::direct_copy_kernel(at::TensorIteratorBase&)::{lambda()#3}::operator()(void) const::{lambda()#7}::operator()(void) const::{lambda(float)#1}, at::native::AVX2::direct_copy_kernel(at::TensorIteratorBase&)::{lambda()#3}::operator()(void) const::{lambda()#7}::operator()(void) const::{lambda(at::vec::AVX2::Vectorized<float>)#2}>>
Index: [11] Function:  decompress_onepass
Index: [158] Function:  __libc_calloc
Index: [27] Function:  __memset_avx2_unaligned_erms
Index: [59] Function:  _int_free
Index: [6] Function:  __memmove_avx_unaligned_erms
Index: [12] Function:  ImagingUnpackRGB
Index: [23] Function:  ImagingPackRGB



uarch_file:  /mydata/vtune_logs/pytorch_vtune_logs/csv/vtune_mem_access_unpinned/b1024_gpu3.csv
C/C++ functions not found in dataframe:
['munmap', 'GOMP_parallel', '__kmp_join_barrier', '__kmp_fork_barrier', 'gomp_team_barrier_wait_end']
C/C++ functions (indices) found in dataframe:
Index: [10] Function:  at::native::AVX2::vectorized_loop<at::native::(anonymous namespace)::div_true_kernel(at::TensorIteratorBase&)::{lambda()#1}::operator()(void) const::{lambda()#2}::operator()(void) const::{lambda(floatfloat)#1}&, at::native::(anonymous namespace)::div_true_kernel(at::TensorIteratorBase&)::{lambda()#1}::operator()(void) const::{lambda()#2}::operator()(void) const::{lambda(at::vec::AVX2::Vectorized<float>at::vec::AVX2::Vectorized<float>)#2}&>.isra.0
Index: [15] Function:  c10::function_ref<void (char**, long const*, long, long)>::callback_fn<at::native::AVX2::VectorizedLoop2d<at::native::AVX2::direct_copy_kernel(at::TensorIteratorBase&)::{lambda()#3}::operator()(void) const::{lambda()#1}::operator()(void) const::{lambda(unsigned char)#1}, at::native::AVX2::direct_copy_kernel(at::TensorIteratorBase&)::{lambda()#3}::operator()(void) const::{lambda()#1}::operator()(void) const::{lambda(at::vec::AVX2::Vectorized<unsigned char>)#2}>>
Index: [22] Function:  c10::function_ref<void (char**, long const*, long, long)>::callback_fn<at::TensorIteratorBase::loop_2d_from_1d<at::native::AVX2::copy_kernel(at::TensorIterator&, bool)::{lambda()#1}::operator()(void) const::{lambda()#7}::operator()(void) const::{lambda()#1}::operator()(void) const::{lambda()#1}::operator()(void) const::{lambda(char**long const*, long)#1}>(, signed char, at::native::AVX2::copy_kernel(at::TensorIterator&, bool)::{lambda()#1}::operator()(void) const::{lambda()#7}::operator()(void) const::{lambda()#1}::operator()(void) const::{lambda()#1}::operator()(void) const::{lambda(char**long const*, long)#1} const&)::{lambda(char**long const*, long, long)#1}>
Index: [33] Function:  ImagingFlipLeftRight
Index: [3] Function:  ycc_rgb_convert
Index: [8] Function:  jpeg_idct_16x16
Index: [24] Function:  c10::function_ref<void (char**, long const*, long, long)>::callback_fn<at::native::AVX2::VectorizedLoop2d<at::native::(anonymous namespace)::add_kernel(at::TensorIteratorBase&, c10::Scalar const&)::{lambda()#1}::operator()(void) const::{lambda()#7}::operator()(void) const::{lambda(floatfloat)#1}, at::native::(anonymous namespace)::add_kernel(at::TensorIteratorBase&, c10::Scalar const&)::{lambda()#1}::operator()(void) const::{lambda()#7}::operator()(void) const::{lambda(at::vec::AVX2::Vectorized<float>at::vec::AVX2::Vectorized<float>)#2}>>
Index: [1] Function:  jpeg_idct_islow
Index: [0] Function:  decode_mcu
Index: [2] Function:  ImagingResampleHorizontal_8bpc
Index: [7] Function:  c10::function_ref<void (char**, long const*, long, long)>::callback_fn<at::native::AVX2::VectorizedLoop2d<at::native::AVX2::direct_copy_kernel(at::TensorIteratorBase&)::{lambda()#3}::operator()(void) const::{lambda()#7}::operator()(void) const::{lambda(float)#1}, at::native::AVX2::direct_copy_kernel(at::TensorIteratorBase&)::{lambda()#3}::operator()(void) const::{lambda()#7}::operator()(void) const::{lambda(at::vec::AVX2::Vectorized<float>)#2}>>
Index: [11] Function:  decompress_onepass
Index: [154] Function:  __libc_calloc
Index: [27] Function:  __memset_avx2_unaligned_erms
Index: [62] Function:  _int_free
Index: [6] Function:  __memmove_avx_unaligned_erms
Index: [12] Function:  ImagingUnpackRGB
Index: [23] Function:  ImagingPackRGB



uarch_file:  /mydata/vtune_logs/pytorch_vtune_logs/csv/vtune_mem_access_unpinned/b1024_gpu4.csv
C/C++ functions not found in dataframe:
['GOMP_parallel', '__kmp_join_barrier', '__kmp_fork_barrier', 'gomp_team_barrier_wait_end']
C/C++ functions (indices) found in dataframe:
Index: [5089] Function:  munmap
Index: [10] Function:  at::native::AVX2::vectorized_loop<at::native::(anonymous namespace)::div_true_kernel(at::TensorIteratorBase&)::{lambda()#1}::operator()(void) const::{lambda()#2}::operator()(void) const::{lambda(floatfloat)#1}&, at::native::(anonymous namespace)::div_true_kernel(at::TensorIteratorBase&)::{lambda()#1}::operator()(void) const::{lambda()#2}::operator()(void) const::{lambda(at::vec::AVX2::Vectorized<float>at::vec::AVX2::Vectorized<float>)#2}&>.isra.0
Index: [16] Function:  c10::function_ref<void (char**, long const*, long, long)>::callback_fn<at::native::AVX2::VectorizedLoop2d<at::native::AVX2::direct_copy_kernel(at::TensorIteratorBase&)::{lambda()#3}::operator()(void) const::{lambda()#1}::operator()(void) const::{lambda(unsigned char)#1}, at::native::AVX2::direct_copy_kernel(at::TensorIteratorBase&)::{lambda()#3}::operator()(void) const::{lambda()#1}::operator()(void) const::{lambda(at::vec::AVX2::Vectorized<unsigned char>)#2}>>
Index: [22] Function:  c10::function_ref<void (char**, long const*, long, long)>::callback_fn<at::TensorIteratorBase::loop_2d_from_1d<at::native::AVX2::copy_kernel(at::TensorIterator&, bool)::{lambda()#1}::operator()(void) const::{lambda()#7}::operator()(void) const::{lambda()#1}::operator()(void) const::{lambda()#1}::operator()(void) const::{lambda(char**long const*, long)#1}>(, signed char, at::native::AVX2::copy_kernel(at::TensorIterator&, bool)::{lambda()#1}::operator()(void) const::{lambda()#7}::operator()(void) const::{lambda()#1}::operator()(void) const::{lambda()#1}::operator()(void) const::{lambda(char**long const*, long)#1} const&)::{lambda(char**long const*, long, long)#1}>
Index: [31] Function:  ImagingFlipLeftRight
Index: [3] Function:  ycc_rgb_convert
Index: [7] Function:  jpeg_idct_16x16
Index: [24] Function:  c10::function_ref<void (char**, long const*, long, long)>::callback_fn<at::native::AVX2::VectorizedLoop2d<at::native::(anonymous namespace)::add_kernel(at::TensorIteratorBase&, c10::Scalar const&)::{lambda()#1}::operator()(void) const::{lambda()#7}::operator()(void) const::{lambda(floatfloat)#1}, at::native::(anonymous namespace)::add_kernel(at::TensorIteratorBase&, c10::Scalar const&)::{lambda()#1}::operator()(void) const::{lambda()#7}::operator()(void) const::{lambda(at::vec::AVX2::Vectorized<float>at::vec::AVX2::Vectorized<float>)#2}>>
Index: [1] Function:  jpeg_idct_islow
Index: [0] Function:  decode_mcu
Index: [2] Function:  ImagingResampleHorizontal_8bpc
Index: [8] Function:  c10::function_ref<void (char**, long const*, long, long)>::callback_fn<at::native::AVX2::VectorizedLoop2d<at::native::AVX2::direct_copy_kernel(at::TensorIteratorBase&)::{lambda()#3}::operator()(void) const::{lambda()#7}::operator()(void) const::{lambda(float)#1}, at::native::AVX2::direct_copy_kernel(at::TensorIteratorBase&)::{lambda()#3}::operator()(void) const::{lambda()#7}::operator()(void) const::{lambda(at::vec::AVX2::Vectorized<float>)#2}>>
Index: [11] Function:  decompress_onepass
Index: [132] Function:  __libc_calloc
Index: [25] Function:  __memset_avx2_unaligned_erms
Index: [43] Function:  _int_free
Index: [6] Function:  __memmove_avx_unaligned_erms
Index: [12] Function:  ImagingUnpackRGB
Index: [23] Function:  ImagingPackRGB



0                          decode_mcu
1                     jpeg_idct_islow
2      ImagingResampleHorizontal_8bpc
3                     ycc_rgb_convert
4                     jpeg_idct_16x16
                    ...              
274      __memset_avx2_unaligned_erms
275              ImagingFlipLeftRight
276                         _int_free
277                     __libc_calloc
278                            munmap
Name: Source Function, Length: 279, dtype: object
