Setting memory allocator to glibc
=> creating model 'resnet18'
STAGE:2023-06-18 12:57:19 49460:49460 ActivityProfilerController.cpp:311] Completed Stage: Warm Up
STAGE:2023-06-18 12:58:57 49460:49460 ActivityProfilerController.cpp:317] Completed Stage: Collection
STAGE:2023-06-18 12:58:57 49460:49460 ActivityProfilerController.cpp:321] Completed Stage: Post Processing
STAGE:2023-06-18 12:59:19 49460:49460 ActivityProfilerController.cpp:311] Completed Stage: Warm Up
STAGE:2023-06-18 12:59:19 49460:49460 ActivityProfilerController.cpp:317] Completed Stage: Collection
STAGE:2023-06-18 12:59:19 49460:49460 ActivityProfilerController.cpp:321] Completed Stage: Post Processing
Epoch: [0][ 1/64]	Time 122.216 (122.216)	Data 111.897 (111.897)	Loss 7.2456e+00 (7.2456e+00)	Acc@1   0.00 (  0.00)	Acc@5   0.00 (  0.00)
Setting memory allocator to glibc
=> creating model 'resnet18'
STAGE:2023-06-18 13:16:32 49882:49882 ActivityProfilerController.cpp:311] Completed Stage: Warm Up
STAGE:2023-06-18 13:33:02 49882:49882 ActivityProfilerController.cpp:317] Completed Stage: Collection
STAGE:2023-06-18 13:33:02 49882:49882 ActivityProfilerController.cpp:321] Completed Stage: Post Processing
STAGE:2023-06-18 13:33:24 49882:49882 ActivityProfilerController.cpp:311] Completed Stage: Warm Up
STAGE:2023-06-18 13:33:24 49882:49882 ActivityProfilerController.cpp:317] Completed Stage: Collection
STAGE:2023-06-18 13:33:24 49882:49882 ActivityProfilerController.cpp:321] Completed Stage: Post Processing
Epoch: [0][ 1/64]	Time 1023.970 (1023.970)	Data 1013.570 (1013.570)	Loss 7.2630e+00 (7.2630e+00)	Acc@1   0.00 (  0.00)	Acc@5   0.00 (  0.00)
Setting memory allocator to glibc
=> creating model 'resnet18'
STAGE:2023-06-18 13:57:55 50940:50940 ActivityProfilerController.cpp:311] Completed Stage: Warm Up
STAGE:2023-06-18 14:21:42 50940:50940 ActivityProfilerController.cpp:317] Completed Stage: Collection
STAGE:2023-06-18 14:21:42 50940:50940 ActivityProfilerController.cpp:321] Completed Stage: Post Processing
STAGE:2023-06-18 14:22:04 50940:50940 ActivityProfilerController.cpp:311] Completed Stage: Warm Up
STAGE:2023-06-18 14:22:04 50940:50940 ActivityProfilerController.cpp:317] Completed Stage: Collection
STAGE:2023-06-18 14:22:04 50940:50940 ActivityProfilerController.cpp:321] Completed Stage: Post Processing
Epoch: [0][ 1/64]	Time 1460.398 (1460.398)	Data 1449.294 (1449.294)	Loss 6.9303e+00 (6.9303e+00)	Acc@1   0.00 (  0.00)	Acc@5   0.00 (  0.00)
Setting memory allocator to tcmalloc
=> creating model 'resnet18'
STAGE:2023-06-18 14:23:52 51641:51641 ActivityProfilerController.cpp:311] Completed Stage: Warm Up
STAGE:2023-06-18 14:25:13 51641:51641 ActivityProfilerController.cpp:317] Completed Stage: Collection
STAGE:2023-06-18 14:25:13 51641:51641 ActivityProfilerController.cpp:321] Completed Stage: Post Processing
STAGE:2023-06-18 14:25:35 51641:51641 ActivityProfilerController.cpp:311] Completed Stage: Warm Up
STAGE:2023-06-18 14:25:35 51641:51641 ActivityProfilerController.cpp:317] Completed Stage: Collection
STAGE:2023-06-18 14:25:35 51641:51641 ActivityProfilerController.cpp:321] Completed Stage: Post Processing
Epoch: [0][ 1/64]	Time 97.836 (97.836)	Data 87.275 (87.275)	Loss 6.6848e+00 (6.6848e+00)	Acc@1   0.00 (  0.00)	Acc@5   0.00 (  0.00)
Setting memory allocator to tcmalloc
=> creating model 'resnet18'
STAGE:2023-06-18 14:39:24 51903:51903 ActivityProfilerController.cpp:311] Completed Stage: Warm Up
STAGE:2023-06-18 14:52:50 51903:51903 ActivityProfilerController.cpp:317] Completed Stage: Collection
STAGE:2023-06-18 14:52:50 51903:51903 ActivityProfilerController.cpp:321] Completed Stage: Post Processing
STAGE:2023-06-18 14:53:12 51903:51903 ActivityProfilerController.cpp:311] Completed Stage: Warm Up
STAGE:2023-06-18 14:53:12 51903:51903 ActivityProfilerController.cpp:317] Completed Stage: Collection
STAGE:2023-06-18 14:53:12 51903:51903 ActivityProfilerController.cpp:321] Completed Stage: Post Processing
Epoch: [0][ 1/64]	Time 818.824 (818.824)	Data 808.494 (808.494)	Loss 7.2801e+00 (7.2801e+00)	Acc@1   0.00 (  0.00)	Acc@5   0.00 (  0.00)
Setting memory allocator to tcmalloc
=> creating model 'resnet18'
STAGE:2023-06-18 15:14:08 52417:52417 ActivityProfilerController.cpp:311] Completed Stage: Warm Up
STAGE:2023-06-18 15:35:03 52417:52417 ActivityProfilerController.cpp:317] Completed Stage: Collection
STAGE:2023-06-18 15:35:03 52417:52417 ActivityProfilerController.cpp:321] Completed Stage: Post Processing
STAGE:2023-06-18 15:35:25 52417:52417 ActivityProfilerController.cpp:311] Completed Stage: Warm Up
STAGE:2023-06-18 15:35:25 52417:52417 ActivityProfilerController.cpp:317] Completed Stage: Collection
STAGE:2023-06-18 15:35:25 52417:52417 ActivityProfilerController.cpp:321] Completed Stage: Post Processing
Epoch: [0][ 1/64]	Time 1246.459 (1246.459)	Data 1235.507 (1235.507)	Loss 7.3208e+00 (7.3208e+00)	Acc@1   0.00 (  0.00)	Acc@5   0.00 (  0.00)
Setting memory allocator to jemalloc
=> creating model 'resnet18'
STAGE:2023-06-18 15:37:42 53003:53003 ActivityProfilerController.cpp:311] Completed Stage: Warm Up
STAGE:2023-06-18 15:39:27 53003:53003 ActivityProfilerController.cpp:317] Completed Stage: Collection
STAGE:2023-06-18 15:39:27 53003:53003 ActivityProfilerController.cpp:321] Completed Stage: Post Processing
STAGE:2023-06-18 15:39:49 53003:53003 ActivityProfilerController.cpp:311] Completed Stage: Warm Up
STAGE:2023-06-18 15:39:49 53003:53003 ActivityProfilerController.cpp:317] Completed Stage: Collection
STAGE:2023-06-18 15:39:49 53003:53003 ActivityProfilerController.cpp:321] Completed Stage: Post Processing
Epoch: [0][ 1/64]	Time 127.305 (127.305)	Data 116.034 (116.034)	Loss 7.1523e+00 (7.1523e+00)	Acc@1   0.00 (  0.00)	Acc@5   0.00 (  0.00)
Setting memory allocator to jemalloc
=> creating model 'resnet18'
STAGE:2023-06-18 15:57:17 53246:53246 ActivityProfilerController.cpp:311] Completed Stage: Warm Up
STAGE:2023-06-18 16:14:18 53246:53246 ActivityProfilerController.cpp:317] Completed Stage: Collection
STAGE:2023-06-18 16:14:18 53246:53246 ActivityProfilerController.cpp:321] Completed Stage: Post Processing
STAGE:2023-06-18 16:14:41 53246:53246 ActivityProfilerController.cpp:311] Completed Stage: Warm Up
STAGE:2023-06-18 16:14:41 53246:53246 ActivityProfilerController.cpp:317] Completed Stage: Collection
STAGE:2023-06-18 16:14:41 53246:53246 ActivityProfilerController.cpp:321] Completed Stage: Post Processing
Epoch: [0][ 1/64]	Time 1023.266 (1023.266)	Data 1012.599 (1012.599)	Loss 7.0201e+00 (7.0201e+00)	Acc@1   0.00 (  0.00)	Acc@5   0.00 (  0.00)
Setting memory allocator to jemalloc
=> creating model 'resnet18'
STAGE:2023-06-18 16:40:03 53619:53619 ActivityProfilerController.cpp:311] Completed Stage: Warm Up
STAGE:2023-06-18 17:04:48 53619:53619 ActivityProfilerController.cpp:317] Completed Stage: Collection
STAGE:2023-06-18 17:04:48 53619:53619 ActivityProfilerController.cpp:321] Completed Stage: Post Processing
STAGE:2023-06-18 17:05:10 53619:53619 ActivityProfilerController.cpp:311] Completed Stage: Warm Up
STAGE:2023-06-18 17:05:10 53619:53619 ActivityProfilerController.cpp:317] Completed Stage: Collection
STAGE:2023-06-18 17:05:10 53619:53619 ActivityProfilerController.cpp:321] Completed Stage: Post Processing
Epoch: [0][ 1/64]	Time 1514.002 (1514.002)	Data 1502.227 (1502.227)	Loss 7.6801e+00 (7.6801e+00)	Acc@1   0.00 (  0.00)	Acc@5   0.00 (  0.00)
=> creating model 'resnet18'
STAGE:2023-06-18 17:07:25 54412:54412 ActivityProfilerController.cpp:311] Completed Stage: Warm Up
STAGE:2023-06-18 17:09:07 54412:54412 ActivityProfilerController.cpp:317] Completed Stage: Collection
STAGE:2023-06-18 17:09:07 54412:54412 ActivityProfilerController.cpp:321] Completed Stage: Post Processing
STAGE:2023-06-18 17:09:29 54412:54412 ActivityProfilerController.cpp:311] Completed Stage: Warm Up
STAGE:2023-06-18 17:09:29 54412:54412 ActivityProfilerController.cpp:317] Completed Stage: Collection
STAGE:2023-06-18 17:09:29 54412:54412 ActivityProfilerController.cpp:321] Completed Stage: Post Processing
Epoch: [0][ 1/64]	Time 125.118 (125.118)	Data 113.821 (113.821)	Loss 7.5826e+00 (7.5826e+00)	Acc@1   0.00 (  0.00)	Acc@5   0.00 (  0.00)
=> creating model 'resnet18'
STAGE:2023-06-18 17:29:54 54657:54657 ActivityProfilerController.cpp:311] Completed Stage: Warm Up
STAGE:2023-06-18 17:50:12 54657:54657 ActivityProfilerController.cpp:317] Completed Stage: Collection
STAGE:2023-06-18 17:50:12 54657:54657 ActivityProfilerController.cpp:321] Completed Stage: Post Processing
STAGE:2023-06-18 17:50:35 54657:54657 ActivityProfilerController.cpp:311] Completed Stage: Warm Up
STAGE:2023-06-18 17:50:35 54657:54657 ActivityProfilerController.cpp:317] Completed Stage: Collection
STAGE:2023-06-18 17:50:35 54657:54657 ActivityProfilerController.cpp:321] Completed Stage: Post Processing
Epoch: [0][ 1/64]	Time 1215.639 (1215.639)	Data 1204.257 (1204.257)	Loss 7.3096e+00 (7.3096e+00)	Acc@1   0.00 (  0.00)	Acc@5   0.00 (  0.00)
=> creating model 'resnet18'
STAGE:2023-06-18 18:16:25 55005:55005 ActivityProfilerController.cpp:311] Completed Stage: Warm Up
STAGE:2023-06-18 18:41:48 55005:55005 ActivityProfilerController.cpp:317] Completed Stage: Collection
STAGE:2023-06-18 18:41:48 55005:55005 ActivityProfilerController.cpp:321] Completed Stage: Post Processing
STAGE:2023-06-18 18:42:14 55005:55005 ActivityProfilerController.cpp:311] Completed Stage: Warm Up
STAGE:2023-06-18 18:42:14 55005:55005 ActivityProfilerController.cpp:317] Completed Stage: Collection
STAGE:2023-06-18 18:42:14 55005:55005 ActivityProfilerController.cpp:321] Completed Stage: Post Processing
Epoch: [0][ 1/64]	Time 1540.462 (1540.462)	Data 1529.232 (1529.232)	Loss 6.4956e+00 (6.4956e+00)	Acc@1   0.00 (  0.00)	Acc@5   0.00 (  0.00)
=> creating model 'resnet18'
STAGE:2023-06-18 18:44:31 55814:55814 ActivityProfilerController.cpp:311] Completed Stage: Warm Up
STAGE:2023-06-18 18:46:16 55814:55814 ActivityProfilerController.cpp:317] Completed Stage: Collection
STAGE:2023-06-18 18:46:16 55814:55814 ActivityProfilerController.cpp:321] Completed Stage: Post Processing
STAGE:2023-06-18 18:46:38 55814:55814 ActivityProfilerController.cpp:311] Completed Stage: Warm Up
STAGE:2023-06-18 18:46:38 55814:55814 ActivityProfilerController.cpp:317] Completed Stage: Collection
STAGE:2023-06-18 18:46:38 55814:55814 ActivityProfilerController.cpp:321] Completed Stage: Post Processing
Epoch: [0][ 1/64]	Time 126.555 (126.555)	Data 115.166 (115.166)	Loss 6.3753e+00 (6.3753e+00)	Acc@1   0.00 (  0.00)	Acc@5   0.00 (  0.00)
=> creating model 'resnet18'
STAGE:2023-06-18 19:07:08 56150:56150 ActivityProfilerController.cpp:311] Completed Stage: Warm Up
STAGE:2023-06-18 19:27:28 56150:56150 ActivityProfilerController.cpp:317] Completed Stage: Collection
STAGE:2023-06-18 19:27:28 56150:56150 ActivityProfilerController.cpp:321] Completed Stage: Post Processing
STAGE:2023-06-18 19:27:50 56150:56150 ActivityProfilerController.cpp:311] Completed Stage: Warm Up
STAGE:2023-06-18 19:27:50 56150:56150 ActivityProfilerController.cpp:317] Completed Stage: Collection
STAGE:2023-06-18 19:27:50 56150:56150 ActivityProfilerController.cpp:321] Completed Stage: Post Processing
Epoch: [0][ 1/64]	Time 1219.885 (1219.885)	Data 1208.842 (1208.842)	Loss 7.2161e+00 (7.2161e+00)	Acc@1   0.00 (  0.00)	Acc@5   0.00 (  0.00)
=> creating model 'resnet18'
STAGE:2023-06-18 19:53:54 56525:56525 ActivityProfilerController.cpp:311] Completed Stage: Warm Up
STAGE:2023-06-18 20:19:06 56525:56525 ActivityProfilerController.cpp:317] Completed Stage: Collection
STAGE:2023-06-18 20:19:06 56525:56525 ActivityProfilerController.cpp:321] Completed Stage: Post Processing
STAGE:2023-06-18 20:19:28 56525:56525 ActivityProfilerController.cpp:311] Completed Stage: Warm Up
STAGE:2023-06-18 20:19:28 56525:56525 ActivityProfilerController.cpp:317] Completed Stage: Collection
STAGE:2023-06-18 20:19:28 56525:56525 ActivityProfilerController.cpp:321] Completed Stage: Post Processing
Epoch: [0][ 1/64]	Time 1554.464 (1554.464)	Data 1543.753 (1543.753)	Loss 7.1236e+00 (7.1236e+00)	Acc@1   0.00 (  0.00)	Acc@5   0.00 (  0.00)
=> creating model 'resnet18'
STAGE:2023-06-18 20:36:44 56967:56967 ActivityProfilerController.cpp:311] Completed Stage: Warm Up
STAGE:2023-06-18 20:53:22 56967:56967 ActivityProfilerController.cpp:317] Completed Stage: Collection
STAGE:2023-06-18 20:53:22 56967:56967 ActivityProfilerController.cpp:321] Completed Stage: Post Processing
STAGE:2023-06-18 20:53:44 56967:56967 ActivityProfilerController.cpp:311] Completed Stage: Warm Up
STAGE:2023-06-18 20:53:44 56967:56967 ActivityProfilerController.cpp:317] Completed Stage: Collection
STAGE:2023-06-18 20:53:44 56967:56967 ActivityProfilerController.cpp:321] Completed Stage: Post Processing
Epoch: [0][ 1/32]	Time 995.588 (995.588)	Data 984.233 (984.233)	Loss 7.4126e+00 (7.4126e+00)	Acc@1   0.00 (  0.00)	Acc@5   0.00 (  0.00)
=> creating model 'resnet18'
STAGE:2023-06-18 21:28:10 57371:57371 ActivityProfilerController.cpp:311] Completed Stage: Warm Up
STAGE:2023-06-18 22:01:12 57371:57371 ActivityProfilerController.cpp:317] Completed Stage: Collection
STAGE:2023-06-18 22:01:12 57371:57371 ActivityProfilerController.cpp:321] Completed Stage: Post Processing
STAGE:2023-06-18 22:01:34 57371:57371 ActivityProfilerController.cpp:311] Completed Stage: Warm Up
STAGE:2023-06-18 22:01:34 57371:57371 ActivityProfilerController.cpp:317] Completed Stage: Collection
STAGE:2023-06-18 22:01:34 57371:57371 ActivityProfilerController.cpp:321] Completed Stage: Post Processing
Epoch: [0][ 1/32]	Time 2056.027 (2056.027)	Data 2045.218 (2045.218)	Loss 7.1785e+00 (7.1785e+00)	Acc@1   0.00 (  0.00)	Acc@5   0.00 (  0.00)