    1  sudo bash /proj/prismgt-PG0/rbachkaniwala3/scripts/cuda_installer_script.sh 
    2  sudo reboot
    3  bash /proj/prismgt-PG0/rbachkaniwala3/scripts/enable_conda.sh 
    4  exit
    5  vim /mydata/pytorch_custom_log_and_vtune_one_epoch_imagenet_dataset/e2e/custom_log_b1024_gpu4_dataloader28.log 
    6  man htop
    7  vmtouch -h
    8  htop
    9  sudo apt install htop -y
   10  htop
   11  watch -n 1 nvidia-smi
   12  htop
   13  nvidia-smi
   14  conda activate torch2 
   15  pip list
   16  conda list
   17  vmtouch -e /mydata/imagenet && python code/image_classification/code/pytorch_main.py /mydata/imagenet-b 1024 -j 10 --gpus 4 --val-loop 0 
   18  vmtouch -e /mydata/imagenet
   19  vmtouch -e /mydata/imagenet/train/n01990800/n01990800_2873.JPEG 
   20  vmtouch -e /mydata/imagenet
   21  /usr/bin/time --quiet --format="wall(s),user(s),kernel(s)\n%e,%U,%S" python code/image_classification/code/pytorch_main.py /mydata/imagenet -b 1024 -j 20 --gpus 4 --val-loop 0 --log-train-file /mydata/rbachkaniwala3/code/rajveerb-ml-pipeline-benchmark/code/image_classification/code/tmp_p3torch_logs/custom_log
   22  vmtouch -e /mydata/imagenet
   23  /usr/bin/time --quiet --format="wall(s),user(s),kernel(s)\n
   24  %e,%U,%S" python code/image_classification/code/pytorch_main.py /mydata/imagenet -b 1024 -j 20 --gpus 4 --val-loop 0 --log-train-file /mydata/rbachkaniwala3/code/rajveerb-ml-pipeline-benchmark/code/image_classification/code/tmp_p3torch_logs/custom_log
   25  /usr/bin/time --quiet --format="wall(s),user(s),kernel(s)\n
   26  %e,%U,%S" python code/image_classification/code/pytorch_main.py /mydata/imagenet -b 1024 -j 28 --gpus 4 --val-loop 0 --log-train-file /mydata/rbachkaniwala3/code/rajveerb-ml-pipeline-benchmark/code/image_classification/code/tmp_p3torch_logs/custom_log
   27  rm -rf code/image_classification/code/tmp_p3torch_logs/*
   28  /usr/bin/time --quiet --format="wall(s),user(s),kernel(s)\n%e,%U,%S" python code/image_classification/code/aadadad.py /mydata/imagenet -b 1024 -j 28 --gpus 4 --val-loop 0 --log-train-file /mydata/rbachkaniwala3/code/rajveerb-ml-pipeline-benchmark/code/image_classification/code/tmp_p3torch_logs/custom_log
   29  exit
   30  vim /proj/prismgt-PG0/rbachkaniwala3/scripts/mother_script.sh 
   31  echo "export GIT_SSH_COMMAND='ssh -i /proj/prismgt-PG0/rbachkaniwala3/ssh_keys/id_rsa'" >> /users/rajveerb/.profile
   32  exit
   33  git config --global -l
   34  rm -rf /mydata/rbachkaniwala3/code/rajveerb_mlperf-training/image_segmentation/kits19/results/unet3d.log
   35  sudo rm -rf /mydata/rbachkaniwala3/code/rajveerb_mlperf-training/image_segmentation/kits19/results/unet3d.log
   36  rm -rf /mydata/rbachkaniwala3/code/rajveerb-ml-pipeline-benchmark/code/image_classification/code/tmp_p3torch_logs/*
   37  which pytohn
   38  which python
   39  python /mydata/rbachkaniwala3/code/rajveerb-ml-pipeline-benchmark/code/image_classification/analysis/custom_logs/per_op_summary_stat.py --data_dir /mydata/rbachkaniwala3/code/rajveerb_mlperf-training/image_segmentation/pytorch/p3torch_logs
   40  python /mydata/rbachkaniwala3/code/rajveerb-ml-pipeline-benchmark/code/image_classification/analysis/custom_logs/per_op_summary_stat.py --data_dir /mydata/rbachkaniwala3/code/rajveerb_mlperf-training/object_detection/p3torch_logs/
   41  /bin/python3 /users/rajveerb/.vscode-server/extensions/ms-python.python-2024.6.0/python_files/printEnvVariablesToFile.py /users/rajveerb/.vscode-server/extensions/ms-python.python-2024.6.0/python_files/deactivate/bash/envVars.txt
   42  python /mydata/rbachkaniwala3/code/rajveerb-ml-pipeline-benchmark/code/image_classification/analysis/custom_logs/batch_wait_summary_stat.py --data_dir /mydata/rbachkaniwala3/code/rajveerb_mlperf-training/image_segmentation/pytorch/p3torch_logs --prefix vtune_included
   43  python /mydata/rbachkaniwala3/code/rajveerb-ml-pipeline-benchmark/code/image_classification/analysis/custom_logs/batch_wait_summary_stat.py --data_dir /mydata/rbachkaniwala3/code/rajveerb_mlperf-training/object_detection/p3torch_logs --prefix vtune_included
   44  python /mydata/rbachkaniwala3/code/rajveerb-ml-pipeline-benchmark/code/image_classification/analysis/custom_logs/batch_wait_summary_stat.py --data_dir /mydata/pytorch_custom_log_and_vtune_one_epoch_imagenet_dataset/b1024_gpu4_dataloader8/ --prefix vtune_included
   45  python /mydata/rbachkaniwala3/code/rajveerb-ml-pipeline-benchmark/code/image_classification/analysis/custom_logs/batch_wait_summary_stat.py --data_dir /mydata/pytorch_custom_log_and_vtune_one_epoch_imagenet_dataset/b1024_gpu4_dataloader8/
   46  python /mydata/rbachkaniwala3/code/rajveerb-ml-pipeline-benchmark/code/image_classification/analysis/custom_logs/measure_elapsed_time_plot.py --data_di /mydata/rbachkaniwala3/code/rajveerb_mlperf-training/image_segmentation/pytorch/p3torch_logs
   47  python /mydata/rbachkaniwala3/code/rajveerb-ml-pipeline-benchmark/code/image_classification/analysis/custom_logs/measure_elapsed_time_plot.py --data_di /mydata/rbachkaniwala3/code/rajveerb_mlperf-training/image_segmentation/pytorch/p3torch_logs --figs_dir /mydata/rbachkaniwala3/code/rajveerb-ml-pipeline-benchmark/code/image_classification/analysis/custom_logs/figs
   48  python /mydata/rbachkaniwala3/code/rajveerb-ml-pipeline-benchmark/code/image_classification/analysis/custom_logs/measure_elapsed_time_plot.py --data_di /mydata/rbachkaniwala3/code/rajveerb_mlperf-training/image_segmentation/pytorch/p3torch_logs --fig_dir /mydata/rbachkaniwala3/code/rajveerb-ml-pipeline-benchmark/code/image_classification/analysis/custom_logs/figs
   49  python /mydata/rbachkaniwala3/code/rajveerb-ml-pipeline-benchmark/code/image_classification/analysis/custom_logs/measure_elapsed_time_plot.py --data_di /mydata/rbachkaniwala3/code/rajveerb_mlperf-training/image_segmentation/pytorch/p3torch_logs --fig_dir /mydata/rbachkaniwala3/code/rajveerb-ml-pipeline-benchmark/code/image_classification/analysis/custom_logs/figs --sort_criteria batch_id
   50  python /mydata/rbachkaniwala3/code/rajveerb-ml-pipeline-benchmark/code/image_classification/analysis/custom_logs/measure_elapsed_time_plot.py --data_di /mydata/rbachkaniwala3/code/rajveerb_mlperf-training/image_segmentation/pytorch/p3torch_logs --fig_dir /mydata/rbachkaniwala3/code/rajveerb-ml-pipeline-benchmark/code/image_classification/analysis/custom_logs/figs --sort_criteria duration
   51  python /mydata/rbachkaniwala3/code/rajveerb-ml-pipeline-benchmark/code/image_classification/analysis/custom_logs/measure_elapsed_time_plot.py --data_di /mydata/rbachkaniwala3/code/rajveerb_mlperf-training/image_segmentation/pytorch/p3torch_logs --fig_dir /mydata/rbachkaniwala3/code/rajveerb-ml-pipeline-benchmark/code/image_classification/analysis/custom_logs/figs --sort_criteria duration > /mydata/rbachkaniwala3/code/rajveerb-ml-pipeline-benchmark/code/image_classification/analysis/custom_logs/iamge_segmentation.lo
   52  python /mydata/rbachkaniwala3/code/rajveerb-ml-pipeline-benchmark/code/image_classification/analysis/custom_logs/measure_elapsed_time_plot.py --data_di /mydata/rbachkaniwala3/code/rajveerb_mlperf-training/image_segmentation/pytorch/p3torch_logs --fig_dir /mydata/rbachkaniwala3/code/rajveerb-ml-pipeline-benchmark/code/image_classification/analysis/custom_logs/figs --sort_criteria duration > /mydata/rbachkaniwala3/code/rajveerb-ml-pipeline-benchmark/code/image_classification/analysis/custom_logs/image_segmentation.log
   53  python /mydata/rbachkaniwala3/code/rajveerb-ml-pipeline-benchmark/code/image_classification/analysis/custom_logs/measure_elapsed_time_plot.py --data_di /mydata/rbachkaniwala3/code/rajveerb_mlperf-training/object_detection/pytorch/p3torch_logs --fig_dir /mydata/rbachkaniwala3/code/rajveerb-ml-pipeline-benchmark/code/image_classification/analysis/custom_logs/obj_det/ --sort_criteria duration > /mydata/rbachkaniwala3/code/rajveerb-ml-pipeline-benchmark/code/image_classification/analysis/custom_logs/obj_det.log
   54  python /mydata/rbachkaniwala3/code/rajveerb-ml-pipeline-benchmark/code/image_classification/analysis/custom_logs/measure_elapsed_time_plot.py --data_di /mydata/rbachkaniwala3/code/rajveerb_mlperf-training/object_detection/p3torch_logs --fig_dir /mydata/rbachkaniwala3/code/rajveerb-ml-pipeline-benchmark/code/image_classification/analysis/custom_logs/obj_det/ --sort_criteria duration > /mydata/rbachkaniwala3/code/rajveerb-ml-pipeline-benchmark/code/image_classification/analysis/custom_logs/obj_det.log
   55  grep -iRl "GeneralizedRCNN" object_detection/pytorch/maskrcnn_benchmark/
   56  find /path/to/directory -type f | wc -l
   57  find object_detection/pytorch/datasets/coco/train2017/000000 -type f | wc -l
   58  find object_detection/pytorch/datasets/coco/train2017/ -type f | wc -l
   59  python /mydata/rbachkaniwala3/code/rajveerb-ml-pipeline-benchmark/code/image_classification/analysis/custom_logs/measure_elapsed_time_plot.py --data_di /mydata/rbachkaniwala3/code/rajveerb_mlperf-training/image_segmentation/pytorch/p3torch_logs/ --fig_dir /mydata/rbachkaniwala3/code/rajveerb-ml-pipeline-benchmark/code/image_classification/analysis/custom_logs/img_seg/ --sort_criteria duration > /mydata/rbachkaniwala3/code/rajveerb-ml-pipeline-benchmark/code/image_classification/analysis/custom_logs/image_segmentation.log 
   60  python /mydata/rbachkaniwala3/code/rajveerb-ml-pipeline-benchmark/code/image_classification/analysis/custom_logs/measure_elapsed_time_plot.py --data_di /mydata/rbachkaniwala3/code/rajveerb_mlperf-training/image_segmentation/pytorch/p3torch_logs/ --fig_dir /mydata/rbachkaniwala3/code/rajveerb-ml-pipeline-benchmark/code/image_classification/analysis/custom_logs/img_seg/ > /mydata/rbachkaniwala3/code/rajveerb-ml-pipeline-benchmark/code/image_classification/analysis/custom_logs/image_segmentation.log 
   61  python /mydata/rbachkaniwala3/code/rajveerb-ml-pipeline-benchmark/code/image_classification/analysis/custom_logs/measure_elapsed_time_plot.py --data_di /mydata/rbachkaniwala3/code/rajveerb_mlperf-training/image_segmentation/pytorch/p3torch_logs/ --fig_dir /mydata/rbachkaniwala3/code/rajveerb-ml-pipeline-benchmark/code/image_classification/analysis/custom_logs/img_seg/ > /mydata/rbachkaniwala3/code/rajveerb-ml-pipeline-be
   62  python /mydata/rbachkaniwala3/code/rajveerb-ml-pipeline-benchmark/code/image_classification/analysis/custom_logs/measure_elapsed_time_plot.py --data_di /mydata/rbachkaniwala3/code/rajveerb_mlperf-training/image_segmentation/pytorch/p3torch_logs/ --fig_dir /mydata/rbachkaniwala3/code/rajveerb-ml-pipeline-benchmark/code/image_classification/analysis/custom_logs/img_seg/ --gpu_time 750 > /mydata/rbachkaniwala3/code/rajveerb-ml-pipeline-benchmark/code/image_classification/analysis/custom_logs/image_segmentation.log 
   63  python /mydata/rbachkaniwala3/code/rajveerb-ml-pipeline-benchmark/code/image_classification/analysis/custom_logs/measure_elapsed_time_plot.py --data_di /mydata/rbachkaniwala3/code/rajveerb_mlperf-training/object_detection/p3torch_logs --fig_dir /mydata/rbachkaniwala3/code/rajveerb-ml-pipeline-benchmark/code/image_classification/analysis/custom_logs/obj_det/ --sort_criteria duration --gpu_time 250 > /mydata/rbachkaniwala3/code/rajveerb-ml-pipeline-benchmark/code/image_classification/analysis/custom_logs/obj_det.log
   64  python /mydata/rbachkaniwala3/code/rajveerb-ml-pipeline-benchmark/code/image_classification/analysis/custom_logs/measure_elapsed_time_plot.py --data_di /mydata/rbachkaniwala3/code/rajveerb_mlperf-training/image_segmentation/pytorch/p3torch_logs/ --fig_dir /mydata/rbachkaniwala3/code/rajveerb-ml-pipeline-benchmark/code/image_classification/analysis/custom_logs/img_seg/ --sort_criteria duration --gpu_time 750 > /mydata/rbachkaniwala3/code/rajveerb-ml-pipeline-benchmark/code/image_classification/analysis/custom_logs/image_segmentation.log 
   65  history 1000 > history_c4130.log
