nohup bash script.sh & 
-j 4 --gpus 4 -b 1024
custom log
=> creating model 'resnet18'
Epoch: [0][   1/1252]	Time 20.740 (20.740)	Data  9.097 ( 9.097)	Loss 7.0253e+00 (7.0253e+00)	Acc@1   0.20 (  0.20)	Acc@5   0.49 (  0.49)
Epoch: [0][  11/1252]	Time  0.334 ( 2.632)	Data  0.001 ( 1.305)	Loss 6.9295e+00 (6.9761e+00)	Acc@1   0.10 (  0.14)	Acc@5   1.76 (  0.71)
Epoch: [0][  21/1252]	Time  0.319 ( 2.086)	Data  0.065 ( 1.270)	Loss 6.9069e+00 (6.9553e+00)	Acc@1   0.29 (  0.20)	Acc@5   1.27 (  0.82)
Epoch: [0][  31/1252]	Time  0.320 ( 2.057)	Data  0.001 ( 1.416)	Loss 6.8214e+00 (6.9242e+00)	Acc@1   0.29 (  0.26)	Acc@5   2.54 (  1.12)
Epoch: [0][  41/1252]	Time  0.453 ( 1.910)	Data  0.271 ( 1.365)	Loss 6.7483e+00 (6.8865e+00)	Acc@1   0.29 (  0.36)	Acc@5   2.34 (  1.45)
Epoch: [0][  51/1252]	Time  0.324 ( 1.950)	Data  0.000 ( 1.462)	Loss 6.6453e+00 (6.8469e+00)	Acc@1   0.98 (  0.43)	Acc@5   3.22 (  1.72)
Epoch: [0][  61/1252]	Time  0.386 ( 1.855)	Data  0.202 ( 1.404)	Loss 6.5655e+00 (6.8064e+00)	Acc@1   0.78 (  0.50)	Acc@5   3.91 (  2.00)
Epoch: [0][  71/1252]	Time  0.321 ( 1.878)	Data  0.001 ( 1.452)	Loss 6.4738e+00 (6.7699e+00)	Acc@1   1.07 (  0.59)	Acc@5   3.91 (  2.27)
Epoch: [0][  81/1252]	Time  0.694 ( 1.823)	Data  0.510 ( 1.420)	Loss 6.4257e+00 (6.7321e+00)	Acc@1   1.56 (  0.67)	Acc@5   4.49 (  2.53)
Epoch: [0][  91/1252]	Time  0.333 ( 1.836)	Data  0.001 ( 1.449)	Loss 6.3631e+00 (6.6951e+00)	Acc@1   1.07 (  0.74)	Acc@5   5.57 (  2.75)
Epoch: [0][ 101/1252]	Time  1.058 ( 1.799)	Data  0.876 ( 1.427)	Loss 6.3228e+00 (6.6606e+00)	Acc@1   1.56 (  0.79)	Acc@5   5.66 (  2.95)
Epoch: [0][ 111/1252]	Time  0.324 ( 1.806)	Data  0.001 ( 1.445)	Loss 6.2665e+00 (6.6287e+00)	Acc@1   1.76 (  0.84)	Acc@5   6.84 (  3.16)
Epoch: [0][ 121/1252]	Time  0.783 ( 1.780)	Data  0.600 ( 1.429)	Loss 6.2908e+00 (6.5982e+00)	Acc@1   0.78 (  0.92)	Acc@5   5.08 (  3.38)
Epoch: [0][ 131/1252]	Time  0.322 ( 1.790)	Data  0.001 ( 1.446)	Loss 6.1652e+00 (6.5668e+00)	Acc@1   1.76 (  0.99)	Acc@5   5.27 (  3.59)
Epoch: [0][ 141/1252]	Time  0.572 ( 1.766)	Data  0.388 ( 1.430)	Loss 6.1581e+00 (6.5373e+00)	Acc@1   1.37 (  1.07)	Acc@5   5.27 (  3.80)
Epoch: [0][ 151/1252]	Time  0.335 ( 1.781)	Data  0.000 ( 1.449)	Loss 6.1801e+00 (6.5096e+00)	Acc@1   1.95 (  1.14)	Acc@5   6.45 (  4.00)
Epoch: [0][ 161/1252]	Time  0.428 ( 1.757)	Data  0.240 ( 1.430)	Loss 6.0741e+00 (6.4845e+00)	Acc@1   1.66 (  1.18)	Acc@5   6.74 (  4.17)
Epoch: [0][ 171/1252]	Time  0.321 ( 1.774)	Data  0.000 ( 1.450)	Loss 6.0136e+00 (6.4589e+00)	Acc@1   1.76 (  1.23)	Acc@5   7.81 (  4.40)
Epoch: [0][ 181/1252]	Time  0.327 ( 1.753)	Data  0.001 ( 1.432)	Loss 5.9707e+00 (6.4337e+00)	Acc@1   2.34 (  1.31)	Acc@5   9.28 (  4.63)
Epoch: [0][ 191/1252]	Time  0.317 ( 1.766)	Data  0.001 ( 1.447)	Loss 5.8690e+00 (6.4087e+00)	Acc@1   2.83 (  1.37)	Acc@5  10.84 (  4.87)
Epoch: [0][ 201/1252]	Time  0.324 ( 1.751)	Data  0.001 ( 1.434)	Loss 5.9736e+00 (6.3845e+00)	Acc@1   3.71 (  1.45)	Acc@5   8.79 (  5.10)
Epoch: [0][ 211/1252]	Time  0.322 ( 1.765)	Data  0.001 ( 1.450)	Loss 5.8892e+00 (6.3626e+00)	Acc@1   3.22 (  1.52)	Acc@5   8.98 (  5.29)
Epoch: [0][ 221/1252]	Time  0.325 ( 1.750)	Data  0.001 ( 1.438)	Loss 5.8880e+00 (6.3406e+00)	Acc@1   2.15 (  1.59)	Acc@5   9.08 (  5.49)
Epoch: [0][ 231/1252]	Time  0.332 ( 1.761)	Data  0.001 ( 1.451)	Loss 5.8439e+00 (6.3191e+00)	Acc@1   4.10 (  1.67)	Acc@5  10.74 (  5.72)
Epoch: [0][ 241/1252]	Time  0.326 ( 1.747)	Data  0.000 ( 1.439)	Loss 5.8100e+00 (6.2964e+00)	Acc@1   3.52 (  1.75)	Acc@5  10.35 (  5.95)
Epoch: [0][ 251/1252]	Time  0.320 ( 1.757)	Data  0.001 ( 1.450)	Loss 5.7543e+00 (6.2761e+00)	Acc@1   3.42 (  1.83)	Acc@5  10.74 (  6.16)
Epoch: [0][ 261/1252]	Time  0.324 ( 1.747)	Data  0.000 ( 1.441)	Loss 5.6792e+00 (6.2552e+00)	Acc@1   4.39 (  1.90)	Acc@5  13.77 (  6.38)
Epoch: [0][ 271/1252]	Time  0.322 ( 1.757)	Data  0.000 ( 1.453)	Loss 5.6921e+00 (6.2350e+00)	Acc@1   3.71 (  1.98)	Acc@5  13.28 (  6.62)
Epoch: [0][ 281/1252]	Time  0.324 ( 1.744)	Data  0.000 ( 1.441)	Loss 5.6907e+00 (6.2160e+00)	Acc@1   3.91 (  2.05)	Acc@5  12.11 (  6.83)
Epoch: [0][ 291/1252]	Time  0.333 ( 1.753)	Data  0.000 ( 1.452)	Loss 5.6593e+00 (6.1967e+00)	Acc@1   4.10 (  2.13)	Acc@5  13.18 (  7.05)
Epoch: [0][ 301/1252]	Time  0.324 ( 1.746)	Data  0.000 ( 1.446)	Loss 5.6154e+00 (6.1785e+00)	Acc@1   4.79 (  2.20)	Acc@5  15.04 (  7.25)
Epoch: [0][ 311/1252]	Time  0.321 ( 1.750)	Data  0.001 ( 1.452)	Loss 5.6317e+00 (6.1608e+00)	Acc@1   4.30 (  2.27)	Acc@5  12.79 (  7.44)
Epoch: [0][ 321/1252]	Time  0.322 ( 1.743)	Data  0.001 ( 1.446)	Loss 5.5873e+00 (6.1434e+00)	Acc@1   4.30 (  2.34)	Acc@5  14.36 (  7.65)
Epoch: [0][ 331/1252]	Time  0.319 ( 1.749)	Data  0.001 ( 1.454)	Loss 5.6057e+00 (6.1266e+00)	Acc@1   3.42 (  2.40)	Acc@5  14.16 (  7.82)
Epoch: [0][ 341/1252]	Time  0.326 ( 1.742)	Data  0.001 ( 1.448)	Loss 5.4699e+00 (6.1097e+00)	Acc@1   6.25 (  2.47)	Acc@5  15.82 (  8.02)
Epoch: [0][ 351/1252]	Time  0.323 ( 1.748)	Data  0.001 ( 1.454)	Loss 5.4579e+00 (6.0926e+00)	Acc@1   5.96 (  2.55)	Acc@5  15.23 (  8.23)
Epoch: [0][ 361/1252]	Time  0.323 ( 1.742)	Data  0.001 ( 1.449)	Loss 5.4180e+00 (6.0760e+00)	Acc@1   6.25 (  2.63)	Acc@5  16.41 (  8.44)
Epoch: [0][ 371/1252]	Time  0.326 ( 1.745)	Data  0.000 ( 1.454)	Loss 5.3869e+00 (6.0598e+00)	Acc@1   5.86 (  2.69)	Acc@5  16.89 (  8.65)
Epoch: [0][ 381/1252]	Time  0.323 ( 1.741)	Data  0.001 ( 1.450)	Loss 5.4687e+00 (6.0441e+00)	Acc@1   4.59 (  2.76)	Acc@5  14.55 (  8.84)
Epoch: [0][ 391/1252]	Time  0.321 ( 1.746)	Data  0.001 ( 1.457)	Loss 5.5264e+00 (6.0287e+00)	Acc@1   5.27 (  2.83)	Acc@5  13.96 (  9.03)
Epoch: [0][ 401/1252]	Time  0.322 ( 1.742)	Data  0.000 ( 1.454)	Loss 5.4706e+00 (6.0138e+00)	Acc@1   5.86 (  2.90)	Acc@5  15.92 (  9.22)
Epoch: [0][ 411/1252]	Time  0.323 ( 1.747)	Data  0.001 ( 1.460)	Loss 5.4730e+00 (5.9983e+00)	Acc@1   5.47 (  2.98)	Acc@5  15.14 (  9.41)
Epoch: [0][ 421/1252]	Time  0.317 ( 1.742)	Data  0.001 ( 1.455)	Loss 5.2943e+00 (5.9829e+00)	Acc@1   5.76 (  3.05)	Acc@5  18.55 (  9.61)
Epoch: [0][ 431/1252]	Time  0.322 ( 1.746)	Data  0.000 ( 1.460)	Loss 5.4950e+00 (5.9691e+00)	Acc@1   5.47 (  3.12)	Acc@5  16.80 (  9.79)
Epoch: [0][ 441/1252]	Time  0.322 ( 1.740)	Data  0.001 ( 1.455)	Loss 5.2719e+00 (5.9542e+00)	Acc@1   6.35 (  3.21)	Acc@5  17.48 (  9.99)
Epoch: [0][ 451/1252]	Time  0.322 ( 1.744)	Data  0.000 ( 1.459)	Loss 5.3190e+00 (5.9399e+00)	Acc@1   6.84 (  3.29)	Acc@5  20.12 ( 10.19)
Epoch: [0][ 461/1252]	Time  0.332 ( 1.740)	Data  0.000 ( 1.457)	Loss 5.2999e+00 (5.9259e+00)	Acc@1   6.25 (  3.37)	Acc@5  18.46 ( 10.39)
Epoch: [0][ 471/1252]	Time  0.322 ( 1.745)	Data  0.001 ( 1.462)	Loss 5.2395e+00 (5.9120e+00)	Acc@1   6.54 (  3.44)	Acc@5  18.55 ( 10.56)
Epoch: [0][ 481/1252]	Time  0.323 ( 1.740)	Data  0.001 ( 1.457)	Loss 5.2249e+00 (5.8985e+00)	Acc@1   8.89 (  3.52)	Acc@5  20.61 ( 10.74)
Epoch: [0][ 491/1252]	Time  0.323 ( 1.747)	Data  0.000 ( 1.465)	Loss 5.1997e+00 (5.8843e+00)	Acc@1   7.42 (  3.60)	Acc@5  19.04 ( 10.93)
Epoch: [0][ 501/1252]	Time  0.321 ( 1.742)	Data  0.001 ( 1.460)	Loss 5.1644e+00 (5.8704e+00)	Acc@1   8.01 (  3.68)	Acc@5  20.41 ( 11.14)
Epoch: [0][ 511/1252]	Time  0.323 ( 1.747)	Data  0.000 ( 1.465)	Loss 5.1640e+00 (5.8575e+00)	Acc@1   7.32 (  3.76)	Acc@5  20.31 ( 11.31)
Epoch: [0][ 521/1252]	Time  0.323 ( 1.742)	Data  0.000 ( 1.459)	Loss 5.1613e+00 (5.8443e+00)	Acc@1   7.52 (  3.83)	Acc@5  20.70 ( 11.48)
Epoch: [0][ 531/1252]	Time  0.321 ( 1.747)	Data  0.000 ( 1.465)	Loss 5.2045e+00 (5.8317e+00)	Acc@1   8.50 (  3.91)	Acc@5  20.61 ( 11.66)
Epoch: [0][ 541/1252]	Time  0.318 ( 1.743)	Data  0.001 ( 1.460)	Loss 5.1669e+00 (5.8197e+00)	Acc@1   7.23 (  3.98)	Acc@5  21.78 ( 11.83)
Epoch: [0][ 551/1252]	Time  0.322 ( 1.748)	Data  0.000 ( 1.466)	Loss 5.1557e+00 (5.8081e+00)	Acc@1   7.81 (  4.04)	Acc@5  21.29 ( 12.00)
Epoch: [0][ 561/1252]	Time  0.330 ( 1.743)	Data  0.001 ( 1.461)	Loss 5.2559e+00 (5.7967e+00)	Acc@1   7.32 (  4.11)	Acc@5  20.21 ( 12.16)
Epoch: [0][ 571/1252]	Time  0.318 ( 1.749)	Data  0.001 ( 1.467)	Loss 5.0435e+00 (5.7844e+00)	Acc@1   8.69 (  4.18)	Acc@5  21.58 ( 12.34)
Epoch: [0][ 581/1252]	Time  0.322 ( 1.744)	Data  0.000 ( 1.462)	Loss 5.1282e+00 (5.7725e+00)	Acc@1   8.11 (  4.26)	Acc@5  20.70 ( 12.51)
Epoch: [0][ 591/1252]	Time  0.322 ( 1.748)	Data  0.000 ( 1.466)	Loss 5.0580e+00 (5.7606e+00)	Acc@1   8.59 (  4.33)	Acc@5  23.83 ( 12.69)
Epoch: [0][ 601/1252]	Time  0.328 ( 1.743)	Data  0.000 ( 1.461)	Loss 5.0080e+00 (5.7486e+00)	Acc@1   9.08 (  4.41)	Acc@5  25.68 ( 12.87)
Epoch: [0][ 611/1252]	Time  0.334 ( 1.750)	Data  0.001 ( 1.468)	Loss 4.9814e+00 (5.7369e+00)	Acc@1   9.67 (  4.49)	Acc@5  24.12 ( 13.05)
Epoch: [0][ 621/1252]	Time  0.317 ( 1.746)	Data  0.001 ( 1.464)	Loss 4.9816e+00 (5.7250e+00)	Acc@1   9.77 (  4.57)	Acc@5  24.22 ( 13.23)
Epoch: [0][ 631/1252]	Time  0.323 ( 1.751)	Data  0.001 ( 1.469)	Loss 4.8462e+00 (5.7131e+00)	Acc@1  11.72 (  4.64)	Acc@5  26.56 ( 13.41)
Epoch: [0][ 641/1252]	Time  0.316 ( 1.747)	Data  0.001 ( 1.465)	Loss 4.8769e+00 (5.7013e+00)	Acc@1  10.25 (  4.72)	Acc@5  27.25 ( 13.59)
Epoch: [0][ 651/1252]	Time  0.321 ( 1.752)	Data  0.001 ( 1.470)	Loss 4.9861e+00 (5.6901e+00)	Acc@1   8.50 (  4.80)	Acc@5  23.93 ( 13.75)
Epoch: [0][ 661/1252]	Time  0.324 ( 1.749)	Data  0.001 ( 1.467)	Loss 4.8303e+00 (5.6789e+00)	Acc@1  10.06 (  4.87)	Acc@5  26.86 ( 13.92)
Epoch: [0][ 671/1252]	Time  0.323 ( 1.753)	Data  0.001 ( 1.471)	Loss 5.0250e+00 (5.6681e+00)	Acc@1   9.57 (  4.94)	Acc@5  23.83 ( 14.09)
Epoch: [0][ 681/1252]	Time  0.322 ( 1.749)	Data  0.001 ( 1.467)	Loss 4.8840e+00 (5.6568e+00)	Acc@1   8.30 (  5.02)	Acc@5  25.98 ( 14.26)
Epoch: [0][ 691/1252]	Time  0.337 ( 1.754)	Data  0.001 ( 1.472)	Loss 4.8752e+00 (5.6460e+00)	Acc@1  10.35 (  5.10)	Acc@5  25.78 ( 14.42)
Epoch: [0][ 701/1252]	Time  0.320 ( 1.750)	Data  0.001 ( 1.468)	Loss 4.8624e+00 (5.6347e+00)	Acc@1  11.82 (  5.18)	Acc@5  27.83 ( 14.60)
Epoch: [0][ 711/1252]	Time  0.324 ( 1.754)	Data  0.001 ( 1.472)	Loss 4.8836e+00 (5.6237e+00)	Acc@1  10.35 (  5.26)	Acc@5  26.27 ( 14.77)
Epoch: [0][ 721/1252]	Time  0.320 ( 1.751)	Data  0.001 ( 1.469)	Loss 4.8860e+00 (5.6135e+00)	Acc@1  11.04 (  5.33)	Acc@5  27.05 ( 14.93)
Epoch: [0][ 731/1252]	Time  0.323 ( 1.756)	Data  0.001 ( 1.474)	Loss 4.8115e+00 (5.6026e+00)	Acc@1  12.60 (  5.42)	Acc@5  27.44 ( 15.10)
Epoch: [0][ 741/1252]	Time  0.322 ( 1.752)	Data  0.001 ( 1.470)	Loss 4.7400e+00 (5.5917e+00)	Acc@1  13.09 (  5.50)	Acc@5  29.30 ( 15.27)
Epoch: [0][ 751/1252]	Time  0.321 ( 1.756)	Data  0.001 ( 1.474)	Loss 4.7555e+00 (5.5812e+00)	Acc@1  11.82 (  5.57)	Acc@5  27.83 ( 15.43)
Epoch: [0][ 761/1252]	Time  0.324 ( 1.753)	Data  0.001 ( 1.471)	Loss 4.9043e+00 (5.5708e+00)	Acc@1  10.06 (  5.65)	Acc@5  25.68 ( 15.59)
Epoch: [0][ 771/1252]	Time  0.322 ( 1.756)	Data  0.001 ( 1.474)	Loss 4.7504e+00 (5.5612e+00)	Acc@1  11.72 (  5.72)	Acc@5  28.12 ( 15.74)
Epoch: [0][ 781/1252]	Time  0.325 ( 1.752)	Data  0.001 ( 1.470)	Loss 4.8779e+00 (5.5512e+00)	Acc@1  10.25 (  5.80)	Acc@5  25.98 ( 15.90)
Epoch: [0][ 791/1252]	Time  0.323 ( 1.756)	Data  0.001 ( 1.474)	Loss 4.7197e+00 (5.5411e+00)	Acc@1  12.40 (  5.87)	Acc@5  29.69 ( 16.06)
Epoch: [0][ 801/1252]	Time  0.324 ( 1.753)	Data  0.001 ( 1.471)	Loss 4.8038e+00 (5.5312e+00)	Acc@1  11.04 (  5.95)	Acc@5  26.56 ( 16.21)
Epoch: [0][ 811/1252]	Time  0.320 ( 1.757)	Data  0.001 ( 1.475)	Loss 4.7991e+00 (5.5216e+00)	Acc@1  11.13 (  6.03)	Acc@5  26.17 ( 16.37)
Epoch: [0][ 821/1252]	Time  0.323 ( 1.754)	Data  0.001 ( 1.472)	Loss 4.7685e+00 (5.5121e+00)	Acc@1  13.28 (  6.10)	Acc@5  29.30 ( 16.52)
Epoch: [0][ 831/1252]	Time  0.325 ( 1.758)	Data  0.001 ( 1.476)	Loss 4.7123e+00 (5.5024e+00)	Acc@1  10.64 (  6.17)	Acc@5  28.32 ( 16.67)
Epoch: [0][ 841/1252]	Time  0.323 ( 1.756)	Data  0.001 ( 1.474)	Loss 4.6941e+00 (5.4930e+00)	Acc@1  11.33 (  6.24)	Acc@5  29.49 ( 16.82)
Epoch: [0][ 851/1252]	Time  0.324 ( 1.759)	Data  0.001 ( 1.477)	Loss 4.6449e+00 (5.4833e+00)	Acc@1  12.99 (  6.32)	Acc@5  31.74 ( 16.98)
Epoch: [0][ 861/1252]	Time  0.325 ( 1.755)	Data  0.001 ( 1.473)	Loss 4.6467e+00 (5.4734e+00)	Acc@1  13.96 (  6.40)	Acc@5  30.76 ( 17.14)
Epoch: [0][ 871/1252]	Time  0.335 ( 1.759)	Data  0.001 ( 1.477)	Loss 4.6349e+00 (5.4638e+00)	Acc@1  13.77 (  6.48)	Acc@5  31.35 ( 17.31)
Epoch: [0][ 881/1252]	Time  0.322 ( 1.756)	Data  0.001 ( 1.474)	Loss 4.6147e+00 (5.4542e+00)	Acc@1  12.79 (  6.56)	Acc@5  31.84 ( 17.47)
Epoch: [0][ 891/1252]	Time  0.324 ( 1.759)	Data  0.001 ( 1.477)	Loss 4.6634e+00 (5.4450e+00)	Acc@1  13.57 (  6.63)	Acc@5  30.27 ( 17.62)
Epoch: [0][ 901/1252]	Time  0.324 ( 1.756)	Data  0.001 ( 1.475)	Loss 4.6308e+00 (5.4359e+00)	Acc@1  15.72 (  6.71)	Acc@5  33.11 ( 17.78)
Epoch: [0][ 911/1252]	Time  0.323 ( 1.760)	Data  0.001 ( 1.478)	Loss 4.5756e+00 (5.4264e+00)	Acc@1  14.45 (  6.79)	Acc@5  31.45 ( 17.93)
Epoch: [0][ 921/1252]	Time  0.322 ( 1.757)	Data  0.001 ( 1.475)	Loss 4.4570e+00 (5.4173e+00)	Acc@1  14.55 (  6.86)	Acc@5  32.62 ( 18.08)
Epoch: [0][ 931/1252]	Time  0.322 ( 1.761)	Data  0.001 ( 1.479)	Loss 4.6904e+00 (5.4086e+00)	Acc@1  12.70 (  6.93)	Acc@5  30.96 ( 18.22)
Epoch: [0][ 941/1252]	Time  0.323 ( 1.757)	Data  0.001 ( 1.475)	Loss 4.6260e+00 (5.3994e+00)	Acc@1  13.09 (  7.01)	Acc@5  30.57 ( 18.37)
Epoch: [0][ 951/1252]	Time  0.336 ( 1.761)	Data  0.001 ( 1.479)	Loss 4.4880e+00 (5.3902e+00)	Acc@1  14.26 (  7.08)	Acc@5  32.81 ( 18.52)
Epoch: [0][ 961/1252]	Time  0.322 ( 1.758)	Data  0.001 ( 1.476)	Loss 4.5476e+00 (5.3814e+00)	Acc@1  13.87 (  7.16)	Acc@5  30.37 ( 18.67)
Epoch: [0][ 971/1252]	Time  0.325 ( 1.761)	Data  0.001 ( 1.479)	Loss 4.5536e+00 (5.3723e+00)	Acc@1  11.91 (  7.23)	Acc@5  31.35 ( 18.82)
Epoch: [0][ 981/1252]	Time  0.322 ( 1.759)	Data  0.001 ( 1.477)	Loss 4.5398e+00 (5.3640e+00)	Acc@1  14.55 (  7.30)	Acc@5  30.86 ( 18.96)
Epoch: [0][ 991/1252]	Time  0.319 ( 1.762)	Data  0.001 ( 1.481)	Loss 4.5767e+00 (5.3554e+00)	Acc@1  12.01 (  7.37)	Acc@5  31.84 ( 19.11)
Epoch: [0][1001/1252]	Time  0.324 ( 1.760)	Data  0.001 ( 1.478)	Loss 4.4405e+00 (5.3469e+00)	Acc@1  15.23 (  7.45)	Acc@5  33.89 ( 19.25)
Epoch: [0][1011/1252]	Time  0.325 ( 1.763)	Data  0.001 ( 1.482)	Loss 4.4069e+00 (5.3379e+00)	Acc@1  16.31 (  7.52)	Acc@5  35.84 ( 19.40)
Epoch: [0][1021/1252]	Time  0.322 ( 1.761)	Data  0.001 ( 1.479)	Loss 4.4674e+00 (5.3288e+00)	Acc@1  15.23 (  7.60)	Acc@5  33.89 ( 19.55)
Epoch: [0][1031/1252]	Time  0.332 ( 1.765)	Data  0.001 ( 1.483)	Loss 4.4642e+00 (5.3203e+00)	Acc@1  15.14 (  7.68)	Acc@5  33.30 ( 19.69)
Epoch: [0][1041/1252]	Time  0.323 ( 1.762)	Data  0.001 ( 1.480)	Loss 4.3470e+00 (5.3118e+00)	Acc@1  16.31 (  7.75)	Acc@5  35.55 ( 19.83)
Epoch: [0][1051/1252]	Time  0.324 ( 1.766)	Data  0.001 ( 1.485)	Loss 4.4897e+00 (5.3036e+00)	Acc@1  15.33 (  7.82)	Acc@5  32.32 ( 19.97)
Epoch: [0][1061/1252]	Time  0.322 ( 1.764)	Data  0.001 ( 1.482)	Loss 4.4632e+00 (5.2952e+00)	Acc@1  14.84 (  7.89)	Acc@5  33.11 ( 20.11)
Epoch: [0][1071/1252]	Time  0.321 ( 1.767)	Data  0.001 ( 1.485)	Loss 4.4518e+00 (5.2870e+00)	Acc@1  16.41 (  7.96)	Acc@5  34.47 ( 20.24)
Epoch: [0][1081/1252]	Time  0.325 ( 1.765)	Data  0.001 ( 1.483)	Loss 4.4340e+00 (5.2790e+00)	Acc@1  15.53 (  8.03)	Acc@5  35.06 ( 20.37)
Epoch: [0][1091/1252]	Time  0.324 ( 1.767)	Data  0.001 ( 1.486)	Loss 4.4191e+00 (5.2708e+00)	Acc@1  16.50 (  8.11)	Acc@5  36.52 ( 20.51)
Epoch: [0][1101/1252]	Time  0.322 ( 1.765)	Data  0.001 ( 1.483)	Loss 4.3485e+00 (5.2624e+00)	Acc@1  16.50 (  8.18)	Acc@5  36.91 ( 20.66)
Epoch: [0][1111/1252]	Time  0.323 ( 1.769)	Data  0.001 ( 1.487)	Loss 4.4190e+00 (5.2544e+00)	Acc@1  15.82 (  8.26)	Acc@5  36.82 ( 20.80)
Epoch: [0][1121/1252]	Time  0.321 ( 1.767)	Data  0.000 ( 1.485)	Loss 4.2639e+00 (5.2463e+00)	Acc@1  17.97 (  8.33)	Acc@5  36.13 ( 20.94)
Epoch: [0][1131/1252]	Time  0.334 ( 1.770)	Data  0.001 ( 1.488)	Loss 4.3726e+00 (5.2382e+00)	Acc@1  16.02 (  8.41)	Acc@5  37.01 ( 21.07)
Epoch: [0][1141/1252]	Time  0.325 ( 1.767)	Data  0.000 ( 1.486)	Loss 4.2863e+00 (5.2302e+00)	Acc@1  18.36 (  8.49)	Acc@5  38.18 ( 21.21)
Epoch: [0][1151/1252]	Time  0.326 ( 1.771)	Data  0.001 ( 1.489)	Loss 4.3070e+00 (5.2220e+00)	Acc@1  17.29 (  8.56)	Acc@5  35.84 ( 21.35)
Epoch: [0][1161/1252]	Time  0.320 ( 1.768)	Data  0.001 ( 1.486)	Loss 4.2932e+00 (5.2143e+00)	Acc@1  17.19 (  8.63)	Acc@5  36.33 ( 21.48)
Epoch: [0][1171/1252]	Time  0.330 ( 1.772)	Data  0.001 ( 1.490)	Loss 4.3479e+00 (5.2066e+00)	Acc@1  17.48 (  8.70)	Acc@5  36.04 ( 21.61)
Epoch: [0][1181/1252]	Time  0.322 ( 1.770)	Data  0.001 ( 1.488)	Loss 4.2391e+00 (5.1988e+00)	Acc@1  18.36 (  8.78)	Acc@5  39.06 ( 21.75)
Epoch: [0][1191/1252]	Time  0.320 ( 1.773)	Data  0.001 ( 1.491)	Loss 4.3815e+00 (5.1912e+00)	Acc@1  16.11 (  8.85)	Acc@5  36.04 ( 21.88)
Epoch: [0][1201/1252]	Time  0.325 ( 1.770)	Data  0.000 ( 1.488)	Loss 4.2357e+00 (5.1834e+00)	Acc@1  18.36 (  8.92)	Acc@5  37.50 ( 22.01)
Epoch: [0][1211/1252]	Time  0.327 ( 1.773)	Data  0.001 ( 1.491)	Loss 4.2737e+00 (5.1757e+00)	Acc@1  17.48 (  9.00)	Acc@5  38.77 ( 22.15)
Epoch: [0][1221/1252]	Time  0.330 ( 1.772)	Data  0.000 ( 1.490)	Loss 4.3166e+00 (5.1683e+00)	Acc@1  17.68 (  9.06)	Acc@5  37.11 ( 22.28)
Epoch: [0][1231/1252]	Time  0.336 ( 1.775)	Data  0.001 ( 1.493)	Loss 4.1181e+00 (5.1606e+00)	Acc@1  18.95 (  9.14)	Acc@5  38.96 ( 22.41)
Epoch: [0][1241/1252]	Time  0.323 ( 1.773)	Data  0.000 ( 1.491)	Loss 4.3562e+00 (5.1531e+00)	Acc@1  17.38 (  9.21)	Acc@5  34.38 ( 22.54)
Epoch: [0][1251/1252]	Time  0.320 ( 1.776)	Data  0.000 ( 1.494)	Loss 4.1515e+00 (5.1457e+00)	Acc@1  18.55 (  9.28)	Acc@5  39.55 ( 22.67)
real 2233.90
user 8237.83
sys 788.30
vanilla log
=> creating model 'resnet18'
Epoch: [0][   1/1252]	Time 20.083 (20.083)	Data  9.113 ( 9.113)	Loss 7.0335e+00 (7.0335e+00)	Acc@1   0.00 (  0.00)	Acc@5   0.78 (  0.78)
Epoch: [0][  11/1252]	Time  0.321 ( 2.536)	Data  0.076 ( 1.279)	Loss 6.9484e+00 (6.9777e+00)	Acc@1   0.39 (  0.19)	Acc@5   0.88 (  0.74)
Epoch: [0][  21/1252]	Time  0.321 ( 2.041)	Data  0.000 ( 1.265)	Loss 6.9331e+00 (6.9637e+00)	Acc@1   0.20 (  0.21)	Acc@5   0.68 (  0.85)
Epoch: [0][  31/1252]	Time  0.324 ( 1.992)	Data  0.000 ( 1.378)	Loss 6.8801e+00 (6.9406e+00)	Acc@1   0.10 (  0.22)	Acc@5   0.88 (  0.95)
Epoch: [0][  41/1252]	Time  0.433 ( 1.852)	Data  0.252 ( 1.327)	Loss 6.7757e+00 (6.9070e+00)	Acc@1   0.59 (  0.30)	Acc@5   1.95 (  1.21)
Epoch: [0][  51/1252]	Time  0.320 ( 1.867)	Data  0.000 ( 1.394)	Loss 6.7139e+00 (6.8730e+00)	Acc@1   0.39 (  0.35)	Acc@5   2.93 (  1.44)
Epoch: [0][  61/1252]	Time  0.753 ( 1.791)	Data  0.571 ( 1.355)	Loss 6.6272e+00 (6.8383e+00)	Acc@1   0.78 (  0.38)	Acc@5   2.54 (  1.63)
Epoch: [0][  71/1252]	Time  0.319 ( 1.803)	Data  0.000 ( 1.394)	Loss 6.4907e+00 (6.8021e+00)	Acc@1   0.98 (  0.44)	Acc@5   4.98 (  1.90)
Epoch: [0][  81/1252]	Time  0.949 ( 1.760)	Data  0.769 ( 1.376)	Loss 6.4739e+00 (6.7657e+00)	Acc@1   1.27 (  0.50)	Acc@5   4.69 (  2.10)
Epoch: [0][  91/1252]	Time  0.320 ( 1.770)	Data  0.000 ( 1.404)	Loss 6.3124e+00 (6.7266e+00)	Acc@1   0.98 (  0.57)	Acc@5   5.86 (  2.34)
Epoch: [0][ 101/1252]	Time  0.458 ( 1.743)	Data  0.271 ( 1.391)	Loss 6.3647e+00 (6.6924e+00)	Acc@1   1.27 (  0.65)	Acc@5   5.57 (  2.60)
Epoch: [0][ 111/1252]	Time  0.400 ( 1.750)	Data  0.221 ( 1.411)	Loss 6.3215e+00 (6.6617e+00)	Acc@1   1.37 (  0.71)	Acc@5   5.27 (  2.81)
Epoch: [0][ 121/1252]	Time  0.323 ( 1.733)	Data  0.078 ( 1.406)	Loss 6.2904e+00 (6.6289e+00)	Acc@1   0.88 (  0.76)	Acc@5   5.57 (  3.04)
Epoch: [0][ 131/1252]	Time  1.147 ( 1.737)	Data  0.968 ( 1.419)	Loss 6.1913e+00 (6.5991e+00)	Acc@1   1.56 (  0.82)	Acc@5   6.45 (  3.25)
Epoch: [0][ 141/1252]	Time  0.324 ( 1.724)	Data  0.000 ( 1.413)	Loss 6.2028e+00 (6.5696e+00)	Acc@1   1.76 (  0.90)	Acc@5   7.52 (  3.50)
Epoch: [0][ 151/1252]	Time  2.167 ( 1.734)	Data  1.989 ( 1.429)	Loss 6.1626e+00 (6.5407e+00)	Acc@1   1.17 (  0.97)	Acc@5   5.66 (  3.72)
Epoch: [0][ 161/1252]	Time  0.399 ( 1.718)	Data  0.218 ( 1.419)	Loss 6.1456e+00 (6.5140e+00)	Acc@1   1.37 (  1.04)	Acc@5   6.35 (  3.96)
Epoch: [0][ 171/1252]	Time  1.901 ( 1.725)	Data  1.720 ( 1.433)	Loss 6.0519e+00 (6.4867e+00)	Acc@1   2.15 (  1.13)	Acc@5   8.79 (  4.20)
Epoch: [0][ 181/1252]	Time  1.380 ( 1.714)	Data  1.194 ( 1.428)	Loss 6.0204e+00 (6.4609e+00)	Acc@1   2.83 (  1.22)	Acc@5   7.91 (  4.44)
Epoch: [0][ 191/1252]	Time  2.459 ( 1.720)	Data  2.282 ( 1.440)	Loss 5.9853e+00 (6.4369e+00)	Acc@1   2.64 (  1.30)	Acc@5   8.01 (  4.64)
Epoch: [0][ 201/1252]	Time  0.717 ( 1.710)	Data  0.536 ( 1.435)	Loss 5.9674e+00 (6.4139e+00)	Acc@1   3.61 (  1.37)	Acc@5   7.71 (  4.85)
Epoch: [0][ 211/1252]	Time  1.748 ( 1.716)	Data  1.568 ( 1.445)	Loss 5.8896e+00 (6.3907e+00)	Acc@1   3.52 (  1.44)	Acc@5   9.77 (  5.06)
Epoch: [0][ 221/1252]	Time  1.414 ( 1.707)	Data  1.233 ( 1.440)	Loss 5.9019e+00 (6.3681e+00)	Acc@1   2.83 (  1.51)	Acc@5  10.45 (  5.28)
Epoch: [0][ 231/1252]	Time  1.929 ( 1.713)	Data  1.749 ( 1.449)	Loss 5.8209e+00 (6.3453e+00)	Acc@1   4.20 (  1.59)	Acc@5  12.79 (  5.51)
Epoch: [0][ 241/1252]	Time  1.680 ( 1.705)	Data  1.499 ( 1.444)	Loss 5.7833e+00 (6.3236e+00)	Acc@1   3.12 (  1.66)	Acc@5  10.84 (  5.74)
Epoch: [0][ 251/1252]	Time  1.592 ( 1.709)	Data  1.408 ( 1.451)	Loss 5.7989e+00 (6.3030e+00)	Acc@1   3.91 (  1.73)	Acc@5  13.38 (  5.95)
Epoch: [0][ 261/1252]	Time  0.592 ( 1.700)	Data  0.413 ( 1.445)	Loss 5.7782e+00 (6.2838e+00)	Acc@1   3.61 (  1.80)	Acc@5  11.72 (  6.14)
Epoch: [0][ 271/1252]	Time  1.336 ( 1.704)	Data  1.155 ( 1.452)	Loss 5.7183e+00 (6.2641e+00)	Acc@1   4.20 (  1.87)	Acc@5  12.79 (  6.35)
Epoch: [0][ 281/1252]	Time  0.907 ( 1.697)	Data  0.726 ( 1.447)	Loss 5.6777e+00 (6.2447e+00)	Acc@1   3.61 (  1.94)	Acc@5  12.99 (  6.57)
Epoch: [0][ 291/1252]	Time  0.406 ( 1.701)	Data  0.225 ( 1.453)	Loss 5.6375e+00 (6.2245e+00)	Acc@1   4.69 (  2.01)	Acc@5  12.89 (  6.80)
Epoch: [0][ 301/1252]	Time  1.420 ( 1.697)	Data  1.239 ( 1.452)	Loss 5.6337e+00 (6.2058e+00)	Acc@1   3.61 (  2.08)	Acc@5  12.79 (  7.02)
Epoch: [0][ 311/1252]	Time  0.882 ( 1.697)	Data  0.702 ( 1.454)	Loss 5.6673e+00 (6.1870e+00)	Acc@1   4.10 (  2.16)	Acc@5  13.38 (  7.23)
Epoch: [0][ 321/1252]	Time  1.560 ( 1.697)	Data  1.379 ( 1.456)	Loss 5.5835e+00 (6.1673e+00)	Acc@1   6.45 (  2.25)	Acc@5  15.92 (  7.46)
Epoch: [0][ 331/1252]	Time  1.149 ( 1.695)	Data  0.969 ( 1.455)	Loss 5.6271e+00 (6.1495e+00)	Acc@1   3.91 (  2.33)	Acc@5  12.99 (  7.68)
Epoch: [0][ 341/1252]	Time  1.320 ( 1.696)	Data  1.138 ( 1.458)	Loss 5.5989e+00 (6.1321e+00)	Acc@1   5.66 (  2.42)	Acc@5  14.65 (  7.90)
Epoch: [0][ 351/1252]	Time  1.371 ( 1.694)	Data  1.188 ( 1.458)	Loss 5.4926e+00 (6.1144e+00)	Acc@1   5.37 (  2.50)	Acc@5  15.62 (  8.10)
Epoch: [0][ 361/1252]	Time  0.322 ( 1.693)	Data  0.095 ( 1.458)	Loss 5.4995e+00 (6.0977e+00)	Acc@1   5.57 (  2.58)	Acc@5  15.04 (  8.29)
Epoch: [0][ 371/1252]	Time  2.356 ( 1.693)	Data  2.174 ( 1.459)	Loss 5.5269e+00 (6.0809e+00)	Acc@1   5.57 (  2.65)	Acc@5  14.75 (  8.50)
Epoch: [0][ 381/1252]	Time  1.082 ( 1.693)	Data  0.897 ( 1.461)	Loss 5.4190e+00 (6.0649e+00)	Acc@1   6.15 (  2.73)	Acc@5  17.38 (  8.71)
Epoch: [0][ 391/1252]	Time  1.731 ( 1.690)	Data  1.549 ( 1.459)	Loss 5.4621e+00 (6.0489e+00)	Acc@1   4.88 (  2.80)	Acc@5  14.55 (  8.89)
Epoch: [0][ 401/1252]	Time  1.341 ( 1.693)	Data  1.155 ( 1.462)	Loss 5.3420e+00 (6.0325e+00)	Acc@1   6.64 (  2.88)	Acc@5  19.92 (  9.10)
Epoch: [0][ 411/1252]	Time  1.481 ( 1.688)	Data  1.300 ( 1.458)	Loss 5.4694e+00 (6.0173e+00)	Acc@1   4.79 (  2.95)	Acc@5  16.21 (  9.29)
Epoch: [0][ 421/1252]	Time  1.991 ( 1.693)	Data  1.807 ( 1.463)	Loss 5.4614e+00 (6.0019e+00)	Acc@1   4.59 (  3.02)	Acc@5  16.60 (  9.50)
Epoch: [0][ 431/1252]	Time  0.555 ( 1.686)	Data  0.376 ( 1.457)	Loss 5.3312e+00 (5.9881e+00)	Acc@1   5.76 (  3.10)	Acc@5  17.68 (  9.67)
Epoch: [0][ 441/1252]	Time  1.365 ( 1.692)	Data  1.181 ( 1.463)	Loss 5.3401e+00 (5.9739e+00)	Acc@1   5.76 (  3.17)	Acc@5  17.38 (  9.86)
Epoch: [0][ 451/1252]	Time  0.490 ( 1.686)	Data  0.309 ( 1.458)	Loss 5.3170e+00 (5.9592e+00)	Acc@1   7.03 (  3.25)	Acc@5  19.04 ( 10.05)
Epoch: [0][ 461/1252]	Time  0.814 ( 1.691)	Data  0.635 ( 1.463)	Loss 5.3382e+00 (5.9444e+00)	Acc@1   6.93 (  3.32)	Acc@5  18.55 ( 10.24)
Epoch: [0][ 471/1252]	Time  1.246 ( 1.688)	Data  1.068 ( 1.460)	Loss 5.3169e+00 (5.9308e+00)	Acc@1   6.54 (  3.40)	Acc@5  18.07 ( 10.43)
Epoch: [0][ 481/1252]	Time  0.959 ( 1.691)	Data  0.778 ( 1.464)	Loss 5.1899e+00 (5.9169e+00)	Acc@1   8.01 (  3.47)	Acc@5  21.09 ( 10.63)
Epoch: [0][ 491/1252]	Time  0.321 ( 1.686)	Data  0.000 ( 1.459)	Loss 5.2838e+00 (5.9036e+00)	Acc@1   7.03 (  3.54)	Acc@5  19.73 ( 10.82)
Epoch: [0][ 501/1252]	Time  0.917 ( 1.692)	Data  0.736 ( 1.464)	Loss 5.3097e+00 (5.8902e+00)	Acc@1   7.23 (  3.62)	Acc@5  18.07 ( 11.00)
Epoch: [0][ 511/1252]	Time  0.318 ( 1.686)	Data  0.000 ( 1.458)	Loss 5.1873e+00 (5.8766e+00)	Acc@1   7.32 (  3.69)	Acc@5  21.29 ( 11.19)
Epoch: [0][ 521/1252]	Time  1.142 ( 1.692)	Data  0.960 ( 1.464)	Loss 5.1750e+00 (5.8635e+00)	Acc@1   7.52 (  3.77)	Acc@5  21.00 ( 11.37)
Epoch: [0][ 531/1252]	Time  0.320 ( 1.688)	Data  0.000 ( 1.460)	Loss 5.1227e+00 (5.8508e+00)	Acc@1   7.03 (  3.83)	Acc@5  21.09 ( 11.54)
Epoch: [0][ 541/1252]	Time  1.222 ( 1.694)	Data  1.044 ( 1.465)	Loss 5.1826e+00 (5.8379e+00)	Acc@1   8.01 (  3.91)	Acc@5  20.70 ( 11.71)
Epoch: [0][ 551/1252]	Time  0.320 ( 1.689)	Data  0.000 ( 1.459)	Loss 5.0310e+00 (5.8249e+00)	Acc@1   8.89 (  4.00)	Acc@5  22.36 ( 11.89)
Epoch: [0][ 561/1252]	Time  0.550 ( 1.694)	Data  0.367 ( 1.465)	Loss 5.0498e+00 (5.8119e+00)	Acc@1   7.71 (  4.08)	Acc@5  22.36 ( 12.08)
Epoch: [0][ 571/1252]	Time  0.321 ( 1.690)	Data  0.000 ( 1.460)	Loss 5.0528e+00 (5.7995e+00)	Acc@1   8.79 (  4.15)	Acc@5  23.44 ( 12.26)
Epoch: [0][ 581/1252]	Time  0.957 ( 1.695)	Data  0.778 ( 1.465)	Loss 5.0084e+00 (5.7872e+00)	Acc@1   8.69 (  4.22)	Acc@5  22.85 ( 12.43)
Epoch: [0][ 591/1252]	Time  0.320 ( 1.691)	Data  0.001 ( 1.460)	Loss 5.0671e+00 (5.7750e+00)	Acc@1   9.08 (  4.30)	Acc@5  23.83 ( 12.60)
Epoch: [0][ 601/1252]	Time  0.825 ( 1.694)	Data  0.641 ( 1.464)	Loss 4.9671e+00 (5.7629e+00)	Acc@1   9.18 (  4.37)	Acc@5  22.56 ( 12.77)
Epoch: [0][ 611/1252]	Time  0.321 ( 1.690)	Data  0.000 ( 1.460)	Loss 5.0768e+00 (5.7503e+00)	Acc@1   9.57 (  4.45)	Acc@5  24.22 ( 12.96)
Epoch: [0][ 621/1252]	Time  1.954 ( 1.697)	Data  1.771 ( 1.466)	Loss 5.0173e+00 (5.7385e+00)	Acc@1  10.55 (  4.53)	Acc@5  24.51 ( 13.13)
Epoch: [0][ 631/1252]	Time  0.321 ( 1.692)	Data  0.000 ( 1.461)	Loss 5.0737e+00 (5.7268e+00)	Acc@1   7.62 (  4.60)	Acc@5  23.34 ( 13.30)
Epoch: [0][ 641/1252]	Time  2.403 ( 1.698)	Data  2.219 ( 1.466)	Loss 5.0295e+00 (5.7155e+00)	Acc@1   9.77 (  4.67)	Acc@5  24.51 ( 13.47)
Epoch: [0][ 651/1252]	Time  0.318 ( 1.694)	Data  0.000 ( 1.462)	Loss 4.9001e+00 (5.7036e+00)	Acc@1  11.13 (  4.75)	Acc@5  26.86 ( 13.65)
Epoch: [0][ 661/1252]	Time  3.773 ( 1.699)	Data  3.594 ( 1.467)	Loss 4.9696e+00 (5.6924e+00)	Acc@1  11.43 (  4.83)	Acc@5  24.12 ( 13.82)
Epoch: [0][ 671/1252]	Time  0.323 ( 1.696)	Data  0.000 ( 1.464)	Loss 4.9002e+00 (5.6809e+00)	Acc@1  10.06 (  4.91)	Acc@5  24.02 ( 13.99)
Epoch: [0][ 681/1252]	Time  3.697 ( 1.701)	Data  3.514 ( 1.468)	Loss 4.9088e+00 (5.6705e+00)	Acc@1   9.28 (  4.98)	Acc@5  23.63 ( 14.15)
Epoch: [0][ 691/1252]	Time  0.321 ( 1.697)	Data  0.000 ( 1.464)	Loss 4.8770e+00 (5.6592e+00)	Acc@1  11.43 (  5.06)	Acc@5  28.03 ( 14.32)
Epoch: [0][ 701/1252]	Time  4.753 ( 1.702)	Data  4.568 ( 1.469)	Loss 4.8909e+00 (5.6482e+00)	Acc@1  10.64 (  5.14)	Acc@5  25.98 ( 14.49)
Epoch: [0][ 711/1252]	Time  0.325 ( 1.698)	Data  0.000 ( 1.465)	Loss 4.8289e+00 (5.6374e+00)	Acc@1  10.84 (  5.21)	Acc@5  28.32 ( 14.66)
Epoch: [0][ 721/1252]	Time  4.274 ( 1.703)	Data  4.091 ( 1.470)	Loss 4.7685e+00 (5.6266e+00)	Acc@1  11.82 (  5.28)	Acc@5  28.52 ( 14.82)
Epoch: [0][ 731/1252]	Time  0.322 ( 1.699)	Data  0.000 ( 1.466)	Loss 4.7686e+00 (5.6160e+00)	Acc@1  10.94 (  5.36)	Acc@5  27.93 ( 14.99)
Epoch: [0][ 741/1252]	Time  4.392 ( 1.704)	Data  4.204 ( 1.470)	Loss 4.8390e+00 (5.6053e+00)	Acc@1  10.16 (  5.43)	Acc@5  26.66 ( 15.15)
Epoch: [0][ 751/1252]	Time  0.318 ( 1.700)	Data  0.000 ( 1.466)	Loss 4.8751e+00 (5.5944e+00)	Acc@1   9.28 (  5.51)	Acc@5  26.46 ( 15.31)
Epoch: [0][ 761/1252]	Time  4.824 ( 1.705)	Data  4.636 ( 1.471)	Loss 4.8088e+00 (5.5839e+00)	Acc@1  11.43 (  5.59)	Acc@5  28.12 ( 15.48)
Epoch: [0][ 771/1252]	Time  0.323 ( 1.702)	Data  0.000 ( 1.468)	Loss 4.7650e+00 (5.5734e+00)	Acc@1   9.67 (  5.66)	Acc@5  27.15 ( 15.64)
Epoch: [0][ 781/1252]	Time  5.917 ( 1.707)	Data  5.735 ( 1.472)	Loss 4.7255e+00 (5.5631e+00)	Acc@1  10.84 (  5.74)	Acc@5  27.15 ( 15.80)
Epoch: [0][ 791/1252]	Time  0.321 ( 1.705)	Data  0.000 ( 1.470)	Loss 4.6906e+00 (5.5528e+00)	Acc@1  11.91 (  5.81)	Acc@5  29.00 ( 15.96)
Epoch: [0][ 801/1252]	Time  6.452 ( 1.709)	Data  6.274 ( 1.474)	Loss 4.6802e+00 (5.5426e+00)	Acc@1  12.40 (  5.89)	Acc@5  28.81 ( 16.12)
Epoch: [0][ 811/1252]	Time  0.314 ( 1.706)	Data  0.001 ( 1.470)	Loss 4.7978e+00 (5.5320e+00)	Acc@1  12.50 (  5.97)	Acc@5  28.12 ( 16.29)
Epoch: [0][ 821/1252]	Time  6.183 ( 1.711)	Data  5.990 ( 1.474)	Loss 4.6522e+00 (5.5220e+00)	Acc@1  12.60 (  6.05)	Acc@5  30.37 ( 16.45)
Epoch: [0][ 831/1252]	Time  0.323 ( 1.708)	Data  0.000 ( 1.471)	Loss 4.8006e+00 (5.5120e+00)	Acc@1  11.52 (  6.12)	Acc@5  28.32 ( 16.62)
Epoch: [0][ 841/1252]	Time  5.801 ( 1.712)	Data  5.612 ( 1.475)	Loss 4.6587e+00 (5.5023e+00)	Acc@1  12.11 (  6.20)	Acc@5  29.39 ( 16.78)
Epoch: [0][ 851/1252]	Time  0.323 ( 1.709)	Data  0.000 ( 1.471)	Loss 4.5972e+00 (5.4921e+00)	Acc@1  15.04 (  6.28)	Acc@5  31.15 ( 16.94)
Epoch: [0][ 861/1252]	Time  6.468 ( 1.714)	Data  6.286 ( 1.476)	Loss 4.6786e+00 (5.4824e+00)	Acc@1  12.40 (  6.36)	Acc@5  29.49 ( 17.10)
Epoch: [0][ 871/1252]	Time  0.324 ( 1.712)	Data  0.000 ( 1.473)	Loss 4.5806e+00 (5.4729e+00)	Acc@1  14.65 (  6.44)	Acc@5  33.11 ( 17.25)
Epoch: [0][ 881/1252]	Time  5.944 ( 1.715)	Data  5.758 ( 1.476)	Loss 4.5813e+00 (5.4637e+00)	Acc@1  13.28 (  6.51)	Acc@5  30.96 ( 17.40)
Epoch: [0][ 891/1252]	Time  0.318 ( 1.713)	Data  0.000 ( 1.473)	Loss 4.6011e+00 (5.4539e+00)	Acc@1  15.62 (  6.59)	Acc@5  31.05 ( 17.55)
Epoch: [0][ 901/1252]	Time  5.755 ( 1.716)	Data  5.575 ( 1.477)	Loss 4.5564e+00 (5.4440e+00)	Acc@1  14.75 (  6.68)	Acc@5  32.32 ( 17.72)
Epoch: [0][ 911/1252]	Time  0.322 ( 1.713)	Data  0.000 ( 1.473)	Loss 4.5434e+00 (5.4349e+00)	Acc@1  12.60 (  6.76)	Acc@5  31.45 ( 17.86)
Epoch: [0][ 921/1252]	Time  5.861 ( 1.717)	Data  5.673 ( 1.477)	Loss 4.5864e+00 (5.4253e+00)	Acc@1  12.79 (  6.83)	Acc@5  31.25 ( 18.02)
Epoch: [0][ 931/1252]	Time  0.317 ( 1.714)	Data  0.000 ( 1.473)	Loss 4.5205e+00 (5.4161e+00)	Acc@1  14.16 (  6.91)	Acc@5  34.67 ( 18.17)
Epoch: [0][ 941/1252]	Time  5.749 ( 1.717)	Data  5.567 ( 1.477)	Loss 4.6321e+00 (5.4071e+00)	Acc@1  13.28 (  6.99)	Acc@5  31.35 ( 18.32)
Epoch: [0][ 951/1252]	Time  0.320 ( 1.716)	Data  0.000 ( 1.475)	Loss 4.4573e+00 (5.3978e+00)	Acc@1  15.04 (  7.07)	Acc@5  34.28 ( 18.47)
Epoch: [0][ 961/1252]	Time  5.625 ( 1.719)	Data  5.442 ( 1.478)	Loss 4.6110e+00 (5.3890e+00)	Acc@1  13.67 (  7.14)	Acc@5  32.23 ( 18.62)
Epoch: [0][ 971/1252]	Time  0.320 ( 1.716)	Data  0.000 ( 1.475)	Loss 4.5001e+00 (5.3800e+00)	Acc@1  14.36 (  7.21)	Acc@5  30.96 ( 18.77)
Epoch: [0][ 981/1252]	Time  5.865 ( 1.720)	Data  5.682 ( 1.479)	Loss 4.5119e+00 (5.3711e+00)	Acc@1  14.16 (  7.28)	Acc@5  33.59 ( 18.92)
Epoch: [0][ 991/1252]	Time  0.319 ( 1.717)	Data  0.000 ( 1.476)	Loss 4.3889e+00 (5.3621e+00)	Acc@1  15.33 (  7.36)	Acc@5  35.25 ( 19.07)
Epoch: [0][1001/1252]	Time  5.046 ( 1.720)	Data  4.858 ( 1.479)	Loss 4.4572e+00 (5.3531e+00)	Acc@1  14.26 (  7.43)	Acc@5  34.67 ( 19.22)
Epoch: [0][1011/1252]	Time  0.323 ( 1.718)	Data  0.000 ( 1.477)	Loss 4.4558e+00 (5.3448e+00)	Acc@1  16.80 (  7.49)	Acc@5  35.55 ( 19.35)
Epoch: [0][1021/1252]	Time  5.398 ( 1.721)	Data  5.218 ( 1.480)	Loss 4.5916e+00 (5.3366e+00)	Acc@1  13.67 (  7.56)	Acc@5  30.37 ( 19.48)
Epoch: [0][1031/1252]	Time  0.329 ( 1.719)	Data  0.000 ( 1.478)	Loss 4.3239e+00 (5.3282e+00)	Acc@1  14.26 (  7.63)	Acc@5  36.72 ( 19.63)
Epoch: [0][1041/1252]	Time  5.475 ( 1.722)	Data  5.291 ( 1.480)	Loss 4.4291e+00 (5.3196e+00)	Acc@1  14.94 (  7.70)	Acc@5  33.20 ( 19.76)
Epoch: [0][1051/1252]	Time  0.322 ( 1.719)	Data  0.000 ( 1.477)	Loss 4.4612e+00 (5.3110e+00)	Acc@1  15.62 (  7.78)	Acc@5  33.50 ( 19.91)
Epoch: [0][1061/1252]	Time  4.704 ( 1.722)	Data  4.524 ( 1.481)	Loss 4.4833e+00 (5.3024e+00)	Acc@1  14.94 (  7.85)	Acc@5  34.67 ( 20.06)
Epoch: [0][1071/1252]	Time  0.320 ( 1.719)	Data  0.000 ( 1.478)	Loss 4.4238e+00 (5.2944e+00)	Acc@1  16.41 (  7.92)	Acc@5  34.38 ( 20.19)
Epoch: [0][1081/1252]	Time  3.932 ( 1.722)	Data  3.744 ( 1.481)	Loss 4.3491e+00 (5.2862e+00)	Acc@1  16.99 (  8.00)	Acc@5  37.70 ( 20.32)
Epoch: [0][1091/1252]	Time  0.323 ( 1.721)	Data  0.000 ( 1.479)	Loss 4.4977e+00 (5.2781e+00)	Acc@1  15.14 (  8.07)	Acc@5  34.18 ( 20.46)
Epoch: [0][1101/1252]	Time  3.625 ( 1.723)	Data  3.443 ( 1.482)	Loss 4.3441e+00 (5.2701e+00)	Acc@1  17.19 (  8.14)	Acc@5  35.94 ( 20.59)
Epoch: [0][1111/1252]	Time  0.319 ( 1.721)	Data  0.000 ( 1.480)	Loss 4.3079e+00 (5.2618e+00)	Acc@1  15.43 (  8.21)	Acc@5  37.01 ( 20.73)
Epoch: [0][1121/1252]	Time  3.728 ( 1.725)	Data  3.549 ( 1.483)	Loss 4.2677e+00 (5.2535e+00)	Acc@1  15.43 (  8.28)	Acc@5  36.82 ( 20.87)
Epoch: [0][1131/1252]	Time  0.316 ( 1.722)	Data  0.000 ( 1.481)	Loss 4.3118e+00 (5.2455e+00)	Acc@1  17.87 (  8.35)	Acc@5  36.52 ( 21.00)
Epoch: [0][1141/1252]	Time  3.256 ( 1.726)	Data  3.078 ( 1.484)	Loss 4.3963e+00 (5.2374e+00)	Acc@1  16.70 (  8.43)	Acc@5  34.96 ( 21.14)
Epoch: [0][1151/1252]	Time  0.320 ( 1.723)	Data  0.000 ( 1.482)	Loss 4.3788e+00 (5.2297e+00)	Acc@1  14.16 (  8.50)	Acc@5  34.86 ( 21.27)
Epoch: [0][1161/1252]	Time  1.707 ( 1.726)	Data  1.522 ( 1.484)	Loss 4.3377e+00 (5.2219e+00)	Acc@1  17.29 (  8.57)	Acc@5  34.86 ( 21.41)
Epoch: [0][1171/1252]	Time  0.321 ( 1.724)	Data  0.000 ( 1.482)	Loss 4.3789e+00 (5.2142e+00)	Acc@1  17.19 (  8.64)	Acc@5  37.01 ( 21.54)
Epoch: [0][1181/1252]	Time  0.985 ( 1.727)	Data  0.800 ( 1.485)	Loss 4.3386e+00 (5.2065e+00)	Acc@1  16.70 (  8.71)	Acc@5  37.21 ( 21.68)
Epoch: [0][1191/1252]	Time  0.321 ( 1.725)	Data  0.000 ( 1.483)	Loss 4.4120e+00 (5.1986e+00)	Acc@1  14.84 (  8.78)	Acc@5  34.57 ( 21.81)
Epoch: [0][1201/1252]	Time  0.320 ( 1.728)	Data  0.000 ( 1.486)	Loss 4.2852e+00 (5.1908e+00)	Acc@1  17.09 (  8.85)	Acc@5  36.72 ( 21.94)
Epoch: [0][1211/1252]	Time  0.320 ( 1.726)	Data  0.000 ( 1.484)	Loss 4.2564e+00 (5.1831e+00)	Acc@1  16.99 (  8.92)	Acc@5  38.38 ( 22.07)
Epoch: [0][1221/1252]	Time  0.322 ( 1.729)	Data  0.000 ( 1.486)	Loss 4.2754e+00 (5.1756e+00)	Acc@1  17.68 (  8.99)	Acc@5  38.28 ( 22.20)
Epoch: [0][1231/1252]	Time  0.320 ( 1.727)	Data  0.000 ( 1.484)	Loss 4.2534e+00 (5.1682e+00)	Acc@1  18.75 (  9.07)	Acc@5  38.67 ( 22.33)
Epoch: [0][1241/1252]	Time  0.335 ( 1.729)	Data  0.000 ( 1.486)	Loss 4.4282e+00 (5.1612e+00)	Acc@1  15.14 (  9.14)	Acc@5  35.06 ( 22.45)
Epoch: [0][1251/1252]	Time  0.319 ( 1.728)	Data  0.000 ( 1.484)	Loss 4.2944e+00 (5.1539e+00)	Acc@1  17.87 (  9.21)	Acc@5  39.84 ( 22.58)
real 2178.05
user 8037.53
sys 761.80