=> creating model 'resnet18'
Epoch: [0][   1/2503]	Time  6.678 ( 6.678)	Data  4.823 ( 4.823)	Loss 7.0405e+00 (7.0405e+00)	Acc@1   0.00 (  0.00)	Acc@5   0.20 (  0.20)
Epoch: [0][  11/2503]	Time  4.127 ( 4.190)	Data  3.970 ( 3.854)	Loss 6.9940e+00 (7.0058e+00)	Acc@1   0.39 (  0.11)	Acc@5   1.17 (  0.67)
Epoch: [0][  21/2503]	Time  3.923 ( 4.065)	Data  3.770 ( 3.815)	Loss 7.0027e+00 (7.0122e+00)	Acc@1   0.00 (  0.14)	Acc@5   0.78 (  0.75)
Epoch: [0][  31/2503]	Time  3.784 ( 3.984)	Data  3.634 ( 3.765)	Loss 6.9784e+00 (7.0008e+00)	Acc@1   0.00 (  0.16)	Acc@5   0.59 (  0.79)
Epoch: [0][  41/2503]	Time  3.841 ( 3.953)	Data  3.686 ( 3.750)	Loss 6.8890e+00 (6.9788e+00)	Acc@1   0.39 (  0.25)	Acc@5   1.37 (  0.95)
Epoch: [0][  51/2503]	Time  3.660 ( 3.903)	Data  3.507 ( 3.709)	Loss 6.8435e+00 (6.9519e+00)	Acc@1   0.20 (  0.28)	Acc@5   0.98 (  1.07)
Epoch: [0][  61/2503]	Time  3.821 ( 3.887)	Data  3.667 ( 3.699)	Loss 6.7815e+00 (6.9282e+00)	Acc@1   0.00 (  0.31)	Acc@5   2.15 (  1.19)
Epoch: [0][  71/2503]	Time  3.508 ( 3.853)	Data  3.353 ( 3.670)	Loss 6.8166e+00 (6.9022e+00)	Acc@1   0.20 (  0.34)	Acc@5   0.78 (  1.31)
Epoch: [0][  81/2503]	Time  3.567 ( 3.821)	Data  3.414 ( 3.642)	Loss 6.7049e+00 (6.8749e+00)	Acc@1   0.59 (  0.36)	Acc@5   1.37 (  1.44)
Epoch: [0][  91/2503]	Time  3.639 ( 3.793)	Data  3.485 ( 3.616)	Loss 6.6290e+00 (6.8504e+00)	Acc@1   0.59 (  0.41)	Acc@5   3.71 (  1.60)
Epoch: [0][ 101/2503]	Time  3.792 ( 3.783)	Data  3.628 ( 3.609)	Loss 6.5518e+00 (6.8281e+00)	Acc@1   0.20 (  0.44)	Acc@5   3.12 (  1.69)
Epoch: [0][ 111/2503]	Time  3.511 ( 3.773)	Data  3.357 ( 3.601)	Loss 6.5644e+00 (6.8044e+00)	Acc@1   1.17 (  0.50)	Acc@5   2.73 (  1.82)
Epoch: [0][ 121/2503]	Time  3.501 ( 3.759)	Data  3.346 ( 3.588)	Loss 6.5569e+00 (6.7829e+00)	Acc@1   1.56 (  0.54)	Acc@5   2.73 (  1.95)
Epoch: [0][ 131/2503]	Time  3.608 ( 3.754)	Data  3.455 ( 3.584)	Loss 6.4980e+00 (6.7618e+00)	Acc@1   0.98 (  0.58)	Acc@5   5.27 (  2.07)
Epoch: [0][ 141/2503]	Time  3.583 ( 3.746)	Data  3.431 ( 3.577)	Loss 6.4406e+00 (6.7426e+00)	Acc@1   1.76 (  0.61)	Acc@5   5.47 (  2.19)
Epoch: [0][ 151/2503]	Time  3.356 ( 3.735)	Data  3.203 ( 3.567)	Loss 6.4170e+00 (6.7208e+00)	Acc@1   1.56 (  0.65)	Acc@5   4.10 (  2.34)
Epoch: [0][ 161/2503]	Time  4.121 ( 3.730)	Data  3.967 ( 3.563)	Loss 6.3462e+00 (6.7016e+00)	Acc@1   1.56 (  0.67)	Acc@5   4.69 (  2.47)
Epoch: [0][ 171/2503]	Time  3.747 ( 3.723)	Data  3.594 ( 3.557)	Loss 6.3941e+00 (6.6826e+00)	Acc@1   1.56 (  0.69)	Acc@5   4.69 (  2.58)
Epoch: [0][ 181/2503]	Time  3.909 ( 3.720)	Data  3.759 ( 3.555)	Loss 6.3336e+00 (6.6654e+00)	Acc@1   1.37 (  0.71)	Acc@5   5.47 (  2.67)
Epoch: [0][ 191/2503]	Time  3.553 ( 3.715)	Data  3.389 ( 3.550)	Loss 6.3113e+00 (6.6462e+00)	Acc@1   0.98 (  0.74)	Acc@5   5.47 (  2.80)
Epoch: [0][ 201/2503]	Time  3.473 ( 3.709)	Data  3.321 ( 3.545)	Loss 6.3743e+00 (6.6296e+00)	Acc@1   0.39 (  0.75)	Acc@5   5.86 (  2.89)
Epoch: [0][ 211/2503]	Time  3.546 ( 3.704)	Data  3.394 ( 3.540)	Loss 6.2553e+00 (6.6114e+00)	Acc@1   1.17 (  0.78)	Acc@5   3.91 (  3.02)
Epoch: [0][ 221/2503]	Time  3.480 ( 3.701)	Data  3.328 ( 3.538)	Loss 6.1932e+00 (6.5938e+00)	Acc@1   2.73 (  0.82)	Acc@5   5.66 (  3.17)
Epoch: [0][ 231/2503]	Time  3.523 ( 3.693)	Data  3.372 ( 3.530)	Loss 6.1871e+00 (6.5773e+00)	Acc@1   0.59 (  0.85)	Acc@5   2.93 (  3.26)
Epoch: [0][ 241/2503]	Time  3.704 ( 3.690)	Data  3.554 ( 3.527)	Loss 6.1784e+00 (6.5612e+00)	Acc@1   1.95 (  0.88)	Acc@5   6.64 (  3.37)
Epoch: [0][ 251/2503]	Time  3.513 ( 3.684)	Data  3.363 ( 3.522)	Loss 6.1854e+00 (6.5449e+00)	Acc@1   1.37 (  0.92)	Acc@5   5.86 (  3.50)
Epoch: [0][ 261/2503]	Time  3.492 ( 3.679)	Data  3.341 ( 3.517)	Loss 6.1219e+00 (6.5301e+00)	Acc@1   1.37 (  0.95)	Acc@5   5.08 (  3.61)
Epoch: [0][ 271/2503]	Time  3.603 ( 3.678)	Data  3.450 ( 3.517)	Loss 6.0585e+00 (6.5136e+00)	Acc@1   1.56 (  0.98)	Acc@5   6.84 (  3.75)
Epoch: [0][ 281/2503]	Time  3.416 ( 3.673)	Data  3.262 ( 3.512)	Loss 6.0839e+00 (6.4977e+00)	Acc@1   2.15 (  1.02)	Acc@5   7.62 (  3.90)
Epoch: [0][ 291/2503]	Time  3.750 ( 3.669)	Data  3.596 ( 3.509)	Loss 5.9731e+00 (6.4826e+00)	Acc@1   1.95 (  1.08)	Acc@5   7.42 (  4.04)
Epoch: [0][ 301/2503]	Time  3.706 ( 3.670)	Data  3.552 ( 3.509)	Loss 5.9475e+00 (6.4670e+00)	Acc@1   1.17 (  1.12)	Acc@5   7.23 (  4.17)
Epoch: [0][ 311/2503]	Time  3.500 ( 3.670)	Data  3.348 ( 3.509)	Loss 5.9849e+00 (6.4533e+00)	Acc@1   3.12 (  1.15)	Acc@5   6.64 (  4.27)
Epoch: [0][ 321/2503]	Time  3.837 ( 3.669)	Data  3.682 ( 3.509)	Loss 5.9885e+00 (6.4380e+00)	Acc@1   2.34 (  1.20)	Acc@5   7.23 (  4.40)
Epoch: [0][ 331/2503]	Time  3.426 ( 3.664)	Data  3.273 ( 3.504)	Loss 5.9590e+00 (6.4245e+00)	Acc@1   3.52 (  1.24)	Acc@5   8.40 (  4.51)
Epoch: [0][ 341/2503]	Time  3.610 ( 3.660)	Data  3.456 ( 3.500)	Loss 5.9897e+00 (6.4108e+00)	Acc@1   2.93 (  1.28)	Acc@5   8.59 (  4.64)
Epoch: [0][ 351/2503]	Time  3.661 ( 3.658)	Data  3.508 ( 3.499)	Loss 5.8960e+00 (6.3968e+00)	Acc@1   4.10 (  1.32)	Acc@5   9.38 (  4.77)
Epoch: [0][ 361/2503]	Time  3.506 ( 3.654)	Data  3.352 ( 3.495)	Loss 5.9166e+00 (6.3836e+00)	Acc@1   2.93 (  1.36)	Acc@5   9.38 (  4.89)
Epoch: [0][ 371/2503]	Time  3.552 ( 3.653)	Data  3.399 ( 3.494)	Loss 5.8884e+00 (6.3702e+00)	Acc@1   3.32 (  1.40)	Acc@5   9.57 (  5.02)
Epoch: [0][ 381/2503]	Time  3.609 ( 3.654)	Data  3.454 ( 3.495)	Loss 5.9800e+00 (6.3578e+00)	Acc@1   2.34 (  1.44)	Acc@5   8.20 (  5.14)
Epoch: [0][ 391/2503]	Time  3.734 ( 3.652)	Data  3.581 ( 3.493)	Loss 5.8608e+00 (6.3451e+00)	Acc@1   3.12 (  1.48)	Acc@5   9.77 (  5.26)
Epoch: [0][ 401/2503]	Time  3.547 ( 3.650)	Data  3.392 ( 3.492)	Loss 5.7316e+00 (6.3328e+00)	Acc@1   2.73 (  1.50)	Acc@5   9.77 (  5.36)
Epoch: [0][ 411/2503]	Time  3.433 ( 3.647)	Data  3.270 ( 3.488)	Loss 5.8410e+00 (6.3207e+00)	Acc@1   2.93 (  1.54)	Acc@5  10.16 (  5.49)
Epoch: [0][ 421/2503]	Time  3.558 ( 3.645)	Data  3.405 ( 3.486)	Loss 5.6924e+00 (6.3086e+00)	Acc@1   3.52 (  1.59)	Acc@5  13.09 (  5.61)
Epoch: [0][ 431/2503]	Time  3.542 ( 3.643)	Data  3.389 ( 3.484)	Loss 5.8202e+00 (6.2967e+00)	Acc@1   2.34 (  1.62)	Acc@5   9.57 (  5.73)
Epoch: [0][ 441/2503]	Time  3.558 ( 3.640)	Data  3.403 ( 3.481)	Loss 5.7459e+00 (6.2841e+00)	Acc@1   2.54 (  1.67)	Acc@5  11.13 (  5.90)
Epoch: [0][ 451/2503]	Time  3.507 ( 3.639)	Data  3.353 ( 3.481)	Loss 5.6396e+00 (6.2717e+00)	Acc@1   6.25 (  1.72)	Acc@5  14.06 (  6.04)
Epoch: [0][ 461/2503]	Time  3.686 ( 3.638)	Data  3.532 ( 3.479)	Loss 5.7322e+00 (6.2599e+00)	Acc@1   4.69 (  1.77)	Acc@5  11.52 (  6.18)
Epoch: [0][ 471/2503]	Time  3.573 ( 3.637)	Data  3.420 ( 3.479)	Loss 5.7347e+00 (6.2485e+00)	Acc@1   3.32 (  1.82)	Acc@5  10.55 (  6.30)
Epoch: [0][ 481/2503]	Time  3.292 ( 3.632)	Data  3.139 ( 3.474)	Loss 5.6507e+00 (6.2376e+00)	Acc@1   4.88 (  1.85)	Acc@5  14.06 (  6.41)
Epoch: [0][ 491/2503]	Time  3.649 ( 3.631)	Data  3.495 ( 3.473)	Loss 5.6847e+00 (6.2261e+00)	Acc@1   4.30 (  1.89)	Acc@5  12.89 (  6.52)
Epoch: [0][ 501/2503]	Time  3.500 ( 3.632)	Data  3.339 ( 3.474)	Loss 5.6829e+00 (6.2150e+00)	Acc@1   3.71 (  1.93)	Acc@5  12.50 (  6.64)
Epoch: [0][ 511/2503]	Time  3.466 ( 3.630)	Data  3.315 ( 3.472)	Loss 5.6277e+00 (6.2043e+00)	Acc@1   5.47 (  1.98)	Acc@5  14.06 (  6.77)
Epoch: [0][ 521/2503]	Time  3.640 ( 3.627)	Data  3.489 ( 3.469)	Loss 5.6175e+00 (6.1939e+00)	Acc@1   3.91 (  2.02)	Acc@5  14.26 (  6.89)
Epoch: [0][ 531/2503]	Time  3.220 ( 3.625)	Data  3.066 ( 3.467)	Loss 5.4983e+00 (6.1834e+00)	Acc@1   5.66 (  2.06)	Acc@5  15.62 (  7.00)
Epoch: [0][ 541/2503]	Time  3.564 ( 3.623)	Data  3.410 ( 3.465)	Loss 5.5419e+00 (6.1727e+00)	Acc@1   4.30 (  2.10)	Acc@5  14.65 (  7.11)
Epoch: [0][ 551/2503]	Time  3.233 ( 3.621)	Data  3.080 ( 3.463)	Loss 5.6717e+00 (6.1624e+00)	Acc@1   3.91 (  2.14)	Acc@5  13.09 (  7.23)
Epoch: [0][ 561/2503]	Time  3.555 ( 3.619)	Data  3.400 ( 3.461)	Loss 5.5910e+00 (6.1517e+00)	Acc@1   3.91 (  2.18)	Acc@5  12.30 (  7.33)
Epoch: [0][ 571/2503]	Time  3.204 ( 3.616)	Data  3.050 ( 3.459)	Loss 5.4885e+00 (6.1415e+00)	Acc@1   4.88 (  2.22)	Acc@5  15.23 (  7.45)
Epoch: [0][ 581/2503]	Time  4.061 ( 3.617)	Data  3.908 ( 3.460)	Loss 5.4707e+00 (6.1315e+00)	Acc@1   4.49 (  2.26)	Acc@5  14.65 (  7.56)
Epoch: [0][ 591/2503]	Time  3.426 ( 3.614)	Data  3.272 ( 3.457)	Loss 5.5839e+00 (6.1222e+00)	Acc@1   4.88 (  2.30)	Acc@5  15.43 (  7.67)
Epoch: [0][ 601/2503]	Time  3.426 ( 3.612)	Data  3.273 ( 3.455)	Loss 5.4824e+00 (6.1125e+00)	Acc@1   4.10 (  2.34)	Acc@5  15.23 (  7.78)
Epoch: [0][ 611/2503]	Time  3.557 ( 3.610)	Data  3.402 ( 3.453)	Loss 5.5493e+00 (6.1031e+00)	Acc@1   4.49 (  2.38)	Acc@5  13.87 (  7.89)
Epoch: [0][ 621/2503]	Time  3.504 ( 3.608)	Data  3.351 ( 3.450)	Loss 5.5006e+00 (6.0935e+00)	Acc@1   5.47 (  2.42)	Acc@5  16.41 (  8.01)
Epoch: [0][ 631/2503]	Time  3.254 ( 3.606)	Data  3.090 ( 3.449)	Loss 5.5705e+00 (6.0841e+00)	Acc@1   3.32 (  2.46)	Acc@5  13.09 (  8.11)
Epoch: [0][ 641/2503]	Time  3.443 ( 3.604)	Data  3.289 ( 3.447)	Loss 5.5384e+00 (6.0745e+00)	Acc@1   4.30 (  2.50)	Acc@5  14.26 (  8.23)
Epoch: [0][ 651/2503]	Time  3.386 ( 3.603)	Data  3.233 ( 3.446)	Loss 5.4676e+00 (6.0652e+00)	Acc@1   4.88 (  2.54)	Acc@5  17.38 (  8.36)
Epoch: [0][ 661/2503]	Time  3.536 ( 3.603)	Data  3.382 ( 3.446)	Loss 5.3953e+00 (6.0556e+00)	Acc@1   6.05 (  2.58)	Acc@5  16.80 (  8.47)
Epoch: [0][ 671/2503]	Time  3.315 ( 3.603)	Data  3.162 ( 3.446)	Loss 5.2704e+00 (6.0463e+00)	Acc@1   8.01 (  2.63)	Acc@5  19.53 (  8.59)
Epoch: [0][ 681/2503]	Time  3.533 ( 3.603)	Data  3.379 ( 3.446)	Loss 5.6445e+00 (6.0374e+00)	Acc@1   4.49 (  2.67)	Acc@5  13.09 (  8.71)
Epoch: [0][ 691/2503]	Time  3.346 ( 3.602)	Data  3.192 ( 3.445)	Loss 5.4392e+00 (6.0283e+00)	Acc@1   5.27 (  2.71)	Acc@5  14.84 (  8.81)
Epoch: [0][ 701/2503]	Time  3.591 ( 3.600)	Data  3.437 ( 3.443)	Loss 5.2287e+00 (6.0191e+00)	Acc@1   5.86 (  2.76)	Acc@5  20.31 (  8.93)
Epoch: [0][ 711/2503]	Time  3.799 ( 3.598)	Data  3.646 ( 3.441)	Loss 5.4155e+00 (6.0100e+00)	Acc@1   5.86 (  2.81)	Acc@5  19.14 (  9.05)
Epoch: [0][ 721/2503]	Time  3.365 ( 3.597)	Data  3.210 ( 3.440)	Loss 5.4062e+00 (6.0012e+00)	Acc@1   5.27 (  2.85)	Acc@5  16.41 (  9.17)
Epoch: [0][ 731/2503]	Time  3.578 ( 3.596)	Data  3.424 ( 3.439)	Loss 5.2447e+00 (5.9927e+00)	Acc@1   7.62 (  2.90)	Acc@5  19.92 (  9.28)
Epoch: [0][ 741/2503]	Time  3.528 ( 3.595)	Data  3.375 ( 3.438)	Loss 5.2181e+00 (5.9836e+00)	Acc@1   6.05 (  2.95)	Acc@5  19.92 (  9.40)
Epoch: [0][ 751/2503]	Time  3.661 ( 3.594)	Data  3.507 ( 3.438)	Loss 5.2180e+00 (5.9749e+00)	Acc@1   7.81 (  3.00)	Acc@5  18.36 (  9.52)
Epoch: [0][ 761/2503]	Time  3.311 ( 3.593)	Data  3.147 ( 3.436)	Loss 5.3249e+00 (5.9662e+00)	Acc@1   6.45 (  3.05)	Acc@5  16.41 (  9.63)
Epoch: [0][ 771/2503]	Time  3.485 ( 3.592)	Data  3.331 ( 3.436)	Loss 5.1800e+00 (5.9575e+00)	Acc@1   7.03 (  3.10)	Acc@5  21.88 (  9.75)
Epoch: [0][ 781/2503]	Time  3.201 ( 3.590)	Data  3.047 ( 3.433)	Loss 5.2776e+00 (5.9493e+00)	Acc@1   7.03 (  3.14)	Acc@5  18.36 (  9.85)
Epoch: [0][ 791/2503]	Time  3.203 ( 3.589)	Data  3.047 ( 3.432)	Loss 5.2455e+00 (5.9405e+00)	Acc@1   7.62 (  3.18)	Acc@5  21.09 (  9.98)
Epoch: [0][ 801/2503]	Time  3.397 ( 3.587)	Data  3.244 ( 3.431)	Loss 5.2849e+00 (5.9324e+00)	Acc@1   6.84 (  3.23)	Acc@5  18.16 ( 10.08)
Epoch: [0][ 811/2503]	Time  3.602 ( 3.586)	Data  3.448 ( 3.429)	Loss 5.3189e+00 (5.9244e+00)	Acc@1   5.86 (  3.27)	Acc@5  17.58 ( 10.20)
Epoch: [0][ 821/2503]	Time  3.537 ( 3.585)	Data  3.384 ( 3.428)	Loss 5.1602e+00 (5.9163e+00)	Acc@1   7.62 (  3.32)	Acc@5  21.29 ( 10.30)
Epoch: [0][ 831/2503]	Time  3.602 ( 3.585)	Data  3.448 ( 3.428)	Loss 5.3174e+00 (5.9084e+00)	Acc@1   6.64 (  3.36)	Acc@5  20.12 ( 10.41)
Epoch: [0][ 841/2503]	Time  3.739 ( 3.585)	Data  3.584 ( 3.429)	Loss 5.1426e+00 (5.9003e+00)	Acc@1   7.42 (  3.40)	Acc@5  22.46 ( 10.52)
Epoch: [0][ 851/2503]	Time  3.976 ( 3.584)	Data  3.822 ( 3.428)	Loss 5.2861e+00 (5.8928e+00)	Acc@1   6.84 (  3.44)	Acc@5  18.36 ( 10.63)
Epoch: [0][ 861/2503]	Time  3.368 ( 3.583)	Data  3.213 ( 3.426)	Loss 5.3728e+00 (5.8852e+00)	Acc@1   5.66 (  3.49)	Acc@5  18.55 ( 10.74)
Epoch: [0][ 871/2503]	Time  3.374 ( 3.582)	Data  3.220 ( 3.426)	Loss 5.3597e+00 (5.8776e+00)	Acc@1   6.45 (  3.53)	Acc@5  17.97 ( 10.84)
Epoch: [0][ 881/2503]	Time  3.445 ( 3.582)	Data  3.291 ( 3.425)	Loss 5.1535e+00 (5.8693e+00)	Acc@1   6.84 (  3.58)	Acc@5  22.85 ( 10.96)
Epoch: [0][ 891/2503]	Time  3.385 ( 3.580)	Data  3.222 ( 3.424)	Loss 5.1427e+00 (5.8617e+00)	Acc@1   8.40 (  3.62)	Acc@5  20.12 ( 11.06)
Epoch: [0][ 901/2503]	Time  3.519 ( 3.579)	Data  3.366 ( 3.423)	Loss 5.0762e+00 (5.8544e+00)	Acc@1   7.42 (  3.66)	Acc@5  19.14 ( 11.15)
Epoch: [0][ 911/2503]	Time  3.480 ( 3.579)	Data  3.326 ( 3.422)	Loss 5.2420e+00 (5.8469e+00)	Acc@1   7.62 (  3.70)	Acc@5  19.34 ( 11.25)
Epoch: [0][ 921/2503]	Time  4.105 ( 3.579)	Data  3.951 ( 3.422)	Loss 5.1000e+00 (5.8390e+00)	Acc@1   7.42 (  3.74)	Acc@5  21.48 ( 11.36)
Epoch: [0][ 931/2503]	Time  3.765 ( 3.579)	Data  3.610 ( 3.423)	Loss 5.1782e+00 (5.8313e+00)	Acc@1   7.81 (  3.80)	Acc@5  22.07 ( 11.47)
Epoch: [0][ 941/2503]	Time  3.555 ( 3.579)	Data  3.405 ( 3.422)	Loss 5.2054e+00 (5.8244e+00)	Acc@1   8.40 (  3.84)	Acc@5  20.31 ( 11.57)
Epoch: [0][ 951/2503]	Time  4.101 ( 3.578)	Data  3.948 ( 3.422)	Loss 5.0974e+00 (5.8170e+00)	Acc@1   8.59 (  3.88)	Acc@5  22.85 ( 11.68)
Epoch: [0][ 961/2503]	Time  3.537 ( 3.577)	Data  3.387 ( 3.421)	Loss 4.9796e+00 (5.8093e+00)	Acc@1  10.55 (  3.94)	Acc@5  25.00 ( 11.80)
Epoch: [0][ 971/2503]	Time  3.550 ( 3.576)	Data  3.400 ( 3.420)	Loss 5.0336e+00 (5.8020e+00)	Acc@1   8.79 (  3.98)	Acc@5  21.68 ( 11.90)
Epoch: [0][ 981/2503]	Time  3.814 ( 3.575)	Data  3.661 ( 3.419)	Loss 5.2077e+00 (5.7947e+00)	Acc@1   6.45 (  4.02)	Acc@5  19.34 ( 12.00)
Epoch: [0][ 991/2503]	Time  3.516 ( 3.574)	Data  3.366 ( 3.418)	Loss 5.0947e+00 (5.7870e+00)	Acc@1   8.59 (  4.07)	Acc@5  23.63 ( 12.11)
Epoch: [0][1001/2503]	Time  3.416 ( 3.575)	Data  3.266 ( 3.418)	Loss 4.9763e+00 (5.7796e+00)	Acc@1  10.55 (  4.12)	Acc@5  24.02 ( 12.23)
Epoch: [0][1011/2503]	Time  3.442 ( 3.574)	Data  3.289 ( 3.418)	Loss 5.0883e+00 (5.7723e+00)	Acc@1   9.57 (  4.16)	Acc@5  22.27 ( 12.33)
Epoch: [0][1021/2503]	Time  3.326 ( 3.573)	Data  3.162 ( 3.417)	Loss 4.9538e+00 (5.7657e+00)	Acc@1   9.57 (  4.20)	Acc@5  24.61 ( 12.43)
Epoch: [0][1031/2503]	Time  3.628 ( 3.572)	Data  3.475 ( 3.416)	Loss 4.9984e+00 (5.7589e+00)	Acc@1   8.59 (  4.24)	Acc@5  23.05 ( 12.53)
Epoch: [0][1041/2503]	Time  3.434 ( 3.571)	Data  3.281 ( 3.415)	Loss 5.0124e+00 (5.7518e+00)	Acc@1  11.91 (  4.29)	Acc@5  23.63 ( 12.64)
Epoch: [0][1051/2503]	Time  3.738 ( 3.570)	Data  3.585 ( 3.414)	Loss 4.9850e+00 (5.7450e+00)	Acc@1  10.55 (  4.33)	Acc@5  25.39 ( 12.74)
Epoch: [0][1061/2503]	Time  3.384 ( 3.569)	Data  3.231 ( 3.413)	Loss 5.1032e+00 (5.7385e+00)	Acc@1   8.79 (  4.38)	Acc@5  20.90 ( 12.84)
Epoch: [0][1071/2503]	Time  3.603 ( 3.569)	Data  3.450 ( 3.413)	Loss 4.9836e+00 (5.7315e+00)	Acc@1   9.57 (  4.43)	Acc@5  24.61 ( 12.94)
Epoch: [0][1081/2503]	Time  4.103 ( 3.570)	Data  3.951 ( 3.414)	Loss 5.0710e+00 (5.7247e+00)	Acc@1   8.98 (  4.48)	Acc@5  23.83 ( 13.05)
Epoch: [0][1091/2503]	Time  3.610 ( 3.569)	Data  3.457 ( 3.413)	Loss 4.9669e+00 (5.7177e+00)	Acc@1  12.11 (  4.52)	Acc@5  22.66 ( 13.15)
Epoch: [0][1101/2503]	Time  3.225 ( 3.568)	Data  3.073 ( 3.412)	Loss 5.0416e+00 (5.7108e+00)	Acc@1   8.59 (  4.57)	Acc@5  25.59 ( 13.25)
Epoch: [0][1111/2503]	Time  3.634 ( 3.568)	Data  3.480 ( 3.412)	Loss 4.9196e+00 (5.7038e+00)	Acc@1  11.72 (  4.62)	Acc@5  27.34 ( 13.36)
Epoch: [0][1121/2503]	Time  3.590 ( 3.567)	Data  3.437 ( 3.411)	Loss 5.0179e+00 (5.6972e+00)	Acc@1   8.98 (  4.66)	Acc@5  23.63 ( 13.46)
Epoch: [0][1131/2503]	Time  3.285 ( 3.566)	Data  3.133 ( 3.410)	Loss 4.9621e+00 (5.6902e+00)	Acc@1   8.98 (  4.70)	Acc@5  22.07 ( 13.56)
Epoch: [0][1141/2503]	Time  3.534 ( 3.566)	Data  3.382 ( 3.410)	Loss 4.8603e+00 (5.6832e+00)	Acc@1  11.91 (  4.75)	Acc@5  26.37 ( 13.66)
Epoch: [0][1151/2503]	Time  3.722 ( 3.565)	Data  3.563 ( 3.409)	Loss 4.8916e+00 (5.6765e+00)	Acc@1  10.94 (  4.80)	Acc@5  24.41 ( 13.76)
Epoch: [0][1161/2503]	Time  3.284 ( 3.564)	Data  3.133 ( 3.408)	Loss 4.8226e+00 (5.6699e+00)	Acc@1  10.35 (  4.84)	Acc@5  28.12 ( 13.87)
Epoch: [0][1171/2503]	Time  3.563 ( 3.564)	Data  3.412 ( 3.408)	Loss 4.6969e+00 (5.6630e+00)	Acc@1  12.11 (  4.89)	Acc@5  28.52 ( 13.98)
Epoch: [0][1181/2503]	Time  3.447 ( 3.562)	Data  3.294 ( 3.407)	Loss 5.1143e+00 (5.6569e+00)	Acc@1   7.81 (  4.93)	Acc@5  23.83 ( 14.08)
Epoch: [0][1191/2503]	Time  3.730 ( 3.561)	Data  3.579 ( 3.406)	Loss 4.9527e+00 (5.6503e+00)	Acc@1  11.72 (  4.98)	Acc@5  26.17 ( 14.17)
Epoch: [0][1201/2503]	Time  3.575 ( 3.560)	Data  3.422 ( 3.405)	Loss 4.7985e+00 (5.6436e+00)	Acc@1   9.96 (  5.03)	Acc@5  28.12 ( 14.28)
Epoch: [0][1211/2503]	Time  3.276 ( 3.560)	Data  3.123 ( 3.404)	Loss 4.8996e+00 (5.6373e+00)	Acc@1  11.72 (  5.07)	Acc@5  25.78 ( 14.38)
Epoch: [0][1221/2503]	Time  3.830 ( 3.559)	Data  3.679 ( 3.403)	Loss 4.8340e+00 (5.6306e+00)	Acc@1   8.20 (  5.12)	Acc@5  25.20 ( 14.49)
Epoch: [0][1231/2503]	Time  3.946 ( 3.557)	Data  3.792 ( 3.402)	Loss 4.7750e+00 (5.6243e+00)	Acc@1  11.33 (  5.17)	Acc@5  26.56 ( 14.58)
Epoch: [0][1241/2503]	Time  3.460 ( 3.557)	Data  3.304 ( 3.401)	Loss 4.6039e+00 (5.6181e+00)	Acc@1  14.06 (  5.21)	Acc@5  33.40 ( 14.68)
Epoch: [0][1251/2503]	Time  3.313 ( 3.556)	Data  3.159 ( 3.400)	Loss 4.8277e+00 (5.6117e+00)	Acc@1  10.74 (  5.26)	Acc@5  28.12 ( 14.78)
Epoch: [0][1261/2503]	Time  3.485 ( 3.556)	Data  3.331 ( 3.400)	Loss 4.8828e+00 (5.6054e+00)	Acc@1  10.35 (  5.30)	Acc@5  26.37 ( 14.87)
Epoch: [0][1271/2503]	Time  3.377 ( 3.555)	Data  3.224 ( 3.400)	Loss 4.7220e+00 (5.5995e+00)	Acc@1  11.33 (  5.34)	Acc@5  32.42 ( 14.97)
Epoch: [0][1281/2503]	Time  3.526 ( 3.555)	Data  3.371 ( 3.400)	Loss 4.7577e+00 (5.5936e+00)	Acc@1  11.72 (  5.38)	Acc@5  28.52 ( 15.05)
Epoch: [0][1291/2503]	Time  3.395 ( 3.554)	Data  3.242 ( 3.399)	Loss 4.8115e+00 (5.5874e+00)	Acc@1   9.77 (  5.43)	Acc@5  26.95 ( 15.15)
Epoch: [0][1301/2503]	Time  3.735 ( 3.553)	Data  3.582 ( 3.398)	Loss 4.6596e+00 (5.5809e+00)	Acc@1  12.11 (  5.48)	Acc@5  30.27 ( 15.25)
Epoch: [0][1311/2503]	Time  3.536 ( 3.553)	Data  3.383 ( 3.397)	Loss 4.7667e+00 (5.5746e+00)	Acc@1  13.09 (  5.53)	Acc@5  29.10 ( 15.35)
Epoch: [0][1321/2503]	Time  3.534 ( 3.552)	Data  3.369 ( 3.396)	Loss 4.7836e+00 (5.5683e+00)	Acc@1  10.16 (  5.57)	Acc@5  28.12 ( 15.45)
Epoch: [0][1331/2503]	Time  3.185 ( 3.551)	Data  3.031 ( 3.395)	Loss 4.7723e+00 (5.5619e+00)	Acc@1  11.91 (  5.61)	Acc@5  29.10 ( 15.56)
Epoch: [0][1341/2503]	Time  3.659 ( 3.550)	Data  3.506 ( 3.395)	Loss 4.7459e+00 (5.5557e+00)	Acc@1   9.38 (  5.66)	Acc@5  28.91 ( 15.66)
Epoch: [0][1351/2503]	Time  3.507 ( 3.550)	Data  3.354 ( 3.395)	Loss 4.5978e+00 (5.5496e+00)	Acc@1  13.28 (  5.71)	Acc@5  34.77 ( 15.75)
Epoch: [0][1361/2503]	Time  3.461 ( 3.549)	Data  3.299 ( 3.394)	Loss 4.6592e+00 (5.5437e+00)	Acc@1  13.28 (  5.75)	Acc@5  30.86 ( 15.85)
Epoch: [0][1371/2503]	Time  3.402 ( 3.549)	Data  3.249 ( 3.394)	Loss 4.8109e+00 (5.5378e+00)	Acc@1  10.35 (  5.80)	Acc@5  26.17 ( 15.94)
Epoch: [0][1381/2503]	Time  3.377 ( 3.549)	Data  3.224 ( 3.393)	Loss 4.6454e+00 (5.5317e+00)	Acc@1  12.50 (  5.84)	Acc@5  28.71 ( 16.03)
Epoch: [0][1391/2503]	Time  3.671 ( 3.549)	Data  3.517 ( 3.394)	Loss 4.6275e+00 (5.5256e+00)	Acc@1  12.89 (  5.89)	Acc@5  31.84 ( 16.14)
Epoch: [0][1401/2503]	Time  3.387 ( 3.549)	Data  3.233 ( 3.393)	Loss 4.6267e+00 (5.5197e+00)	Acc@1  13.67 (  5.93)	Acc@5  31.45 ( 16.23)
Epoch: [0][1411/2503]	Time  3.706 ( 3.548)	Data  3.553 ( 3.393)	Loss 4.6499e+00 (5.5138e+00)	Acc@1  12.89 (  5.98)	Acc@5  32.81 ( 16.32)
Epoch: [0][1421/2503]	Time  3.391 ( 3.548)	Data  3.241 ( 3.392)	Loss 4.5966e+00 (5.5082e+00)	Acc@1  13.67 (  6.02)	Acc@5  28.91 ( 16.41)
Epoch: [0][1431/2503]	Time  3.511 ( 3.547)	Data  3.358 ( 3.392)	Loss 4.7476e+00 (5.5023e+00)	Acc@1  12.11 (  6.07)	Acc@5  27.93 ( 16.50)
Epoch: [0][1441/2503]	Time  3.329 ( 3.546)	Data  3.178 ( 3.391)	Loss 4.5816e+00 (5.4964e+00)	Acc@1  12.30 (  6.11)	Acc@5  30.08 ( 16.60)
Epoch: [0][1451/2503]	Time  3.408 ( 3.546)	Data  3.256 ( 3.390)	Loss 4.5982e+00 (5.4907e+00)	Acc@1  12.11 (  6.16)	Acc@5  28.91 ( 16.69)
Epoch: [0][1461/2503]	Time  3.445 ( 3.544)	Data  3.294 ( 3.389)	Loss 4.5751e+00 (5.4851e+00)	Acc@1  14.84 (  6.20)	Acc@5  31.05 ( 16.78)
Epoch: [0][1471/2503]	Time  3.388 ( 3.544)	Data  3.237 ( 3.389)	Loss 4.6513e+00 (5.4796e+00)	Acc@1  13.48 (  6.25)	Acc@5  30.27 ( 16.87)
Epoch: [0][1481/2503]	Time  3.645 ( 3.544)	Data  3.491 ( 3.388)	Loss 4.4765e+00 (5.4735e+00)	Acc@1  12.70 (  6.29)	Acc@5  33.20 ( 16.97)
Epoch: [0][1491/2503]	Time  3.267 ( 3.543)	Data  3.113 ( 3.388)	Loss 4.7737e+00 (5.4679e+00)	Acc@1  11.13 (  6.34)	Acc@5  27.15 ( 17.06)
Epoch: [0][1501/2503]	Time  3.593 ( 3.543)	Data  3.440 ( 3.388)	Loss 4.5198e+00 (5.4618e+00)	Acc@1  15.82 (  6.39)	Acc@5  31.05 ( 17.16)
Epoch: [0][1511/2503]	Time  3.467 ( 3.544)	Data  3.311 ( 3.388)	Loss 4.6955e+00 (5.4563e+00)	Acc@1  10.74 (  6.43)	Acc@5  29.49 ( 17.25)
Epoch: [0][1521/2503]	Time  3.364 ( 3.543)	Data  3.210 ( 3.388)	Loss 4.5605e+00 (5.4507e+00)	Acc@1  11.33 (  6.48)	Acc@5  32.42 ( 17.35)
Epoch: [0][1531/2503]	Time  3.419 ( 3.543)	Data  3.257 ( 3.388)	Loss 4.5727e+00 (5.4454e+00)	Acc@1  14.45 (  6.52)	Acc@5  32.23 ( 17.43)
Epoch: [0][1541/2503]	Time  3.756 ( 3.544)	Data  3.603 ( 3.388)	Loss 4.5330e+00 (5.4398e+00)	Acc@1  13.67 (  6.56)	Acc@5  33.20 ( 17.52)
Epoch: [0][1551/2503]	Time  4.784 ( 3.549)	Data  4.630 ( 3.393)	Loss 4.6572e+00 (5.4344e+00)	Acc@1  11.91 (  6.61)	Acc@5  31.64 ( 17.61)
Epoch: [0][1561/2503]	Time  4.610 ( 3.555)	Data  4.456 ( 3.400)	Loss 4.4322e+00 (5.4290e+00)	Acc@1  18.36 (  6.65)	Acc@5  36.72 ( 17.70)
Epoch: [0][1571/2503]	Time  4.235 ( 3.561)	Data  4.081 ( 3.406)	Loss 4.6635e+00 (5.4236e+00)	Acc@1  12.89 (  6.69)	Acc@5  32.42 ( 17.79)
Epoch: [0][1581/2503]	Time  4.543 ( 3.566)	Data  4.389 ( 3.411)	Loss 4.5104e+00 (5.4181e+00)	Acc@1  13.67 (  6.73)	Acc@5  32.23 ( 17.88)
Epoch: [0][1591/2503]	Time  4.036 ( 3.572)	Data  3.883 ( 3.416)	Loss 4.6145e+00 (5.4128e+00)	Acc@1  13.48 (  6.78)	Acc@5  31.25 ( 17.97)
Epoch: [0][1601/2503]	Time  4.206 ( 3.577)	Data  4.050 ( 3.421)	Loss 4.4246e+00 (5.4073e+00)	Acc@1  14.26 (  6.83)	Acc@5  32.62 ( 18.07)
Epoch: [0][1611/2503]	Time  3.936 ( 3.581)	Data  3.782 ( 3.426)	Loss 4.4794e+00 (5.4022e+00)	Acc@1  15.04 (  6.87)	Acc@5  33.59 ( 18.15)
Epoch: [0][1621/2503]	Time  4.086 ( 3.585)	Data  3.934 ( 3.430)	Loss 4.6035e+00 (5.3968e+00)	Acc@1  11.91 (  6.91)	Acc@5  31.05 ( 18.24)
Epoch: [0][1631/2503]	Time  3.704 ( 3.589)	Data  3.551 ( 3.433)	Loss 4.5370e+00 (5.3912e+00)	Acc@1  15.23 (  6.96)	Acc@5  31.84 ( 18.33)
Epoch: [0][1641/2503]	Time  4.436 ( 3.592)	Data  4.284 ( 3.437)	Loss 4.4962e+00 (5.3857e+00)	Acc@1  13.67 (  7.00)	Acc@5  34.57 ( 18.43)
Epoch: [0][1651/2503]	Time  4.085 ( 3.595)	Data  3.926 ( 3.440)	Loss 4.6261e+00 (5.3806e+00)	Acc@1  12.70 (  7.04)	Acc@5  31.05 ( 18.51)
Epoch: [0][1661/2503]	Time  4.166 ( 3.600)	Data  4.013 ( 3.444)	Loss 4.4932e+00 (5.3752e+00)	Acc@1  16.02 (  7.09)	Acc@5  33.79 ( 18.60)
Epoch: [0][1671/2503]	Time  4.096 ( 3.603)	Data  3.943 ( 3.448)	Loss 4.3868e+00 (5.3700e+00)	Acc@1  14.84 (  7.13)	Acc@5  33.98 ( 18.68)
Epoch: [0][1681/2503]	Time  4.582 ( 3.606)	Data  4.427 ( 3.451)	Loss 4.5318e+00 (5.3648e+00)	Acc@1  14.84 (  7.18)	Acc@5  36.13 ( 18.78)
Epoch: [0][1691/2503]	Time  4.280 ( 3.609)	Data  4.128 ( 3.454)	Loss 4.3785e+00 (5.3596e+00)	Acc@1  16.60 (  7.22)	Acc@5  35.74 ( 18.87)
Epoch: [0][1701/2503]	Time  4.024 ( 3.612)	Data  3.871 ( 3.457)	Loss 4.4203e+00 (5.3543e+00)	Acc@1  16.02 (  7.27)	Acc@5  35.94 ( 18.95)
Epoch: [0][1711/2503]	Time  4.245 ( 3.616)	Data  4.093 ( 3.461)	Loss 4.3505e+00 (5.3487e+00)	Acc@1  14.84 (  7.32)	Acc@5  34.18 ( 19.05)
Epoch: [0][1721/2503]	Time  4.579 ( 3.618)	Data  4.424 ( 3.463)	Loss 4.4457e+00 (5.3433e+00)	Acc@1  15.04 (  7.37)	Acc@5  34.96 ( 19.14)
Epoch: [0][1731/2503]	Time  3.867 ( 3.621)	Data  3.714 ( 3.466)	Loss 4.3735e+00 (5.3381e+00)	Acc@1  18.55 (  7.41)	Acc@5  35.55 ( 19.23)
Epoch: [0][1741/2503]	Time  4.182 ( 3.623)	Data  4.025 ( 3.468)	Loss 4.2781e+00 (5.3328e+00)	Acc@1  16.41 (  7.46)	Acc@5  35.35 ( 19.32)
Epoch: [0][1751/2503]	Time  4.072 ( 3.626)	Data  3.913 ( 3.471)	Loss 4.4085e+00 (5.3279e+00)	Acc@1  16.80 (  7.50)	Acc@5  33.79 ( 19.40)
Epoch: [0][1761/2503]	Time  3.742 ( 3.628)	Data  3.589 ( 3.473)	Loss 4.3722e+00 (5.3228e+00)	Acc@1  16.60 (  7.54)	Acc@5  36.91 ( 19.49)
Epoch: [0][1771/2503]	Time  4.427 ( 3.631)	Data  4.272 ( 3.476)	Loss 4.2723e+00 (5.3177e+00)	Acc@1  16.60 (  7.59)	Acc@5  37.70 ( 19.57)
Epoch: [0][1781/2503]	Time  4.089 ( 3.633)	Data  3.936 ( 3.478)	Loss 4.2662e+00 (5.3123e+00)	Acc@1  15.82 (  7.64)	Acc@5  38.87 ( 19.66)
Epoch: [0][1791/2503]	Time  4.132 ( 3.636)	Data  3.977 ( 3.481)	Loss 4.2058e+00 (5.3071e+00)	Acc@1  18.36 (  7.68)	Acc@5  37.89 ( 19.75)
Epoch: [0][1801/2503]	Time  3.859 ( 3.638)	Data  3.706 ( 3.483)	Loss 4.4027e+00 (5.3017e+00)	Acc@1  15.82 (  7.73)	Acc@5  36.33 ( 19.84)
Epoch: [0][1811/2503]	Time  3.744 ( 3.639)	Data  3.590 ( 3.484)	Loss 4.4318e+00 (5.2967e+00)	Acc@1  14.45 (  7.78)	Acc@5  32.62 ( 19.93)
Epoch: [0][1821/2503]	Time  3.834 ( 3.641)	Data  3.673 ( 3.486)	Loss 4.3608e+00 (5.2915e+00)	Acc@1  17.77 (  7.82)	Acc@5  34.96 ( 20.02)
Epoch: [0][1831/2503]	Time  4.523 ( 3.643)	Data  4.370 ( 3.488)	Loss 4.3974e+00 (5.2863e+00)	Acc@1  16.02 (  7.87)	Acc@5  36.72 ( 20.11)
Epoch: [0][1841/2503]	Time  3.806 ( 3.645)	Data  3.651 ( 3.490)	Loss 4.3796e+00 (5.2812e+00)	Acc@1  17.97 (  7.91)	Acc@5  36.13 ( 20.19)
Epoch: [0][1851/2503]	Time  3.764 ( 3.648)	Data  3.611 ( 3.493)	Loss 4.4214e+00 (5.2764e+00)	Acc@1  16.02 (  7.96)	Acc@5  36.33 ( 20.28)
Epoch: [0][1861/2503]	Time  4.238 ( 3.649)	Data  4.085 ( 3.494)	Loss 4.4596e+00 (5.2718e+00)	Acc@1  16.41 (  8.01)	Acc@5  34.57 ( 20.36)
Epoch: [0][1871/2503]	Time  4.220 ( 3.652)	Data  4.067 ( 3.497)	Loss 4.2787e+00 (5.2669e+00)	Acc@1  16.41 (  8.05)	Acc@5  39.45 ( 20.44)
Epoch: [0][1881/2503]	Time  3.947 ( 3.653)	Data  3.783 ( 3.498)	Loss 4.5553e+00 (5.2621e+00)	Acc@1  14.45 (  8.09)	Acc@5  32.42 ( 20.52)
Epoch: [0][1891/2503]	Time  3.771 ( 3.654)	Data  3.619 ( 3.499)	Loss 4.1356e+00 (5.2572e+00)	Acc@1  16.99 (  8.13)	Acc@5  38.87 ( 20.61)
Epoch: [0][1901/2503]	Time  4.108 ( 3.656)	Data  3.955 ( 3.501)	Loss 4.3535e+00 (5.2523e+00)	Acc@1  16.41 (  8.18)	Acc@5  36.91 ( 20.69)
Epoch: [0][1911/2503]	Time  4.069 ( 3.658)	Data  3.915 ( 3.503)	Loss 4.3117e+00 (5.2475e+00)	Acc@1  17.19 (  8.22)	Acc@5  36.72 ( 20.77)
Epoch: [0][1921/2503]	Time  3.927 ( 3.659)	Data  3.774 ( 3.504)	Loss 4.3077e+00 (5.2427e+00)	Acc@1  18.36 (  8.26)	Acc@5  37.89 ( 20.85)
Epoch: [0][1931/2503]	Time  3.794 ( 3.661)	Data  3.641 ( 3.506)	Loss 4.1307e+00 (5.2379e+00)	Acc@1  17.77 (  8.30)	Acc@5  40.23 ( 20.93)
Epoch: [0][1941/2503]	Time  4.167 ( 3.662)	Data  4.006 ( 3.507)	Loss 4.4770e+00 (5.2333e+00)	Acc@1  17.38 (  8.34)	Acc@5  33.98 ( 21.01)
Epoch: [0][1951/2503]	Time  3.698 ( 3.663)	Data  3.545 ( 3.508)	Loss 4.4676e+00 (5.2284e+00)	Acc@1  15.62 (  8.39)	Acc@5  36.52 ( 21.10)
Epoch: [0][1961/2503]	Time  3.866 ( 3.664)	Data  3.711 ( 3.509)	Loss 4.3268e+00 (5.2238e+00)	Acc@1  17.58 (  8.43)	Acc@5  36.52 ( 21.18)
Epoch: [0][1971/2503]	Time  3.774 ( 3.666)	Data  3.623 ( 3.511)	Loss 4.2916e+00 (5.2193e+00)	Acc@1  19.14 (  8.47)	Acc@5  38.87 ( 21.25)
Epoch: [0][1981/2503]	Time  3.818 ( 3.667)	Data  3.668 ( 3.512)	Loss 4.1891e+00 (5.2144e+00)	Acc@1  17.58 (  8.51)	Acc@5  39.45 ( 21.33)
Epoch: [0][1991/2503]	Time  3.743 ( 3.668)	Data  3.589 ( 3.513)	Loss 4.3089e+00 (5.2097e+00)	Acc@1  17.77 (  8.55)	Acc@5  36.52 ( 21.41)
Epoch: [0][2001/2503]	Time  3.742 ( 3.670)	Data  3.580 ( 3.515)	Loss 4.3054e+00 (5.2055e+00)	Acc@1  16.41 (  8.59)	Acc@5  36.72 ( 21.48)
Epoch: [0][2011/2503]	Time  3.692 ( 3.671)	Data  3.540 ( 3.516)	Loss 4.2645e+00 (5.2008e+00)	Acc@1  15.43 (  8.63)	Acc@5  37.50 ( 21.56)
Epoch: [0][2021/2503]	Time  3.821 ( 3.672)	Data  3.668 ( 3.517)	Loss 4.3285e+00 (5.1963e+00)	Acc@1  15.82 (  8.68)	Acc@5  37.30 ( 21.64)
Epoch: [0][2031/2503]	Time  3.566 ( 3.673)	Data  3.412 ( 3.518)	Loss 4.3350e+00 (5.1916e+00)	Acc@1  15.04 (  8.72)	Acc@5  36.13 ( 21.72)
Epoch: [0][2041/2503]	Time  3.605 ( 3.674)	Data  3.451 ( 3.519)	Loss 4.1796e+00 (5.1869e+00)	Acc@1  17.19 (  8.76)	Acc@5  39.65 ( 21.80)
Epoch: [0][2051/2503]	Time  3.641 ( 3.675)	Data  3.487 ( 3.520)	Loss 4.3001e+00 (5.1826e+00)	Acc@1  16.41 (  8.80)	Acc@5  34.77 ( 21.88)
Epoch: [0][2061/2503]	Time  3.790 ( 3.677)	Data  3.628 ( 3.522)	Loss 4.1598e+00 (5.1778e+00)	Acc@1  16.60 (  8.84)	Acc@5  38.67 ( 21.96)
Epoch: [0][2071/2503]	Time  3.805 ( 3.678)	Data  3.651 ( 3.523)	Loss 4.3347e+00 (5.1732e+00)	Acc@1  18.55 (  8.88)	Acc@5  38.28 ( 22.03)
Epoch: [0][2081/2503]	Time  3.693 ( 3.678)	Data  3.539 ( 3.523)	Loss 4.2287e+00 (5.1687e+00)	Acc@1  17.38 (  8.92)	Acc@5  36.91 ( 22.11)
Epoch: [0][2091/2503]	Time  3.706 ( 3.679)	Data  3.549 ( 3.524)	Loss 4.1739e+00 (5.1644e+00)	Acc@1  18.55 (  8.96)	Acc@5  40.04 ( 22.19)
Epoch: [0][2101/2503]	Time  3.598 ( 3.679)	Data  3.445 ( 3.524)	Loss 4.1082e+00 (5.1600e+00)	Acc@1  19.34 (  9.00)	Acc@5  43.16 ( 22.27)
Epoch: [0][2111/2503]	Time  3.726 ( 3.680)	Data  3.572 ( 3.525)	Loss 4.2582e+00 (5.1557e+00)	Acc@1  16.60 (  9.04)	Acc@5  36.91 ( 22.34)
Epoch: [0][2121/2503]	Time  3.793 ( 3.681)	Data  3.634 ( 3.526)	Loss 4.1075e+00 (5.1513e+00)	Acc@1  20.70 (  9.08)	Acc@5  40.62 ( 22.42)
Epoch: [0][2131/2503]	Time  3.775 ( 3.681)	Data  3.625 ( 3.526)	Loss 4.3158e+00 (5.1471e+00)	Acc@1  18.55 (  9.13)	Acc@5  37.50 ( 22.49)
Epoch: [0][2141/2503]	Time  3.837 ( 3.682)	Data  3.687 ( 3.527)	Loss 4.2368e+00 (5.1426e+00)	Acc@1  16.21 (  9.17)	Acc@5  38.67 ( 22.57)
Epoch: [0][2151/2503]	Time  3.957 ( 3.683)	Data  3.805 ( 3.528)	Loss 4.2145e+00 (5.1381e+00)	Acc@1  16.99 (  9.21)	Acc@5  39.65 ( 22.64)
Epoch: [0][2161/2503]	Time  3.788 ( 3.683)	Data  3.635 ( 3.528)	Loss 4.3238e+00 (5.1340e+00)	Acc@1  18.75 (  9.25)	Acc@5  36.33 ( 22.72)
Epoch: [0][2171/2503]	Time  3.544 ( 3.684)	Data  3.391 ( 3.529)	Loss 4.0934e+00 (5.1299e+00)	Acc@1  16.80 (  9.29)	Acc@5  39.65 ( 22.78)
Epoch: [0][2181/2503]	Time  3.624 ( 3.684)	Data  3.464 ( 3.530)	Loss 4.2547e+00 (5.1257e+00)	Acc@1  17.38 (  9.33)	Acc@5  39.26 ( 22.85)
Epoch: [0][2191/2503]	Time  3.788 ( 3.685)	Data  3.638 ( 3.530)	Loss 3.9657e+00 (5.1212e+00)	Acc@1  18.55 (  9.37)	Acc@5  45.90 ( 22.94)
Epoch: [0][2201/2503]	Time  3.697 ( 3.685)	Data  3.546 ( 3.530)	Loss 4.1485e+00 (5.1170e+00)	Acc@1  19.14 (  9.41)	Acc@5  41.99 ( 23.01)
Epoch: [0][2211/2503]	Time  3.536 ( 3.686)	Data  3.385 ( 3.531)	Loss 4.2005e+00 (5.1130e+00)	Acc@1  16.02 (  9.45)	Acc@5  39.26 ( 23.08)
Epoch: [0][2221/2503]	Time  4.014 ( 3.686)	Data  3.861 ( 3.531)	Loss 4.3629e+00 (5.1086e+00)	Acc@1  16.60 (  9.49)	Acc@5  33.98 ( 23.16)
Epoch: [0][2231/2503]	Time  3.734 ( 3.686)	Data  3.582 ( 3.532)	Loss 4.2601e+00 (5.1042e+00)	Acc@1  19.34 (  9.53)	Acc@5  38.28 ( 23.23)
Epoch: [0][2241/2503]	Time  3.611 ( 3.687)	Data  3.447 ( 3.532)	Loss 4.2145e+00 (5.1001e+00)	Acc@1  17.97 (  9.57)	Acc@5  38.87 ( 23.31)
Epoch: [0][2251/2503]	Time  3.852 ( 3.688)	Data  3.699 ( 3.533)	Loss 4.1580e+00 (5.0961e+00)	Acc@1  17.97 (  9.61)	Acc@5  37.89 ( 23.38)
Epoch: [0][2261/2503]	Time  3.671 ( 3.688)	Data  3.518 ( 3.534)	Loss 4.2807e+00 (5.0919e+00)	Acc@1  14.84 (  9.65)	Acc@5  36.13 ( 23.45)
Epoch: [0][2271/2503]	Time  3.784 ( 3.689)	Data  3.631 ( 3.534)	Loss 4.2460e+00 (5.0878e+00)	Acc@1  16.60 (  9.69)	Acc@5  36.91 ( 23.52)
Epoch: [0][2281/2503]	Time  3.936 ( 3.690)	Data  3.782 ( 3.535)	Loss 4.3332e+00 (5.0837e+00)	Acc@1  17.58 (  9.73)	Acc@5  36.13 ( 23.59)
Epoch: [0][2291/2503]	Time  3.775 ( 3.690)	Data  3.622 ( 3.535)	Loss 4.3035e+00 (5.0798e+00)	Acc@1  18.75 (  9.77)	Acc@5  36.72 ( 23.66)
Epoch: [0][2301/2503]	Time  3.821 ( 3.690)	Data  3.657 ( 3.535)	Loss 4.1527e+00 (5.0757e+00)	Acc@1  20.51 (  9.81)	Acc@5  40.43 ( 23.73)
Epoch: [0][2311/2503]	Time  3.869 ( 3.691)	Data  3.716 ( 3.536)	Loss 4.1508e+00 (5.0715e+00)	Acc@1  15.23 (  9.85)	Acc@5  40.43 ( 23.81)
Epoch: [0][2321/2503]	Time  4.007 ( 3.691)	Data  3.854 ( 3.536)	Loss 4.2865e+00 (5.0675e+00)	Acc@1  16.02 (  9.89)	Acc@5  38.28 ( 23.88)
Epoch: [0][2331/2503]	Time  3.753 ( 3.691)	Data  3.600 ( 3.537)	Loss 4.1326e+00 (5.0636e+00)	Acc@1  18.75 (  9.93)	Acc@5  41.80 ( 23.95)
Epoch: [0][2341/2503]	Time  3.795 ( 3.692)	Data  3.642 ( 3.537)	Loss 4.0948e+00 (5.0594e+00)	Acc@1  20.31 (  9.97)	Acc@5  40.82 ( 24.02)
Epoch: [0][2351/2503]	Time  3.848 ( 3.692)	Data  3.699 ( 3.537)	Loss 4.2268e+00 (5.0554e+00)	Acc@1  17.58 ( 10.01)	Acc@5  39.65 ( 24.10)
Epoch: [0][2361/2503]	Time  3.760 ( 3.693)	Data  3.602 ( 3.538)	Loss 4.0340e+00 (5.0511e+00)	Acc@1  18.55 ( 10.05)	Acc@5  41.21 ( 24.17)
Epoch: [0][2371/2503]	Time  3.993 ( 3.693)	Data  3.840 ( 3.538)	Loss 3.9917e+00 (5.0471e+00)	Acc@1  18.95 ( 10.09)	Acc@5  41.80 ( 24.24)
Epoch: [0][2381/2503]	Time  4.367 ( 3.694)	Data  4.215 ( 3.540)	Loss 3.9655e+00 (5.0429e+00)	Acc@1  20.51 ( 10.13)	Acc@5  43.16 ( 24.32)
Epoch: [0][2391/2503]	Time  3.906 ( 3.695)	Data  3.754 ( 3.540)	Loss 4.0225e+00 (5.0389e+00)	Acc@1  19.53 ( 10.17)	Acc@5  41.02 ( 24.39)
Epoch: [0][2401/2503]	Time  3.972 ( 3.696)	Data  3.819 ( 3.541)	Loss 4.1256e+00 (5.0349e+00)	Acc@1  18.95 ( 10.21)	Acc@5  38.87 ( 24.46)
Epoch: [0][2411/2503]	Time  3.860 ( 3.697)	Data  3.703 ( 3.542)	Loss 4.1950e+00 (5.0309e+00)	Acc@1  18.95 ( 10.25)	Acc@5  38.48 ( 24.52)
Epoch: [0][2421/2503]	Time  3.804 ( 3.697)	Data  3.644 ( 3.542)	Loss 4.2278e+00 (5.0270e+00)	Acc@1  19.34 ( 10.29)	Acc@5  38.67 ( 24.59)
Epoch: [0][2431/2503]	Time  3.747 ( 3.698)	Data  3.594 ( 3.543)	Loss 3.9312e+00 (5.0229e+00)	Acc@1  19.92 ( 10.33)	Acc@5  44.53 ( 24.67)
Epoch: [0][2441/2503]	Time  4.414 ( 3.699)	Data  4.261 ( 3.544)	Loss 3.9132e+00 (5.0191e+00)	Acc@1  20.12 ( 10.36)	Acc@5  43.75 ( 24.73)
Epoch: [0][2451/2503]	Time  3.924 ( 3.699)	Data  3.771 ( 3.545)	Loss 4.1460e+00 (5.0154e+00)	Acc@1  18.36 ( 10.40)	Acc@5  41.41 ( 24.80)
Epoch: [0][2461/2503]	Time  4.025 ( 3.700)	Data  3.871 ( 3.545)	Loss 4.1136e+00 (5.0116e+00)	Acc@1  20.90 ( 10.44)	Acc@5  38.87 ( 24.86)
Epoch: [0][2471/2503]	Time  3.899 ( 3.700)	Data  3.745 ( 3.546)	Loss 4.1356e+00 (5.0078e+00)	Acc@1  20.51 ( 10.47)	Acc@5  41.21 ( 24.93)
Epoch: [0][2481/2503]	Time  3.997 ( 3.701)	Data  3.835 ( 3.546)	Loss 3.9592e+00 (5.0038e+00)	Acc@1  21.68 ( 10.52)	Acc@5  42.38 ( 25.00)
Epoch: [0][2491/2503]	Time  4.169 ( 3.702)	Data  4.017 ( 3.547)	Loss 3.8914e+00 (4.9999e+00)	Acc@1  22.66 ( 10.56)	Acc@5  47.46 ( 25.07)
Epoch: [0][2501/2503]	Time  4.070 ( 3.703)	Data  3.918 ( 3.548)	Loss 4.0580e+00 (4.9961e+00)	Acc@1  20.70 ( 10.59)	Acc@5  42.58 ( 25.14)
real 9278.53
user 8243.37
sys 697.95
