nohup time -p scalene --cpu --profile-all --html --outfile imagenet_b512_b1_scalene_default_sampling_profile.html code/image_classification/code/pytorch_main.py --- /mydata/imagenet/ -j 1 --gpus 1 -b 512 --epochs 1 --val-loop 0 &
=> creating model 'resnet18'
Epoch: [0][   1/2503]	Time  8.152 ( 8.152)	Data  6.310 ( 6.310)	Loss 7.0148e+00 (7.0148e+00)	Acc@1   0.39 (  0.39)	Acc@5   0.78 (  0.78)
Epoch: [0][  11/2503]	Time  5.325 ( 5.404)	Data  5.155 ( 5.061)	Loss 7.0233e+00 (6.9931e+00)	Acc@1   0.20 (  0.20)	Acc@5   0.59 (  0.67)
Epoch: [0][  21/2503]	Time  5.181 ( 5.361)	Data  5.027 ( 5.106)	Loss 6.9643e+00 (7.0048e+00)	Acc@1   0.78 (  0.25)	Acc@5   1.76 (  0.82)
Epoch: [0][  31/2503]	Time  6.005 ( 5.314)	Data  5.849 ( 5.091)	Loss 6.9426e+00 (6.9916e+00)	Acc@1   0.00 (  0.23)	Acc@5   0.78 (  0.81)
Epoch: [0][  41/2503]	Time  4.926 ( 5.317)	Data  4.767 ( 5.110)	Loss 6.8703e+00 (6.9660e+00)	Acc@1   0.39 (  0.23)	Acc@5   1.56 (  1.00)
Epoch: [0][  51/2503]	Time  5.266 ( 5.304)	Data  5.106 ( 5.106)	Loss 6.7851e+00 (6.9375e+00)	Acc@1   0.39 (  0.26)	Acc@5   1.56 (  1.10)
Epoch: [0][  61/2503]	Time  5.011 ( 5.282)	Data  4.859 ( 5.092)	Loss 6.7893e+00 (6.9114e+00)	Acc@1   0.20 (  0.30)	Acc@5   2.15 (  1.23)
Epoch: [0][  71/2503]	Time  5.303 ( 5.267)	Data  5.136 ( 5.081)	Loss 6.7090e+00 (6.8844e+00)	Acc@1   0.78 (  0.34)	Acc@5   2.54 (  1.34)
Epoch: [0][  81/2503]	Time  5.056 ( 5.266)	Data  4.902 ( 5.084)	Loss 6.6410e+00 (6.8595e+00)	Acc@1   0.78 (  0.36)	Acc@5   2.73 (  1.46)
Epoch: [0][  91/2503]	Time  5.500 ( 5.270)	Data  5.339 ( 5.090)	Loss 6.6076e+00 (6.8334e+00)	Acc@1   1.95 (  0.42)	Acc@5   3.32 (  1.63)
Epoch: [0][ 101/2503]	Time  5.002 ( 5.269)	Data  4.837 ( 5.091)	Loss 6.5074e+00 (6.8102e+00)	Acc@1   1.17 (  0.45)	Acc@5   3.91 (  1.76)
Epoch: [0][ 111/2503]	Time  5.129 ( 5.274)	Data  4.970 ( 5.099)	Loss 6.4378e+00 (6.7881e+00)	Acc@1   1.17 (  0.48)	Acc@5   4.69 (  1.89)
Epoch: [0][ 121/2503]	Time  4.982 ( 5.274)	Data  4.829 ( 5.100)	Loss 6.5158e+00 (6.7678e+00)	Acc@1   0.78 (  0.50)	Acc@5   3.12 (  1.99)
Epoch: [0][ 131/2503]	Time  4.900 ( 5.266)	Data  4.747 ( 5.094)	Loss 6.5047e+00 (6.7484e+00)	Acc@1   0.78 (  0.53)	Acc@5   2.34 (  2.11)
Epoch: [0][ 141/2503]	Time  4.993 ( 5.256)	Data  4.837 ( 5.085)	Loss 6.4926e+00 (6.7281e+00)	Acc@1   0.78 (  0.56)	Acc@5   4.88 (  2.25)
Epoch: [0][ 151/2503]	Time  5.588 ( 5.257)	Data  5.434 ( 5.086)	Loss 6.4393e+00 (6.7072e+00)	Acc@1   0.78 (  0.60)	Acc@5   4.49 (  2.38)
Epoch: [0][ 161/2503]	Time  5.584 ( 5.256)	Data  5.428 ( 5.087)	Loss 6.3729e+00 (6.6878e+00)	Acc@1   2.15 (  0.65)	Acc@5   5.47 (  2.52)
Epoch: [0][ 171/2503]	Time  5.154 ( 5.252)	Data  4.994 ( 5.083)	Loss 6.3764e+00 (6.6683e+00)	Acc@1   0.39 (  0.68)	Acc@5   4.88 (  2.65)
Epoch: [0][ 181/2503]	Time  5.239 ( 5.250)	Data  5.084 ( 5.082)	Loss 6.3271e+00 (6.6492e+00)	Acc@1   1.76 (  0.73)	Acc@5   4.88 (  2.81)
Epoch: [0][ 191/2503]	Time  4.978 ( 5.243)	Data  4.813 ( 5.075)	Loss 6.3410e+00 (6.6324e+00)	Acc@1   1.17 (  0.74)	Acc@5   4.10 (  2.93)
Epoch: [0][ 201/2503]	Time  5.036 ( 5.234)	Data  4.884 ( 5.066)	Loss 6.3291e+00 (6.6150e+00)	Acc@1   2.93 (  0.77)	Acc@5   5.27 (  3.04)
Epoch: [0][ 211/2503]	Time  5.074 ( 5.225)	Data  4.919 ( 5.059)	Loss 6.2048e+00 (6.5982e+00)	Acc@1   1.56 (  0.81)	Acc@5   6.05 (  3.17)
Epoch: [0][ 221/2503]	Time  5.340 ( 5.226)	Data  5.184 ( 5.060)	Loss 6.2838e+00 (6.5805e+00)	Acc@1   1.17 (  0.85)	Acc@5   5.66 (  3.31)
Epoch: [0][ 231/2503]	Time  5.035 ( 5.221)	Data  4.881 ( 5.055)	Loss 6.1730e+00 (6.5628e+00)	Acc@1   1.37 (  0.89)	Acc@5   6.45 (  3.42)
Epoch: [0][ 241/2503]	Time  4.902 ( 5.220)	Data  4.748 ( 5.055)	Loss 6.1109e+00 (6.5457e+00)	Acc@1   3.32 (  0.93)	Acc@5   8.40 (  3.56)
Epoch: [0][ 251/2503]	Time  4.917 ( 5.222)	Data  4.762 ( 5.057)	Loss 6.1143e+00 (6.5288e+00)	Acc@1   1.95 (  0.98)	Acc@5   6.64 (  3.70)
Epoch: [0][ 261/2503]	Time  5.304 ( 5.223)	Data  5.149 ( 5.058)	Loss 6.0970e+00 (6.5126e+00)	Acc@1   2.73 (  1.02)	Acc@5   8.01 (  3.83)
Epoch: [0][ 271/2503]	Time  5.125 ( 5.225)	Data  4.970 ( 5.060)	Loss 5.9472e+00 (6.4962e+00)	Acc@1   2.73 (  1.05)	Acc@5   8.01 (  3.95)
Epoch: [0][ 281/2503]	Time  5.106 ( 5.221)	Data  4.944 ( 5.057)	Loss 6.0194e+00 (6.4797e+00)	Acc@1   2.15 (  1.11)	Acc@5   6.84 (  4.07)
Epoch: [0][ 291/2503]	Time  5.172 ( 5.220)	Data  5.012 ( 5.056)	Loss 5.9824e+00 (6.4624e+00)	Acc@1   2.73 (  1.15)	Acc@5   7.23 (  4.22)
Epoch: [0][ 301/2503]	Time  5.297 ( 5.221)	Data  5.132 ( 5.058)	Loss 5.9559e+00 (6.4456e+00)	Acc@1   2.15 (  1.19)	Acc@5  10.16 (  4.37)
Epoch: [0][ 311/2503]	Time  5.311 ( 5.223)	Data  5.159 ( 5.059)	Loss 5.8584e+00 (6.4301e+00)	Acc@1   3.52 (  1.24)	Acc@5  10.74 (  4.52)
Epoch: [0][ 321/2503]	Time  4.795 ( 5.223)	Data  4.640 ( 5.060)	Loss 5.9830e+00 (6.4148e+00)	Acc@1   1.76 (  1.29)	Acc@5   7.23 (  4.65)
Epoch: [0][ 331/2503]	Time  5.497 ( 5.221)	Data  5.342 ( 5.058)	Loss 5.7452e+00 (6.3998e+00)	Acc@1   4.30 (  1.34)	Acc@5  10.74 (  4.78)
Epoch: [0][ 341/2503]	Time  5.121 ( 5.218)	Data  4.966 ( 5.055)	Loss 5.9804e+00 (6.3856e+00)	Acc@1   2.15 (  1.38)	Acc@5   8.98 (  4.90)
Epoch: [0][ 351/2503]	Time  5.181 ( 5.216)	Data  5.025 ( 5.053)	Loss 5.8269e+00 (6.3720e+00)	Acc@1   3.12 (  1.43)	Acc@5  10.35 (  5.03)
Epoch: [0][ 361/2503]	Time  5.593 ( 5.219)	Data  5.438 ( 5.057)	Loss 5.9184e+00 (6.3583e+00)	Acc@1   2.73 (  1.47)	Acc@5  10.74 (  5.15)
Epoch: [0][ 371/2503]	Time  5.495 ( 5.219)	Data  5.329 ( 5.056)	Loss 5.8835e+00 (6.3445e+00)	Acc@1   3.12 (  1.52)	Acc@5  11.13 (  5.30)
Epoch: [0][ 381/2503]	Time  5.283 ( 5.216)	Data  5.130 ( 5.054)	Loss 5.7681e+00 (6.3303e+00)	Acc@1   3.91 (  1.57)	Acc@5  11.52 (  5.45)
Epoch: [0][ 391/2503]	Time  4.769 ( 5.217)	Data  4.609 ( 5.055)	Loss 5.8554e+00 (6.3170e+00)	Acc@1   3.71 (  1.63)	Acc@5   9.18 (  5.59)
Epoch: [0][ 401/2503]	Time  5.348 ( 5.217)	Data  5.194 ( 5.055)	Loss 5.7315e+00 (6.3039e+00)	Acc@1   4.30 (  1.67)	Acc@5  13.48 (  5.74)
Epoch: [0][ 411/2503]	Time  5.487 ( 5.218)	Data  5.329 ( 5.056)	Loss 5.8228e+00 (6.2908e+00)	Acc@1   4.88 (  1.73)	Acc@5  11.91 (  5.88)
Epoch: [0][ 421/2503]	Time  5.582 ( 5.220)	Data  5.428 ( 5.058)	Loss 5.7795e+00 (6.2783e+00)	Acc@1   4.10 (  1.76)	Acc@5  12.89 (  6.01)
Epoch: [0][ 431/2503]	Time  5.312 ( 5.220)	Data  5.150 ( 5.058)	Loss 5.6729e+00 (6.2658e+00)	Acc@1   4.10 (  1.81)	Acc@5  13.09 (  6.13)
Epoch: [0][ 441/2503]	Time  4.769 ( 5.216)	Data  4.617 ( 5.054)	Loss 5.6783e+00 (6.2538e+00)	Acc@1   4.49 (  1.85)	Acc@5  14.06 (  6.26)
Epoch: [0][ 451/2503]	Time  5.237 ( 5.215)	Data  5.081 ( 5.054)	Loss 5.6832e+00 (6.2409e+00)	Acc@1   3.71 (  1.90)	Acc@5  11.72 (  6.41)
Epoch: [0][ 461/2503]	Time  5.444 ( 5.215)	Data  5.279 ( 5.054)	Loss 5.8239e+00 (6.2293e+00)	Acc@1   3.12 (  1.94)	Acc@5  10.55 (  6.53)
Epoch: [0][ 471/2503]	Time  4.971 ( 5.212)	Data  4.815 ( 5.051)	Loss 5.6820e+00 (6.2177e+00)	Acc@1   3.32 (  1.98)	Acc@5  12.70 (  6.66)
Epoch: [0][ 481/2503]	Time  4.822 ( 5.211)	Data  4.667 ( 5.050)	Loss 5.5478e+00 (6.2066e+00)	Acc@1   4.30 (  2.02)	Acc@5  13.28 (  6.79)
Epoch: [0][ 491/2503]	Time  5.534 ( 5.211)	Data  5.378 ( 5.050)	Loss 5.7070e+00 (6.1953e+00)	Acc@1   3.71 (  2.05)	Acc@5  12.50 (  6.91)
Epoch: [0][ 501/2503]	Time  5.402 ( 5.212)	Data  5.246 ( 5.051)	Loss 5.6430e+00 (6.1833e+00)	Acc@1   4.49 (  2.10)	Acc@5  13.48 (  7.04)
Epoch: [0][ 511/2503]	Time  5.641 ( 5.215)	Data  5.486 ( 5.054)	Loss 5.5503e+00 (6.1720e+00)	Acc@1   5.27 (  2.15)	Acc@5  15.23 (  7.17)
Epoch: [0][ 521/2503]	Time  5.037 ( 5.217)	Data  4.882 ( 5.056)	Loss 5.6614e+00 (6.1613e+00)	Acc@1   3.32 (  2.19)	Acc@5  11.13 (  7.28)
Epoch: [0][ 531/2503]	Time  5.228 ( 5.218)	Data  5.073 ( 5.057)	Loss 5.5238e+00 (6.1506e+00)	Acc@1   5.08 (  2.23)	Acc@5  14.84 (  7.40)
Epoch: [0][ 541/2503]	Time  5.328 ( 5.218)	Data  5.163 ( 5.057)	Loss 5.5109e+00 (6.1398e+00)	Acc@1   3.71 (  2.27)	Acc@5  12.50 (  7.51)
Epoch: [0][ 551/2503]	Time  5.190 ( 5.217)	Data  5.035 ( 5.056)	Loss 5.5469e+00 (6.1291e+00)	Acc@1   4.10 (  2.31)	Acc@5  14.26 (  7.64)
Epoch: [0][ 561/2503]	Time  5.238 ( 5.219)	Data  5.078 ( 5.059)	Loss 5.5389e+00 (6.1182e+00)	Acc@1   4.69 (  2.35)	Acc@5  17.38 (  7.77)
Epoch: [0][ 571/2503]	Time  5.210 ( 5.219)	Data  5.054 ( 5.058)	Loss 5.5029e+00 (6.1085e+00)	Acc@1   5.27 (  2.40)	Acc@5  15.82 (  7.88)
Epoch: [0][ 581/2503]	Time  5.114 ( 5.222)	Data  4.956 ( 5.061)	Loss 5.4550e+00 (6.0989e+00)	Acc@1   5.66 (  2.43)	Acc@5  17.97 (  7.99)
Epoch: [0][ 591/2503]	Time  5.328 ( 5.223)	Data  5.174 ( 5.062)	Loss 5.4540e+00 (6.0892e+00)	Acc@1   5.08 (  2.47)	Acc@5  15.82 (  8.11)
Epoch: [0][ 601/2503]	Time  5.853 ( 5.228)	Data  5.698 ( 5.067)	Loss 5.5189e+00 (6.0790e+00)	Acc@1   4.88 (  2.51)	Acc@5  16.02 (  8.23)
Epoch: [0][ 611/2503]	Time  5.129 ( 5.230)	Data  4.972 ( 5.069)	Loss 5.5719e+00 (6.0688e+00)	Acc@1   5.47 (  2.55)	Acc@5  15.62 (  8.35)
Epoch: [0][ 621/2503]	Time  5.745 ( 5.233)	Data  5.577 ( 5.073)	Loss 5.5613e+00 (6.0597e+00)	Acc@1   2.73 (  2.58)	Acc@5  11.13 (  8.46)
Epoch: [0][ 631/2503]	Time  5.510 ( 5.235)	Data  5.355 ( 5.075)	Loss 5.7296e+00 (6.0513e+00)	Acc@1   4.49 (  2.63)	Acc@5  12.70 (  8.56)
Epoch: [0][ 641/2503]	Time  5.673 ( 5.236)	Data  5.517 ( 5.076)	Loss 5.4641e+00 (6.0418e+00)	Acc@1   4.49 (  2.67)	Acc@5  17.19 (  8.69)
Epoch: [0][ 651/2503]	Time  4.935 ( 5.237)	Data  4.779 ( 5.077)	Loss 5.3449e+00 (6.0324e+00)	Acc@1   4.88 (  2.71)	Acc@5  16.02 (  8.81)
Epoch: [0][ 661/2503]	Time  5.467 ( 5.238)	Data  5.312 ( 5.078)	Loss 5.4417e+00 (6.0235e+00)	Acc@1   6.64 (  2.75)	Acc@5  17.77 (  8.92)
Epoch: [0][ 671/2503]	Time  5.841 ( 5.241)	Data  5.687 ( 5.080)	Loss 5.2747e+00 (6.0136e+00)	Acc@1   5.47 (  2.80)	Acc@5  19.53 (  9.05)
Epoch: [0][ 681/2503]	Time  5.537 ( 5.242)	Data  5.383 ( 5.082)	Loss 5.3970e+00 (6.0045e+00)	Acc@1   4.88 (  2.84)	Acc@5  15.82 (  9.16)
Epoch: [0][ 691/2503]	Time  4.861 ( 5.243)	Data  4.704 ( 5.083)	Loss 5.4706e+00 (5.9962e+00)	Acc@1   5.08 (  2.87)	Acc@5  16.41 (  9.26)
Epoch: [0][ 701/2503]	Time  5.736 ( 5.248)	Data  5.574 ( 5.088)	Loss 5.3436e+00 (5.9876e+00)	Acc@1   6.05 (  2.92)	Acc@5  17.58 (  9.37)
Epoch: [0][ 711/2503]	Time  4.991 ( 5.249)	Data  4.837 ( 5.090)	Loss 5.4192e+00 (5.9786e+00)	Acc@1   4.69 (  2.96)	Acc@5  16.80 (  9.50)
Epoch: [0][ 721/2503]	Time  5.396 ( 5.251)	Data  5.234 ( 5.091)	Loss 5.3643e+00 (5.9693e+00)	Acc@1   5.66 (  3.01)	Acc@5  16.41 (  9.62)
Epoch: [0][ 731/2503]	Time  5.589 ( 5.254)	Data  5.434 ( 5.094)	Loss 5.3641e+00 (5.9605e+00)	Acc@1   5.47 (  3.07)	Acc@5  17.38 (  9.74)
Epoch: [0][ 741/2503]	Time  4.961 ( 5.254)	Data  4.806 ( 5.095)	Loss 5.3777e+00 (5.9522e+00)	Acc@1   4.49 (  3.10)	Acc@5  14.26 (  9.84)
Epoch: [0][ 751/2503]	Time  5.024 ( 5.258)	Data  4.869 ( 5.098)	Loss 5.2656e+00 (5.9439e+00)	Acc@1   5.47 (  3.14)	Acc@5  17.58 (  9.95)
Epoch: [0][ 761/2503]	Time  5.604 ( 5.259)	Data  5.453 ( 5.099)	Loss 5.3494e+00 (5.9361e+00)	Acc@1   5.47 (  3.18)	Acc@5  18.36 ( 10.06)
Epoch: [0][ 771/2503]	Time  5.002 ( 5.257)	Data  4.845 ( 5.098)	Loss 5.3027e+00 (5.9278e+00)	Acc@1   6.25 (  3.23)	Acc@5  16.21 ( 10.18)
Epoch: [0][ 781/2503]	Time  5.331 ( 5.260)	Data  5.166 ( 5.100)	Loss 5.3515e+00 (5.9193e+00)	Acc@1   6.25 (  3.27)	Acc@5  19.14 ( 10.30)
Epoch: [0][ 791/2503]	Time  5.511 ( 5.261)	Data  5.356 ( 5.101)	Loss 5.4186e+00 (5.9116e+00)	Acc@1   5.66 (  3.31)	Acc@5  17.97 ( 10.41)
Epoch: [0][ 801/2503]	Time  5.519 ( 5.263)	Data  5.363 ( 5.103)	Loss 5.2087e+00 (5.9037e+00)	Acc@1   9.18 (  3.36)	Acc@5  21.09 ( 10.52)
Epoch: [0][ 811/2503]	Time  5.555 ( 5.265)	Data  5.398 ( 5.105)	Loss 5.2447e+00 (5.8960e+00)	Acc@1   7.81 (  3.41)	Acc@5  19.14 ( 10.63)
Epoch: [0][ 821/2503]	Time  5.351 ( 5.267)	Data  5.196 ( 5.108)	Loss 5.3688e+00 (5.8882e+00)	Acc@1   6.64 (  3.45)	Acc@5  19.14 ( 10.72)
Epoch: [0][ 831/2503]	Time  5.860 ( 5.270)	Data  5.705 ( 5.110)	Loss 5.1511e+00 (5.8797e+00)	Acc@1   8.40 (  3.50)	Acc@5  22.46 ( 10.84)
Epoch: [0][ 841/2503]	Time  5.223 ( 5.272)	Data  5.068 ( 5.113)	Loss 5.2630e+00 (5.8721e+00)	Acc@1   8.79 (  3.54)	Acc@5  19.34 ( 10.95)
Epoch: [0][ 851/2503]	Time  5.482 ( 5.276)	Data  5.319 ( 5.116)	Loss 5.2096e+00 (5.8641e+00)	Acc@1   8.01 (  3.58)	Acc@5  20.12 ( 11.06)
Epoch: [0][ 861/2503]	Time  5.573 ( 5.279)	Data  5.420 ( 5.120)	Loss 5.1735e+00 (5.8562e+00)	Acc@1   8.40 (  3.63)	Acc@5  21.48 ( 11.17)
Epoch: [0][ 871/2503]	Time  6.045 ( 5.282)	Data  5.893 ( 5.122)	Loss 5.2357e+00 (5.8483e+00)	Acc@1   7.23 (  3.68)	Acc@5  19.14 ( 11.28)
Epoch: [0][ 881/2503]	Time  5.421 ( 5.285)	Data  5.256 ( 5.126)	Loss 5.1541e+00 (5.8407e+00)	Acc@1   6.05 (  3.73)	Acc@5  19.92 ( 11.39)
Epoch: [0][ 891/2503]	Time  5.466 ( 5.288)	Data  5.311 ( 5.129)	Loss 5.1427e+00 (5.8328e+00)	Acc@1   8.79 (  3.77)	Acc@5  21.48 ( 11.50)
Epoch: [0][ 901/2503]	Time  5.335 ( 5.291)	Data  5.169 ( 5.132)	Loss 5.1719e+00 (5.8252e+00)	Acc@1   7.62 (  3.81)	Acc@5  20.31 ( 11.59)
Epoch: [0][ 911/2503]	Time  5.579 ( 5.294)	Data  5.424 ( 5.135)	Loss 5.1010e+00 (5.8180e+00)	Acc@1   9.57 (  3.86)	Acc@5  25.59 ( 11.70)
Epoch: [0][ 921/2503]	Time  5.518 ( 5.298)	Data  5.361 ( 5.138)	Loss 5.1512e+00 (5.8102e+00)	Acc@1   8.59 (  3.90)	Acc@5  22.07 ( 11.81)
Epoch: [0][ 931/2503]	Time  5.853 ( 5.302)	Data  5.696 ( 5.142)	Loss 5.1055e+00 (5.8029e+00)	Acc@1   9.57 (  3.95)	Acc@5  23.24 ( 11.92)
Epoch: [0][ 941/2503]	Time  5.320 ( 5.302)	Data  5.164 ( 5.143)	Loss 5.1230e+00 (5.7955e+00)	Acc@1   8.98 (  3.99)	Acc@5  24.02 ( 12.03)
Epoch: [0][ 951/2503]	Time  6.030 ( 5.304)	Data  5.871 ( 5.145)	Loss 5.0829e+00 (5.7884e+00)	Acc@1   6.45 (  4.04)	Acc@5  22.66 ( 12.13)
Epoch: [0][ 961/2503]	Time  5.610 ( 5.306)	Data  5.456 ( 5.147)	Loss 4.9410e+00 (5.7812e+00)	Acc@1   9.38 (  4.08)	Acc@5  26.76 ( 12.24)
Epoch: [0][ 971/2503]	Time  5.772 ( 5.308)	Data  5.607 ( 5.149)	Loss 5.0478e+00 (5.7737e+00)	Acc@1   9.57 (  4.13)	Acc@5  23.24 ( 12.36)
Epoch: [0][ 981/2503]	Time  5.530 ( 5.311)	Data  5.368 ( 5.152)	Loss 5.0848e+00 (5.7665e+00)	Acc@1   5.27 (  4.17)	Acc@5  21.48 ( 12.46)
Epoch: [0][ 991/2503]	Time  6.041 ( 5.313)	Data  5.887 ( 5.154)	Loss 5.0924e+00 (5.7594e+00)	Acc@1   7.23 (  4.21)	Acc@5  21.29 ( 12.56)
Epoch: [0][1001/2503]	Time  5.386 ( 5.317)	Data  5.230 ( 5.158)	Loss 5.2316e+00 (5.7526e+00)	Acc@1   7.23 (  4.26)	Acc@5  20.70 ( 12.66)
Epoch: [0][1011/2503]	Time  5.919 ( 5.318)	Data  5.768 ( 5.159)	Loss 5.0504e+00 (5.7453e+00)	Acc@1   9.38 (  4.30)	Acc@5  22.85 ( 12.78)
Epoch: [0][1021/2503]	Time  6.459 ( 5.322)	Data  6.297 ( 5.163)	Loss 5.2597e+00 (5.7386e+00)	Acc@1   6.25 (  4.35)	Acc@5  19.92 ( 12.87)
Epoch: [0][1031/2503]	Time  5.428 ( 5.324)	Data  5.257 ( 5.165)	Loss 5.1482e+00 (5.7317e+00)	Acc@1   8.01 (  4.39)	Acc@5  18.95 ( 12.97)
Epoch: [0][1041/2503]	Time  4.946 ( 5.325)	Data  4.788 ( 5.166)	Loss 5.1240e+00 (5.7253e+00)	Acc@1   9.18 (  4.43)	Acc@5  22.07 ( 13.06)
Epoch: [0][1051/2503]	Time  5.430 ( 5.326)	Data  5.275 ( 5.167)	Loss 5.1346e+00 (5.7188e+00)	Acc@1   8.98 (  4.47)	Acc@5  18.55 ( 13.15)
Epoch: [0][1061/2503]	Time  5.722 ( 5.327)	Data  5.567 ( 5.168)	Loss 4.9387e+00 (5.7127e+00)	Acc@1   9.77 (  4.51)	Acc@5  26.37 ( 13.25)
Epoch: [0][1071/2503]	Time  5.515 ( 5.330)	Data  5.361 ( 5.171)	Loss 4.8443e+00 (5.7058e+00)	Acc@1   9.57 (  4.55)	Acc@5  24.22 ( 13.34)
Epoch: [0][1081/2503]	Time  5.513 ( 5.333)	Data  5.359 ( 5.174)	Loss 4.9054e+00 (5.6990e+00)	Acc@1  11.33 (  4.59)	Acc@5  27.15 ( 13.44)
Epoch: [0][1091/2503]	Time  5.538 ( 5.336)	Data  5.383 ( 5.177)	Loss 4.7990e+00 (5.6922e+00)	Acc@1   9.77 (  4.64)	Acc@5  28.52 ( 13.55)
Epoch: [0][1101/2503]	Time  5.487 ( 5.338)	Data  5.333 ( 5.179)	Loss 4.9474e+00 (5.6855e+00)	Acc@1   9.38 (  4.69)	Acc@5  26.17 ( 13.66)
Epoch: [0][1111/2503]	Time  5.474 ( 5.340)	Data  5.317 ( 5.181)	Loss 4.8099e+00 (5.6789e+00)	Acc@1   8.59 (  4.73)	Acc@5  25.00 ( 13.77)
Epoch: [0][1121/2503]	Time  6.064 ( 5.342)	Data  5.901 ( 5.183)	Loss 4.8824e+00 (5.6723e+00)	Acc@1   9.38 (  4.77)	Acc@5  25.20 ( 13.87)
Epoch: [0][1131/2503]	Time  5.566 ( 5.344)	Data  5.409 ( 5.185)	Loss 4.9652e+00 (5.6657e+00)	Acc@1  11.33 (  4.82)	Acc@5  24.80 ( 13.96)
Epoch: [0][1141/2503]	Time  5.426 ( 5.346)	Data  5.264 ( 5.187)	Loss 4.9085e+00 (5.6590e+00)	Acc@1  10.35 (  4.87)	Acc@5  23.44 ( 14.06)
Epoch: [0][1151/2503]	Time  5.633 ( 5.349)	Data  5.471 ( 5.190)	Loss 4.8708e+00 (5.6525e+00)	Acc@1   9.77 (  4.91)	Acc@5  26.95 ( 14.17)
Epoch: [0][1161/2503]	Time  6.231 ( 5.352)	Data  6.078 ( 5.193)	Loss 5.1187e+00 (5.6466e+00)	Acc@1   8.01 (  4.95)	Acc@5  22.46 ( 14.26)
Epoch: [0][1171/2503]	Time  5.549 ( 5.354)	Data  5.384 ( 5.195)	Loss 4.9837e+00 (5.6406e+00)	Acc@1   8.40 (  4.99)	Acc@5  24.02 ( 14.35)
Epoch: [0][1181/2503]	Time  5.588 ( 5.357)	Data  5.434 ( 5.198)	Loss 4.9791e+00 (5.6346e+00)	Acc@1   8.98 (  5.03)	Acc@5  25.59 ( 14.45)
Epoch: [0][1191/2503]	Time  5.567 ( 5.361)	Data  5.405 ( 5.202)	Loss 4.9220e+00 (5.6286e+00)	Acc@1   9.18 (  5.08)	Acc@5  24.02 ( 14.54)
Epoch: [0][1201/2503]	Time  5.561 ( 5.364)	Data  5.404 ( 5.205)	Loss 4.8219e+00 (5.6224e+00)	Acc@1   9.96 (  5.12)	Acc@5  26.76 ( 14.63)
Epoch: [0][1211/2503]	Time  5.467 ( 5.366)	Data  5.306 ( 5.208)	Loss 4.7528e+00 (5.6162e+00)	Acc@1  10.16 (  5.16)	Acc@5  27.15 ( 14.72)
Epoch: [0][1221/2503]	Time  5.765 ( 5.369)	Data  5.613 ( 5.211)	Loss 4.8475e+00 (5.6100e+00)	Acc@1  11.72 (  5.21)	Acc@5  28.71 ( 14.82)
Epoch: [0][1231/2503]	Time  5.638 ( 5.374)	Data  5.485 ( 5.215)	Loss 4.9082e+00 (5.6036e+00)	Acc@1  10.74 (  5.26)	Acc@5  26.76 ( 14.92)
Epoch: [0][1241/2503]	Time  5.265 ( 5.375)	Data  5.110 ( 5.216)	Loss 4.6698e+00 (5.5972e+00)	Acc@1  12.50 (  5.31)	Acc@5  30.86 ( 15.02)
Epoch: [0][1251/2503]	Time  5.917 ( 5.378)	Data  5.763 ( 5.219)	Loss 4.7684e+00 (5.5909e+00)	Acc@1  10.35 (  5.35)	Acc@5  27.73 ( 15.12)
Epoch: [0][1261/2503]	Time  5.128 ( 5.380)	Data  4.972 ( 5.221)	Loss 4.8162e+00 (5.5847e+00)	Acc@1   9.96 (  5.39)	Acc@5  26.76 ( 15.22)
Epoch: [0][1271/2503]	Time  5.154 ( 5.382)	Data  4.993 ( 5.223)	Loss 4.8611e+00 (5.5785e+00)	Acc@1  12.11 (  5.44)	Acc@5  28.32 ( 15.32)
Epoch: [0][1281/2503]	Time  5.975 ( 5.384)	Data  5.820 ( 5.225)	Loss 4.7966e+00 (5.5724e+00)	Acc@1  12.50 (  5.48)	Acc@5  28.91 ( 15.42)
Epoch: [0][1291/2503]	Time  5.359 ( 5.387)	Data  5.205 ( 5.229)	Loss 4.9314e+00 (5.5662e+00)	Acc@1   9.96 (  5.53)	Acc@5  26.76 ( 15.52)
Epoch: [0][1301/2503]	Time  5.744 ( 5.389)	Data  5.578 ( 5.231)	Loss 4.8718e+00 (5.5602e+00)	Acc@1   9.38 (  5.57)	Acc@5  27.34 ( 15.61)
Epoch: [0][1311/2503]	Time  6.104 ( 5.393)	Data  5.947 ( 5.234)	Loss 4.7020e+00 (5.5541e+00)	Acc@1  12.11 (  5.62)	Acc@5  30.66 ( 15.71)
Epoch: [0][1321/2503]	Time  5.435 ( 5.394)	Data  5.278 ( 5.235)	Loss 4.6179e+00 (5.5482e+00)	Acc@1  13.48 (  5.66)	Acc@5  29.30 ( 15.80)
Epoch: [0][1331/2503]	Time  5.675 ( 5.398)	Data  5.522 ( 5.239)	Loss 4.7869e+00 (5.5424e+00)	Acc@1  10.35 (  5.70)	Acc@5  26.95 ( 15.89)
Epoch: [0][1341/2503]	Time  5.569 ( 5.400)	Data  5.408 ( 5.241)	Loss 4.6339e+00 (5.5366e+00)	Acc@1  11.72 (  5.74)	Acc@5  30.08 ( 15.98)
Epoch: [0][1351/2503]	Time  6.228 ( 5.403)	Data  6.070 ( 5.244)	Loss 4.5088e+00 (5.5306e+00)	Acc@1  13.87 (  5.78)	Acc@5  33.59 ( 16.08)
Epoch: [0][1361/2503]	Time  5.483 ( 5.406)	Data  5.328 ( 5.247)	Loss 4.6741e+00 (5.5246e+00)	Acc@1  13.67 (  5.83)	Acc@5  31.64 ( 16.17)
Epoch: [0][1371/2503]	Time  6.173 ( 5.410)	Data  6.016 ( 5.251)	Loss 4.7735e+00 (5.5192e+00)	Acc@1  13.28 (  5.87)	Acc@5  27.15 ( 16.26)
Epoch: [0][1381/2503]	Time  5.935 ( 5.413)	Data  5.774 ( 5.254)	Loss 4.7814e+00 (5.5133e+00)	Acc@1  13.28 (  5.92)	Acc@5  29.30 ( 16.35)
Epoch: [0][1391/2503]	Time  5.701 ( 5.416)	Data  5.547 ( 5.257)	Loss 4.6578e+00 (5.5075e+00)	Acc@1  13.67 (  5.96)	Acc@5  30.47 ( 16.44)
Epoch: [0][1401/2503]	Time  5.277 ( 5.418)	Data  5.121 ( 5.260)	Loss 4.6343e+00 (5.5015e+00)	Acc@1  12.89 (  6.01)	Acc@5  29.10 ( 16.54)
Epoch: [0][1411/2503]	Time  6.202 ( 5.423)	Data  6.048 ( 5.265)	Loss 4.6771e+00 (5.4960e+00)	Acc@1  10.55 (  6.05)	Acc@5  29.30 ( 16.62)
Epoch: [0][1421/2503]	Time  5.841 ( 5.425)	Data  5.680 ( 5.267)	Loss 4.7171e+00 (5.4900e+00)	Acc@1  12.70 (  6.10)	Acc@5  30.27 ( 16.72)
Epoch: [0][1431/2503]	Time  5.988 ( 5.428)	Data  5.833 ( 5.270)	Loss 4.7257e+00 (5.4844e+00)	Acc@1  12.11 (  6.14)	Acc@5  29.88 ( 16.81)
Epoch: [0][1441/2503]	Time  6.007 ( 5.431)	Data  5.851 ( 5.272)	Loss 4.6136e+00 (5.4787e+00)	Acc@1  14.26 (  6.19)	Acc@5  32.03 ( 16.90)
Epoch: [0][1451/2503]	Time  6.705 ( 5.435)	Data  6.539 ( 5.276)	Loss 4.5559e+00 (5.4731e+00)	Acc@1  12.30 (  6.23)	Acc@5  32.42 ( 16.99)
Epoch: [0][1461/2503]	Time  6.173 ( 5.439)	Data  6.010 ( 5.280)	Loss 4.6570e+00 (5.4675e+00)	Acc@1  11.13 (  6.27)	Acc@5  29.30 ( 17.08)
Epoch: [0][1471/2503]	Time  5.583 ( 5.442)	Data  5.423 ( 5.283)	Loss 4.5879e+00 (5.4622e+00)	Acc@1  15.04 (  6.32)	Acc@5  30.66 ( 17.17)
Epoch: [0][1481/2503]	Time  6.157 ( 5.446)	Data  6.003 ( 5.287)	Loss 4.6412e+00 (5.4562e+00)	Acc@1  11.91 (  6.36)	Acc@5  29.10 ( 17.26)
Epoch: [0][1491/2503]	Time  6.645 ( 5.450)	Data  6.482 ( 5.291)	Loss 4.8402e+00 (5.4510e+00)	Acc@1  13.28 (  6.41)	Acc@5  26.17 ( 17.35)
Epoch: [0][1501/2503]	Time  5.772 ( 5.452)	Data  5.617 ( 5.294)	Loss 4.5001e+00 (5.4455e+00)	Acc@1  14.26 (  6.46)	Acc@5  32.42 ( 17.44)
Epoch: [0][1511/2503]	Time  6.217 ( 5.456)	Data  6.062 ( 5.298)	Loss 4.5684e+00 (5.4400e+00)	Acc@1  13.87 (  6.50)	Acc@5  32.03 ( 17.53)
Epoch: [0][1521/2503]	Time  5.850 ( 5.459)	Data  5.695 ( 5.300)	Loss 4.6016e+00 (5.4345e+00)	Acc@1  12.70 (  6.55)	Acc@5  28.12 ( 17.62)
Epoch: [0][1531/2503]	Time  6.274 ( 5.463)	Data  6.120 ( 5.304)	Loss 4.4859e+00 (5.4289e+00)	Acc@1  13.09 (  6.59)	Acc@5  31.84 ( 17.71)
Epoch: [0][1541/2503]	Time  5.658 ( 5.465)	Data  5.501 ( 5.307)	Loss 4.6287e+00 (5.4237e+00)	Acc@1  11.52 (  6.63)	Acc@5  31.64 ( 17.80)
Epoch: [0][1551/2503]	Time  5.834 ( 5.467)	Data  5.680 ( 5.309)	Loss 4.6604e+00 (5.4185e+00)	Acc@1  12.50 (  6.68)	Acc@5  30.47 ( 17.89)
Epoch: [0][1561/2503]	Time  5.470 ( 5.469)	Data  5.316 ( 5.311)	Loss 4.4982e+00 (5.4130e+00)	Acc@1  14.06 (  6.72)	Acc@5  29.49 ( 17.98)
Epoch: [0][1571/2503]	Time  6.336 ( 5.472)	Data  6.183 ( 5.314)	Loss 4.6135e+00 (5.4078e+00)	Acc@1  11.33 (  6.76)	Acc@5  31.25 ( 18.06)
Epoch: [0][1581/2503]	Time  5.813 ( 5.476)	Data  5.659 ( 5.318)	Loss 4.4340e+00 (5.4022e+00)	Acc@1  14.26 (  6.81)	Acc@5  33.20 ( 18.15)
Epoch: [0][1591/2503]	Time  6.073 ( 5.479)	Data  5.922 ( 5.320)	Loss 4.5263e+00 (5.3968e+00)	Acc@1  12.70 (  6.86)	Acc@5  31.64 ( 18.24)
Epoch: [0][1601/2503]	Time  5.656 ( 5.481)	Data  5.501 ( 5.323)	Loss 4.5398e+00 (5.3915e+00)	Acc@1  13.48 (  6.90)	Acc@5  32.42 ( 18.33)
Epoch: [0][1611/2503]	Time  5.812 ( 5.485)	Data  5.659 ( 5.326)	Loss 4.5313e+00 (5.3865e+00)	Acc@1  12.70 (  6.94)	Acc@5  32.03 ( 18.40)
Epoch: [0][1621/2503]	Time  6.249 ( 5.489)	Data  6.095 ( 5.330)	Loss 4.7150e+00 (5.3811e+00)	Acc@1   9.96 (  6.98)	Acc@5  27.34 ( 18.49)
Epoch: [0][1631/2503]	Time  6.365 ( 5.492)	Data  6.212 ( 5.333)	Loss 4.6466e+00 (5.3759e+00)	Acc@1  12.50 (  7.02)	Acc@5  29.49 ( 18.57)
Epoch: [0][1641/2503]	Time  5.104 ( 5.494)	Data  4.953 ( 5.336)	Loss 4.5424e+00 (5.3707e+00)	Acc@1  14.26 (  7.06)	Acc@5  33.20 ( 18.66)
Epoch: [0][1651/2503]	Time  6.204 ( 5.499)	Data  6.050 ( 5.340)	Loss 4.3550e+00 (5.3652e+00)	Acc@1  15.23 (  7.11)	Acc@5  33.79 ( 18.75)
Epoch: [0][1661/2503]	Time  6.396 ( 5.502)	Data  6.236 ( 5.344)	Loss 4.4283e+00 (5.3601e+00)	Acc@1  14.26 (  7.16)	Acc@5  33.01 ( 18.83)
Epoch: [0][1671/2503]	Time  5.700 ( 5.506)	Data  5.547 ( 5.347)	Loss 4.5964e+00 (5.3549e+00)	Acc@1  14.84 (  7.20)	Acc@5  31.84 ( 18.91)
Epoch: [0][1681/2503]	Time  6.243 ( 5.509)	Data  6.089 ( 5.351)	Loss 4.5561e+00 (5.3500e+00)	Acc@1  13.87 (  7.24)	Acc@5  30.27 ( 18.99)
Epoch: [0][1691/2503]	Time  6.753 ( 5.513)	Data  6.599 ( 5.355)	Loss 4.3880e+00 (5.3450e+00)	Acc@1  17.58 (  7.28)	Acc@5  36.33 ( 19.08)
Epoch: [0][1701/2503]	Time  5.692 ( 5.516)	Data  5.536 ( 5.358)	Loss 4.2929e+00 (5.3397e+00)	Acc@1  17.58 (  7.32)	Acc@5  36.52 ( 19.17)
Epoch: [0][1711/2503]	Time  6.113 ( 5.519)	Data  5.960 ( 5.360)	Loss 4.8093e+00 (5.3348e+00)	Acc@1  10.55 (  7.36)	Acc@5  24.22 ( 19.24)
Epoch: [0][1721/2503]	Time  6.244 ( 5.523)	Data  6.089 ( 5.365)	Loss 4.6167e+00 (5.3298e+00)	Acc@1  11.33 (  7.40)	Acc@5  30.27 ( 19.32)
Epoch: [0][1731/2503]	Time  6.140 ( 5.527)	Data  5.984 ( 5.368)	Loss 4.5630e+00 (5.3248e+00)	Acc@1  15.62 (  7.45)	Acc@5  36.33 ( 19.41)
Epoch: [0][1741/2503]	Time  5.631 ( 5.530)	Data  5.479 ( 5.372)	Loss 4.4138e+00 (5.3196e+00)	Acc@1  16.41 (  7.50)	Acc@5  36.52 ( 19.50)
Epoch: [0][1751/2503]	Time  6.300 ( 5.535)	Data  6.139 ( 5.377)	Loss 4.5548e+00 (5.3146e+00)	Acc@1  14.65 (  7.54)	Acc@5  32.03 ( 19.59)
Epoch: [0][1761/2503]	Time  5.998 ( 5.538)	Data  5.842 ( 5.380)	Loss 4.5566e+00 (5.3097e+00)	Acc@1  15.04 (  7.59)	Acc@5  35.35 ( 19.67)
Epoch: [0][1771/2503]	Time  6.126 ( 5.541)	Data  5.971 ( 5.383)	Loss 4.3896e+00 (5.3047e+00)	Acc@1  13.87 (  7.63)	Acc@5  35.55 ( 19.76)
Epoch: [0][1781/2503]	Time  6.293 ( 5.545)	Data  6.140 ( 5.387)	Loss 4.5135e+00 (5.2999e+00)	Acc@1  14.26 (  7.67)	Acc@5  32.81 ( 19.84)
Epoch: [0][1791/2503]	Time  6.525 ( 5.549)	Data  6.366 ( 5.391)	Loss 4.4597e+00 (5.2946e+00)	Acc@1  17.19 (  7.71)	Acc@5  35.94 ( 19.93)
Epoch: [0][1801/2503]	Time  6.414 ( 5.553)	Data  6.257 ( 5.395)	Loss 4.5456e+00 (5.2896e+00)	Acc@1  15.04 (  7.76)	Acc@5  31.64 ( 20.01)
Epoch: [0][1811/2503]	Time  6.190 ( 5.557)	Data  6.033 ( 5.399)	Loss 4.3967e+00 (5.2846e+00)	Acc@1  17.19 (  7.80)	Acc@5  33.20 ( 20.10)
Epoch: [0][1821/2503]	Time  6.539 ( 5.560)	Data  6.383 ( 5.401)	Loss 4.4797e+00 (5.2798e+00)	Acc@1  15.23 (  7.85)	Acc@5  32.81 ( 20.18)
Epoch: [0][1831/2503]	Time  6.226 ( 5.563)	Data  6.068 ( 5.405)	Loss 4.3789e+00 (5.2746e+00)	Acc@1  16.41 (  7.90)	Acc@5  36.33 ( 20.27)
Epoch: [0][1841/2503]	Time  6.246 ( 5.566)	Data  6.090 ( 5.408)	Loss 4.3342e+00 (5.2696e+00)	Acc@1  16.60 (  7.95)	Acc@5  37.70 ( 20.35)
Epoch: [0][1851/2503]	Time  6.252 ( 5.569)	Data  6.098 ( 5.411)	Loss 4.3154e+00 (5.2643e+00)	Acc@1  17.58 (  8.00)	Acc@5  37.11 ( 20.44)
Epoch: [0][1861/2503]	Time  6.073 ( 5.573)	Data  5.919 ( 5.415)	Loss 4.3082e+00 (5.2593e+00)	Acc@1  16.21 (  8.04)	Acc@5  35.35 ( 20.53)
Epoch: [0][1871/2503]	Time  6.921 ( 5.577)	Data  6.766 ( 5.419)	Loss 4.1944e+00 (5.2547e+00)	Acc@1  15.82 (  8.08)	Acc@5  39.06 ( 20.60)
Epoch: [0][1881/2503]	Time  6.539 ( 5.582)	Data  6.387 ( 5.424)	Loss 4.5516e+00 (5.2500e+00)	Acc@1  15.23 (  8.12)	Acc@5  32.42 ( 20.69)
Epoch: [0][1891/2503]	Time  5.731 ( 5.585)	Data  5.579 ( 5.427)	Loss 4.2265e+00 (5.2450e+00)	Acc@1  17.38 (  8.17)	Acc@5  39.65 ( 20.78)
Epoch: [0][1901/2503]	Time  6.508 ( 5.589)	Data  6.352 ( 5.431)	Loss 4.3085e+00 (5.2403e+00)	Acc@1  18.55 (  8.21)	Acc@5  37.50 ( 20.86)
Epoch: [0][1911/2503]	Time  5.837 ( 5.592)	Data  5.681 ( 5.434)	Loss 4.5274e+00 (5.2359e+00)	Acc@1  16.80 (  8.25)	Acc@5  35.74 ( 20.93)
Epoch: [0][1921/2503]	Time  6.790 ( 5.596)	Data  6.630 ( 5.438)	Loss 4.2412e+00 (5.2313e+00)	Acc@1  15.23 (  8.29)	Acc@5  38.67 ( 21.01)
Epoch: [0][1931/2503]	Time  5.987 ( 5.600)	Data  5.817 ( 5.442)	Loss 4.4802e+00 (5.2264e+00)	Acc@1  13.09 (  8.34)	Acc@5  32.23 ( 21.09)
Epoch: [0][1941/2503]	Time  6.259 ( 5.604)	Data  6.092 ( 5.446)	Loss 4.1983e+00 (5.2218e+00)	Acc@1  18.75 (  8.38)	Acc@5  40.43 ( 21.17)
Epoch: [0][1951/2503]	Time  6.661 ( 5.608)	Data  6.506 ( 5.450)	Loss 4.2391e+00 (5.2172e+00)	Acc@1  19.53 (  8.42)	Acc@5  35.16 ( 21.25)
Epoch: [0][1961/2503]	Time  6.576 ( 5.612)	Data  6.411 ( 5.454)	Loss 4.4154e+00 (5.2123e+00)	Acc@1  15.04 (  8.46)	Acc@5  34.38 ( 21.34)
Epoch: [0][1971/2503]	Time  6.700 ( 5.616)	Data  6.544 ( 5.457)	Loss 4.4360e+00 (5.2076e+00)	Acc@1  14.84 (  8.51)	Acc@5  33.79 ( 21.42)
Epoch: [0][1981/2503]	Time  8.591 ( 5.624)	Data  8.431 ( 5.466)	Loss 4.2313e+00 (5.2032e+00)	Acc@1  16.80 (  8.55)	Acc@5  38.48 ( 21.50)
Epoch: [0][1991/2503]	Time  8.678 ( 5.638)	Data  8.522 ( 5.480)	Loss 4.2339e+00 (5.1985e+00)	Acc@1  17.58 (  8.59)	Acc@5  40.23 ( 21.58)
Epoch: [0][2001/2503]	Time  7.853 ( 5.653)	Data  7.698 ( 5.495)	Loss 4.1712e+00 (5.1939e+00)	Acc@1  17.77 (  8.64)	Acc@5  40.43 ( 21.66)
Epoch: [0][2011/2503]	Time  8.321 ( 5.666)	Data  8.161 ( 5.508)	Loss 4.3157e+00 (5.1893e+00)	Acc@1  15.04 (  8.68)	Acc@5  36.13 ( 21.74)
Epoch: [0][2021/2503]	Time  7.798 ( 5.678)	Data  7.638 ( 5.520)	Loss 4.2898e+00 (5.1847e+00)	Acc@1  19.14 (  8.73)	Acc@5  37.11 ( 21.82)
Epoch: [0][2031/2503]	Time  8.084 ( 5.691)	Data  7.925 ( 5.533)	Loss 4.2301e+00 (5.1801e+00)	Acc@1  18.55 (  8.77)	Acc@5  41.02 ( 21.90)
Epoch: [0][2041/2503]	Time  8.427 ( 5.703)	Data  8.269 ( 5.545)	Loss 4.2314e+00 (5.1754e+00)	Acc@1  16.60 (  8.82)	Acc@5  37.89 ( 21.98)
Epoch: [0][2051/2503]	Time  7.899 ( 5.715)	Data  7.740 ( 5.557)	Loss 4.1655e+00 (5.1710e+00)	Acc@1  18.36 (  8.86)	Acc@5  40.43 ( 22.06)
Epoch: [0][2061/2503]	Time  8.127 ( 5.726)	Data  7.965 ( 5.568)	Loss 4.2640e+00 (5.1665e+00)	Acc@1  16.02 (  8.90)	Acc@5  37.70 ( 22.13)
Epoch: [0][2071/2503]	Time  8.547 ( 5.737)	Data  8.387 ( 5.579)	Loss 4.2660e+00 (5.1620e+00)	Acc@1  17.58 (  8.94)	Acc@5  35.55 ( 22.21)
Epoch: [0][2081/2503]	Time  7.544 ( 5.747)	Data  7.388 ( 5.589)	Loss 4.1291e+00 (5.1574e+00)	Acc@1  21.09 (  8.99)	Acc@5  42.97 ( 22.29)
Epoch: [0][2091/2503]	Time  7.810 ( 5.757)	Data  7.648 ( 5.599)	Loss 4.2547e+00 (5.1529e+00)	Acc@1  15.62 (  9.03)	Acc@5  37.89 ( 22.37)
Epoch: [0][2101/2503]	Time  9.340 ( 5.772)	Data  9.175 ( 5.614)	Loss 4.1489e+00 (5.1484e+00)	Acc@1  20.70 (  9.08)	Acc@5  38.67 ( 22.45)
Epoch: [0][2111/2503]	Time  9.490 ( 5.786)	Data  9.334 ( 5.628)	Loss 4.2021e+00 (5.1437e+00)	Acc@1  15.43 (  9.12)	Acc@5  38.48 ( 22.53)
Epoch: [0][2121/2503]	Time  8.516 ( 5.800)	Data  8.361 ( 5.642)	Loss 4.3142e+00 (5.1394e+00)	Acc@1  16.80 (  9.16)	Acc@5  36.72 ( 22.60)
Epoch: [0][2131/2503]	Time  8.642 ( 5.814)	Data  8.487 ( 5.656)	Loss 4.3331e+00 (5.1350e+00)	Acc@1  15.62 (  9.20)	Acc@5  36.13 ( 22.67)
Epoch: [0][2141/2503]	Time  9.316 ( 5.828)	Data  9.161 ( 5.670)	Loss 4.2750e+00 (5.1309e+00)	Acc@1  19.14 (  9.24)	Acc@5  38.48 ( 22.74)
Epoch: [0][2151/2503]	Time  8.734 ( 5.842)	Data  8.577 ( 5.683)	Loss 4.2443e+00 (5.1269e+00)	Acc@1  15.23 (  9.28)	Acc@5  37.50 ( 22.81)
Epoch: [0][2161/2503]	Time  7.466 ( 5.853)	Data  7.310 ( 5.695)	Loss 4.4808e+00 (5.1227e+00)	Acc@1  13.28 (  9.32)	Acc@5  34.57 ( 22.89)
Epoch: [0][2171/2503]	Time  8.578 ( 5.865)	Data  8.413 ( 5.707)	Loss 3.9475e+00 (5.1185e+00)	Acc@1  20.70 (  9.36)	Acc@5  44.34 ( 22.96)
Epoch: [0][2181/2503]	Time  7.845 ( 5.877)	Data  7.695 ( 5.719)	Loss 4.3594e+00 (5.1142e+00)	Acc@1  15.82 (  9.40)	Acc@5  35.94 ( 23.04)
Epoch: [0][2191/2503]	Time  7.970 ( 5.887)	Data  7.809 ( 5.729)	Loss 4.1622e+00 (5.1100e+00)	Acc@1  17.77 (  9.43)	Acc@5  37.11 ( 23.11)
Epoch: [0][2201/2503]	Time  7.975 ( 5.897)	Data  7.817 ( 5.739)	Loss 4.0740e+00 (5.1057e+00)	Acc@1  17.77 (  9.48)	Acc@5  39.84 ( 23.18)
Epoch: [0][2211/2503]	Time  8.736 ( 5.907)	Data  8.574 ( 5.749)	Loss 4.1721e+00 (5.1016e+00)	Acc@1  16.60 (  9.52)	Acc@5  39.45 ( 23.25)
Epoch: [0][2221/2503]	Time  7.962 ( 5.917)	Data  7.807 ( 5.759)	Loss 4.2989e+00 (5.0973e+00)	Acc@1  17.38 (  9.56)	Acc@5  38.09 ( 23.33)
Epoch: [0][2231/2503]	Time  8.023 ( 5.927)	Data  7.856 ( 5.769)	Loss 3.9909e+00 (5.0930e+00)	Acc@1  19.73 (  9.60)	Acc@5  44.92 ( 23.41)
Epoch: [0][2241/2503]	Time  8.825 ( 5.936)	Data  8.673 ( 5.778)	Loss 4.1391e+00 (5.0888e+00)	Acc@1  20.51 (  9.64)	Acc@5  41.21 ( 23.49)
Epoch: [0][2251/2503]	Time  9.603 ( 5.948)	Data  9.431 ( 5.790)	Loss 4.1277e+00 (5.0843e+00)	Acc@1  18.16 (  9.68)	Acc@5  38.48 ( 23.56)
Epoch: [0][2261/2503]	Time  9.004 ( 5.963)	Data  8.842 ( 5.805)	Loss 3.9519e+00 (5.0801e+00)	Acc@1  20.12 (  9.72)	Acc@5  44.53 ( 23.64)
Epoch: [0][2271/2503]	Time  8.159 ( 5.976)	Data  7.997 ( 5.818)	Loss 4.0111e+00 (5.0759e+00)	Acc@1  21.48 (  9.76)	Acc@5  44.34 ( 23.71)
Epoch: [0][2281/2503]	Time  9.166 ( 5.989)	Data  9.002 ( 5.831)	Loss 4.0348e+00 (5.0718e+00)	Acc@1  19.14 (  9.80)	Acc@5  41.02 ( 23.78)
Epoch: [0][2291/2503]	Time  8.743 ( 6.001)	Data  8.590 ( 5.843)	Loss 4.1202e+00 (5.0675e+00)	Acc@1  20.51 (  9.84)	Acc@5  42.58 ( 23.85)
Epoch: [0][2301/2503]	Time  8.456 ( 6.013)	Data  8.302 ( 5.856)	Loss 4.1588e+00 (5.0634e+00)	Acc@1  16.99 (  9.88)	Acc@5  39.65 ( 23.92)
Epoch: [0][2311/2503]	Time  8.497 ( 6.025)	Data  8.340 ( 5.867)	Loss 4.1360e+00 (5.0594e+00)	Acc@1  17.77 (  9.92)	Acc@5  38.28 ( 24.00)
Epoch: [0][2321/2503]	Time  8.481 ( 6.037)	Data  8.320 ( 5.879)	Loss 4.1289e+00 (5.0554e+00)	Acc@1  19.73 (  9.96)	Acc@5  42.38 ( 24.07)
Epoch: [0][2331/2503]	Time  8.717 ( 6.047)	Data  8.562 ( 5.889)	Loss 4.1312e+00 (5.0512e+00)	Acc@1  19.73 ( 10.00)	Acc@5  41.80 ( 24.14)
Epoch: [0][2341/2503]	Time  8.540 ( 6.059)	Data  8.376 ( 5.901)	Loss 4.0826e+00 (5.0470e+00)	Acc@1  20.51 ( 10.04)	Acc@5  37.89 ( 24.21)
Epoch: [0][2351/2503]	Time  8.991 ( 6.072)	Data  8.831 ( 5.914)	Loss 3.9541e+00 (5.0429e+00)	Acc@1  19.14 ( 10.08)	Acc@5  41.02 ( 24.29)
Epoch: [0][2361/2503]	Time  9.185 ( 6.084)	Data  9.018 ( 5.926)	Loss 3.9432e+00 (5.0389e+00)	Acc@1  20.31 ( 10.13)	Acc@5  42.58 ( 24.35)
Epoch: [0][2371/2503]	Time  9.885 ( 6.097)	Data  9.720 ( 5.939)	Loss 4.1929e+00 (5.0350e+00)	Acc@1  17.38 ( 10.16)	Acc@5  40.04 ( 24.42)
Epoch: [0][2381/2503]	Time  9.361 ( 6.109)	Data  9.193 ( 5.951)	Loss 4.1943e+00 (5.0310e+00)	Acc@1  16.60 ( 10.20)	Acc@5  38.09 ( 24.49)
Epoch: [0][2391/2503]	Time  8.873 ( 6.119)	Data  8.716 ( 5.961)	Loss 4.0286e+00 (5.0270e+00)	Acc@1  20.70 ( 10.24)	Acc@5  43.55 ( 24.56)
Epoch: [0][2401/2503]	Time  8.885 ( 6.130)	Data  8.730 ( 5.972)	Loss 3.9752e+00 (5.0231e+00)	Acc@1  22.07 ( 10.28)	Acc@5  42.19 ( 24.63)
Epoch: [0][2411/2503]	Time  8.618 ( 6.140)	Data  8.459 ( 5.982)	Loss 3.8927e+00 (5.0189e+00)	Acc@1  22.85 ( 10.32)	Acc@5  46.48 ( 24.71)
Epoch: [0][2421/2503]	Time  7.673 ( 6.150)	Data  7.519 ( 5.992)	Loss 4.0822e+00 (5.0150e+00)	Acc@1  18.16 ( 10.37)	Acc@5  40.43 ( 24.78)
Epoch: [0][2431/2503]	Time  8.919 ( 6.160)	Data  8.761 ( 6.002)	Loss 3.9376e+00 (5.0109e+00)	Acc@1  22.07 ( 10.41)	Acc@5  43.75 ( 24.85)
Epoch: [0][2441/2503]	Time  9.638 ( 6.172)	Data  9.486 ( 6.014)	Loss 3.8011e+00 (5.0068e+00)	Acc@1  21.09 ( 10.45)	Acc@5  44.14 ( 24.92)
Epoch: [0][2451/2503]	Time  9.316 ( 6.184)	Data  9.161 ( 6.026)	Loss 4.0207e+00 (5.0027e+00)	Acc@1  20.12 ( 10.49)	Acc@5  45.12 ( 25.00)
Epoch: [0][2461/2503]	Time  9.381 ( 6.197)	Data  9.219 ( 6.039)	Loss 3.9658e+00 (4.9987e+00)	Acc@1  22.07 ( 10.53)	Acc@5  42.97 ( 25.07)
Epoch: [0][2471/2503]	Time  8.937 ( 6.209)	Data  8.781 ( 6.051)	Loss 3.8885e+00 (4.9947e+00)	Acc@1  21.68 ( 10.57)	Acc@5  45.31 ( 25.14)
Epoch: [0][2481/2503]	Time  9.334 ( 6.220)	Data  9.175 ( 6.062)	Loss 3.7877e+00 (4.9908e+00)	Acc@1  21.88 ( 10.61)	Acc@5  47.66 ( 25.20)
Epoch: [0][2491/2503]	Time  8.659 ( 6.232)	Data  8.498 ( 6.074)	Loss 4.0252e+00 (4.9869e+00)	Acc@1  20.90 ( 10.65)	Acc@5  43.36 ( 25.28)
Epoch: [0][2501/2503]	Time  9.405 ( 6.243)	Data  9.251 ( 6.085)	Loss 4.0653e+00 (4.9833e+00)	Acc@1  18.36 ( 10.69)	Acc@5  41.02 ( 25.34)
NOTE: The GPU is currently running in a mode that can reduce Scalene's accuracy when reporting GPU utilization.
Run once as Administrator or root (i.e., prefixed with `sudo`) to enable per-process GPU accounting.
real 15640.39
user 10121.30
sys 2905.65
