=> creating model 'resnet18'
Epoch: [0][   1/1252]	Time 21.235 (21.235)	Data 10.413 (10.413)	Loss 7.0404e+00 (7.0404e+00)	Acc@1   0.10 (  0.10)	Acc@5   0.20 (  0.20)
Epoch: [0][  11/1252]	Time  0.431 ( 2.671)	Data  0.244 ( 1.431)	Loss 6.9727e+00 (6.9758e+00)	Acc@1   0.20 (  0.11)	Acc@5   0.49 (  0.52)
Epoch: [0][  21/1252]	Time  0.322 ( 2.098)	Data  0.084 ( 1.350)	Loss 6.9114e+00 (6.9581e+00)	Acc@1   0.88 (  0.20)	Acc@5   1.76 (  0.75)
Epoch: [0][  31/1252]	Time  0.323 ( 2.089)	Data  0.000 ( 1.502)	Loss 6.7900e+00 (6.9276e+00)	Acc@1   0.39 (  0.25)	Acc@5   2.25 (  0.97)
Epoch: [0][  41/1252]	Time  0.326 ( 1.933)	Data  0.001 ( 1.424)	Loss 6.7668e+00 (6.8913e+00)	Acc@1   0.49 (  0.30)	Acc@5   3.03 (  1.30)
Epoch: [0][  51/1252]	Time  0.322 ( 1.966)	Data  0.001 ( 1.502)	Loss 6.6423e+00 (6.8524e+00)	Acc@1   0.49 (  0.39)	Acc@5   2.93 (  1.59)
Epoch: [0][  61/1252]	Time  0.326 ( 1.877)	Data  0.001 ( 1.443)	Loss 6.5454e+00 (6.8124e+00)	Acc@1   0.78 (  0.44)	Acc@5   4.10 (  1.80)
Epoch: [0][  71/1252]	Time  0.324 ( 1.898)	Data  0.001 ( 1.485)	Loss 6.4943e+00 (6.7712e+00)	Acc@1   0.88 (  0.51)	Acc@5   3.22 (  2.06)
Epoch: [0][  81/1252]	Time  0.325 ( 1.844)	Data  0.001 ( 1.447)	Loss 6.4715e+00 (6.7350e+00)	Acc@1   0.88 (  0.56)	Acc@5   4.10 (  2.29)
Epoch: [0][  91/1252]	Time  0.330 ( 1.858)	Data  0.000 ( 1.474)	Loss 6.4150e+00 (6.7008e+00)	Acc@1   1.17 (  0.60)	Acc@5   4.30 (  2.49)
Epoch: [0][ 101/1252]	Time  0.324 ( 1.817)	Data  0.000 ( 1.443)	Loss 6.4269e+00 (6.6691e+00)	Acc@1   0.88 (  0.67)	Acc@5   4.30 (  2.72)
Epoch: [0][ 111/1252]	Time  0.323 ( 1.837)	Data  0.001 ( 1.472)	Loss 6.3042e+00 (6.6368e+00)	Acc@1   1.17 (  0.74)	Acc@5   5.76 (  2.95)
Epoch: [0][ 121/1252]	Time  0.325 ( 1.802)	Data  0.000 ( 1.444)	Loss 6.2511e+00 (6.6058e+00)	Acc@1   1.86 (  0.81)	Acc@5   5.86 (  3.18)
Epoch: [0][ 131/1252]	Time  0.323 ( 1.821)	Data  0.001 ( 1.469)	Loss 6.1334e+00 (6.5756e+00)	Acc@1   2.73 (  0.88)	Acc@5   7.23 (  3.40)
Epoch: [0][ 141/1252]	Time  0.324 ( 1.795)	Data  0.000 ( 1.449)	Loss 6.0594e+00 (6.5453e+00)	Acc@1   2.05 (  0.95)	Acc@5   8.89 (  3.67)
Epoch: [0][ 151/1252]	Time  1.048 ( 1.813)	Data  0.868 ( 1.473)	Loss 6.1230e+00 (6.5195e+00)	Acc@1   1.17 (  1.00)	Acc@5   5.37 (  3.83)
Epoch: [0][ 161/1252]	Time  0.327 ( 1.788)	Data  0.001 ( 1.454)	Loss 6.0694e+00 (6.4938e+00)	Acc@1   1.86 (  1.05)	Acc@5   6.64 (  4.02)
Epoch: [0][ 171/1252]	Time  0.331 ( 1.803)	Data  0.089 ( 1.474)	Loss 5.9901e+00 (6.4675e+00)	Acc@1   2.44 (  1.13)	Acc@5   8.59 (  4.24)
Epoch: [0][ 181/1252]	Time  0.324 ( 1.786)	Data  0.001 ( 1.460)	Loss 6.0722e+00 (6.4420e+00)	Acc@1   2.93 (  1.22)	Acc@5   7.52 (  4.49)
Epoch: [0][ 191/1252]	Time  0.523 ( 1.797)	Data  0.342 ( 1.475)	Loss 6.0051e+00 (6.4171e+00)	Acc@1   2.64 (  1.31)	Acc@5   8.01 (  4.72)
Epoch: [0][ 201/1252]	Time  0.323 ( 1.779)	Data  0.000 ( 1.461)	Loss 5.9287e+00 (6.3926e+00)	Acc@1   2.34 (  1.38)	Acc@5   9.38 (  4.95)
Epoch: [0][ 211/1252]	Time  1.694 ( 1.793)	Data  1.513 ( 1.479)	Loss 5.8823e+00 (6.3696e+00)	Acc@1   2.83 (  1.45)	Acc@5   9.67 (  5.18)
Epoch: [0][ 221/1252]	Time  0.324 ( 1.777)	Data  0.000 ( 1.466)	Loss 5.8967e+00 (6.3476e+00)	Acc@1   3.52 (  1.52)	Acc@5   9.67 (  5.41)
Epoch: [0][ 231/1252]	Time  2.204 ( 1.785)	Data  2.022 ( 1.477)	Loss 5.7745e+00 (6.3247e+00)	Acc@1   3.22 (  1.60)	Acc@5  12.40 (  5.64)
Epoch: [0][ 241/1252]	Time  0.325 ( 1.774)	Data  0.001 ( 1.468)	Loss 5.7377e+00 (6.3026e+00)	Acc@1   3.91 (  1.67)	Acc@5  13.09 (  5.87)
Epoch: [0][ 251/1252]	Time  3.032 ( 1.784)	Data  2.846 ( 1.481)	Loss 5.8347e+00 (6.2821e+00)	Acc@1   3.42 (  1.74)	Acc@5  11.52 (  6.10)
Epoch: [0][ 261/1252]	Time  0.325 ( 1.773)	Data  0.000 ( 1.471)	Loss 5.7769e+00 (6.2615e+00)	Acc@1   4.30 (  1.82)	Acc@5  12.01 (  6.31)
Epoch: [0][ 271/1252]	Time  4.664 ( 1.784)	Data  4.481 ( 1.485)	Loss 5.6535e+00 (6.2413e+00)	Acc@1   4.69 (  1.89)	Acc@5  12.89 (  6.53)
Epoch: [0][ 281/1252]	Time  0.327 ( 1.770)	Data  0.001 ( 1.473)	Loss 5.6841e+00 (6.2216e+00)	Acc@1   4.79 (  1.98)	Acc@5  14.75 (  6.76)
Epoch: [0][ 291/1252]	Time  3.870 ( 1.779)	Data  3.682 ( 1.484)	Loss 5.6760e+00 (6.2039e+00)	Acc@1   4.30 (  2.06)	Acc@5  14.16 (  6.95)
Epoch: [0][ 301/1252]	Time  0.324 ( 1.773)	Data  0.001 ( 1.479)	Loss 5.5501e+00 (6.1847e+00)	Acc@1   4.98 (  2.13)	Acc@5  13.18 (  7.18)
Epoch: [0][ 311/1252]	Time  4.725 ( 1.779)	Data  4.540 ( 1.487)	Loss 5.6213e+00 (6.1657e+00)	Acc@1   4.49 (  2.22)	Acc@5  12.99 (  7.39)
Epoch: [0][ 321/1252]	Time  0.320 ( 1.770)	Data  0.001 ( 1.479)	Loss 5.5193e+00 (6.1476e+00)	Acc@1   5.18 (  2.29)	Acc@5  14.45 (  7.60)
Epoch: [0][ 331/1252]	Time  3.230 ( 1.775)	Data  3.049 ( 1.486)	Loss 5.5256e+00 (6.1301e+00)	Acc@1   5.86 (  2.37)	Acc@5  15.53 (  7.81)
Epoch: [0][ 341/1252]	Time  0.321 ( 1.765)	Data  0.000 ( 1.477)	Loss 5.5535e+00 (6.1128e+00)	Acc@1   4.98 (  2.45)	Acc@5  15.72 (  8.02)
Epoch: [0][ 351/1252]	Time  3.936 ( 1.774)	Data  3.756 ( 1.487)	Loss 5.5042e+00 (6.0958e+00)	Acc@1   4.98 (  2.52)	Acc@5  15.92 (  8.23)
Epoch: [0][ 361/1252]	Time  0.727 ( 1.764)	Data  0.545 ( 1.479)	Loss 5.5559e+00 (6.0793e+00)	Acc@1   4.59 (  2.60)	Acc@5  15.14 (  8.44)
Epoch: [0][ 371/1252]	Time  3.150 ( 1.770)	Data  2.972 ( 1.487)	Loss 5.4732e+00 (6.0638e+00)	Acc@1   5.96 (  2.68)	Acc@5  16.60 (  8.63)
Epoch: [0][ 381/1252]	Time  0.415 ( 1.764)	Data  0.233 ( 1.482)	Loss 5.4046e+00 (6.0484e+00)	Acc@1   6.74 (  2.75)	Acc@5  18.75 (  8.84)
Epoch: [0][ 391/1252]	Time  4.568 ( 1.773)	Data  4.381 ( 1.493)	Loss 5.3528e+00 (6.0320e+00)	Acc@1   5.96 (  2.84)	Acc@5  17.77 (  9.05)
Epoch: [0][ 401/1252]	Time  0.324 ( 1.766)	Data  0.000 ( 1.488)	Loss 5.5132e+00 (6.0168e+00)	Acc@1   4.98 (  2.91)	Acc@5  14.84 (  9.23)
Epoch: [0][ 411/1252]	Time  5.175 ( 1.774)	Data  4.993 ( 1.496)	Loss 5.3768e+00 (6.0015e+00)	Acc@1   5.37 (  2.99)	Acc@5  16.80 (  9.44)
Epoch: [0][ 421/1252]	Time  0.325 ( 1.767)	Data  0.000 ( 1.490)	Loss 5.3640e+00 (5.9865e+00)	Acc@1   5.76 (  3.07)	Acc@5  16.99 (  9.63)
Epoch: [0][ 431/1252]	Time  5.571 ( 1.773)	Data  5.390 ( 1.497)	Loss 5.3840e+00 (5.9718e+00)	Acc@1   6.05 (  3.15)	Acc@5  17.09 (  9.82)
Epoch: [0][ 441/1252]	Time  0.326 ( 1.767)	Data  0.000 ( 1.491)	Loss 5.3426e+00 (5.9568e+00)	Acc@1   6.74 (  3.24)	Acc@5  20.12 ( 10.03)
Epoch: [0][ 451/1252]	Time  5.359 ( 1.772)	Data  5.177 ( 1.497)	Loss 5.3438e+00 (5.9425e+00)	Acc@1   6.54 (  3.31)	Acc@5  17.87 ( 10.22)
Epoch: [0][ 461/1252]	Time  0.324 ( 1.765)	Data  0.070 ( 1.491)	Loss 5.2605e+00 (5.9282e+00)	Acc@1   7.23 (  3.39)	Acc@5  18.65 ( 10.41)
Epoch: [0][ 471/1252]	Time  6.153 ( 1.772)	Data  5.970 ( 1.499)	Loss 5.2844e+00 (5.9136e+00)	Acc@1   5.47 (  3.47)	Acc@5  18.26 ( 10.61)
Epoch: [0][ 481/1252]	Time  0.323 ( 1.766)	Data  0.001 ( 1.493)	Loss 5.2607e+00 (5.9012e+00)	Acc@1   7.52 (  3.54)	Acc@5  20.61 ( 10.78)
Epoch: [0][ 491/1252]	Time  8.785 ( 1.782)	Data  8.596 ( 1.509)	Loss 5.1945e+00 (5.8871e+00)	Acc@1   7.81 (  3.61)	Acc@5  20.90 ( 10.98)
Epoch: [0][ 501/1252]	Time  0.323 ( 1.785)	Data  0.001 ( 1.512)	Loss 5.2408e+00 (5.8736e+00)	Acc@1   8.30 (  3.69)	Acc@5  21.09 ( 11.17)
Epoch: [0][ 511/1252]	Time  8.384 ( 1.803)	Data  8.195 ( 1.530)	Loss 5.2211e+00 (5.8606e+00)	Acc@1   7.62 (  3.77)	Acc@5  21.29 ( 11.35)
Epoch: [0][ 521/1252]	Time  0.324 ( 1.802)	Data  0.000 ( 1.529)	Loss 5.2081e+00 (5.8472e+00)	Acc@1   8.59 (  3.85)	Acc@5  22.07 ( 11.55)
Epoch: [0][ 531/1252]	Time  7.493 ( 1.814)	Data  7.306 ( 1.541)	Loss 5.0927e+00 (5.8342e+00)	Acc@1   9.38 (  3.93)	Acc@5  24.22 ( 11.74)
Epoch: [0][ 541/1252]	Time  0.325 ( 1.813)	Data  0.000 ( 1.540)	Loss 5.0371e+00 (5.8208e+00)	Acc@1   8.01 (  4.02)	Acc@5  22.36 ( 11.94)
Epoch: [0][ 551/1252]	Time  7.265 ( 1.825)	Data  7.081 ( 1.552)	Loss 5.1108e+00 (5.8081e+00)	Acc@1   8.40 (  4.10)	Acc@5  21.68 ( 12.12)
Epoch: [0][ 561/1252]	Time  0.324 ( 1.823)	Data  0.001 ( 1.550)	Loss 5.1802e+00 (5.7955e+00)	Acc@1   7.91 (  4.18)	Acc@5  22.36 ( 12.31)
Epoch: [0][ 571/1252]	Time  7.398 ( 1.833)	Data  7.217 ( 1.560)	Loss 5.0991e+00 (5.7830e+00)	Acc@1   7.71 (  4.26)	Acc@5  21.78 ( 12.50)
Epoch: [0][ 581/1252]	Time  0.326 ( 1.832)	Data  0.000 ( 1.559)	Loss 5.1638e+00 (5.7706e+00)	Acc@1   7.23 (  4.33)	Acc@5  19.53 ( 12.68)
Epoch: [0][ 591/1252]	Time  7.109 ( 1.842)	Data  6.927 ( 1.568)	Loss 5.0325e+00 (5.7579e+00)	Acc@1   9.18 (  4.41)	Acc@5  24.02 ( 12.86)
Epoch: [0][ 601/1252]	Time  0.324 ( 1.840)	Data  0.000 ( 1.566)	Loss 4.9903e+00 (5.7454e+00)	Acc@1  10.55 (  4.48)	Acc@5  24.61 ( 13.04)
Epoch: [0][ 611/1252]	Time  7.220 ( 1.849)	Data  7.032 ( 1.576)	Loss 4.9433e+00 (5.7330e+00)	Acc@1  10.16 (  4.57)	Acc@5  24.90 ( 13.23)
Epoch: [0][ 621/1252]	Time  0.322 ( 1.846)	Data  0.001 ( 1.573)	Loss 5.0587e+00 (5.7212e+00)	Acc@1   8.89 (  4.65)	Acc@5  23.34 ( 13.40)
Epoch: [0][ 631/1252]	Time  7.065 ( 1.854)	Data  6.885 ( 1.581)	Loss 5.1511e+00 (5.7100e+00)	Acc@1   7.52 (  4.72)	Acc@5  22.07 ( 13.56)
Epoch: [0][ 641/1252]	Time  0.322 ( 1.852)	Data  0.001 ( 1.578)	Loss 4.9124e+00 (5.6982e+00)	Acc@1  10.16 (  4.81)	Acc@5  25.68 ( 13.74)
Epoch: [0][ 651/1252]	Time  6.661 ( 1.859)	Data  6.473 ( 1.585)	Loss 5.0025e+00 (5.6863e+00)	Acc@1   9.57 (  4.89)	Acc@5  23.63 ( 13.91)
Epoch: [0][ 661/1252]	Time  0.324 ( 1.856)	Data  0.001 ( 1.583)	Loss 5.0661e+00 (5.6751e+00)	Acc@1   8.40 (  4.97)	Acc@5  22.17 ( 14.08)
Epoch: [0][ 671/1252]	Time  7.038 ( 1.864)	Data  6.857 ( 1.591)	Loss 4.8547e+00 (5.6641e+00)	Acc@1  10.45 (  5.04)	Acc@5  26.07 ( 14.24)
Epoch: [0][ 681/1252]	Time  0.323 ( 1.862)	Data  0.001 ( 1.588)	Loss 4.9412e+00 (5.6531e+00)	Acc@1  11.91 (  5.12)	Acc@5  25.78 ( 14.41)
Epoch: [0][ 691/1252]	Time  7.067 ( 1.868)	Data  6.887 ( 1.595)	Loss 4.8674e+00 (5.6424e+00)	Acc@1  10.64 (  5.20)	Acc@5  27.73 ( 14.58)
Epoch: [0][ 701/1252]	Time  0.327 ( 1.865)	Data  0.001 ( 1.591)	Loss 4.7881e+00 (5.6316e+00)	Acc@1  11.04 (  5.28)	Acc@5  28.42 ( 14.74)
Epoch: [0][ 711/1252]	Time  6.721 ( 1.871)	Data  6.543 ( 1.598)	Loss 4.9465e+00 (5.6208e+00)	Acc@1   9.08 (  5.36)	Acc@5  23.93 ( 14.90)
Epoch: [0][ 721/1252]	Time  0.321 ( 1.868)	Data  0.001 ( 1.595)	Loss 4.8933e+00 (5.6108e+00)	Acc@1  10.74 (  5.43)	Acc@5  25.88 ( 15.05)
Epoch: [0][ 731/1252]	Time  6.887 ( 1.875)	Data  6.703 ( 1.601)	Loss 4.8812e+00 (5.6000e+00)	Acc@1  11.23 (  5.51)	Acc@5  24.12 ( 15.22)
Epoch: [0][ 741/1252]	Time  0.324 ( 1.871)	Data  0.001 ( 1.598)	Loss 4.7887e+00 (5.5893e+00)	Acc@1  11.13 (  5.59)	Acc@5  28.12 ( 15.39)
Epoch: [0][ 751/1252]	Time  6.653 ( 1.875)	Data  6.477 ( 1.602)	Loss 4.7167e+00 (5.5787e+00)	Acc@1  12.21 (  5.66)	Acc@5  29.79 ( 15.56)
Epoch: [0][ 761/1252]	Time  0.325 ( 1.872)	Data  0.001 ( 1.598)	Loss 4.8147e+00 (5.5679e+00)	Acc@1  10.74 (  5.74)	Acc@5  28.32 ( 15.73)
Epoch: [0][ 771/1252]	Time  7.082 ( 1.877)	Data  6.895 ( 1.604)	Loss 4.7786e+00 (5.5576e+00)	Acc@1  11.04 (  5.82)	Acc@5  28.32 ( 15.89)
Epoch: [0][ 781/1252]	Time  0.327 ( 1.875)	Data  0.001 ( 1.601)	Loss 4.7455e+00 (5.5476e+00)	Acc@1  12.21 (  5.89)	Acc@5  28.42 ( 16.05)
Epoch: [0][ 791/1252]	Time  6.404 ( 1.879)	Data  6.221 ( 1.606)	Loss 4.6822e+00 (5.5374e+00)	Acc@1  13.77 (  5.97)	Acc@5  32.23 ( 16.21)
Epoch: [0][ 801/1252]	Time  0.323 ( 1.876)	Data  0.001 ( 1.603)	Loss 4.7884e+00 (5.5272e+00)	Acc@1  11.13 (  6.04)	Acc@5  28.42 ( 16.37)
Epoch: [0][ 811/1252]	Time  6.340 ( 1.880)	Data  6.158 ( 1.606)	Loss 4.7502e+00 (5.5172e+00)	Acc@1  13.18 (  6.13)	Acc@5  29.30 ( 16.53)
Epoch: [0][ 821/1252]	Time  0.327 ( 1.877)	Data  0.001 ( 1.603)	Loss 4.7140e+00 (5.5075e+00)	Acc@1  11.43 (  6.19)	Acc@5  29.49 ( 16.68)
Epoch: [0][ 831/1252]	Time  7.360 ( 1.883)	Data  7.189 ( 1.610)	Loss 4.6327e+00 (5.4978e+00)	Acc@1  13.09 (  6.27)	Acc@5  30.18 ( 16.83)
Epoch: [0][ 841/1252]	Time  0.325 ( 1.880)	Data  0.001 ( 1.606)	Loss 4.5375e+00 (5.4881e+00)	Acc@1  13.18 (  6.34)	Acc@5  32.13 ( 16.98)
Epoch: [0][ 851/1252]	Time  6.252 ( 1.884)	Data  6.065 ( 1.611)	Loss 4.6654e+00 (5.4784e+00)	Acc@1  11.62 (  6.42)	Acc@5  29.88 ( 17.14)
Epoch: [0][ 861/1252]	Time  0.322 ( 1.881)	Data  0.001 ( 1.607)	Loss 4.6592e+00 (5.4688e+00)	Acc@1  12.50 (  6.49)	Acc@5  30.37 ( 17.29)
Epoch: [0][ 871/1252]	Time  6.561 ( 1.885)	Data  6.379 ( 1.611)	Loss 4.7767e+00 (5.4598e+00)	Acc@1  12.11 (  6.56)	Acc@5  28.61 ( 17.44)
Epoch: [0][ 881/1252]	Time  0.323 ( 1.881)	Data  0.001 ( 1.607)	Loss 4.6122e+00 (5.4501e+00)	Acc@1  13.48 (  6.64)	Acc@5  30.86 ( 17.59)
Epoch: [0][ 891/1252]	Time  6.612 ( 1.884)	Data  6.427 ( 1.611)	Loss 4.5876e+00 (5.4406e+00)	Acc@1  15.33 (  6.72)	Acc@5  32.03 ( 17.75)
Epoch: [0][ 901/1252]	Time  0.324 ( 1.881)	Data  0.001 ( 1.607)	Loss 4.6358e+00 (5.4312e+00)	Acc@1  12.79 (  6.80)	Acc@5  30.76 ( 17.90)
Epoch: [0][ 911/1252]	Time  6.630 ( 1.884)	Data  6.451 ( 1.611)	Loss 4.5543e+00 (5.4219e+00)	Acc@1  14.45 (  6.88)	Acc@5  32.23 ( 18.07)
Epoch: [0][ 921/1252]	Time  0.323 ( 1.881)	Data  0.001 ( 1.607)	Loss 4.5650e+00 (5.4124e+00)	Acc@1  12.70 (  6.96)	Acc@5  31.05 ( 18.22)
Epoch: [0][ 931/1252]	Time  6.478 ( 1.884)	Data  6.296 ( 1.610)	Loss 4.5586e+00 (5.4031e+00)	Acc@1  14.45 (  7.04)	Acc@5  31.64 ( 18.37)
Epoch: [0][ 941/1252]	Time  0.324 ( 1.881)	Data  0.000 ( 1.607)	Loss 4.3474e+00 (5.3940e+00)	Acc@1  16.89 (  7.11)	Acc@5  36.52 ( 18.52)
Epoch: [0][ 951/1252]	Time  6.443 ( 1.885)	Data  6.259 ( 1.611)	Loss 4.4464e+00 (5.3848e+00)	Acc@1  16.02 (  7.19)	Acc@5  34.28 ( 18.67)
Epoch: [0][ 961/1252]	Time  0.323 ( 1.883)	Data  0.001 ( 1.609)	Loss 4.4938e+00 (5.3758e+00)	Acc@1  13.48 (  7.27)	Acc@5  32.52 ( 18.81)
Epoch: [0][ 971/1252]	Time  6.076 ( 1.885)	Data  5.890 ( 1.611)	Loss 4.5582e+00 (5.3668e+00)	Acc@1  13.28 (  7.34)	Acc@5  31.84 ( 18.96)
Epoch: [0][ 981/1252]	Time  0.325 ( 1.881)	Data  0.000 ( 1.607)	Loss 4.4644e+00 (5.3578e+00)	Acc@1  13.67 (  7.42)	Acc@5  34.18 ( 19.11)
Epoch: [0][ 991/1252]	Time  6.656 ( 1.885)	Data  6.478 ( 1.611)	Loss 4.5402e+00 (5.3490e+00)	Acc@1  13.77 (  7.49)	Acc@5  32.71 ( 19.25)
Epoch: [0][1001/1252]	Time  0.328 ( 1.882)	Data  0.001 ( 1.608)	Loss 4.4164e+00 (5.3403e+00)	Acc@1  16.41 (  7.57)	Acc@5  33.69 ( 19.39)
Epoch: [0][1011/1252]	Time  6.582 ( 1.886)	Data  6.393 ( 1.612)	Loss 4.6210e+00 (5.3317e+00)	Acc@1  13.48 (  7.64)	Acc@5  31.35 ( 19.54)
Epoch: [0][1021/1252]	Time  0.323 ( 1.883)	Data  0.001 ( 1.609)	Loss 4.4927e+00 (5.3228e+00)	Acc@1  13.09 (  7.71)	Acc@5  34.38 ( 19.69)
Epoch: [0][1031/1252]	Time  6.494 ( 1.886)	Data  6.312 ( 1.612)	Loss 4.4746e+00 (5.3146e+00)	Acc@1  14.55 (  7.78)	Acc@5  33.01 ( 19.82)
Epoch: [0][1041/1252]	Time  0.325 ( 1.883)	Data  0.001 ( 1.609)	Loss 4.4725e+00 (5.3065e+00)	Acc@1  16.11 (  7.85)	Acc@5  33.01 ( 19.96)
Epoch: [0][1051/1252]	Time  6.174 ( 1.886)	Data  5.996 ( 1.612)	Loss 4.4260e+00 (5.2984e+00)	Acc@1  14.84 (  7.92)	Acc@5  33.89 ( 20.09)
Epoch: [0][1061/1252]	Time  0.325 ( 1.884)	Data  0.001 ( 1.610)	Loss 4.5673e+00 (5.2902e+00)	Acc@1  13.48 (  7.99)	Acc@5  31.35 ( 20.23)
Epoch: [0][1071/1252]	Time  6.817 ( 1.887)	Data  6.633 ( 1.613)	Loss 4.3039e+00 (5.2820e+00)	Acc@1  16.02 (  8.06)	Acc@5  37.21 ( 20.37)
Epoch: [0][1081/1252]	Time  0.322 ( 1.884)	Data  0.000 ( 1.610)	Loss 4.3655e+00 (5.2741e+00)	Acc@1  17.19 (  8.13)	Acc@5  36.13 ( 20.50)
Epoch: [0][1091/1252]	Time  6.262 ( 1.888)	Data  6.081 ( 1.614)	Loss 4.1856e+00 (5.2656e+00)	Acc@1  18.36 (  8.21)	Acc@5  38.57 ( 20.64)
Epoch: [0][1101/1252]	Time  0.323 ( 1.885)	Data  0.000 ( 1.610)	Loss 4.3338e+00 (5.2575e+00)	Acc@1  16.41 (  8.28)	Acc@5  36.33 ( 20.77)
Epoch: [0][1111/1252]	Time  6.479 ( 1.887)	Data  6.295 ( 1.613)	Loss 4.5419e+00 (5.2496e+00)	Acc@1  15.62 (  8.35)	Acc@5  33.79 ( 20.91)
Epoch: [0][1121/1252]	Time  0.322 ( 1.885)	Data  0.000 ( 1.611)	Loss 4.3718e+00 (5.2420e+00)	Acc@1  16.41 (  8.42)	Acc@5  35.94 ( 21.04)
Epoch: [0][1131/1252]	Time  6.741 ( 1.888)	Data  6.556 ( 1.614)	Loss 4.3783e+00 (5.2340e+00)	Acc@1  16.80 (  8.49)	Acc@5  38.09 ( 21.18)
Epoch: [0][1141/1252]	Time  0.324 ( 1.885)	Data  0.001 ( 1.611)	Loss 4.2739e+00 (5.2262e+00)	Acc@1  16.60 (  8.56)	Acc@5  37.99 ( 21.31)
Epoch: [0][1151/1252]	Time  7.189 ( 1.888)	Data  7.005 ( 1.614)	Loss 4.3095e+00 (5.2181e+00)	Acc@1  15.82 (  8.63)	Acc@5  37.30 ( 21.45)
Epoch: [0][1161/1252]	Time  0.324 ( 1.886)	Data  0.001 ( 1.612)	Loss 4.1733e+00 (5.2100e+00)	Acc@1  17.77 (  8.70)	Acc@5  40.92 ( 21.59)
Epoch: [0][1171/1252]	Time  6.635 ( 1.889)	Data  6.453 ( 1.615)	Loss 4.3165e+00 (5.2022e+00)	Acc@1  17.58 (  8.77)	Acc@5  38.09 ( 21.72)
Epoch: [0][1181/1252]	Time  0.328 ( 1.886)	Data  0.001 ( 1.612)	Loss 4.3298e+00 (5.1944e+00)	Acc@1  15.04 (  8.84)	Acc@5  36.91 ( 21.85)
Epoch: [0][1191/1252]	Time  6.956 ( 1.890)	Data  6.769 ( 1.616)	Loss 4.1966e+00 (5.1867e+00)	Acc@1  18.16 (  8.91)	Acc@5  38.18 ( 21.98)
Epoch: [0][1201/1252]	Time  0.320 ( 1.887)	Data  0.001 ( 1.613)	Loss 4.2747e+00 (5.1792e+00)	Acc@1  18.16 (  8.98)	Acc@5  37.79 ( 22.11)
Epoch: [0][1211/1252]	Time  6.207 ( 1.889)	Data  6.026 ( 1.615)	Loss 4.2936e+00 (5.1715e+00)	Acc@1  18.07 (  9.05)	Acc@5  37.40 ( 22.24)
Epoch: [0][1221/1252]	Time  0.324 ( 1.887)	Data  0.001 ( 1.613)	Loss 4.2500e+00 (5.1639e+00)	Acc@1  16.89 (  9.12)	Acc@5  37.89 ( 22.37)
Epoch: [0][1231/1252]	Time  6.565 ( 1.889)	Data  6.385 ( 1.615)	Loss 4.2441e+00 (5.1565e+00)	Acc@1  17.97 (  9.19)	Acc@5  38.67 ( 22.50)
Epoch: [0][1241/1252]	Time  0.323 ( 1.887)	Data  0.001 ( 1.612)	Loss 4.2897e+00 (5.1492e+00)	Acc@1  17.87 (  9.26)	Acc@5  38.57 ( 22.63)
Epoch: [0][1251/1252]	Time  6.796 ( 1.889)	Data  6.611 ( 1.615)	Loss 4.2596e+00 (5.1417e+00)	Acc@1  19.34 (  9.34)	Acc@5  38.18 ( 22.76)
real 2375.15
user 8355.37
sys 776.00
