nohup python -m scalene --cpu --profile-all --html --outfile profile.html --- code/image_classification/code/pytorch_main.py /mydata/imagenet/ -j 4 --gpus 4 -b 1024 --epochs 1 --val-loop 0 &
=> creating model 'resnet18'
Epoch: [0][   1/1252]	Time 49.584 (49.584)	Data 39.224 (39.224)	Loss 7.0506e+00 (7.0506e+00)	Acc@1   0.39 (  0.39)	Acc@5   0.68 (  0.68)
Epoch: [0][  11/1252]	Time  0.329 (11.507)	Data  0.000 (10.303)	Loss 6.9713e+00 (6.9841e+00)	Acc@1   0.00 (  0.09)	Acc@5   0.20 (  0.48)
Epoch: [0][  21/1252]	Time 39.526 (11.976)	Data 39.290 (11.210)	Loss 6.9247e+00 (6.9690e+00)	Acc@1   0.49 (  0.14)	Acc@5   1.07 (  0.63)
Epoch: [0][  31/1252]	Time  0.360 (10.788)	Data  0.172 (10.180)	Loss 6.8566e+00 (6.9449e+00)	Acc@1   0.78 (  0.25)	Acc@5   2.15 (  0.97)
Epoch: [0][  41/1252]	Time 39.770 (11.175)	Data 39.527 (10.650)	Loss 6.7660e+00 (6.9137e+00)	Acc@1   0.49 (  0.33)	Acc@5   2.34 (  1.31)
Epoch: [0][  51/1252]	Time  0.325 (10.648)	Data  0.001 (10.168)	Loss 6.7057e+00 (6.8753e+00)	Acc@1   0.29 (  0.39)	Acc@5   2.34 (  1.57)
Epoch: [0][  61/1252]	Time 38.823 (10.826)	Data 38.581 (10.379)	Loss 6.5981e+00 (6.8374e+00)	Acc@1   0.98 (  0.45)	Acc@5   3.42 (  1.79)
Epoch: [0][  71/1252]	Time  1.763 (10.441)	Data  1.572 (10.020)	Loss 6.5568e+00 (6.8011e+00)	Acc@1   0.88 (  0.51)	Acc@5   3.42 (  2.04)
Epoch: [0][  81/1252]	Time 39.070 (10.625)	Data 38.834 (10.228)	Loss 6.4826e+00 (6.7619e+00)	Acc@1   0.88 (  0.58)	Acc@5   4.69 (  2.29)
Epoch: [0][  91/1252]	Time  0.768 (10.344)	Data  0.576 ( 9.964)	Loss 6.3768e+00 (6.7265e+00)	Acc@1   2.64 (  0.64)	Acc@5   5.76 (  2.52)
Epoch: [0][ 101/1252]	Time 37.029 (10.516)	Data 36.828 (10.150)	Loss 6.4206e+00 (6.6923e+00)	Acc@1   1.46 (  0.70)	Acc@5   4.39 (  2.77)
Epoch: [0][ 111/1252]	Time  1.439 (10.314)	Data  1.247 ( 9.960)	Loss 6.2730e+00 (6.6572e+00)	Acc@1   1.27 (  0.78)	Acc@5   4.20 (  3.00)
Epoch: [0][ 121/1252]	Time 37.204 (10.452)	Data 36.948 (10.106)	Loss 6.2664e+00 (6.6245e+00)	Acc@1   1.56 (  0.84)	Acc@5   6.15 (  3.22)
Epoch: [0][ 131/1252]	Time  0.332 (10.269)	Data  0.000 ( 9.930)	Loss 6.1809e+00 (6.5930e+00)	Acc@1   1.56 (  0.90)	Acc@5   5.86 (  3.41)
Epoch: [0][ 141/1252]	Time 32.872 (10.405)	Data 32.633 (10.071)	Loss 6.1779e+00 (6.5626e+00)	Acc@1   1.37 (  0.99)	Acc@5   5.96 (  3.65)
Epoch: [0][ 151/1252]	Time  0.324 (10.264)	Data  0.000 ( 9.936)	Loss 6.0960e+00 (6.5341e+00)	Acc@1   2.34 (  1.05)	Acc@5   8.01 (  3.86)
Epoch: [0][ 161/1252]	Time 34.092 (10.363)	Data 33.871 (10.041)	Loss 6.0644e+00 (6.5073e+00)	Acc@1   3.12 (  1.11)	Acc@5   9.47 (  4.07)
Epoch: [0][ 171/1252]	Time  2.088 (10.233)	Data  1.900 ( 9.917)	Loss 6.0242e+00 (6.4782e+00)	Acc@1   3.12 (  1.19)	Acc@5   8.50 (  4.32)
Epoch: [0][ 181/1252]	Time 31.848 (10.326)	Data 31.610 (10.015)	Loss 5.9646e+00 (6.4507e+00)	Acc@1   2.44 (  1.27)	Acc@5   9.57 (  4.59)
Epoch: [0][ 191/1252]	Time  1.821 (10.244)	Data  1.645 ( 9.938)	Loss 5.9003e+00 (6.4249e+00)	Acc@1   3.12 (  1.35)	Acc@5   9.67 (  4.80)
Epoch: [0][ 201/1252]	Time 38.289 (10.349)	Data 38.057 (10.047)	Loss 5.9513e+00 (6.4002e+00)	Acc@1   2.73 (  1.43)	Acc@5   9.77 (  5.04)
Epoch: [0][ 211/1252]	Time  1.478 (10.260)	Data  1.277 ( 9.961)	Loss 5.8583e+00 (6.3767e+00)	Acc@1   3.12 (  1.50)	Acc@5   9.28 (  5.24)
Epoch: [0][ 221/1252]	Time 37.146 (10.349)	Data 36.917 (10.054)	Loss 5.8221e+00 (6.3537e+00)	Acc@1   3.32 (  1.55)	Acc@5  11.04 (  5.45)
Epoch: [0][ 231/1252]	Time  4.389 (10.275)	Data  4.189 ( 9.982)	Loss 5.8051e+00 (6.3313e+00)	Acc@1   3.61 (  1.62)	Acc@5  12.11 (  5.67)
Epoch: [0][ 241/1252]	Time 37.324 (10.361)	Data 37.129 (10.072)	Loss 5.7325e+00 (6.3094e+00)	Acc@1   3.91 (  1.70)	Acc@5  12.99 (  5.91)
Epoch: [0][ 251/1252]	Time  4.144 (10.296)	Data  3.962 (10.009)	Loss 5.7406e+00 (6.2882e+00)	Acc@1   4.30 (  1.77)	Acc@5  12.79 (  6.12)
Epoch: [0][ 261/1252]	Time 37.587 (10.386)	Data 37.351 (10.101)	Loss 5.7479e+00 (6.2670e+00)	Acc@1   3.22 (  1.85)	Acc@5  11.43 (  6.35)
Epoch: [0][ 271/1252]	Time  0.335 (10.328)	Data  0.001 (10.044)	Loss 5.7723e+00 (6.2463e+00)	Acc@1   4.10 (  1.92)	Acc@5  11.91 (  6.57)
Epoch: [0][ 281/1252]	Time 37.686 (10.418)	Data 37.474 (10.135)	Loss 5.6598e+00 (6.2260e+00)	Acc@1   3.32 (  1.98)	Acc@5  12.11 (  6.77)
Epoch: [0][ 291/1252]	Time  0.330 (10.353)	Data  0.001 (10.071)	Loss 5.6553e+00 (6.2054e+00)	Acc@1   5.37 (  2.08)	Acc@5  13.38 (  7.02)
Epoch: [0][ 301/1252]	Time 36.532 (10.450)	Data 36.349 (10.169)	Loss 5.6000e+00 (6.1860e+00)	Acc@1   4.69 (  2.16)	Acc@5  14.45 (  7.24)
Epoch: [0][ 311/1252]	Time  0.322 (10.394)	Data  0.001 (10.113)	Loss 5.6551e+00 (6.1691e+00)	Acc@1   3.03 (  2.23)	Acc@5  12.11 (  7.42)
Epoch: [0][ 321/1252]	Time 33.144 (10.473)	Data 32.944 (10.192)	Loss 5.5244e+00 (6.1513e+00)	Acc@1   5.76 (  2.31)	Acc@5  15.53 (  7.62)
Epoch: [0][ 331/1252]	Time  0.325 (10.420)	Data  0.000 (10.141)	Loss 5.5069e+00 (6.1332e+00)	Acc@1   5.66 (  2.38)	Acc@5  14.06 (  7.82)
Epoch: [0][ 341/1252]	Time 34.178 (10.500)	Data 33.904 (10.221)	Loss 5.4490e+00 (6.1156e+00)	Acc@1   5.76 (  2.45)	Acc@5  16.02 (  8.02)
Epoch: [0][ 351/1252]	Time  0.341 (10.450)	Data  0.000 (10.171)	Loss 5.4595e+00 (6.0985e+00)	Acc@1   5.76 (  2.53)	Acc@5  16.60 (  8.24)
Epoch: [0][ 361/1252]	Time 31.073 (10.514)	Data 30.856 (10.235)	Loss 5.4290e+00 (6.0819e+00)	Acc@1   4.98 (  2.60)	Acc@5  16.02 (  8.44)
Epoch: [0][ 371/1252]	Time  0.343 (10.466)	Data  0.000 (10.188)	Loss 5.4119e+00 (6.0659e+00)	Acc@1   6.35 (  2.67)	Acc@5  17.68 (  8.64)
Epoch: [0][ 381/1252]	Time 30.414 (10.533)	Data 30.215 (10.255)	Loss 5.3422e+00 (6.0493e+00)	Acc@1   5.86 (  2.75)	Acc@5  17.48 (  8.85)
Epoch: [0][ 391/1252]	Time  0.328 (10.487)	Data  0.000 (10.209)	Loss 5.4338e+00 (6.0333e+00)	Acc@1   6.15 (  2.82)	Acc@5  16.50 (  9.05)
Epoch: [0][ 401/1252]	Time 28.571 (10.546)	Data 28.314 (10.269)	Loss 5.3482e+00 (6.0177e+00)	Acc@1   5.08 (  2.89)	Acc@5  17.87 (  9.25)
Epoch: [0][ 411/1252]	Time  0.340 (10.498)	Data  0.001 (10.221)	Loss 5.4702e+00 (6.0026e+00)	Acc@1   7.13 (  2.96)	Acc@5  16.99 (  9.44)
Epoch: [0][ 421/1252]	Time 28.963 (10.553)	Data 28.702 (10.277)	Loss 5.3628e+00 (5.9873e+00)	Acc@1   5.57 (  3.04)	Acc@5  18.26 (  9.64)
Epoch: [0][ 431/1252]	Time  0.331 (10.510)	Data  0.000 (10.234)	Loss 5.3254e+00 (5.9723e+00)	Acc@1   5.57 (  3.13)	Acc@5  18.65 (  9.85)
Epoch: [0][ 441/1252]	Time 27.818 (10.559)	Data 27.623 (10.284)	Loss 5.1858e+00 (5.9572e+00)	Acc@1   7.42 (  3.21)	Acc@5  22.17 ( 10.05)
Epoch: [0][ 451/1252]	Time  0.339 (10.516)	Data  0.001 (10.240)	Loss 5.1809e+00 (5.9428e+00)	Acc@1   7.91 (  3.29)	Acc@5  21.48 ( 10.24)
Epoch: [0][ 461/1252]	Time 27.514 (10.563)	Data 27.250 (10.288)	Loss 5.2379e+00 (5.9281e+00)	Acc@1   6.35 (  3.37)	Acc@5  19.04 ( 10.43)
Epoch: [0][ 471/1252]	Time  0.328 (10.523)	Data  0.001 (10.248)	Loss 5.2251e+00 (5.9138e+00)	Acc@1   6.74 (  3.45)	Acc@5  19.73 ( 10.65)
Epoch: [0][ 481/1252]	Time 21.499 (10.563)	Data 21.281 (10.288)	Loss 5.2319e+00 (5.8999e+00)	Acc@1   6.05 (  3.52)	Acc@5  18.36 ( 10.83)
Epoch: [0][ 491/1252]	Time  0.322 (10.522)	Data  0.000 (10.248)	Loss 5.2549e+00 (5.8864e+00)	Acc@1   7.52 (  3.59)	Acc@5  19.34 ( 11.02)
Epoch: [0][ 501/1252]	Time 24.495 (10.569)	Data 24.254 (10.295)	Loss 5.1756e+00 (5.8728e+00)	Acc@1   7.81 (  3.67)	Acc@5  21.58 ( 11.20)
Epoch: [0][ 511/1252]	Time  0.311 (10.528)	Data  0.001 (10.255)	Loss 5.1778e+00 (5.8587e+00)	Acc@1   8.50 (  3.75)	Acc@5  23.63 ( 11.41)
Epoch: [0][ 521/1252]	Time 21.867 (10.571)	Data 21.610 (10.297)	Loss 5.1229e+00 (5.8456e+00)	Acc@1   7.03 (  3.82)	Acc@5  22.17 ( 11.59)
Epoch: [0][ 531/1252]	Time  0.338 (10.535)	Data  0.000 (10.261)	Loss 5.2351e+00 (5.8322e+00)	Acc@1   7.71 (  3.90)	Acc@5  20.31 ( 11.79)
Epoch: [0][ 541/1252]	Time 22.940 (10.578)	Data 22.727 (10.305)	Loss 5.1322e+00 (5.8185e+00)	Acc@1   8.50 (  3.98)	Acc@5  20.90 ( 11.98)
Epoch: [0][ 551/1252]	Time  0.326 (10.541)	Data  0.000 (10.268)	Loss 5.1802e+00 (5.8055e+00)	Acc@1   8.89 (  4.06)	Acc@5  21.09 ( 12.17)
Epoch: [0][ 561/1252]	Time 22.008 (10.579)	Data 21.819 (10.307)	Loss 5.1719e+00 (5.7926e+00)	Acc@1   8.01 (  4.15)	Acc@5  20.21 ( 12.36)
Epoch: [0][ 571/1252]	Time  0.329 (10.544)	Data  0.001 (10.271)	Loss 5.0012e+00 (5.7808e+00)	Acc@1   9.08 (  4.23)	Acc@5  23.34 ( 12.53)
Epoch: [0][ 581/1252]	Time 20.097 (10.581)	Data 19.875 (10.309)	Loss 5.1043e+00 (5.7681e+00)	Acc@1   7.62 (  4.31)	Acc@5  22.66 ( 12.72)
Epoch: [0][ 591/1252]	Time  0.330 (10.549)	Data  0.001 (10.277)	Loss 5.0295e+00 (5.7557e+00)	Acc@1  10.64 (  4.39)	Acc@5  24.32 ( 12.90)
Epoch: [0][ 601/1252]	Time 21.966 (10.588)	Data 21.780 (10.316)	Loss 4.9283e+00 (5.7428e+00)	Acc@1  10.16 (  4.48)	Acc@5  25.49 ( 13.09)
Epoch: [0][ 611/1252]	Time  0.321 (10.554)	Data  0.001 (10.283)	Loss 4.9275e+00 (5.7301e+00)	Acc@1   8.79 (  4.56)	Acc@5  24.51 ( 13.27)
Epoch: [0][ 621/1252]	Time 23.396 (10.590)	Data 23.193 (10.319)	Loss 4.9405e+00 (5.7182e+00)	Acc@1   8.79 (  4.64)	Acc@5  23.24 ( 13.44)
Epoch: [0][ 631/1252]	Time  0.320 (10.558)	Data  0.001 (10.287)	Loss 4.9474e+00 (5.7064e+00)	Acc@1   9.38 (  4.72)	Acc@5  24.22 ( 13.62)
Epoch: [0][ 641/1252]	Time 22.678 (10.592)	Data 22.492 (10.321)	Loss 4.9242e+00 (5.6951e+00)	Acc@1  10.35 (  4.80)	Acc@5  26.27 ( 13.79)
Epoch: [0][ 651/1252]	Time  0.327 (10.562)	Data  0.000 (10.291)	Loss 4.8770e+00 (5.6833e+00)	Acc@1  10.74 (  4.88)	Acc@5  25.29 ( 13.96)
Epoch: [0][ 661/1252]	Time 19.830 (10.594)	Data 19.647 (10.323)	Loss 4.9556e+00 (5.6720e+00)	Acc@1  11.23 (  4.96)	Acc@5  25.49 ( 14.13)
Epoch: [0][ 671/1252]	Time  0.324 (10.562)	Data  0.000 (10.291)	Loss 4.8876e+00 (5.6605e+00)	Acc@1  10.06 (  5.04)	Acc@5  26.37 ( 14.31)
Epoch: [0][ 681/1252]	Time 19.344 (10.595)	Data 19.124 (10.325)	Loss 4.8860e+00 (5.6488e+00)	Acc@1  10.25 (  5.12)	Acc@5  25.20 ( 14.49)
Epoch: [0][ 691/1252]	Time  0.340 (10.568)	Data  0.001 (10.298)	Loss 4.8466e+00 (5.6379e+00)	Acc@1  11.13 (  5.20)	Acc@5  25.98 ( 14.66)
Epoch: [0][ 701/1252]	Time 19.521 (10.600)	Data 19.326 (10.330)	Loss 4.9500e+00 (5.6268e+00)	Acc@1   9.28 (  5.28)	Acc@5  25.78 ( 14.84)
Epoch: [0][ 711/1252]	Time  0.316 (10.572)	Data  0.001 (10.302)	Loss 4.8418e+00 (5.6157e+00)	Acc@1  10.84 (  5.37)	Acc@5  27.73 ( 15.01)
Epoch: [0][ 721/1252]	Time 20.498 (10.604)	Data 20.307 (10.334)	Loss 4.8157e+00 (5.6051e+00)	Acc@1  11.62 (  5.45)	Acc@5  25.78 ( 15.17)
Epoch: [0][ 731/1252]	Time  0.320 (10.574)	Data  0.000 (10.305)	Loss 4.7577e+00 (5.5942e+00)	Acc@1   9.86 (  5.52)	Acc@5  27.93 ( 15.33)
Epoch: [0][ 741/1252]	Time 15.416 (10.600)	Data 15.151 (10.331)	Loss 4.7635e+00 (5.5840e+00)	Acc@1  11.23 (  5.60)	Acc@5  28.32 ( 15.48)
Epoch: [0][ 751/1252]	Time  0.324 (10.572)	Data  0.000 (10.303)	Loss 4.6378e+00 (5.5733e+00)	Acc@1  12.79 (  5.67)	Acc@5  30.57 ( 15.65)
Epoch: [0][ 761/1252]	Time 16.537 (10.599)	Data 16.346 (10.330)	Loss 4.7439e+00 (5.5624e+00)	Acc@1  11.23 (  5.75)	Acc@5  28.32 ( 15.82)
Epoch: [0][ 771/1252]	Time  0.325 (10.572)	Data  0.000 (10.303)	Loss 4.8439e+00 (5.5516e+00)	Acc@1  10.74 (  5.82)	Acc@5  25.20 ( 15.99)
Epoch: [0][ 781/1252]	Time 12.966 (10.595)	Data 12.760 (10.326)	Loss 4.6138e+00 (5.5410e+00)	Acc@1  13.18 (  5.90)	Acc@5  31.64 ( 16.16)
Epoch: [0][ 791/1252]	Time  0.332 (10.569)	Data  0.000 (10.300)	Loss 4.7959e+00 (5.5311e+00)	Acc@1   9.96 (  5.98)	Acc@5  28.71 ( 16.31)
Epoch: [0][ 801/1252]	Time  8.720 (10.593)	Data  8.523 (10.324)	Loss 4.6417e+00 (5.5205e+00)	Acc@1  13.57 (  6.06)	Acc@5  30.47 ( 16.49)
Epoch: [0][ 811/1252]	Time  0.342 (10.568)	Data  0.000 (10.298)	Loss 4.7024e+00 (5.5104e+00)	Acc@1  12.60 (  6.14)	Acc@5  29.10 ( 16.64)
Epoch: [0][ 821/1252]	Time  6.454 (10.590)	Data  6.286 (10.321)	Loss 4.7216e+00 (5.5004e+00)	Acc@1  13.28 (  6.22)	Acc@5  29.88 ( 16.80)
Epoch: [0][ 831/1252]	Time  0.318 (10.567)	Data  0.001 (10.298)	Loss 4.6582e+00 (5.4903e+00)	Acc@1  13.57 (  6.30)	Acc@5  30.66 ( 16.97)
Epoch: [0][ 841/1252]	Time  8.709 (10.594)	Data  8.504 (10.325)	Loss 4.6537e+00 (5.4801e+00)	Acc@1  12.70 (  6.38)	Acc@5  29.98 ( 17.13)
Epoch: [0][ 851/1252]	Time  0.331 (10.570)	Data  0.000 (10.301)	Loss 4.6986e+00 (5.4703e+00)	Acc@1  11.72 (  6.46)	Acc@5  30.18 ( 17.29)
Epoch: [0][ 861/1252]	Time  9.379 (10.592)	Data  9.184 (10.323)	Loss 4.4644e+00 (5.4608e+00)	Acc@1  14.84 (  6.54)	Acc@5  35.25 ( 17.44)
Epoch: [0][ 871/1252]	Time  0.319 (10.568)	Data  0.000 (10.300)	Loss 4.6135e+00 (5.4507e+00)	Acc@1  13.96 (  6.62)	Acc@5  30.76 ( 17.61)
Epoch: [0][ 881/1252]	Time 10.488 (10.592)	Data 10.274 (10.324)	Loss 4.5875e+00 (5.4411e+00)	Acc@1  14.36 (  6.70)	Acc@5  30.96 ( 17.76)
Epoch: [0][ 891/1252]	Time  0.315 (10.566)	Data  0.001 (10.297)	Loss 4.5474e+00 (5.4312e+00)	Acc@1  13.38 (  6.79)	Acc@5  31.15 ( 17.92)
Epoch: [0][ 901/1252]	Time  9.469 (10.587)	Data  9.280 (10.319)	Loss 4.5807e+00 (5.4218e+00)	Acc@1  13.77 (  6.87)	Acc@5  30.08 ( 18.08)
Epoch: [0][ 911/1252]	Time  0.349 (10.565)	Data  0.000 (10.297)	Loss 4.5549e+00 (5.4125e+00)	Acc@1  14.65 (  6.95)	Acc@5  31.64 ( 18.23)
Epoch: [0][ 921/1252]	Time  5.830 (10.587)	Data  5.641 (10.319)	Loss 4.6860e+00 (5.4034e+00)	Acc@1  11.62 (  7.02)	Acc@5  29.88 ( 18.38)
Epoch: [0][ 931/1252]	Time  0.328 (10.565)	Data  0.001 (10.297)	Loss 4.4974e+00 (5.3945e+00)	Acc@1  13.38 (  7.09)	Acc@5  33.50 ( 18.53)
Epoch: [0][ 941/1252]	Time  6.825 (10.586)	Data  6.645 (10.318)	Loss 4.6315e+00 (5.3854e+00)	Acc@1  13.87 (  7.17)	Acc@5  31.25 ( 18.67)
Epoch: [0][ 951/1252]	Time  0.326 (10.564)	Data  0.000 (10.296)	Loss 4.4791e+00 (5.3763e+00)	Acc@1  15.23 (  7.24)	Acc@5  33.59 ( 18.82)
Epoch: [0][ 961/1252]	Time  6.508 (10.586)	Data  6.306 (10.318)	Loss 4.4234e+00 (5.3670e+00)	Acc@1  17.48 (  7.32)	Acc@5  36.13 ( 18.97)
Epoch: [0][ 971/1252]	Time  0.331 (10.564)	Data  0.000 (10.296)	Loss 4.5087e+00 (5.3580e+00)	Acc@1  12.79 (  7.39)	Acc@5  31.74 ( 19.13)
Epoch: [0][ 981/1252]	Time 10.772 (10.587)	Data 10.563 (10.319)	Loss 4.4813e+00 (5.3494e+00)	Acc@1  14.55 (  7.46)	Acc@5  33.59 ( 19.27)
Epoch: [0][ 991/1252]	Time  0.316 (10.566)	Data  0.001 (10.299)	Loss 4.5355e+00 (5.3406e+00)	Acc@1  14.36 (  7.54)	Acc@5  31.74 ( 19.41)
Epoch: [0][1001/1252]	Time 12.225 (10.587)	Data 12.027 (10.320)	Loss 4.5554e+00 (5.3318e+00)	Acc@1  14.84 (  7.61)	Acc@5  33.69 ( 19.56)
Epoch: [0][1011/1252]	Time  0.320 (10.567)	Data  0.000 (10.300)	Loss 4.5436e+00 (5.3236e+00)	Acc@1  15.82 (  7.69)	Acc@5  35.06 ( 19.70)
Epoch: [0][1021/1252]	Time 13.787 (10.588)	Data 13.595 (10.320)	Loss 4.4695e+00 (5.3149e+00)	Acc@1  15.92 (  7.76)	Acc@5  33.79 ( 19.85)
Epoch: [0][1031/1252]	Time  0.328 (10.566)	Data  0.000 (10.299)	Loss 4.3722e+00 (5.3059e+00)	Acc@1  15.43 (  7.84)	Acc@5  35.06 ( 19.99)
Epoch: [0][1041/1252]	Time 12.067 (10.587)	Data 11.881 (10.320)	Loss 4.3440e+00 (5.2974e+00)	Acc@1  15.82 (  7.91)	Acc@5  35.35 ( 20.13)
Epoch: [0][1051/1252]	Time  0.325 (10.568)	Data  0.001 (10.301)	Loss 4.3849e+00 (5.2891e+00)	Acc@1  15.14 (  7.99)	Acc@5  33.79 ( 20.27)
Epoch: [0][1061/1252]	Time 15.166 (10.586)	Data 14.989 (10.319)	Loss 4.3568e+00 (5.2807e+00)	Acc@1  15.72 (  8.06)	Acc@5  34.28 ( 20.41)
Epoch: [0][1071/1252]	Time  0.328 (10.565)	Data  0.001 (10.298)	Loss 4.4087e+00 (5.2725e+00)	Acc@1  15.04 (  8.13)	Acc@5  34.38 ( 20.55)
Epoch: [0][1081/1252]	Time 12.231 (10.581)	Data 12.032 (10.314)	Loss 4.3774e+00 (5.2640e+00)	Acc@1  15.82 (  8.20)	Acc@5  35.74 ( 20.69)
Epoch: [0][1091/1252]	Time  0.318 (10.561)	Data  0.001 (10.294)	Loss 4.3986e+00 (5.2558e+00)	Acc@1  17.38 (  8.27)	Acc@5  35.94 ( 20.83)
Epoch: [0][1101/1252]	Time 12.115 (10.578)	Data 11.926 (10.311)	Loss 4.2984e+00 (5.2477e+00)	Acc@1  18.26 (  8.35)	Acc@5  37.30 ( 20.96)
Epoch: [0][1111/1252]	Time  0.335 (10.560)	Data  0.000 (10.293)	Loss 4.3555e+00 (5.2396e+00)	Acc@1  15.53 (  8.43)	Acc@5  38.28 ( 21.10)
Epoch: [0][1121/1252]	Time 11.666 (10.577)	Data 11.478 (10.310)	Loss 4.3556e+00 (5.2320e+00)	Acc@1  16.99 (  8.50)	Acc@5  35.84 ( 21.23)
Epoch: [0][1131/1252]	Time  0.322 (10.559)	Data  0.001 (10.292)	Loss 4.3615e+00 (5.2240e+00)	Acc@1  16.50 (  8.57)	Acc@5  35.84 ( 21.36)
Epoch: [0][1141/1252]	Time 11.743 (10.576)	Data 11.551 (10.310)	Loss 4.2444e+00 (5.2161e+00)	Acc@1  18.26 (  8.64)	Acc@5  38.18 ( 21.50)
Epoch: [0][1151/1252]	Time  0.323 (10.559)	Data  0.000 (10.292)	Loss 4.3657e+00 (5.2080e+00)	Acc@1  16.70 (  8.72)	Acc@5  35.06 ( 21.64)
Epoch: [0][1161/1252]	Time 13.807 (10.577)	Data 13.605 (10.311)	Loss 4.3882e+00 (5.1999e+00)	Acc@1  15.82 (  8.79)	Acc@5  36.33 ( 21.78)
Epoch: [0][1171/1252]	Time  0.325 (10.559)	Data  0.000 (10.292)	Loss 4.3932e+00 (5.1923e+00)	Acc@1  15.33 (  8.86)	Acc@5  36.04 ( 21.91)
Exception ignored in: <function _MultiProcessingDataLoaderIter.__del__ at 0x7f2da29c8700>
Traceback (most recent call last):
  File "/proj/prismgt-PG0/anaconda3/envs/torch2/lib/python3.10/site-packages/torch/utils/data/dataloader.py", line 1524, in __del__
Exception ignored in: <function _MultiProcessingDataLoaderIter.__del__ at 0x7f2da29c8700>
Traceback (most recent call last):
  File "/proj/prismgt-PG0/anaconda3/envs/torch2/lib/python3.10/site-packages/torch/utils/data/dataloader.py", line 1524, in __del__
    self._shutdown_workers()
    self._shutdown_workers()
  File "/proj/prismgt-PG0/anaconda3/envs/torch2/lib/python3.10/site-packages/torch/utils/data/dataloader.py", line 1507, in _shutdown_workers
  File "/proj/prismgt-PG0/anaconda3/envs/torch2/lib/python3.10/site-packages/torch/utils/data/dataloader.py", line 1507, in _shutdown_workers
    if w.is_alive():
  File "/proj/prismgt-PG0/anaconda3/envs/torch2/lib/python3.10/multiprocessing/process.py", line 160, in is_alive
    if w.is_alive():
  File "/proj/prismgt-PG0/anaconda3/envs/torch2/lib/python3.10/multiprocessing/process.py", line 160, in is_alive
    assert self._parent_pid == os.getpid(), 'can only test a child process'
    assert self._parent_pid == os.getpid(), 'can only test a child process'
AssertionError: can only test a child process
AssertionError: can only test a child process
Exception ignored in: <function _MultiProcessingDataLoaderIter.__del__ at 0x7f2da29c8700>
Traceback (most recent call last):
  File "/proj/prismgt-PG0/anaconda3/envs/torch2/lib/python3.10/site-packages/torch/utils/data/dataloader.py", line 1524, in __del__
    self._shutdown_workers()
  File "/proj/prismgt-PG0/anaconda3/envs/torch2/lib/python3.10/site-packages/torch/utils/data/dataloader.py", line 1507, in _shutdown_workers
    if w.is_alive():
  File "/proj/prismgt-PG0/anaconda3/envs/torch2/lib/python3.10/multiprocessing/process.py", line 160, in is_alive
    assert self._parent_pid == os.getpid(), 'can only test a child process'
AssertionError: can only test a child process
Epoch: [0][1181/1252]	Time 15.380 (10.577)	Data 15.191 (10.310)	Loss 4.3590e+00 (5.1843e+00)	Acc@1  15.62 (  8.93)	Acc@5  35.16 ( 22.05)
Epoch: [0][1191/1252]	Time  0.324 (10.558)	Data  0.001 (10.291)	Loss 4.2327e+00 (5.1768e+00)	Acc@1  17.77 (  9.01)	Acc@5  37.89 ( 22.18)
Epoch: [0][1201/1252]	Time 17.784 (10.575)	Data 17.558 (10.309)	Loss 4.1322e+00 (5.1691e+00)	Acc@1  19.53 (  9.08)	Acc@5  41.89 ( 22.31)
Epoch: [0][1211/1252]	Time  0.343 (10.558)	Data  0.000 (10.292)	Loss 4.2460e+00 (5.1618e+00)	Acc@1  17.68 (  9.15)	Acc@5  38.67 ( 22.44)
Epoch: [0][1221/1252]	Time 17.616 (10.576)	Data 17.418 (10.309)	Loss 4.1558e+00 (5.1542e+00)	Acc@1  18.07 (  9.22)	Acc@5  40.53 ( 22.57)
Epoch: [0][1231/1252]	Time  0.322 (10.558)	Data  0.000 (10.292)	Loss 4.1612e+00 (5.1466e+00)	Acc@1  19.73 (  9.30)	Acc@5  39.65 ( 22.70)
Epoch: [0][1241/1252]	Time 17.578 (10.575)	Data 17.369 (10.308)	Loss 4.1691e+00 (5.1389e+00)	Acc@1  18.65 (  9.37)	Acc@5  39.75 ( 22.83)
Epoch: [0][1251/1252]	Time  0.308 (10.561)	Data  0.000 (10.295)	Loss 4.3300e+00 (5.1317e+00)	Acc@1  18.36 (  9.44)	Acc@5  36.33 ( 22.96)
NOTE: The GPU is currently running in a mode that can reduce Scalene's accuracy when reporting GPU utilization.
Run once as Administrator or root (i.e., prefixed with `sudo`) to enable per-process GPU accounting.
