nohup time -p python code/image_classification/code/pytorch_main.py /mydata/imagenet/ --log-train-file /mydata/rbachkaniwala3/code/rajveerb-ml-pipeline-benchmark/custom_log/log -j 1 --gpus 1 -b 512 --epochs 1 --val-loop 0 &
=> creating model 'resnet18'
Epoch: [0][   1/2503]	Time  6.416 ( 6.416)	Data  4.603 ( 4.603)	Loss 7.0394e+00 (7.0394e+00)	Acc@1   0.00 (  0.00)	Acc@5   0.20 (  0.20)
Epoch: [0][  11/2503]	Time  3.731 ( 3.895)	Data  3.576 ( 3.565)	Loss 6.9974e+00 (7.0059e+00)	Acc@1   0.39 (  0.09)	Acc@5   1.37 (  0.60)
Epoch: [0][  21/2503]	Time  3.807 ( 3.906)	Data  3.654 ( 3.659)	Loss 7.0107e+00 (7.0050e+00)	Acc@1   0.20 (  0.17)	Acc@5   0.98 (  0.86)
Epoch: [0][  31/2503]	Time  4.133 ( 3.912)	Data  3.978 ( 3.695)	Loss 6.9662e+00 (6.9924e+00)	Acc@1   1.17 (  0.28)	Acc@5   2.34 (  1.13)
Epoch: [0][  41/2503]	Time  4.147 ( 3.916)	Data  3.993 ( 3.714)	Loss 6.8874e+00 (6.9646e+00)	Acc@1   0.00 (  0.35)	Acc@5   1.56 (  1.29)
Epoch: [0][  51/2503]	Time  4.199 ( 3.917)	Data  4.035 ( 3.725)	Loss 6.7978e+00 (6.9366e+00)	Acc@1   0.78 (  0.40)	Acc@5   1.37 (  1.42)
Epoch: [0][  61/2503]	Time  3.856 ( 3.898)	Data  3.703 ( 3.712)	Loss 6.6692e+00 (6.9073e+00)	Acc@1   0.98 (  0.44)	Acc@5   3.12 (  1.58)
Epoch: [0][  71/2503]	Time  3.840 ( 3.902)	Data  3.686 ( 3.721)	Loss 6.6697e+00 (6.8809e+00)	Acc@1   0.59 (  0.45)	Acc@5   2.34 (  1.64)
Epoch: [0][  81/2503]	Time  3.696 ( 3.910)	Data  3.543 ( 3.732)	Loss 6.6705e+00 (6.8541e+00)	Acc@1   0.20 (  0.46)	Acc@5   2.15 (  1.77)
Epoch: [0][  91/2503]	Time  3.789 ( 3.898)	Data  3.634 ( 3.722)	Loss 6.5754e+00 (6.8290e+00)	Acc@1   1.17 (  0.51)	Acc@5   3.12 (  1.90)
Epoch: [0][ 101/2503]	Time  3.797 ( 3.892)	Data  3.643 ( 3.719)	Loss 6.5121e+00 (6.8015e+00)	Acc@1   1.76 (  0.54)	Acc@5   4.49 (  2.02)
Epoch: [0][ 111/2503]	Time  3.861 ( 3.899)	Data  3.697 ( 3.727)	Loss 6.5077e+00 (6.7767e+00)	Acc@1   0.78 (  0.59)	Acc@5   3.52 (  2.17)
Epoch: [0][ 121/2503]	Time  3.776 ( 3.896)	Data  3.620 ( 3.725)	Loss 6.4040e+00 (6.7521e+00)	Acc@1   1.56 (  0.63)	Acc@5   5.08 (  2.28)
Epoch: [0][ 131/2503]	Time  3.823 ( 3.886)	Data  3.669 ( 3.717)	Loss 6.4223e+00 (6.7283e+00)	Acc@1   0.98 (  0.66)	Acc@5   4.69 (  2.42)
Epoch: [0][ 141/2503]	Time  3.659 ( 3.884)	Data  3.506 ( 3.716)	Loss 6.3877e+00 (6.7047e+00)	Acc@1   0.78 (  0.71)	Acc@5   4.69 (  2.58)
Epoch: [0][ 151/2503]	Time  3.767 ( 3.883)	Data  3.614 ( 3.716)	Loss 6.4002e+00 (6.6824e+00)	Acc@1   1.37 (  0.73)	Acc@5   4.88 (  2.69)
Epoch: [0][ 161/2503]	Time  4.019 ( 3.881)	Data  3.865 ( 3.714)	Loss 6.2354e+00 (6.6590e+00)	Acc@1   1.76 (  0.76)	Acc@5   6.05 (  2.83)
Epoch: [0][ 171/2503]	Time  3.555 ( 3.874)	Data  3.389 ( 3.708)	Loss 6.2995e+00 (6.6398e+00)	Acc@1   2.34 (  0.80)	Acc@5   6.05 (  2.94)
Epoch: [0][ 181/2503]	Time  3.699 ( 3.870)	Data  3.545 ( 3.705)	Loss 6.2464e+00 (6.6197e+00)	Acc@1   2.15 (  0.84)	Acc@5   4.49 (  3.06)
Epoch: [0][ 191/2503]	Time  3.885 ( 3.867)	Data  3.731 ( 3.702)	Loss 6.1915e+00 (6.5997e+00)	Acc@1   1.76 (  0.89)	Acc@5   7.42 (  3.20)
Epoch: [0][ 201/2503]	Time  4.029 ( 3.866)	Data  3.875 ( 3.702)	Loss 6.0939e+00 (6.5806e+00)	Acc@1   1.95 (  0.92)	Acc@5   6.64 (  3.33)
Epoch: [0][ 211/2503]	Time  3.964 ( 3.865)	Data  3.810 ( 3.701)	Loss 6.1759e+00 (6.5614e+00)	Acc@1   0.98 (  0.95)	Acc@5   6.05 (  3.46)
Epoch: [0][ 221/2503]	Time  4.115 ( 3.871)	Data  3.961 ( 3.708)	Loss 6.2215e+00 (6.5449e+00)	Acc@1   2.15 (  0.99)	Acc@5   6.64 (  3.56)
Epoch: [0][ 231/2503]	Time  3.651 ( 3.868)	Data  3.488 ( 3.706)	Loss 6.1140e+00 (6.5287e+00)	Acc@1   1.17 (  1.01)	Acc@5   7.03 (  3.67)
Epoch: [0][ 241/2503]	Time  3.971 ( 3.869)	Data  3.817 ( 3.707)	Loss 6.0747e+00 (6.5099e+00)	Acc@1   2.15 (  1.05)	Acc@5   6.05 (  3.80)
Epoch: [0][ 251/2503]	Time  3.979 ( 3.867)	Data  3.825 ( 3.705)	Loss 6.0374e+00 (6.4918e+00)	Acc@1   2.54 (  1.09)	Acc@5   7.62 (  3.96)
Epoch: [0][ 261/2503]	Time  3.849 ( 3.864)	Data  3.696 ( 3.703)	Loss 5.9735e+00 (6.4751e+00)	Acc@1   2.93 (  1.13)	Acc@5   9.96 (  4.09)
Epoch: [0][ 271/2503]	Time  3.996 ( 3.863)	Data  3.842 ( 3.701)	Loss 6.1166e+00 (6.4587e+00)	Acc@1   2.73 (  1.17)	Acc@5   8.01 (  4.21)
Epoch: [0][ 281/2503]	Time  3.776 ( 3.864)	Data  3.622 ( 3.702)	Loss 5.9847e+00 (6.4437e+00)	Acc@1   1.76 (  1.21)	Acc@5   8.20 (  4.34)
Epoch: [0][ 291/2503]	Time  3.792 ( 3.863)	Data  3.629 ( 3.702)	Loss 6.0040e+00 (6.4297e+00)	Acc@1   2.34 (  1.25)	Acc@5   8.20 (  4.45)
Epoch: [0][ 301/2503]	Time  3.667 ( 3.863)	Data  3.513 ( 3.702)	Loss 5.9476e+00 (6.4150e+00)	Acc@1   2.34 (  1.28)	Acc@5   8.40 (  4.58)
Epoch: [0][ 311/2503]	Time  3.564 ( 3.863)	Data  3.410 ( 3.702)	Loss 5.9304e+00 (6.4005e+00)	Acc@1   1.56 (  1.31)	Acc@5   7.62 (  4.71)
Epoch: [0][ 321/2503]	Time  3.653 ( 3.861)	Data  3.499 ( 3.700)	Loss 6.0427e+00 (6.3865e+00)	Acc@1   1.76 (  1.35)	Acc@5   6.64 (  4.84)
Epoch: [0][ 331/2503]	Time  3.681 ( 3.858)	Data  3.527 ( 3.698)	Loss 5.8938e+00 (6.3725e+00)	Acc@1   3.12 (  1.40)	Acc@5   8.79 (  4.96)
Epoch: [0][ 341/2503]	Time  4.191 ( 3.856)	Data  4.037 ( 3.696)	Loss 5.8757e+00 (6.3588e+00)	Acc@1   2.73 (  1.45)	Acc@5   9.57 (  5.11)
Epoch: [0][ 351/2503]	Time  4.071 ( 3.854)	Data  3.908 ( 3.694)	Loss 5.9297e+00 (6.3466e+00)	Acc@1   1.17 (  1.48)	Acc@5  10.74 (  5.23)
Epoch: [0][ 361/2503]	Time  3.914 ( 3.852)	Data  3.760 ( 3.692)	Loss 5.7902e+00 (6.3338e+00)	Acc@1   2.54 (  1.53)	Acc@5  11.91 (  5.35)
Epoch: [0][ 371/2503]	Time  3.946 ( 3.852)	Data  3.792 ( 3.693)	Loss 5.8086e+00 (6.3205e+00)	Acc@1   3.12 (  1.56)	Acc@5   9.96 (  5.47)
Epoch: [0][ 381/2503]	Time  3.642 ( 3.851)	Data  3.488 ( 3.692)	Loss 5.9412e+00 (6.3077e+00)	Acc@1   3.71 (  1.60)	Acc@5  10.16 (  5.60)
Epoch: [0][ 391/2503]	Time  3.689 ( 3.847)	Data  3.534 ( 3.688)	Loss 5.6407e+00 (6.2951e+00)	Acc@1   2.93 (  1.62)	Acc@5  14.45 (  5.73)
Epoch: [0][ 401/2503]	Time  3.644 ( 3.845)	Data  3.491 ( 3.686)	Loss 5.7883e+00 (6.2833e+00)	Acc@1   4.69 (  1.67)	Acc@5  11.72 (  5.87)
Epoch: [0][ 411/2503]	Time  3.425 ( 3.841)	Data  3.274 ( 3.682)	Loss 5.7632e+00 (6.2709e+00)	Acc@1   4.88 (  1.72)	Acc@5  12.11 (  6.00)
Epoch: [0][ 421/2503]	Time  3.726 ( 3.840)	Data  3.573 ( 3.681)	Loss 5.7130e+00 (6.2587e+00)	Acc@1   3.71 (  1.76)	Acc@5  14.06 (  6.13)
Epoch: [0][ 431/2503]	Time  3.819 ( 3.839)	Data  3.668 ( 3.680)	Loss 5.6614e+00 (6.2464e+00)	Acc@1   4.88 (  1.80)	Acc@5  15.82 (  6.26)
Epoch: [0][ 441/2503]	Time  3.796 ( 3.836)	Data  3.645 ( 3.678)	Loss 5.6139e+00 (6.2342e+00)	Acc@1   3.32 (  1.84)	Acc@5  12.30 (  6.39)
Epoch: [0][ 451/2503]	Time  3.753 ( 3.835)	Data  3.603 ( 3.676)	Loss 5.6151e+00 (6.2224e+00)	Acc@1   4.88 (  1.87)	Acc@5  13.67 (  6.52)
Epoch: [0][ 461/2503]	Time  3.880 ( 3.835)	Data  3.720 ( 3.677)	Loss 5.7234e+00 (6.2111e+00)	Acc@1   2.54 (  1.92)	Acc@5  10.74 (  6.65)
Epoch: [0][ 471/2503]	Time  3.376 ( 3.833)	Data  3.226 ( 3.675)	Loss 5.7178e+00 (6.2006e+00)	Acc@1   3.12 (  1.95)	Acc@5  12.30 (  6.76)
Epoch: [0][ 481/2503]	Time  3.580 ( 3.832)	Data  3.426 ( 3.674)	Loss 5.6642e+00 (6.1889e+00)	Acc@1   4.69 (  1.99)	Acc@5  14.26 (  6.89)
Epoch: [0][ 491/2503]	Time  3.802 ( 3.829)	Data  3.652 ( 3.671)	Loss 5.6362e+00 (6.1779e+00)	Acc@1   4.69 (  2.04)	Acc@5  12.89 (  7.02)
Epoch: [0][ 501/2503]	Time  3.691 ( 3.827)	Data  3.541 ( 3.669)	Loss 5.5993e+00 (6.1674e+00)	Acc@1   5.27 (  2.09)	Acc@5  15.04 (  7.16)
Epoch: [0][ 511/2503]	Time  3.521 ( 3.827)	Data  3.371 ( 3.669)	Loss 5.5074e+00 (6.1563e+00)	Acc@1   5.08 (  2.14)	Acc@5  14.65 (  7.28)
Epoch: [0][ 521/2503]	Time  3.543 ( 3.824)	Data  3.383 ( 3.666)	Loss 5.6365e+00 (6.1456e+00)	Acc@1   6.25 (  2.19)	Acc@5  14.26 (  7.40)
Epoch: [0][ 531/2503]	Time  3.715 ( 3.821)	Data  3.561 ( 3.664)	Loss 5.4841e+00 (6.1353e+00)	Acc@1   5.27 (  2.23)	Acc@5  16.41 (  7.52)
Epoch: [0][ 541/2503]	Time  4.285 ( 3.819)	Data  4.135 ( 3.661)	Loss 5.4505e+00 (6.1247e+00)	Acc@1   7.42 (  2.27)	Acc@5  14.65 (  7.63)
Epoch: [0][ 551/2503]	Time  3.510 ( 3.816)	Data  3.359 ( 3.659)	Loss 5.4860e+00 (6.1146e+00)	Acc@1   6.45 (  2.32)	Acc@5  13.67 (  7.75)
Epoch: [0][ 561/2503]	Time  3.437 ( 3.813)	Data  3.285 ( 3.656)	Loss 5.6007e+00 (6.1042e+00)	Acc@1   3.12 (  2.36)	Acc@5  13.87 (  7.87)
Epoch: [0][ 571/2503]	Time  3.486 ( 3.811)	Data  3.334 ( 3.653)	Loss 5.5857e+00 (6.0939e+00)	Acc@1   5.08 (  2.41)	Acc@5  15.62 (  7.99)
Epoch: [0][ 581/2503]	Time  3.577 ( 3.808)	Data  3.427 ( 3.651)	Loss 5.5711e+00 (6.0840e+00)	Acc@1   5.08 (  2.45)	Acc@5  13.09 (  8.11)
Epoch: [0][ 591/2503]	Time  3.749 ( 3.807)	Data  3.597 ( 3.650)	Loss 5.5025e+00 (6.0741e+00)	Acc@1   4.88 (  2.50)	Acc@5  16.21 (  8.23)
Epoch: [0][ 601/2503]	Time  3.438 ( 3.805)	Data  3.288 ( 3.648)	Loss 5.4124e+00 (6.0647e+00)	Acc@1   5.08 (  2.54)	Acc@5  17.38 (  8.35)
Epoch: [0][ 611/2503]	Time  3.585 ( 3.804)	Data  3.432 ( 3.647)	Loss 5.4683e+00 (6.0545e+00)	Acc@1   7.03 (  2.59)	Acc@5  15.62 (  8.48)
Epoch: [0][ 621/2503]	Time  3.673 ( 3.802)	Data  3.523 ( 3.645)	Loss 5.4245e+00 (6.0452e+00)	Acc@1   5.47 (  2.63)	Acc@5  16.41 (  8.60)
Epoch: [0][ 631/2503]	Time  3.579 ( 3.800)	Data  3.426 ( 3.643)	Loss 5.4521e+00 (6.0359e+00)	Acc@1   5.47 (  2.68)	Acc@5  18.55 (  8.72)
Epoch: [0][ 641/2503]	Time  5.276 ( 3.802)	Data  5.122 ( 3.646)	Loss 5.4897e+00 (6.0272e+00)	Acc@1   5.66 (  2.72)	Acc@5  17.19 (  8.83)
Epoch: [0][ 651/2503]	Time  4.712 ( 3.815)	Data  4.559 ( 3.659)	Loss 5.4005e+00 (6.0171e+00)	Acc@1   4.88 (  2.77)	Acc@5  15.04 (  8.96)
Epoch: [0][ 661/2503]	Time  4.483 ( 3.826)	Data  4.330 ( 3.669)	Loss 5.3325e+00 (6.0077e+00)	Acc@1   5.66 (  2.82)	Acc@5  18.16 (  9.08)
Epoch: [0][ 671/2503]	Time  4.542 ( 3.836)	Data  4.388 ( 3.679)	Loss 5.3869e+00 (5.9989e+00)	Acc@1   5.86 (  2.85)	Acc@5  17.19 (  9.19)
Epoch: [0][ 681/2503]	Time  4.254 ( 3.844)	Data  4.100 ( 3.688)	Loss 5.2457e+00 (5.9894e+00)	Acc@1   5.66 (  2.90)	Acc@5  17.38 (  9.31)
Epoch: [0][ 691/2503]	Time  4.516 ( 3.852)	Data  4.362 ( 3.696)	Loss 5.4196e+00 (5.9809e+00)	Acc@1   5.27 (  2.94)	Acc@5  17.38 (  9.43)
Epoch: [0][ 701/2503]	Time  4.483 ( 3.861)	Data  4.330 ( 3.704)	Loss 5.1947e+00 (5.9722e+00)	Acc@1   7.62 (  2.99)	Acc@5  22.27 (  9.54)
Epoch: [0][ 711/2503]	Time  4.255 ( 3.868)	Data  4.091 ( 3.712)	Loss 5.3121e+00 (5.9633e+00)	Acc@1   6.45 (  3.03)	Acc@5  17.38 (  9.65)
Epoch: [0][ 721/2503]	Time  4.242 ( 3.877)	Data  4.078 ( 3.720)	Loss 5.3783e+00 (5.9551e+00)	Acc@1   6.64 (  3.08)	Acc@5  17.19 (  9.76)
Epoch: [0][ 731/2503]	Time  4.404 ( 3.882)	Data  4.250 ( 3.726)	Loss 5.3373e+00 (5.9463e+00)	Acc@1   6.25 (  3.13)	Acc@5  17.97 (  9.88)
Epoch: [0][ 741/2503]	Time  4.622 ( 3.888)	Data  4.469 ( 3.732)	Loss 5.3066e+00 (5.9374e+00)	Acc@1   5.27 (  3.17)	Acc@5  16.02 (  9.98)
Epoch: [0][ 751/2503]	Time  4.088 ( 3.892)	Data  3.935 ( 3.735)	Loss 5.2270e+00 (5.9289e+00)	Acc@1   7.62 (  3.21)	Acc@5  20.31 ( 10.10)
Epoch: [0][ 761/2503]	Time  4.353 ( 3.897)	Data  4.200 ( 3.740)	Loss 5.1719e+00 (5.9199e+00)	Acc@1   8.40 (  3.26)	Acc@5  20.12 ( 10.22)
Epoch: [0][ 771/2503]	Time  4.330 ( 3.903)	Data  4.178 ( 3.747)	Loss 5.2989e+00 (5.9113e+00)	Acc@1   6.25 (  3.30)	Acc@5  18.36 ( 10.33)
Epoch: [0][ 781/2503]	Time  4.339 ( 3.906)	Data  4.186 ( 3.750)	Loss 5.3150e+00 (5.9038e+00)	Acc@1   5.27 (  3.34)	Acc@5  19.34 ( 10.44)
Epoch: [0][ 791/2503]	Time  4.179 ( 3.911)	Data  4.027 ( 3.754)	Loss 5.1425e+00 (5.8953e+00)	Acc@1   8.79 (  3.39)	Acc@5  21.29 ( 10.56)
Epoch: [0][ 801/2503]	Time  4.368 ( 3.916)	Data  4.214 ( 3.759)	Loss 5.2560e+00 (5.8876e+00)	Acc@1   6.45 (  3.43)	Acc@5  18.55 ( 10.65)
Epoch: [0][ 811/2503]	Time  4.244 ( 3.919)	Data  4.090 ( 3.763)	Loss 5.2621e+00 (5.8793e+00)	Acc@1   6.45 (  3.48)	Acc@5  18.95 ( 10.77)
Epoch: [0][ 821/2503]	Time  4.503 ( 3.924)	Data  4.350 ( 3.768)	Loss 5.2359e+00 (5.8715e+00)	Acc@1   4.88 (  3.51)	Acc@5  18.95 ( 10.87)
Epoch: [0][ 831/2503]	Time  4.170 ( 3.929)	Data  4.009 ( 3.773)	Loss 5.3438e+00 (5.8634e+00)	Acc@1   6.45 (  3.56)	Acc@5  18.36 ( 10.99)
Epoch: [0][ 841/2503]	Time  3.926 ( 3.931)	Data  3.773 ( 3.775)	Loss 5.2134e+00 (5.8557e+00)	Acc@1   7.81 (  3.60)	Acc@5  21.09 ( 11.09)
Epoch: [0][ 851/2503]	Time  4.351 ( 3.933)	Data  4.197 ( 3.777)	Loss 5.0362e+00 (5.8472e+00)	Acc@1   8.40 (  3.65)	Acc@5  21.09 ( 11.21)
Epoch: [0][ 861/2503]	Time  4.072 ( 3.936)	Data  3.917 ( 3.780)	Loss 5.2202e+00 (5.8396e+00)	Acc@1   7.03 (  3.70)	Acc@5  19.14 ( 11.32)
Epoch: [0][ 871/2503]	Time  4.139 ( 3.939)	Data  3.986 ( 3.783)	Loss 5.0629e+00 (5.8315e+00)	Acc@1   9.18 (  3.74)	Acc@5  24.02 ( 11.44)
Epoch: [0][ 881/2503]	Time  4.186 ( 3.941)	Data  4.033 ( 3.785)	Loss 5.1037e+00 (5.8241e+00)	Acc@1   7.42 (  3.79)	Acc@5  20.90 ( 11.56)
Epoch: [0][ 891/2503]	Time  4.029 ( 3.943)	Data  3.876 ( 3.787)	Loss 5.0643e+00 (5.8163e+00)	Acc@1   7.23 (  3.84)	Acc@5  21.09 ( 11.67)
Epoch: [0][ 901/2503]	Time  3.936 ( 3.945)	Data  3.783 ( 3.789)	Loss 5.0811e+00 (5.8086e+00)	Acc@1   7.81 (  3.89)	Acc@5  23.24 ( 11.78)
Epoch: [0][ 911/2503]	Time  4.207 ( 3.948)	Data  4.053 ( 3.792)	Loss 5.1469e+00 (5.8013e+00)	Acc@1   6.84 (  3.93)	Acc@5  19.73 ( 11.88)
Epoch: [0][ 921/2503]	Time  4.588 ( 3.951)	Data  4.434 ( 3.795)	Loss 5.0552e+00 (5.7942e+00)	Acc@1   7.81 (  3.97)	Acc@5  23.83 ( 11.99)
Epoch: [0][ 931/2503]	Time  4.085 ( 3.954)	Data  3.921 ( 3.798)	Loss 5.1970e+00 (5.7867e+00)	Acc@1   7.62 (  4.01)	Acc@5  19.53 ( 12.09)
Epoch: [0][ 941/2503]	Time  4.043 ( 3.955)	Data  3.889 ( 3.799)	Loss 4.9396e+00 (5.7785e+00)	Acc@1   9.38 (  4.07)	Acc@5  26.37 ( 12.22)
Epoch: [0][ 951/2503]	Time  4.132 ( 3.955)	Data  3.977 ( 3.800)	Loss 4.8701e+00 (5.7707e+00)	Acc@1  11.33 (  4.12)	Acc@5  29.49 ( 12.35)
Epoch: [0][ 961/2503]	Time  4.103 ( 3.957)	Data  3.948 ( 3.802)	Loss 5.0689e+00 (5.7629e+00)	Acc@1  10.16 (  4.18)	Acc@5  24.41 ( 12.47)
Epoch: [0][ 971/2503]	Time  4.023 ( 3.960)	Data  3.871 ( 3.805)	Loss 5.0559e+00 (5.7558e+00)	Acc@1   6.84 (  4.23)	Acc@5  20.51 ( 12.57)
Epoch: [0][ 981/2503]	Time  3.715 ( 3.962)	Data  3.562 ( 3.806)	Loss 4.9907e+00 (5.7491e+00)	Acc@1   8.59 (  4.26)	Acc@5  23.44 ( 12.66)
Epoch: [0][ 991/2503]	Time  3.972 ( 3.962)	Data  3.819 ( 3.807)	Loss 5.1079e+00 (5.7419e+00)	Acc@1   9.77 (  4.31)	Acc@5  22.85 ( 12.77)
Epoch: [0][1001/2503]	Time  3.893 ( 3.963)	Data  3.740 ( 3.808)	Loss 5.0423e+00 (5.7348e+00)	Acc@1   8.20 (  4.36)	Acc@5  24.80 ( 12.88)
Epoch: [0][1011/2503]	Time  3.891 ( 3.964)	Data  3.727 ( 3.808)	Loss 5.0295e+00 (5.7278e+00)	Acc@1   9.57 (  4.41)	Acc@5  23.05 ( 12.99)
Epoch: [0][1021/2503]	Time  4.220 ( 3.964)	Data  4.067 ( 3.809)	Loss 5.0399e+00 (5.7205e+00)	Acc@1   8.01 (  4.46)	Acc@5  23.05 ( 13.10)
Epoch: [0][1031/2503]	Time  4.050 ( 3.965)	Data  3.893 ( 3.809)	Loss 5.0039e+00 (5.7135e+00)	Acc@1   8.79 (  4.50)	Acc@5  21.88 ( 13.20)
Epoch: [0][1041/2503]	Time  3.856 ( 3.966)	Data  3.700 ( 3.810)	Loss 4.9940e+00 (5.7069e+00)	Acc@1   7.62 (  4.54)	Acc@5  24.41 ( 13.31)
Epoch: [0][1051/2503]	Time  4.222 ( 3.967)	Data  4.066 ( 3.811)	Loss 4.9722e+00 (5.7000e+00)	Acc@1   9.38 (  4.59)	Acc@5  26.56 ( 13.42)
Epoch: [0][1061/2503]	Time  4.152 ( 3.967)	Data  4.000 ( 3.812)	Loss 4.8991e+00 (5.6930e+00)	Acc@1  10.55 (  4.64)	Acc@5  26.95 ( 13.52)
Epoch: [0][1071/2503]	Time  3.816 ( 3.967)	Data  3.663 ( 3.812)	Loss 4.8935e+00 (5.6861e+00)	Acc@1  11.72 (  4.68)	Acc@5  27.15 ( 13.63)
Epoch: [0][1081/2503]	Time  3.841 ( 3.967)	Data  3.687 ( 3.812)	Loss 4.8713e+00 (5.6793e+00)	Acc@1  10.16 (  4.73)	Acc@5  26.37 ( 13.73)
Epoch: [0][1091/2503]	Time  4.089 ( 3.968)	Data  3.935 ( 3.813)	Loss 5.0238e+00 (5.6722e+00)	Acc@1   8.20 (  4.77)	Acc@5  25.20 ( 13.85)
Epoch: [0][1101/2503]	Time  3.858 ( 3.969)	Data  3.705 ( 3.813)	Loss 4.8732e+00 (5.6649e+00)	Acc@1   8.79 (  4.83)	Acc@5  25.98 ( 13.96)
Epoch: [0][1111/2503]	Time  4.259 ( 3.969)	Data  4.106 ( 3.813)	Loss 4.9218e+00 (5.6581e+00)	Acc@1   9.18 (  4.88)	Acc@5  26.56 ( 14.06)
Epoch: [0][1121/2503]	Time  3.832 ( 3.970)	Data  3.679 ( 3.814)	Loss 4.8656e+00 (5.6512e+00)	Acc@1   9.38 (  4.93)	Acc@5  26.17 ( 14.17)
Epoch: [0][1131/2503]	Time  4.007 ( 3.971)	Data  3.854 ( 3.815)	Loss 4.9245e+00 (5.6446e+00)	Acc@1   9.38 (  4.97)	Acc@5  25.20 ( 14.27)
Epoch: [0][1141/2503]	Time  4.277 ( 3.971)	Data  4.123 ( 3.815)	Loss 5.0487e+00 (5.6385e+00)	Acc@1   7.62 (  5.01)	Acc@5  23.05 ( 14.37)
Epoch: [0][1151/2503]	Time  4.014 ( 3.970)	Data  3.861 ( 3.814)	Loss 4.8949e+00 (5.6319e+00)	Acc@1  10.55 (  5.06)	Acc@5  25.39 ( 14.47)
Epoch: [0][1161/2503]	Time  4.264 ( 3.971)	Data  4.110 ( 3.816)	Loss 4.8047e+00 (5.6254e+00)	Acc@1  10.55 (  5.10)	Acc@5  29.30 ( 14.57)
Epoch: [0][1171/2503]	Time  3.894 ( 3.971)	Data  3.741 ( 3.816)	Loss 4.8072e+00 (5.6192e+00)	Acc@1   9.57 (  5.14)	Acc@5  28.52 ( 14.67)
Epoch: [0][1181/2503]	Time  3.949 ( 3.972)	Data  3.797 ( 3.816)	Loss 4.7888e+00 (5.6123e+00)	Acc@1  10.35 (  5.19)	Acc@5  27.34 ( 14.77)
Epoch: [0][1191/2503]	Time  3.603 ( 3.972)	Data  3.450 ( 3.817)	Loss 4.6926e+00 (5.6060e+00)	Acc@1  10.35 (  5.23)	Acc@5  27.93 ( 14.87)
Epoch: [0][1201/2503]	Time  3.910 ( 3.972)	Data  3.756 ( 3.816)	Loss 4.8469e+00 (5.5997e+00)	Acc@1  10.94 (  5.28)	Acc@5  29.10 ( 14.97)
Epoch: [0][1211/2503]	Time  3.839 ( 3.972)	Data  3.685 ( 3.816)	Loss 4.8820e+00 (5.5934e+00)	Acc@1   9.57 (  5.32)	Acc@5  24.02 ( 15.07)
Epoch: [0][1221/2503]	Time  3.769 ( 3.972)	Data  3.608 ( 3.816)	Loss 4.9053e+00 (5.5865e+00)	Acc@1  11.52 (  5.38)	Acc@5  27.34 ( 15.18)
Epoch: [0][1231/2503]	Time  3.763 ( 3.972)	Data  3.610 ( 3.817)	Loss 4.8773e+00 (5.5802e+00)	Acc@1   9.57 (  5.42)	Acc@5  25.78 ( 15.28)
Epoch: [0][1241/2503]	Time  4.054 ( 3.972)	Data  3.899 ( 3.816)	Loss 4.6696e+00 (5.5741e+00)	Acc@1  10.16 (  5.46)	Acc@5  28.71 ( 15.38)
Epoch: [0][1251/2503]	Time  3.875 ( 3.972)	Data  3.722 ( 3.817)	Loss 4.6925e+00 (5.5679e+00)	Acc@1  11.91 (  5.51)	Acc@5  28.91 ( 15.47)
Epoch: [0][1261/2503]	Time  4.319 ( 3.973)	Data  4.166 ( 3.817)	Loss 4.7583e+00 (5.5618e+00)	Acc@1  10.16 (  5.55)	Acc@5  28.32 ( 15.56)
Epoch: [0][1271/2503]	Time  3.821 ( 3.974)	Data  3.668 ( 3.818)	Loss 4.9003e+00 (5.5559e+00)	Acc@1   9.18 (  5.59)	Acc@5  26.17 ( 15.66)
Epoch: [0][1281/2503]	Time  4.307 ( 3.974)	Data  4.153 ( 3.818)	Loss 4.8056e+00 (5.5495e+00)	Acc@1  12.70 (  5.65)	Acc@5  26.95 ( 15.77)
Epoch: [0][1291/2503]	Time  4.020 ( 3.973)	Data  3.863 ( 3.818)	Loss 4.7924e+00 (5.5436e+00)	Acc@1  10.16 (  5.69)	Acc@5  26.95 ( 15.87)
Epoch: [0][1301/2503]	Time  3.936 ( 3.974)	Data  3.781 ( 3.818)	Loss 4.7858e+00 (5.5378e+00)	Acc@1  11.13 (  5.74)	Acc@5  28.91 ( 15.96)
Epoch: [0][1311/2503]	Time  4.217 ( 3.974)	Data  4.061 ( 3.818)	Loss 4.7152e+00 (5.5312e+00)	Acc@1  10.55 (  5.78)	Acc@5  28.52 ( 16.06)
Epoch: [0][1321/2503]	Time  4.289 ( 3.973)	Data  4.136 ( 3.818)	Loss 4.6029e+00 (5.5251e+00)	Acc@1  13.28 (  5.83)	Acc@5  29.88 ( 16.15)
Epoch: [0][1331/2503]	Time  4.196 ( 3.973)	Data  4.043 ( 3.818)	Loss 4.6536e+00 (5.5188e+00)	Acc@1  10.55 (  5.87)	Acc@5  31.25 ( 16.25)
Epoch: [0][1341/2503]	Time  3.921 ( 3.974)	Data  3.768 ( 3.819)	Loss 4.7492e+00 (5.5130e+00)	Acc@1  11.13 (  5.92)	Acc@5  27.93 ( 16.34)
Epoch: [0][1351/2503]	Time  3.741 ( 3.973)	Data  3.580 ( 3.818)	Loss 4.8404e+00 (5.5073e+00)	Acc@1  11.33 (  5.96)	Acc@5  26.17 ( 16.43)
Epoch: [0][1361/2503]	Time  3.747 ( 3.973)	Data  3.593 ( 3.817)	Loss 4.8317e+00 (5.5013e+00)	Acc@1   9.57 (  6.01)	Acc@5  25.78 ( 16.52)
Epoch: [0][1371/2503]	Time  3.694 ( 3.972)	Data  3.540 ( 3.817)	Loss 4.6953e+00 (5.4959e+00)	Acc@1  12.11 (  6.05)	Acc@5  30.47 ( 16.61)
Epoch: [0][1381/2503]	Time  3.689 ( 3.972)	Data  3.536 ( 3.816)	Loss 4.6578e+00 (5.4898e+00)	Acc@1  10.94 (  6.09)	Acc@5  29.30 ( 16.71)
Epoch: [0][1391/2503]	Time  3.937 ( 3.971)	Data  3.784 ( 3.815)	Loss 4.6012e+00 (5.4839e+00)	Acc@1  11.72 (  6.14)	Acc@5  30.27 ( 16.80)
Epoch: [0][1401/2503]	Time  3.826 ( 3.970)	Data  3.671 ( 3.815)	Loss 4.7057e+00 (5.4781e+00)	Acc@1  10.94 (  6.19)	Acc@5  28.32 ( 16.89)
Epoch: [0][1411/2503]	Time  3.961 ( 3.970)	Data  3.796 ( 3.815)	Loss 4.7043e+00 (5.4723e+00)	Acc@1  12.50 (  6.23)	Acc@5  31.05 ( 16.99)
Epoch: [0][1421/2503]	Time  3.974 ( 3.970)	Data  3.821 ( 3.814)	Loss 4.6868e+00 (5.4664e+00)	Acc@1  12.50 (  6.28)	Acc@5  29.30 ( 17.09)
Epoch: [0][1431/2503]	Time  3.890 ( 3.970)	Data  3.736 ( 3.815)	Loss 4.5854e+00 (5.4603e+00)	Acc@1  12.70 (  6.33)	Acc@5  31.84 ( 17.19)
Epoch: [0][1441/2503]	Time  4.083 ( 3.970)	Data  3.931 ( 3.814)	Loss 4.6657e+00 (5.4547e+00)	Acc@1  14.84 (  6.37)	Acc@5  30.08 ( 17.28)
Epoch: [0][1451/2503]	Time  4.066 ( 3.969)	Data  3.912 ( 3.814)	Loss 4.6056e+00 (5.4488e+00)	Acc@1  13.28 (  6.42)	Acc@5  31.64 ( 17.37)
Epoch: [0][1461/2503]	Time  3.942 ( 3.969)	Data  3.788 ( 3.814)	Loss 4.7206e+00 (5.4429e+00)	Acc@1  11.33 (  6.47)	Acc@5  28.91 ( 17.46)
Epoch: [0][1471/2503]	Time  3.830 ( 3.968)	Data  3.666 ( 3.813)	Loss 4.5937e+00 (5.4375e+00)	Acc@1  11.91 (  6.51)	Acc@5  29.88 ( 17.55)
Epoch: [0][1481/2503]	Time  3.835 ( 3.968)	Data  3.684 ( 3.813)	Loss 4.6354e+00 (5.4316e+00)	Acc@1  13.28 (  6.56)	Acc@5  31.45 ( 17.65)
Epoch: [0][1491/2503]	Time  3.898 ( 3.968)	Data  3.746 ( 3.812)	Loss 4.6887e+00 (5.4260e+00)	Acc@1  14.06 (  6.61)	Acc@5  30.66 ( 17.74)
Epoch: [0][1501/2503]	Time  3.956 ( 3.967)	Data  3.803 ( 3.812)	Loss 4.5025e+00 (5.4203e+00)	Acc@1  17.58 (  6.66)	Acc@5  34.38 ( 17.84)
Epoch: [0][1511/2503]	Time  3.923 ( 3.967)	Data  3.772 ( 3.811)	Loss 4.5496e+00 (5.4145e+00)	Acc@1  13.48 (  6.71)	Acc@5  32.03 ( 17.93)
Epoch: [0][1521/2503]	Time  3.938 ( 3.966)	Data  3.785 ( 3.811)	Loss 4.6603e+00 (5.4092e+00)	Acc@1  12.30 (  6.75)	Acc@5  31.05 ( 18.02)
Epoch: [0][1531/2503]	Time  4.043 ( 3.966)	Data  3.879 ( 3.811)	Loss 4.5570e+00 (5.4038e+00)	Acc@1  12.50 (  6.80)	Acc@5  30.08 ( 18.11)
Epoch: [0][1541/2503]	Time  3.868 ( 3.965)	Data  3.716 ( 3.810)	Loss 4.5336e+00 (5.3984e+00)	Acc@1  12.50 (  6.84)	Acc@5  32.62 ( 18.20)
Epoch: [0][1551/2503]	Time  3.898 ( 3.965)	Data  3.745 ( 3.810)	Loss 4.7186e+00 (5.3931e+00)	Acc@1  11.72 (  6.88)	Acc@5  26.95 ( 18.29)
Epoch: [0][1561/2503]	Time  3.609 ( 3.964)	Data  3.456 ( 3.809)	Loss 4.4723e+00 (5.3877e+00)	Acc@1  15.04 (  6.93)	Acc@5  34.57 ( 18.38)
Epoch: [0][1571/2503]	Time  4.121 ( 3.964)	Data  3.967 ( 3.809)	Loss 4.6743e+00 (5.3826e+00)	Acc@1  12.50 (  6.97)	Acc@5  30.47 ( 18.47)
Epoch: [0][1581/2503]	Time  3.847 ( 3.964)	Data  3.694 ( 3.808)	Loss 4.4592e+00 (5.3769e+00)	Acc@1  13.09 (  7.01)	Acc@5  32.23 ( 18.56)
Epoch: [0][1591/2503]	Time  5.205 ( 3.968)	Data  5.052 ( 3.813)	Loss 4.3735e+00 (5.3713e+00)	Acc@1  17.77 (  7.06)	Acc@5  37.30 ( 18.66)
Epoch: [0][1601/2503]	Time  4.875 ( 3.976)	Data  4.722 ( 3.821)	Loss 4.4417e+00 (5.3659e+00)	Acc@1  15.04 (  7.10)	Acc@5  33.20 ( 18.74)
Epoch: [0][1611/2503]	Time  5.206 ( 3.983)	Data  5.052 ( 3.827)	Loss 4.5528e+00 (5.3605e+00)	Acc@1  14.45 (  7.15)	Acc@5  33.20 ( 18.83)
Epoch: [0][1621/2503]	Time  5.296 ( 3.990)	Data  5.142 ( 3.835)	Loss 4.5631e+00 (5.3551e+00)	Acc@1  12.11 (  7.20)	Acc@5  32.62 ( 18.92)
Epoch: [0][1631/2503]	Time  4.871 ( 3.996)	Data  4.720 ( 3.841)	Loss 4.5242e+00 (5.3497e+00)	Acc@1  12.70 (  7.25)	Acc@5  34.38 ( 19.01)
Epoch: [0][1641/2503]	Time  4.644 ( 4.001)	Data  4.492 ( 3.846)	Loss 4.4437e+00 (5.3445e+00)	Acc@1  14.65 (  7.29)	Acc@5  34.57 ( 19.10)
Epoch: [0][1651/2503]	Time  4.878 ( 4.007)	Data  4.728 ( 3.851)	Loss 4.4917e+00 (5.3390e+00)	Acc@1  13.67 (  7.33)	Acc@5  34.38 ( 19.19)
Epoch: [0][1661/2503]	Time  4.956 ( 4.013)	Data  4.802 ( 3.858)	Loss 4.4992e+00 (5.3340e+00)	Acc@1  14.45 (  7.38)	Acc@5  32.81 ( 19.27)
Epoch: [0][1671/2503]	Time  4.665 ( 4.018)	Data  4.511 ( 3.863)	Loss 4.3107e+00 (5.3286e+00)	Acc@1  15.04 (  7.42)	Acc@5  36.13 ( 19.36)
Epoch: [0][1681/2503]	Time  4.914 ( 4.023)	Data  4.761 ( 3.867)	Loss 4.5132e+00 (5.3235e+00)	Acc@1  12.70 (  7.47)	Acc@5  32.23 ( 19.45)
Epoch: [0][1691/2503]	Time  5.030 ( 4.028)	Data  4.876 ( 3.873)	Loss 4.3948e+00 (5.3184e+00)	Acc@1  15.23 (  7.52)	Acc@5  33.79 ( 19.54)
Epoch: [0][1701/2503]	Time  4.479 ( 4.032)	Data  4.324 ( 3.877)	Loss 4.3711e+00 (5.3130e+00)	Acc@1  15.82 (  7.56)	Acc@5  35.94 ( 19.63)
Epoch: [0][1711/2503]	Time  4.953 ( 4.037)	Data  4.801 ( 3.882)	Loss 4.4249e+00 (5.3082e+00)	Acc@1  14.06 (  7.61)	Acc@5  32.81 ( 19.71)
Epoch: [0][1721/2503]	Time  4.700 ( 4.041)	Data  4.546 ( 3.886)	Loss 4.4697e+00 (5.3036e+00)	Acc@1  16.41 (  7.65)	Acc@5  36.13 ( 19.79)
Epoch: [0][1731/2503]	Time  4.787 ( 4.045)	Data  4.634 ( 3.890)	Loss 4.4463e+00 (5.2988e+00)	Acc@1  14.26 (  7.69)	Acc@5  32.23 ( 19.87)
Epoch: [0][1741/2503]	Time  5.527 ( 4.049)	Data  5.376 ( 3.894)	Loss 4.3740e+00 (5.2936e+00)	Acc@1  15.23 (  7.73)	Acc@5  35.55 ( 19.96)
Epoch: [0][1751/2503]	Time  4.494 ( 4.053)	Data  4.343 ( 3.898)	Loss 4.3956e+00 (5.2884e+00)	Acc@1  13.09 (  7.78)	Acc@5  33.40 ( 20.05)
Epoch: [0][1761/2503]	Time  4.727 ( 4.056)	Data  4.576 ( 3.901)	Loss 4.2252e+00 (5.2831e+00)	Acc@1  17.77 (  7.83)	Acc@5  39.26 ( 20.14)
Epoch: [0][1771/2503]	Time  4.940 ( 4.060)	Data  4.785 ( 3.905)	Loss 4.4132e+00 (5.2780e+00)	Acc@1  14.65 (  7.87)	Acc@5  34.18 ( 20.23)
Epoch: [0][1781/2503]	Time  5.181 ( 4.065)	Data  5.030 ( 3.910)	Loss 4.4480e+00 (5.2730e+00)	Acc@1  14.45 (  7.91)	Acc@5  33.20 ( 20.32)
Epoch: [0][1791/2503]	Time  4.469 ( 4.068)	Data  4.315 ( 3.913)	Loss 4.4174e+00 (5.2682e+00)	Acc@1  15.62 (  7.95)	Acc@5  33.79 ( 20.39)
Epoch: [0][1801/2503]	Time  4.463 ( 4.071)	Data  4.311 ( 3.916)	Loss 4.3779e+00 (5.2635e+00)	Acc@1  15.82 (  8.00)	Acc@5  33.98 ( 20.47)
Epoch: [0][1811/2503]	Time  4.576 ( 4.073)	Data  4.421 ( 3.918)	Loss 4.0890e+00 (5.2583e+00)	Acc@1  17.58 (  8.05)	Acc@5  38.09 ( 20.56)
Epoch: [0][1821/2503]	Time  4.606 ( 4.076)	Data  4.455 ( 3.921)	Loss 4.4642e+00 (5.2533e+00)	Acc@1  13.09 (  8.08)	Acc@5  35.35 ( 20.65)
Epoch: [0][1831/2503]	Time  4.376 ( 4.079)	Data  4.226 ( 3.924)	Loss 4.3481e+00 (5.2485e+00)	Acc@1  14.06 (  8.13)	Acc@5  34.96 ( 20.73)
Epoch: [0][1841/2503]	Time  4.442 ( 4.082)	Data  4.287 ( 3.927)	Loss 4.2781e+00 (5.2437e+00)	Acc@1  17.97 (  8.17)	Acc@5  36.91 ( 20.81)
Epoch: [0][1851/2503]	Time  4.183 ( 4.083)	Data  4.031 ( 3.928)	Loss 4.2715e+00 (5.2388e+00)	Acc@1  16.21 (  8.21)	Acc@5  39.65 ( 20.90)
Epoch: [0][1861/2503]	Time  4.264 ( 4.085)	Data  4.109 ( 3.930)	Loss 4.4328e+00 (5.2340e+00)	Acc@1  15.23 (  8.25)	Acc@5  35.35 ( 20.98)
Epoch: [0][1871/2503]	Time  4.453 ( 4.087)	Data  4.300 ( 3.932)	Loss 4.2036e+00 (5.2293e+00)	Acc@1  13.87 (  8.30)	Acc@5  38.09 ( 21.05)
Epoch: [0][1881/2503]	Time  4.248 ( 4.088)	Data  4.094 ( 3.933)	Loss 4.4973e+00 (5.2248e+00)	Acc@1  12.70 (  8.34)	Acc@5  31.25 ( 21.13)
Epoch: [0][1891/2503]	Time  4.179 ( 4.089)	Data  4.027 ( 3.934)	Loss 4.1791e+00 (5.2200e+00)	Acc@1  18.36 (  8.38)	Acc@5  39.26 ( 21.21)
Epoch: [0][1901/2503]	Time  4.522 ( 4.091)	Data  4.372 ( 3.936)	Loss 4.4854e+00 (5.2153e+00)	Acc@1  15.82 (  8.43)	Acc@5  33.40 ( 21.29)
Epoch: [0][1911/2503]	Time  4.422 ( 4.093)	Data  4.271 ( 3.938)	Loss 4.2514e+00 (5.2103e+00)	Acc@1  17.38 (  8.47)	Acc@5  37.50 ( 21.38)
Epoch: [0][1921/2503]	Time  4.640 ( 4.095)	Data  4.489 ( 3.940)	Loss 4.2236e+00 (5.2054e+00)	Acc@1  16.60 (  8.52)	Acc@5  40.23 ( 21.46)
Epoch: [0][1931/2503]	Time  4.613 ( 4.097)	Data  4.452 ( 3.942)	Loss 4.3006e+00 (5.2006e+00)	Acc@1  16.60 (  8.56)	Acc@5  35.74 ( 21.54)
Epoch: [0][1941/2503]	Time  4.057 ( 4.098)	Data  3.892 ( 3.943)	Loss 4.4557e+00 (5.1961e+00)	Acc@1  15.04 (  8.60)	Acc@5  34.96 ( 21.62)
Epoch: [0][1951/2503]	Time  4.289 ( 4.100)	Data  4.135 ( 3.945)	Loss 4.2743e+00 (5.1911e+00)	Acc@1  16.02 (  8.64)	Acc@5  35.94 ( 21.70)
Epoch: [0][1961/2503]	Time  4.400 ( 4.101)	Data  4.243 ( 3.946)	Loss 4.3039e+00 (5.1863e+00)	Acc@1  14.26 (  8.68)	Acc@5  35.55 ( 21.79)
Epoch: [0][1971/2503]	Time  4.358 ( 4.103)	Data  4.205 ( 3.948)	Loss 4.1754e+00 (5.1818e+00)	Acc@1  19.34 (  8.72)	Acc@5  41.02 ( 21.87)
Epoch: [0][1981/2503]	Time  4.475 ( 4.105)	Data  4.320 ( 3.950)	Loss 4.2421e+00 (5.1772e+00)	Acc@1  18.75 (  8.77)	Acc@5  37.89 ( 21.95)
Epoch: [0][1991/2503]	Time  4.052 ( 4.105)	Data  3.898 ( 3.951)	Loss 4.1320e+00 (5.1722e+00)	Acc@1  18.75 (  8.82)	Acc@5  40.43 ( 22.03)
Epoch: [0][2001/2503]	Time  4.363 ( 4.106)	Data  4.209 ( 3.951)	Loss 4.2472e+00 (5.1674e+00)	Acc@1  17.77 (  8.86)	Acc@5  36.52 ( 22.11)
Epoch: [0][2011/2503]	Time  4.156 ( 4.107)	Data  4.003 ( 3.952)	Loss 4.2516e+00 (5.1628e+00)	Acc@1  17.58 (  8.90)	Acc@5  36.91 ( 22.19)
Epoch: [0][2021/2503]	Time  4.468 ( 4.109)	Data  4.314 ( 3.954)	Loss 4.2132e+00 (5.1582e+00)	Acc@1  17.19 (  8.95)	Acc@5  39.84 ( 22.27)
Epoch: [0][2031/2503]	Time  4.303 ( 4.110)	Data  4.149 ( 3.955)	Loss 4.1349e+00 (5.1536e+00)	Acc@1  20.31 (  8.99)	Acc@5  41.21 ( 22.35)
Epoch: [0][2041/2503]	Time  4.018 ( 4.111)	Data  3.864 ( 3.956)	Loss 4.3029e+00 (5.1491e+00)	Acc@1  15.43 (  9.03)	Acc@5  34.96 ( 22.43)
Epoch: [0][2051/2503]	Time  4.259 ( 4.111)	Data  4.106 ( 3.956)	Loss 4.2705e+00 (5.1448e+00)	Acc@1  19.14 (  9.07)	Acc@5  36.33 ( 22.50)
Epoch: [0][2061/2503]	Time  4.310 ( 4.112)	Data  4.157 ( 3.957)	Loss 4.0679e+00 (5.1400e+00)	Acc@1  19.92 (  9.12)	Acc@5  39.45 ( 22.58)
Epoch: [0][2071/2503]	Time  4.332 ( 4.112)	Data  4.173 ( 3.958)	Loss 4.2865e+00 (5.1356e+00)	Acc@1  18.55 (  9.17)	Acc@5  38.67 ( 22.66)
Epoch: [0][2081/2503]	Time  4.275 ( 4.113)	Data  4.125 ( 3.958)	Loss 4.2695e+00 (5.1309e+00)	Acc@1  17.19 (  9.21)	Acc@5  35.74 ( 22.74)
Epoch: [0][2091/2503]	Time  4.053 ( 4.114)	Data  3.902 ( 3.959)	Loss 4.1591e+00 (5.1265e+00)	Acc@1  19.34 (  9.25)	Acc@5  40.23 ( 22.82)
Epoch: [0][2101/2503]	Time  4.420 ( 4.114)	Data  4.270 ( 3.960)	Loss 4.0802e+00 (5.1220e+00)	Acc@1  20.31 (  9.30)	Acc@5  40.43 ( 22.90)
Epoch: [0][2111/2503]	Time  5.768 ( 4.119)	Data  5.618 ( 3.964)	Loss 4.2424e+00 (5.1178e+00)	Acc@1  18.55 (  9.34)	Acc@5  40.43 ( 22.98)
Epoch: [0][2121/2503]	Time  5.068 ( 4.128)	Data  4.917 ( 3.973)	Loss 4.2576e+00 (5.1136e+00)	Acc@1  17.97 (  9.37)	Acc@5  40.23 ( 23.05)
Epoch: [0][2131/2503]	Time  5.610 ( 4.134)	Data  5.460 ( 3.979)	Loss 4.2648e+00 (5.1092e+00)	Acc@1  15.82 (  9.41)	Acc@5  37.70 ( 23.13)
Epoch: [0][2141/2503]	Time  5.573 ( 4.141)	Data  5.421 ( 3.987)	Loss 4.3052e+00 (5.1051e+00)	Acc@1  16.02 (  9.45)	Acc@5  36.52 ( 23.20)
Epoch: [0][2151/2503]	Time  5.828 ( 4.148)	Data  5.677 ( 3.993)	Loss 4.2628e+00 (5.1005e+00)	Acc@1  16.99 (  9.50)	Acc@5  37.50 ( 23.28)
Epoch: [0][2161/2503]	Time  5.398 ( 4.155)	Data  5.240 ( 4.000)	Loss 4.1986e+00 (5.0962e+00)	Acc@1  19.34 (  9.54)	Acc@5  38.87 ( 23.36)
Epoch: [0][2171/2503]	Time  5.468 ( 4.161)	Data  5.318 ( 4.006)	Loss 4.2428e+00 (5.0918e+00)	Acc@1  16.41 (  9.58)	Acc@5  38.48 ( 23.43)
Epoch: [0][2181/2503]	Time  5.835 ( 4.167)	Data  5.683 ( 4.012)	Loss 4.2910e+00 (5.0875e+00)	Acc@1  20.12 (  9.62)	Acc@5  38.28 ( 23.51)
Epoch: [0][2191/2503]	Time  5.582 ( 4.173)	Data  5.430 ( 4.018)	Loss 4.1923e+00 (5.0833e+00)	Acc@1  19.34 (  9.66)	Acc@5  41.80 ( 23.59)
Epoch: [0][2201/2503]	Time  5.607 ( 4.178)	Data  5.454 ( 4.023)	Loss 4.0657e+00 (5.0789e+00)	Acc@1  18.75 (  9.71)	Acc@5  41.99 ( 23.66)
Epoch: [0][2211/2503]	Time  5.087 ( 4.183)	Data  4.934 ( 4.028)	Loss 4.2082e+00 (5.0747e+00)	Acc@1  18.36 (  9.74)	Acc@5  37.30 ( 23.73)
Epoch: [0][2221/2503]	Time  5.189 ( 4.188)	Data  5.035 ( 4.033)	Loss 4.0760e+00 (5.0707e+00)	Acc@1  18.75 (  9.79)	Acc@5  39.26 ( 23.81)
Epoch: [0][2231/2503]	Time  4.874 ( 4.193)	Data  4.720 ( 4.038)	Loss 4.0779e+00 (5.0665e+00)	Acc@1  19.73 (  9.82)	Acc@5  44.34 ( 23.88)
Epoch: [0][2241/2503]	Time  4.854 ( 4.196)	Data  4.701 ( 4.041)	Loss 4.1234e+00 (5.0624e+00)	Acc@1  23.24 (  9.87)	Acc@5  40.82 ( 23.95)
Epoch: [0][2251/2503]	Time  5.110 ( 4.200)	Data  4.950 ( 4.045)	Loss 4.0772e+00 (5.0583e+00)	Acc@1  15.82 (  9.90)	Acc@5  43.16 ( 24.03)
Epoch: [0][2261/2503]	Time  5.118 ( 4.204)	Data  4.969 ( 4.049)	Loss 3.9776e+00 (5.0541e+00)	Acc@1  20.51 (  9.94)	Acc@5  43.16 ( 24.10)
Epoch: [0][2271/2503]	Time  4.781 ( 4.208)	Data  4.628 ( 4.053)	Loss 4.1072e+00 (5.0500e+00)	Acc@1  19.53 (  9.98)	Acc@5  40.04 ( 24.17)
Epoch: [0][2281/2503]	Time  5.235 ( 4.211)	Data  5.082 ( 4.057)	Loss 4.2029e+00 (5.0459e+00)	Acc@1  18.95 ( 10.02)	Acc@5  37.70 ( 24.24)
Epoch: [0][2291/2503]	Time  4.893 ( 4.215)	Data  4.741 ( 4.060)	Loss 4.1085e+00 (5.0420e+00)	Acc@1  18.16 ( 10.06)	Acc@5  41.99 ( 24.31)
Epoch: [0][2301/2503]	Time  5.048 ( 4.218)	Data  4.896 ( 4.064)	Loss 4.3623e+00 (5.0381e+00)	Acc@1  13.87 ( 10.10)	Acc@5  36.72 ( 24.38)
Epoch: [0][2311/2503]	Time  4.383 ( 4.221)	Data  4.232 ( 4.066)	Loss 4.2054e+00 (5.0340e+00)	Acc@1  18.95 ( 10.14)	Acc@5  38.48 ( 24.45)
Epoch: [0][2321/2503]	Time  4.563 ( 4.223)	Data  4.410 ( 4.069)	Loss 4.0111e+00 (5.0298e+00)	Acc@1  21.68 ( 10.18)	Acc@5  42.58 ( 24.53)
Epoch: [0][2331/2503]	Time  4.830 ( 4.226)	Data  4.677 ( 4.071)	Loss 4.2023e+00 (5.0257e+00)	Acc@1  17.97 ( 10.22)	Acc@5  38.09 ( 24.60)
Epoch: [0][2341/2503]	Time  5.103 ( 4.229)	Data  4.949 ( 4.074)	Loss 4.1355e+00 (5.0217e+00)	Acc@1  19.53 ( 10.26)	Acc@5  40.82 ( 24.67)
Epoch: [0][2351/2503]	Time  4.565 ( 4.231)	Data  4.412 ( 4.077)	Loss 4.1210e+00 (5.0177e+00)	Acc@1  18.95 ( 10.30)	Acc@5  41.41 ( 24.74)
Epoch: [0][2361/2503]	Time  5.149 ( 4.234)	Data  4.996 ( 4.080)	Loss 4.2664e+00 (5.0138e+00)	Acc@1  16.99 ( 10.34)	Acc@5  36.72 ( 24.80)
Epoch: [0][2371/2503]	Time  5.222 ( 4.237)	Data  5.069 ( 4.082)	Loss 4.0814e+00 (5.0097e+00)	Acc@1  20.51 ( 10.38)	Acc@5  43.55 ( 24.88)
Epoch: [0][2381/2503]	Time  4.652 ( 4.239)	Data  4.498 ( 4.084)	Loss 4.0374e+00 (5.0055e+00)	Acc@1  20.12 ( 10.42)	Acc@5  41.80 ( 24.95)
Epoch: [0][2391/2503]	Time  4.781 ( 4.240)	Data  4.627 ( 4.085)	Loss 4.0449e+00 (5.0013e+00)	Acc@1  18.36 ( 10.46)	Acc@5  39.65 ( 25.03)
Epoch: [0][2401/2503]	Time  4.695 ( 4.241)	Data  4.542 ( 4.087)	Loss 4.0024e+00 (4.9975e+00)	Acc@1  20.12 ( 10.50)	Acc@5  41.80 ( 25.10)
Epoch: [0][2411/2503]	Time  4.967 ( 4.243)	Data  4.815 ( 4.089)	Loss 4.0537e+00 (4.9936e+00)	Acc@1  19.92 ( 10.54)	Acc@5  41.80 ( 25.16)
Epoch: [0][2421/2503]	Time  4.435 ( 4.245)	Data  4.283 ( 4.090)	Loss 4.0556e+00 (4.9900e+00)	Acc@1  19.73 ( 10.58)	Acc@5  42.38 ( 25.23)
Epoch: [0][2431/2503]	Time  5.009 ( 4.246)	Data  4.855 ( 4.091)	Loss 3.8516e+00 (4.9860e+00)	Acc@1  22.46 ( 10.62)	Acc@5  44.34 ( 25.30)
Epoch: [0][2441/2503]	Time  4.528 ( 4.248)	Data  4.370 ( 4.093)	Loss 4.1180e+00 (4.9822e+00)	Acc@1  21.29 ( 10.65)	Acc@5  38.09 ( 25.36)
Epoch: [0][2451/2503]	Time  4.690 ( 4.249)	Data  4.536 ( 4.095)	Loss 4.0326e+00 (4.9783e+00)	Acc@1  20.12 ( 10.70)	Acc@5  42.38 ( 25.43)
Epoch: [0][2461/2503]	Time  4.351 ( 4.250)	Data  4.197 ( 4.096)	Loss 3.8687e+00 (4.9743e+00)	Acc@1  21.48 ( 10.74)	Acc@5  43.75 ( 25.50)
Epoch: [0][2471/2503]	Time  4.522 ( 4.252)	Data  4.369 ( 4.097)	Loss 4.1194e+00 (4.9705e+00)	Acc@1  21.68 ( 10.78)	Acc@5  42.97 ( 25.57)
Epoch: [0][2481/2503]	Time  4.656 ( 4.252)	Data  4.500 ( 4.098)	Loss 3.9088e+00 (4.9666e+00)	Acc@1  20.90 ( 10.82)	Acc@5  42.38 ( 25.64)
Epoch: [0][2491/2503]	Time  4.471 ( 4.254)	Data  4.315 ( 4.099)	Loss 4.0592e+00 (4.9626e+00)	Acc@1  21.48 ( 10.86)	Acc@5  43.75 ( 25.71)
Epoch: [0][2501/2503]	Time  4.600 ( 4.255)	Data  4.445 ( 4.100)	Loss 3.9341e+00 (4.9587e+00)	Acc@1  22.46 ( 10.90)	Acc@5  45.12 ( 25.79)
real 10654.81
user 8679.41
sys 748.95
