nohup time -p scalene --cpu --profile-all --html --outfile imagenet_b512_b1_scalene_fast_sampling_profile.html --cpu-sampling-rate 0.0001 --cpu-percent-threshold 0.01 code/image_classification/code/pytorch_main.py --- /mydata/imagenet/ -j 1 --gpus 1 -b 512 --epochs 1 --val-loop 0 &
=> creating model 'resnet18'
Epoch: [0][   1/2503]	Time 16.912 (16.912)	Data 14.840 (14.840)	Loss 7.0313e+00 (7.0313e+00)	Acc@1   0.00 (  0.00)	Acc@5   0.39 (  0.39)
Epoch: [0][  11/2503]	Time 16.049 (16.259)	Data 15.858 (15.876)	Loss 7.0073e+00 (7.0008e+00)	Acc@1   0.20 (  0.09)	Acc@5   0.59 (  0.59)
Epoch: [0][  21/2503]	Time 16.277 (16.254)	Data 16.112 (15.969)	Loss 6.9672e+00 (7.0078e+00)	Acc@1   0.20 (  0.12)	Acc@5   0.78 (  0.74)
Epoch: [0][  31/2503]	Time 16.711 (16.224)	Data 16.505 (15.970)	Loss 6.8842e+00 (7.0001e+00)	Acc@1   1.17 (  0.19)	Acc@5   2.54 (  0.93)
Epoch: [0][  41/2503]	Time 16.369 (16.185)	Data 16.174 (15.948)	Loss 6.9052e+00 (6.9820e+00)	Acc@1   0.39 (  0.20)	Acc@5   1.56 (  1.03)
Epoch: [0][  51/2503]	Time 16.417 (16.186)	Data 16.233 (15.960)	Loss 6.7444e+00 (6.9503e+00)	Acc@1   0.59 (  0.24)	Acc@5   1.17 (  1.10)
Epoch: [0][  61/2503]	Time 16.316 (16.172)	Data 16.134 (15.952)	Loss 6.7220e+00 (6.9172e+00)	Acc@1   0.59 (  0.30)	Acc@5   2.54 (  1.31)
Epoch: [0][  71/2503]	Time 16.760 (16.164)	Data 16.573 (15.949)	Loss 6.7060e+00 (6.8859e+00)	Acc@1   0.78 (  0.37)	Acc@5   2.54 (  1.52)
Epoch: [0][  81/2503]	Time 16.102 (16.149)	Data 15.935 (15.939)	Loss 6.6629e+00 (6.8592e+00)	Acc@1   0.98 (  0.39)	Acc@5   2.73 (  1.64)
Epoch: [0][  91/2503]	Time 15.976 (16.152)	Data 15.781 (15.945)	Loss 6.6254e+00 (6.8334e+00)	Acc@1   0.39 (  0.40)	Acc@5   2.15 (  1.77)
Epoch: [0][ 101/2503]	Time 15.905 (16.149)	Data 15.722 (15.945)	Loss 6.5883e+00 (6.8077e+00)	Acc@1   0.39 (  0.44)	Acc@5   3.12 (  1.92)
Epoch: [0][ 111/2503]	Time 16.059 (16.153)	Data 15.862 (15.951)	Loss 6.5303e+00 (6.7828e+00)	Acc@1   0.98 (  0.49)	Acc@5   3.52 (  2.06)
Epoch: [0][ 121/2503]	Time 12.747 (16.123)	Data 12.571 (15.923)	Loss 6.5575e+00 (6.7587e+00)	Acc@1   0.20 (  0.51)	Acc@5   2.93 (  2.20)
Epoch: [0][ 131/2503]	Time 16.285 (16.123)	Data 16.105 (15.924)	Loss 6.4265e+00 (6.7357e+00)	Acc@1   0.98 (  0.56)	Acc@5   5.86 (  2.38)
Epoch: [0][ 141/2503]	Time 16.034 (16.115)	Data 15.851 (15.918)	Loss 6.4726e+00 (6.7146e+00)	Acc@1   0.98 (  0.59)	Acc@5   3.91 (  2.50)
Epoch: [0][ 151/2503]	Time 16.175 (16.110)	Data 15.993 (15.913)	Loss 6.4170e+00 (6.6938e+00)	Acc@1   0.98 (  0.63)	Acc@5   3.71 (  2.60)
Epoch: [0][ 161/2503]	Time 16.533 (16.108)	Data 16.352 (15.912)	Loss 6.3819e+00 (6.6730e+00)	Acc@1   1.95 (  0.68)	Acc@5   5.86 (  2.73)
Epoch: [0][ 171/2503]	Time 16.189 (16.122)	Data 16.003 (15.927)	Loss 6.2909e+00 (6.6509e+00)	Acc@1   2.54 (  0.73)	Acc@5   7.42 (  2.88)
Epoch: [0][ 181/2503]	Time 16.167 (16.125)	Data 15.988 (15.931)	Loss 6.2872e+00 (6.6306e+00)	Acc@1   1.56 (  0.76)	Acc@5   4.49 (  3.01)
Epoch: [0][ 191/2503]	Time 15.903 (16.130)	Data 15.712 (15.936)	Loss 6.2435e+00 (6.6112e+00)	Acc@1   0.98 (  0.81)	Acc@5   4.10 (  3.14)
Epoch: [0][ 201/2503]	Time 17.422 (16.150)	Data 17.229 (15.957)	Loss 6.2733e+00 (6.5922e+00)	Acc@1   1.56 (  0.84)	Acc@5   4.10 (  3.27)
Epoch: [0][ 211/2503]	Time 16.315 (16.162)	Data 16.143 (15.969)	Loss 6.1576e+00 (6.5739e+00)	Acc@1   1.56 (  0.88)	Acc@5   6.64 (  3.41)
Epoch: [0][ 221/2503]	Time 16.835 (16.182)	Data 16.663 (15.989)	Loss 6.1597e+00 (6.5549e+00)	Acc@1   1.37 (  0.92)	Acc@5   7.42 (  3.55)
Epoch: [0][ 231/2503]	Time 16.751 (16.199)	Data 16.572 (16.008)	Loss 6.1446e+00 (6.5382e+00)	Acc@1   1.56 (  0.97)	Acc@5   6.25 (  3.70)
Epoch: [0][ 241/2503]	Time 17.385 (16.220)	Data 17.190 (16.029)	Loss 6.0937e+00 (6.5206e+00)	Acc@1   1.56 (  1.02)	Acc@5   6.64 (  3.83)
Epoch: [0][ 251/2503]	Time 16.179 (16.218)	Data 16.004 (16.027)	Loss 6.0184e+00 (6.5039e+00)	Acc@1   2.15 (  1.06)	Acc@5   7.23 (  3.95)
Epoch: [0][ 261/2503]	Time 16.612 (16.229)	Data 16.427 (16.038)	Loss 6.0521e+00 (6.4876e+00)	Acc@1   0.59 (  1.10)	Acc@5   4.69 (  4.06)
Epoch: [0][ 271/2503]	Time 16.573 (16.223)	Data 16.389 (16.032)	Loss 6.0241e+00 (6.4713e+00)	Acc@1   0.98 (  1.13)	Acc@5   7.81 (  4.20)
Epoch: [0][ 281/2503]	Time 16.355 (16.235)	Data 16.167 (16.045)	Loss 6.0146e+00 (6.4565e+00)	Acc@1   2.73 (  1.17)	Acc@5   8.20 (  4.31)
Epoch: [0][ 291/2503]	Time 16.683 (16.246)	Data 16.508 (16.056)	Loss 6.0779e+00 (6.4429e+00)	Acc@1   2.34 (  1.19)	Acc@5   7.62 (  4.42)
Epoch: [0][ 301/2503]	Time 16.768 (16.256)	Data 16.593 (16.067)	Loss 5.9953e+00 (6.4270e+00)	Acc@1   2.73 (  1.25)	Acc@5   9.57 (  4.58)
Epoch: [0][ 311/2503]	Time 16.243 (16.266)	Data 16.070 (16.077)	Loss 5.9306e+00 (6.4114e+00)	Acc@1   3.32 (  1.30)	Acc@5   8.98 (  4.73)
Epoch: [0][ 321/2503]	Time 16.074 (16.257)	Data 15.881 (16.068)	Loss 5.9717e+00 (6.3970e+00)	Acc@1   3.52 (  1.33)	Acc@5   9.77 (  4.87)
Epoch: [0][ 331/2503]	Time 16.488 (16.262)	Data 16.298 (16.073)	Loss 5.8385e+00 (6.3828e+00)	Acc@1   2.93 (  1.36)	Acc@5  11.72 (  5.00)
Epoch: [0][ 341/2503]	Time 16.421 (16.267)	Data 16.237 (16.078)	Loss 5.9272e+00 (6.3694e+00)	Acc@1   2.73 (  1.42)	Acc@5   7.62 (  5.12)
Epoch: [0][ 351/2503]	Time 16.345 (16.270)	Data 16.156 (16.081)	Loss 5.8434e+00 (6.3565e+00)	Acc@1   3.52 (  1.46)	Acc@5  10.35 (  5.24)
Epoch: [0][ 361/2503]	Time 16.841 (16.278)	Data 16.663 (16.089)	Loss 5.7949e+00 (6.3432e+00)	Acc@1   3.32 (  1.50)	Acc@5  10.16 (  5.37)
Epoch: [0][ 371/2503]	Time 16.397 (16.282)	Data 16.219 (16.094)	Loss 5.9016e+00 (6.3296e+00)	Acc@1   2.15 (  1.54)	Acc@5   8.59 (  5.49)
Epoch: [0][ 381/2503]	Time 16.418 (16.284)	Data 16.249 (16.096)	Loss 5.8229e+00 (6.3168e+00)	Acc@1   2.34 (  1.58)	Acc@5   8.59 (  5.61)
Epoch: [0][ 391/2503]	Time 16.417 (16.290)	Data 16.244 (16.102)	Loss 5.8370e+00 (6.3047e+00)	Acc@1   3.12 (  1.61)	Acc@5   9.18 (  5.73)
Epoch: [0][ 401/2503]	Time 16.522 (16.297)	Data 16.334 (16.109)	Loss 5.8141e+00 (6.2916e+00)	Acc@1   2.93 (  1.66)	Acc@5   9.38 (  5.85)
Epoch: [0][ 411/2503]	Time 13.970 (16.293)	Data 13.800 (16.105)	Loss 5.7374e+00 (6.2781e+00)	Acc@1   4.69 (  1.72)	Acc@5  14.26 (  6.00)
Epoch: [0][ 421/2503]	Time 16.031 (16.297)	Data 15.841 (16.109)	Loss 5.7469e+00 (6.2647e+00)	Acc@1   4.49 (  1.77)	Acc@5  11.72 (  6.15)
Epoch: [0][ 431/2503]	Time 16.469 (16.296)	Data 16.289 (16.109)	Loss 5.7548e+00 (6.2526e+00)	Acc@1   3.52 (  1.81)	Acc@5  10.74 (  6.26)
Epoch: [0][ 441/2503]	Time 16.413 (16.298)	Data 16.224 (16.110)	Loss 5.6994e+00 (6.2411e+00)	Acc@1   3.52 (  1.85)	Acc@5  12.11 (  6.38)
Epoch: [0][ 451/2503]	Time 16.883 (16.299)	Data 16.686 (16.111)	Loss 5.7331e+00 (6.2295e+00)	Acc@1   4.88 (  1.89)	Acc@5  13.67 (  6.49)
Epoch: [0][ 461/2503]	Time 16.437 (16.297)	Data 16.251 (16.110)	Loss 5.6290e+00 (6.2177e+00)	Acc@1   3.71 (  1.93)	Acc@5  13.28 (  6.62)
Epoch: [0][ 471/2503]	Time 16.055 (16.297)	Data 15.887 (16.109)	Loss 5.5486e+00 (6.2062e+00)	Acc@1   5.47 (  1.98)	Acc@5  13.28 (  6.76)
Epoch: [0][ 481/2503]	Time 15.761 (16.298)	Data 15.577 (16.110)	Loss 5.6305e+00 (6.1945e+00)	Acc@1   5.27 (  2.03)	Acc@5  13.28 (  6.89)
Epoch: [0][ 491/2503]	Time 14.003 (16.293)	Data 13.825 (16.106)	Loss 5.6519e+00 (6.1834e+00)	Acc@1   4.10 (  2.08)	Acc@5  13.48 (  7.03)
Epoch: [0][ 501/2503]	Time 16.492 (16.293)	Data 16.291 (16.105)	Loss 5.6978e+00 (6.1721e+00)	Acc@1   3.71 (  2.13)	Acc@5  13.67 (  7.16)
Epoch: [0][ 511/2503]	Time 16.300 (16.287)	Data 16.130 (16.100)	Loss 5.5644e+00 (6.1610e+00)	Acc@1   3.91 (  2.18)	Acc@5  14.45 (  7.29)
Epoch: [0][ 521/2503]	Time 16.359 (16.291)	Data 16.187 (16.104)	Loss 5.5123e+00 (6.1500e+00)	Acc@1   4.49 (  2.22)	Acc@5  15.04 (  7.42)
Epoch: [0][ 531/2503]	Time 16.410 (16.298)	Data 16.222 (16.111)	Loss 5.5458e+00 (6.1398e+00)	Acc@1   4.30 (  2.27)	Acc@5  12.11 (  7.55)
Epoch: [0][ 541/2503]	Time 16.296 (16.303)	Data 16.109 (16.116)	Loss 5.6210e+00 (6.1297e+00)	Acc@1   4.49 (  2.32)	Acc@5  13.87 (  7.68)
Epoch: [0][ 551/2503]	Time 16.340 (16.309)	Data 16.161 (16.122)	Loss 5.4207e+00 (6.1188e+00)	Acc@1   6.64 (  2.36)	Acc@5  18.36 (  7.80)
Epoch: [0][ 561/2503]	Time 17.107 (16.308)	Data 16.928 (16.122)	Loss 5.4755e+00 (6.1092e+00)	Acc@1   4.88 (  2.40)	Acc@5  14.06 (  7.93)
Epoch: [0][ 571/2503]	Time 16.108 (16.313)	Data 15.906 (16.127)	Loss 5.5376e+00 (6.0984e+00)	Acc@1   6.45 (  2.45)	Acc@5  15.04 (  8.06)
Epoch: [0][ 581/2503]	Time 16.570 (16.319)	Data 16.377 (16.132)	Loss 5.4417e+00 (6.0883e+00)	Acc@1   4.88 (  2.49)	Acc@5  16.02 (  8.17)
Epoch: [0][ 591/2503]	Time 16.231 (16.321)	Data 16.046 (16.134)	Loss 5.3948e+00 (6.0788e+00)	Acc@1   6.05 (  2.52)	Acc@5  16.21 (  8.29)
Epoch: [0][ 601/2503]	Time 16.177 (16.324)	Data 16.010 (16.137)	Loss 5.5158e+00 (6.0691e+00)	Acc@1   4.30 (  2.57)	Acc@5  14.84 (  8.43)
Epoch: [0][ 611/2503]	Time 16.080 (16.322)	Data 15.884 (16.135)	Loss 5.5136e+00 (6.0589e+00)	Acc@1   7.23 (  2.62)	Acc@5  16.02 (  8.54)
Epoch: [0][ 621/2503]	Time 16.695 (16.324)	Data 16.524 (16.138)	Loss 5.4225e+00 (6.0484e+00)	Acc@1   5.27 (  2.67)	Acc@5  15.43 (  8.67)
Epoch: [0][ 631/2503]	Time 16.790 (16.328)	Data 16.608 (16.142)	Loss 5.4195e+00 (6.0395e+00)	Acc@1   6.05 (  2.72)	Acc@5  15.43 (  8.78)
Epoch: [0][ 641/2503]	Time 17.165 (16.332)	Data 16.993 (16.146)	Loss 5.4673e+00 (6.0301e+00)	Acc@1   4.69 (  2.77)	Acc@5  16.80 (  8.91)
Epoch: [0][ 651/2503]	Time 17.052 (16.335)	Data 16.848 (16.149)	Loss 5.4904e+00 (6.0211e+00)	Acc@1   5.08 (  2.80)	Acc@5  16.99 (  9.02)
Epoch: [0][ 661/2503]	Time 16.420 (16.336)	Data 16.250 (16.150)	Loss 5.4024e+00 (6.0118e+00)	Acc@1   6.25 (  2.85)	Acc@5  17.58 (  9.15)
Epoch: [0][ 671/2503]	Time 16.617 (16.341)	Data 16.438 (16.155)	Loss 5.4272e+00 (6.0026e+00)	Acc@1   4.49 (  2.89)	Acc@5  13.67 (  9.26)
Epoch: [0][ 681/2503]	Time 16.093 (16.340)	Data 15.906 (16.154)	Loss 5.3750e+00 (5.9935e+00)	Acc@1   7.42 (  2.94)	Acc@5  18.55 (  9.37)
Epoch: [0][ 691/2503]	Time 16.963 (16.331)	Data 16.786 (16.145)	Loss 5.3821e+00 (5.9848e+00)	Acc@1   4.88 (  2.98)	Acc@5  18.16 (  9.48)
Epoch: [0][ 701/2503]	Time 16.348 (16.332)	Data 16.165 (16.147)	Loss 5.4416e+00 (5.9763e+00)	Acc@1   5.47 (  3.02)	Acc@5  15.62 (  9.59)
Epoch: [0][ 711/2503]	Time 16.386 (16.338)	Data 16.223 (16.152)	Loss 5.2784e+00 (5.9678e+00)	Acc@1   5.47 (  3.06)	Acc@5  17.38 (  9.70)
Epoch: [0][ 721/2503]	Time 16.414 (16.337)	Data 16.232 (16.151)	Loss 5.2764e+00 (5.9595e+00)	Acc@1   6.05 (  3.10)	Acc@5  18.16 (  9.80)
Epoch: [0][ 731/2503]	Time 16.101 (16.335)	Data 15.912 (16.149)	Loss 5.3351e+00 (5.9512e+00)	Acc@1   6.84 (  3.15)	Acc@5  16.80 (  9.90)
Epoch: [0][ 741/2503]	Time 16.281 (16.337)	Data 16.104 (16.152)	Loss 5.2471e+00 (5.9425e+00)	Acc@1   7.81 (  3.20)	Acc@5  18.95 ( 10.02)
Epoch: [0][ 751/2503]	Time 13.994 (16.339)	Data 13.811 (16.153)	Loss 5.4912e+00 (5.9342e+00)	Acc@1   5.47 (  3.24)	Acc@5  16.99 ( 10.13)
Epoch: [0][ 761/2503]	Time 16.677 (16.341)	Data 16.488 (16.156)	Loss 5.3478e+00 (5.9267e+00)	Acc@1   8.20 (  3.28)	Acc@5  19.73 ( 10.23)
Epoch: [0][ 771/2503]	Time 16.265 (16.338)	Data 16.088 (16.153)	Loss 5.4341e+00 (5.9187e+00)	Acc@1   4.69 (  3.32)	Acc@5  14.26 ( 10.34)
Epoch: [0][ 781/2503]	Time 16.334 (16.340)	Data 16.162 (16.155)	Loss 5.3230e+00 (5.9106e+00)	Acc@1   5.66 (  3.36)	Acc@5  17.38 ( 10.45)
Epoch: [0][ 791/2503]	Time 16.329 (16.342)	Data 16.156 (16.157)	Loss 5.1959e+00 (5.9020e+00)	Acc@1   9.96 (  3.40)	Acc@5  22.27 ( 10.56)
Epoch: [0][ 801/2503]	Time 16.838 (16.342)	Data 16.645 (16.157)	Loss 5.2490e+00 (5.8939e+00)	Acc@1   6.84 (  3.45)	Acc@5  19.92 ( 10.66)
Epoch: [0][ 811/2503]	Time 16.134 (16.345)	Data 15.960 (16.160)	Loss 5.0836e+00 (5.8861e+00)	Acc@1   8.79 (  3.49)	Acc@5  21.09 ( 10.77)
Epoch: [0][ 821/2503]	Time 16.394 (16.342)	Data 16.195 (16.157)	Loss 5.1853e+00 (5.8783e+00)	Acc@1   7.81 (  3.54)	Acc@5  22.85 ( 10.88)
Epoch: [0][ 831/2503]	Time 16.307 (16.344)	Data 16.131 (16.159)	Loss 5.1447e+00 (5.8704e+00)	Acc@1   8.40 (  3.58)	Acc@5  21.29 ( 10.99)
Epoch: [0][ 841/2503]	Time 16.229 (16.345)	Data 16.042 (16.160)	Loss 5.2910e+00 (5.8629e+00)	Acc@1   7.42 (  3.62)	Acc@5  19.92 ( 11.10)
Epoch: [0][ 851/2503]	Time 16.501 (16.346)	Data 16.319 (16.161)	Loss 5.3582e+00 (5.8555e+00)	Acc@1   5.08 (  3.66)	Acc@5  18.55 ( 11.20)
Epoch: [0][ 861/2503]	Time 16.659 (16.348)	Data 16.451 (16.163)	Loss 5.0779e+00 (5.8478e+00)	Acc@1   8.20 (  3.70)	Acc@5  23.44 ( 11.31)
Epoch: [0][ 871/2503]	Time 16.586 (16.350)	Data 16.398 (16.165)	Loss 5.1783e+00 (5.8400e+00)	Acc@1   7.03 (  3.74)	Acc@5  18.95 ( 11.42)
Epoch: [0][ 881/2503]	Time 14.034 (16.348)	Data 13.846 (16.163)	Loss 5.2068e+00 (5.8324e+00)	Acc@1   5.27 (  3.78)	Acc@5  21.48 ( 11.53)
Epoch: [0][ 891/2503]	Time 16.240 (16.347)	Data 16.071 (16.162)	Loss 5.1297e+00 (5.8248e+00)	Acc@1   7.81 (  3.83)	Acc@5  21.09 ( 11.63)
Epoch: [0][ 901/2503]	Time 15.952 (16.348)	Data 15.776 (16.163)	Loss 5.0920e+00 (5.8166e+00)	Acc@1   9.18 (  3.88)	Acc@5  23.44 ( 11.76)
Epoch: [0][ 911/2503]	Time 16.933 (16.350)	Data 16.754 (16.165)	Loss 5.1666e+00 (5.8089e+00)	Acc@1   8.40 (  3.93)	Acc@5  19.34 ( 11.87)
Epoch: [0][ 921/2503]	Time 12.888 (16.348)	Data 12.710 (16.163)	Loss 5.0984e+00 (5.8015e+00)	Acc@1   8.59 (  3.97)	Acc@5  22.85 ( 11.97)
Epoch: [0][ 931/2503]	Time 16.141 (16.349)	Data 15.957 (16.164)	Loss 5.1243e+00 (5.7942e+00)	Acc@1   7.62 (  4.02)	Acc@5  21.09 ( 12.08)
Epoch: [0][ 941/2503]	Time 16.793 (16.353)	Data 16.610 (16.168)	Loss 5.1471e+00 (5.7869e+00)	Acc@1   7.62 (  4.06)	Acc@5  20.12 ( 12.18)
Epoch: [0][ 951/2503]	Time 16.700 (16.361)	Data 16.503 (16.176)	Loss 4.9936e+00 (5.7795e+00)	Acc@1   8.20 (  4.11)	Acc@5  22.27 ( 12.29)
Epoch: [0][ 961/2503]	Time 17.735 (16.368)	Data 17.558 (16.183)	Loss 5.0822e+00 (5.7724e+00)	Acc@1   8.59 (  4.15)	Acc@5  24.02 ( 12.39)
Epoch: [0][ 971/2503]	Time 16.644 (16.370)	Data 16.460 (16.185)	Loss 5.2125e+00 (5.7654e+00)	Acc@1   8.01 (  4.19)	Acc@5  20.12 ( 12.49)
Epoch: [0][ 981/2503]	Time 16.762 (16.373)	Data 16.578 (16.188)	Loss 5.0732e+00 (5.7582e+00)	Acc@1   9.57 (  4.23)	Acc@5  22.66 ( 12.59)
Epoch: [0][ 991/2503]	Time 16.649 (16.374)	Data 16.465 (16.189)	Loss 4.9666e+00 (5.7513e+00)	Acc@1   9.96 (  4.28)	Acc@5  23.24 ( 12.70)
Epoch: [0][1001/2503]	Time 17.231 (16.380)	Data 17.047 (16.195)	Loss 4.9719e+00 (5.7445e+00)	Acc@1  10.16 (  4.33)	Acc@5  25.78 ( 12.80)
Epoch: [0][1011/2503]	Time 16.256 (16.382)	Data 16.069 (16.198)	Loss 5.0662e+00 (5.7382e+00)	Acc@1   8.79 (  4.36)	Acc@5  22.66 ( 12.88)
Epoch: [0][1021/2503]	Time 16.751 (16.387)	Data 16.576 (16.202)	Loss 5.1498e+00 (5.7319e+00)	Acc@1   7.62 (  4.40)	Acc@5  23.63 ( 12.97)
Epoch: [0][1031/2503]	Time 17.192 (16.393)	Data 17.011 (16.209)	Loss 4.9368e+00 (5.7247e+00)	Acc@1   9.77 (  4.45)	Acc@5  24.61 ( 13.08)
Epoch: [0][1041/2503]	Time 16.960 (16.396)	Data 16.770 (16.212)	Loss 4.9853e+00 (5.7177e+00)	Acc@1   9.57 (  4.49)	Acc@5  24.02 ( 13.19)
Epoch: [0][1051/2503]	Time 17.130 (16.399)	Data 16.958 (16.215)	Loss 5.0056e+00 (5.7109e+00)	Acc@1   8.79 (  4.53)	Acc@5  21.29 ( 13.29)
Epoch: [0][1061/2503]	Time 17.100 (16.404)	Data 16.924 (16.219)	Loss 4.9248e+00 (5.7044e+00)	Acc@1   9.77 (  4.57)	Acc@5  24.80 ( 13.39)
Epoch: [0][1071/2503]	Time 16.971 (16.404)	Data 16.782 (16.219)	Loss 4.8868e+00 (5.6981e+00)	Acc@1  11.72 (  4.61)	Acc@5  26.17 ( 13.48)
Epoch: [0][1081/2503]	Time 17.070 (16.408)	Data 16.890 (16.224)	Loss 5.1220e+00 (5.6913e+00)	Acc@1   8.40 (  4.66)	Acc@5  23.44 ( 13.58)
Epoch: [0][1091/2503]	Time 17.237 (16.411)	Data 17.049 (16.226)	Loss 5.0820e+00 (5.6848e+00)	Acc@1   8.79 (  4.71)	Acc@5  20.51 ( 13.68)
Epoch: [0][1101/2503]	Time 17.379 (16.412)	Data 17.205 (16.228)	Loss 4.9674e+00 (5.6782e+00)	Acc@1   9.57 (  4.75)	Acc@5  25.00 ( 13.78)
Epoch: [0][1111/2503]	Time 16.971 (16.417)	Data 16.795 (16.232)	Loss 4.9024e+00 (5.6715e+00)	Acc@1   8.01 (  4.80)	Acc@5  24.22 ( 13.88)
Epoch: [0][1121/2503]	Time 16.365 (16.417)	Data 16.163 (16.232)	Loss 4.9708e+00 (5.6647e+00)	Acc@1  10.16 (  4.84)	Acc@5  22.27 ( 13.98)
Epoch: [0][1131/2503]	Time 17.238 (16.414)	Data 17.055 (16.230)	Loss 4.9861e+00 (5.6584e+00)	Acc@1   9.18 (  4.89)	Acc@5  25.20 ( 14.08)
Epoch: [0][1141/2503]	Time 16.787 (16.410)	Data 16.591 (16.226)	Loss 5.0230e+00 (5.6518e+00)	Acc@1   8.59 (  4.93)	Acc@5  22.66 ( 14.18)
Epoch: [0][1151/2503]	Time 16.276 (16.414)	Data 16.113 (16.230)	Loss 5.0096e+00 (5.6456e+00)	Acc@1  10.35 (  4.98)	Acc@5  25.98 ( 14.27)
Epoch: [0][1161/2503]	Time 16.779 (16.419)	Data 16.592 (16.235)	Loss 4.8544e+00 (5.6393e+00)	Acc@1   9.57 (  5.02)	Acc@5  26.56 ( 14.36)
Epoch: [0][1171/2503]	Time 17.015 (16.422)	Data 16.835 (16.238)	Loss 4.8183e+00 (5.6322e+00)	Acc@1  10.94 (  5.07)	Acc@5  28.32 ( 14.47)
Epoch: [0][1181/2503]	Time 16.441 (16.425)	Data 16.263 (16.241)	Loss 4.8425e+00 (5.6254e+00)	Acc@1   7.62 (  5.11)	Acc@5  26.37 ( 14.58)
Epoch: [0][1191/2503]	Time 16.949 (16.428)	Data 16.761 (16.243)	Loss 4.8896e+00 (5.6191e+00)	Acc@1  10.74 (  5.16)	Acc@5  26.17 ( 14.67)
Epoch: [0][1201/2503]	Time 17.032 (16.432)	Data 16.847 (16.247)	Loss 4.8701e+00 (5.6128e+00)	Acc@1  10.16 (  5.20)	Acc@5  27.73 ( 14.77)
Epoch: [0][1211/2503]	Time 16.358 (16.434)	Data 16.194 (16.249)	Loss 4.7720e+00 (5.6065e+00)	Acc@1  12.30 (  5.24)	Acc@5  26.56 ( 14.86)
Epoch: [0][1221/2503]	Time 17.184 (16.437)	Data 16.994 (16.253)	Loss 4.7865e+00 (5.6002e+00)	Acc@1  11.52 (  5.29)	Acc@5  28.91 ( 14.96)
Epoch: [0][1231/2503]	Time 16.652 (16.439)	Data 16.473 (16.255)	Loss 5.0279e+00 (5.5943e+00)	Acc@1   7.81 (  5.32)	Acc@5  24.41 ( 15.05)
Epoch: [0][1241/2503]	Time 16.104 (16.441)	Data 15.918 (16.257)	Loss 5.0126e+00 (5.5878e+00)	Acc@1   7.42 (  5.37)	Acc@5  23.24 ( 15.15)
Epoch: [0][1251/2503]	Time 16.832 (16.445)	Data 16.639 (16.260)	Loss 4.8471e+00 (5.5818e+00)	Acc@1  10.74 (  5.41)	Acc@5  25.00 ( 15.25)
Epoch: [0][1261/2503]	Time 16.339 (16.446)	Data 16.145 (16.261)	Loss 4.9295e+00 (5.5761e+00)	Acc@1   7.81 (  5.45)	Acc@5  25.98 ( 15.33)
Epoch: [0][1271/2503]	Time 16.311 (16.448)	Data 16.133 (16.264)	Loss 4.8363e+00 (5.5704e+00)	Acc@1  11.91 (  5.49)	Acc@5  28.12 ( 15.42)
Epoch: [0][1281/2503]	Time 12.533 (16.447)	Data 12.362 (16.263)	Loss 4.8979e+00 (5.5645e+00)	Acc@1  10.55 (  5.54)	Acc@5  26.76 ( 15.52)
Epoch: [0][1291/2503]	Time 16.820 (16.448)	Data 16.650 (16.264)	Loss 4.9286e+00 (5.5587e+00)	Acc@1  11.13 (  5.58)	Acc@5  26.37 ( 15.61)
Epoch: [0][1301/2503]	Time 16.943 (16.451)	Data 16.757 (16.267)	Loss 4.7249e+00 (5.5526e+00)	Acc@1  11.52 (  5.63)	Acc@5  28.71 ( 15.71)
Epoch: [0][1311/2503]	Time 17.197 (16.450)	Data 17.015 (16.266)	Loss 4.8767e+00 (5.5466e+00)	Acc@1  10.74 (  5.67)	Acc@5  26.17 ( 15.80)
Epoch: [0][1321/2503]	Time 16.538 (16.452)	Data 16.330 (16.268)	Loss 4.6835e+00 (5.5407e+00)	Acc@1  12.11 (  5.72)	Acc@5  29.69 ( 15.90)
Epoch: [0][1331/2503]	Time 17.054 (16.452)	Data 16.865 (16.268)	Loss 4.7562e+00 (5.5349e+00)	Acc@1  11.72 (  5.76)	Acc@5  28.32 ( 15.99)
Epoch: [0][1341/2503]	Time 16.694 (16.454)	Data 16.516 (16.269)	Loss 4.6854e+00 (5.5292e+00)	Acc@1  12.70 (  5.80)	Acc@5  31.45 ( 16.08)
Epoch: [0][1351/2503]	Time 17.466 (16.459)	Data 17.279 (16.274)	Loss 4.7260e+00 (5.5234e+00)	Acc@1  10.94 (  5.85)	Acc@5  26.37 ( 16.17)
Epoch: [0][1361/2503]	Time 17.208 (16.464)	Data 17.018 (16.280)	Loss 4.7737e+00 (5.5175e+00)	Acc@1  12.70 (  5.89)	Acc@5  29.30 ( 16.27)
Epoch: [0][1371/2503]	Time 17.154 (16.472)	Data 16.977 (16.288)	Loss 4.5061e+00 (5.5111e+00)	Acc@1  14.45 (  5.94)	Acc@5  32.42 ( 16.38)
Epoch: [0][1381/2503]	Time 17.972 (16.478)	Data 17.782 (16.294)	Loss 4.7536e+00 (5.5050e+00)	Acc@1  12.50 (  5.99)	Acc@5  27.34 ( 16.48)
Epoch: [0][1391/2503]	Time 17.040 (16.484)	Data 16.864 (16.300)	Loss 4.6573e+00 (5.4991e+00)	Acc@1  11.52 (  6.04)	Acc@5  29.10 ( 16.57)
Epoch: [0][1401/2503]	Time 17.532 (16.492)	Data 17.338 (16.308)	Loss 4.7206e+00 (5.4930e+00)	Acc@1  13.09 (  6.09)	Acc@5  27.34 ( 16.67)
Epoch: [0][1411/2503]	Time 17.019 (16.498)	Data 16.836 (16.314)	Loss 4.8361e+00 (5.4873e+00)	Acc@1  11.33 (  6.13)	Acc@5  28.91 ( 16.76)
Epoch: [0][1421/2503]	Time 17.321 (16.505)	Data 17.139 (16.321)	Loss 4.7260e+00 (5.4818e+00)	Acc@1  12.30 (  6.17)	Acc@5  29.10 ( 16.85)
Epoch: [0][1431/2503]	Time 17.042 (16.508)	Data 16.858 (16.324)	Loss 4.7583e+00 (5.4764e+00)	Acc@1  14.06 (  6.21)	Acc@5  30.66 ( 16.95)
Epoch: [0][1441/2503]	Time 17.514 (16.512)	Data 17.332 (16.328)	Loss 4.5926e+00 (5.4707e+00)	Acc@1  12.89 (  6.26)	Acc@5  30.47 ( 17.04)
Epoch: [0][1451/2503]	Time 17.189 (16.517)	Data 16.992 (16.333)	Loss 4.7477e+00 (5.4651e+00)	Acc@1  10.35 (  6.30)	Acc@5  26.76 ( 17.13)
Epoch: [0][1461/2503]	Time 16.800 (16.522)	Data 16.628 (16.338)	Loss 4.7295e+00 (5.4595e+00)	Acc@1  14.65 (  6.34)	Acc@5  29.69 ( 17.22)
Epoch: [0][1471/2503]	Time 17.448 (16.527)	Data 17.268 (16.342)	Loss 4.6407e+00 (5.4538e+00)	Acc@1  13.28 (  6.39)	Acc@5  34.57 ( 17.32)
Epoch: [0][1481/2503]	Time 17.035 (16.531)	Data 16.849 (16.347)	Loss 4.7127e+00 (5.4481e+00)	Acc@1  13.09 (  6.43)	Acc@5  31.25 ( 17.41)
Epoch: [0][1491/2503]	Time 18.413 (16.536)	Data 18.226 (16.352)	Loss 4.5096e+00 (5.4424e+00)	Acc@1  14.26 (  6.47)	Acc@5  36.72 ( 17.51)
Epoch: [0][1501/2503]	Time 17.359 (16.543)	Data 17.157 (16.359)	Loss 4.6047e+00 (5.4373e+00)	Acc@1  11.91 (  6.51)	Acc@5  30.08 ( 17.60)
Epoch: [0][1511/2503]	Time 17.241 (16.547)	Data 17.059 (16.363)	Loss 4.5896e+00 (5.4316e+00)	Acc@1  14.84 (  6.56)	Acc@5  31.64 ( 17.70)
Epoch: [0][1521/2503]	Time 17.122 (16.551)	Data 16.934 (16.367)	Loss 4.6092e+00 (5.4261e+00)	Acc@1  13.87 (  6.60)	Acc@5  31.84 ( 17.79)
Epoch: [0][1531/2503]	Time 17.266 (16.555)	Data 17.070 (16.370)	Loss 4.6656e+00 (5.4209e+00)	Acc@1  13.67 (  6.65)	Acc@5  29.49 ( 17.87)
Epoch: [0][1541/2503]	Time 17.100 (16.559)	Data 16.928 (16.374)	Loss 4.6596e+00 (5.4155e+00)	Acc@1  11.52 (  6.69)	Acc@5  28.91 ( 17.96)
Epoch: [0][1551/2503]	Time 16.641 (16.561)	Data 16.474 (16.377)	Loss 4.7145e+00 (5.4104e+00)	Acc@1  11.13 (  6.73)	Acc@5  28.12 ( 18.04)
Epoch: [0][1561/2503]	Time 16.707 (16.564)	Data 16.523 (16.380)	Loss 4.6052e+00 (5.4049e+00)	Acc@1  13.28 (  6.78)	Acc@5  29.69 ( 18.13)
Epoch: [0][1571/2503]	Time 13.623 (16.565)	Data 13.437 (16.381)	Loss 4.6810e+00 (5.3998e+00)	Acc@1  10.94 (  6.82)	Acc@5  30.08 ( 18.22)
Epoch: [0][1581/2503]	Time 16.750 (16.570)	Data 16.576 (16.386)	Loss 4.5966e+00 (5.3945e+00)	Acc@1  15.82 (  6.86)	Acc@5  34.77 ( 18.30)
Epoch: [0][1591/2503]	Time 17.644 (16.574)	Data 17.461 (16.390)	Loss 4.6851e+00 (5.3894e+00)	Acc@1  11.33 (  6.90)	Acc@5  30.27 ( 18.39)
Epoch: [0][1601/2503]	Time 17.523 (16.579)	Data 17.345 (16.395)	Loss 4.5076e+00 (5.3842e+00)	Acc@1  14.26 (  6.95)	Acc@5  32.23 ( 18.47)
Epoch: [0][1611/2503]	Time 14.529 (16.582)	Data 14.340 (16.398)	Loss 4.4539e+00 (5.3789e+00)	Acc@1  17.77 (  6.99)	Acc@5  35.35 ( 18.56)
Epoch: [0][1621/2503]	Time 16.957 (16.585)	Data 16.782 (16.401)	Loss 4.5516e+00 (5.3736e+00)	Acc@1  14.65 (  7.04)	Acc@5  33.01 ( 18.65)
Epoch: [0][1631/2503]	Time 17.544 (16.593)	Data 17.353 (16.409)	Loss 4.4889e+00 (5.3683e+00)	Acc@1  16.02 (  7.08)	Acc@5  33.40 ( 18.73)
Epoch: [0][1641/2503]	Time 17.215 (16.602)	Data 17.024 (16.418)	Loss 4.4771e+00 (5.3631e+00)	Acc@1  14.06 (  7.13)	Acc@5  33.59 ( 18.81)
Epoch: [0][1651/2503]	Time 17.880 (16.609)	Data 17.701 (16.425)	Loss 4.5000e+00 (5.3581e+00)	Acc@1  13.67 (  7.17)	Acc@5  34.38 ( 18.90)
Epoch: [0][1661/2503]	Time 17.734 (16.618)	Data 17.551 (16.434)	Loss 4.5427e+00 (5.3531e+00)	Acc@1  14.65 (  7.21)	Acc@5  31.05 ( 18.98)
Epoch: [0][1671/2503]	Time 18.444 (16.626)	Data 18.257 (16.443)	Loss 4.3493e+00 (5.3477e+00)	Acc@1  15.62 (  7.26)	Acc@5  36.33 ( 19.07)
Epoch: [0][1681/2503]	Time 18.262 (16.634)	Data 18.071 (16.450)	Loss 4.4141e+00 (5.3423e+00)	Acc@1  16.60 (  7.31)	Acc@5  35.94 ( 19.16)
Epoch: [0][1691/2503]	Time 17.683 (16.641)	Data 17.495 (16.457)	Loss 4.5956e+00 (5.3372e+00)	Acc@1  12.89 (  7.35)	Acc@5  32.23 ( 19.25)
Epoch: [0][1701/2503]	Time 18.347 (16.645)	Data 18.173 (16.461)	Loss 4.5933e+00 (5.3325e+00)	Acc@1  12.50 (  7.39)	Acc@5  31.84 ( 19.33)
Epoch: [0][1711/2503]	Time 17.488 (16.651)	Data 17.282 (16.467)	Loss 4.4819e+00 (5.3273e+00)	Acc@1  14.06 (  7.43)	Acc@5  33.98 ( 19.42)
Epoch: [0][1721/2503]	Time 17.423 (16.656)	Data 17.246 (16.472)	Loss 4.6625e+00 (5.3226e+00)	Acc@1  11.91 (  7.47)	Acc@5  27.34 ( 19.49)
Epoch: [0][1731/2503]	Time 18.262 (16.663)	Data 18.077 (16.479)	Loss 4.2725e+00 (5.3177e+00)	Acc@1  16.02 (  7.51)	Acc@5  36.72 ( 19.57)
Epoch: [0][1741/2503]	Time 17.214 (16.669)	Data 17.030 (16.485)	Loss 4.5395e+00 (5.3130e+00)	Acc@1  16.80 (  7.55)	Acc@5  33.79 ( 19.65)
Epoch: [0][1751/2503]	Time 18.095 (16.674)	Data 17.909 (16.490)	Loss 4.3822e+00 (5.3078e+00)	Acc@1  15.23 (  7.60)	Acc@5  34.38 ( 19.74)
Epoch: [0][1761/2503]	Time 17.811 (16.681)	Data 17.625 (16.497)	Loss 4.6068e+00 (5.3029e+00)	Acc@1  13.09 (  7.64)	Acc@5  30.86 ( 19.82)
Epoch: [0][1771/2503]	Time 18.025 (16.686)	Data 17.827 (16.502)	Loss 4.3717e+00 (5.2978e+00)	Acc@1  13.09 (  7.69)	Acc@5  36.13 ( 19.91)
Epoch: [0][1781/2503]	Time 17.915 (16.692)	Data 17.734 (16.508)	Loss 4.3600e+00 (5.2930e+00)	Acc@1  17.77 (  7.73)	Acc@5  36.33 ( 19.99)
Epoch: [0][1791/2503]	Time 17.893 (16.698)	Data 17.716 (16.514)	Loss 4.3430e+00 (5.2882e+00)	Acc@1  17.58 (  7.77)	Acc@5  34.77 ( 20.07)
Epoch: [0][1801/2503]	Time 17.339 (16.703)	Data 17.157 (16.519)	Loss 4.3997e+00 (5.2832e+00)	Acc@1  15.04 (  7.82)	Acc@5  35.74 ( 20.15)
Epoch: [0][1811/2503]	Time 17.515 (16.707)	Data 17.327 (16.523)	Loss 4.4119e+00 (5.2784e+00)	Acc@1  16.02 (  7.86)	Acc@5  31.84 ( 20.23)
Epoch: [0][1821/2503]	Time 17.771 (16.713)	Data 17.585 (16.529)	Loss 4.4726e+00 (5.2733e+00)	Acc@1  14.45 (  7.90)	Acc@5  31.64 ( 20.32)
Epoch: [0][1831/2503]	Time 17.495 (16.718)	Data 17.296 (16.534)	Loss 4.4130e+00 (5.2684e+00)	Acc@1  17.97 (  7.95)	Acc@5  35.55 ( 20.40)
Epoch: [0][1841/2503]	Time 17.473 (16.723)	Data 17.290 (16.539)	Loss 4.4849e+00 (5.2637e+00)	Acc@1  14.06 (  7.99)	Acc@5  33.59 ( 20.48)
Epoch: [0][1851/2503]	Time 17.048 (16.727)	Data 16.868 (16.543)	Loss 4.3896e+00 (5.2587e+00)	Acc@1  16.60 (  8.03)	Acc@5  33.59 ( 20.56)
Epoch: [0][1861/2503]	Time 17.264 (16.731)	Data 17.091 (16.547)	Loss 4.2604e+00 (5.2540e+00)	Acc@1  16.99 (  8.07)	Acc@5  37.30 ( 20.64)
Epoch: [0][1871/2503]	Time 17.530 (16.736)	Data 17.343 (16.552)	Loss 4.3631e+00 (5.2494e+00)	Acc@1  18.95 (  8.12)	Acc@5  37.30 ( 20.72)
Epoch: [0][1881/2503]	Time 16.977 (16.739)	Data 16.784 (16.555)	Loss 4.3732e+00 (5.2447e+00)	Acc@1  15.82 (  8.16)	Acc@5  34.96 ( 20.79)
Epoch: [0][1891/2503]	Time 17.221 (16.742)	Data 17.036 (16.558)	Loss 4.2832e+00 (5.2402e+00)	Acc@1  17.19 (  8.20)	Acc@5  37.11 ( 20.87)
Epoch: [0][1901/2503]	Time 17.235 (16.745)	Data 17.055 (16.561)	Loss 4.3437e+00 (5.2357e+00)	Acc@1  16.21 (  8.24)	Acc@5  34.96 ( 20.95)
Epoch: [0][1911/2503]	Time 16.858 (16.748)	Data 16.683 (16.564)	Loss 4.3152e+00 (5.2311e+00)	Acc@1  15.62 (  8.28)	Acc@5  36.52 ( 21.02)
Epoch: [0][1921/2503]	Time 18.114 (16.752)	Data 17.930 (16.568)	Loss 4.3974e+00 (5.2265e+00)	Acc@1  15.62 (  8.32)	Acc@5  37.70 ( 21.10)
Epoch: [0][1931/2503]	Time 17.319 (16.754)	Data 17.131 (16.570)	Loss 4.3713e+00 (5.2218e+00)	Acc@1  14.06 (  8.36)	Acc@5  35.16 ( 21.18)
Epoch: [0][1941/2503]	Time 17.745 (16.758)	Data 17.545 (16.574)	Loss 4.2382e+00 (5.2172e+00)	Acc@1  17.58 (  8.41)	Acc@5  39.45 ( 21.26)
Epoch: [0][1951/2503]	Time 19.008 (16.764)	Data 18.832 (16.580)	Loss 4.3497e+00 (5.2125e+00)	Acc@1  17.58 (  8.45)	Acc@5  36.52 ( 21.34)
Epoch: [0][1961/2503]	Time 18.750 (16.773)	Data 18.567 (16.589)	Loss 4.2673e+00 (5.2077e+00)	Acc@1  15.62 (  8.50)	Acc@5  37.30 ( 21.42)
Epoch: [0][1971/2503]	Time 19.561 (16.781)	Data 19.371 (16.598)	Loss 4.1945e+00 (5.2028e+00)	Acc@1  18.16 (  8.54)	Acc@5  39.06 ( 21.50)
Epoch: [0][1981/2503]	Time 18.241 (16.789)	Data 18.065 (16.605)	Loss 4.2627e+00 (5.1980e+00)	Acc@1  18.36 (  8.59)	Acc@5  39.26 ( 21.59)
Epoch: [0][1991/2503]	Time 18.051 (16.795)	Data 17.866 (16.612)	Loss 4.1359e+00 (5.1931e+00)	Acc@1  18.95 (  8.64)	Acc@5  41.99 ( 21.67)
Epoch: [0][2001/2503]	Time 17.912 (16.801)	Data 17.738 (16.617)	Loss 4.2635e+00 (5.1887e+00)	Acc@1  16.60 (  8.68)	Acc@5  38.28 ( 21.75)
Epoch: [0][2011/2503]	Time 18.599 (16.807)	Data 18.418 (16.623)	Loss 4.3013e+00 (5.1843e+00)	Acc@1  17.38 (  8.72)	Acc@5  40.43 ( 21.83)
Epoch: [0][2021/2503]	Time 18.284 (16.814)	Data 18.096 (16.630)	Loss 4.3167e+00 (5.1797e+00)	Acc@1  17.19 (  8.76)	Acc@5  37.30 ( 21.91)
Epoch: [0][2031/2503]	Time 17.969 (16.820)	Data 17.783 (16.636)	Loss 4.0897e+00 (5.1751e+00)	Acc@1  18.95 (  8.80)	Acc@5  41.60 ( 21.99)
Epoch: [0][2041/2503]	Time 17.733 (16.825)	Data 17.551 (16.641)	Loss 4.2825e+00 (5.1706e+00)	Acc@1  19.14 (  8.84)	Acc@5  39.84 ( 22.07)
Epoch: [0][2051/2503]	Time 17.864 (16.830)	Data 17.685 (16.646)	Loss 4.2306e+00 (5.1662e+00)	Acc@1  17.19 (  8.88)	Acc@5  38.09 ( 22.14)
Epoch: [0][2061/2503]	Time 17.765 (16.835)	Data 17.596 (16.651)	Loss 4.2656e+00 (5.1616e+00)	Acc@1  17.58 (  8.92)	Acc@5  36.13 ( 22.22)
Epoch: [0][2071/2503]	Time 17.911 (16.838)	Data 17.734 (16.654)	Loss 4.2656e+00 (5.1570e+00)	Acc@1  17.38 (  8.97)	Acc@5  39.26 ( 22.30)
Epoch: [0][2081/2503]	Time 17.588 (16.843)	Data 17.421 (16.659)	Loss 4.2361e+00 (5.1524e+00)	Acc@1  18.36 (  9.01)	Acc@5  36.91 ( 22.37)
Epoch: [0][2091/2503]	Time 18.274 (16.848)	Data 18.095 (16.664)	Loss 4.2733e+00 (5.1482e+00)	Acc@1  17.58 (  9.05)	Acc@5  37.70 ( 22.44)
Epoch: [0][2101/2503]	Time 17.470 (16.853)	Data 17.278 (16.669)	Loss 4.1099e+00 (5.1436e+00)	Acc@1  20.31 (  9.10)	Acc@5  41.80 ( 22.52)
Epoch: [0][2111/2503]	Time 18.389 (16.858)	Data 18.220 (16.674)	Loss 4.1604e+00 (5.1392e+00)	Acc@1  18.95 (  9.14)	Acc@5  39.06 ( 22.60)
Epoch: [0][2121/2503]	Time 18.011 (16.863)	Data 17.822 (16.679)	Loss 4.2414e+00 (5.1349e+00)	Acc@1  16.60 (  9.18)	Acc@5  35.55 ( 22.67)
Epoch: [0][2131/2503]	Time 18.098 (16.867)	Data 17.923 (16.683)	Loss 4.1934e+00 (5.1306e+00)	Acc@1  18.55 (  9.22)	Acc@5  39.65 ( 22.75)
Epoch: [0][2141/2503]	Time 18.687 (16.871)	Data 18.506 (16.687)	Loss 4.3664e+00 (5.1264e+00)	Acc@1  16.02 (  9.26)	Acc@5  37.30 ( 22.82)
Epoch: [0][2151/2503]	Time 17.930 (16.876)	Data 17.766 (16.692)	Loss 4.1008e+00 (5.1221e+00)	Acc@1  21.09 (  9.30)	Acc@5  44.53 ( 22.89)
Epoch: [0][2161/2503]	Time 16.368 (16.876)	Data 15.945 (16.692)	Loss 4.2144e+00 (5.1179e+00)	Acc@1  17.58 (  9.34)	Acc@5  38.09 ( 22.97)
Epoch: [0][2171/2503]	Time 17.608 (16.878)	Data 17.418 (16.694)	Loss 4.3068e+00 (5.1137e+00)	Acc@1  17.58 (  9.37)	Acc@5  38.48 ( 23.04)
Epoch: [0][2181/2503]	Time 16.367 (16.880)	Data 16.195 (16.696)	Loss 4.2217e+00 (5.1092e+00)	Acc@1  16.60 (  9.42)	Acc@5  39.06 ( 23.12)
Epoch: [0][2191/2503]	Time 16.756 (16.879)	Data 16.559 (16.694)	Loss 4.2024e+00 (5.1053e+00)	Acc@1  17.97 (  9.46)	Acc@5  38.48 ( 23.18)
Epoch: [0][2201/2503]	Time 18.074 (16.882)	Data 17.909 (16.697)	Loss 4.2921e+00 (5.1012e+00)	Acc@1  16.60 (  9.50)	Acc@5  38.09 ( 23.26)
Epoch: [0][2211/2503]	Time 19.432 (16.894)	Data 19.234 (16.709)	Loss 4.2694e+00 (5.0971e+00)	Acc@1  15.04 (  9.53)	Acc@5  36.52 ( 23.33)
Epoch: [0][2221/2503]	Time 19.000 (16.903)	Data 18.808 (16.718)	Loss 4.3099e+00 (5.0931e+00)	Acc@1  17.58 (  9.57)	Acc@5  37.50 ( 23.39)
Epoch: [0][2231/2503]	Time 18.707 (16.910)	Data 18.524 (16.725)	Loss 4.2588e+00 (5.0892e+00)	Acc@1  18.95 (  9.61)	Acc@5  39.65 ( 23.46)
Epoch: [0][2241/2503]	Time 18.566 (16.919)	Data 18.362 (16.734)	Loss 4.1377e+00 (5.0849e+00)	Acc@1  21.48 (  9.65)	Acc@5  40.43 ( 23.54)
Epoch: [0][2251/2503]	Time 18.525 (16.928)	Data 18.320 (16.743)	Loss 4.2017e+00 (5.0808e+00)	Acc@1  16.60 (  9.69)	Acc@5  38.87 ( 23.61)
Epoch: [0][2261/2503]	Time 18.687 (16.936)	Data 18.487 (16.751)	Loss 4.1701e+00 (5.0768e+00)	Acc@1  19.92 (  9.73)	Acc@5  39.65 ( 23.68)
Epoch: [0][2271/2503]	Time 18.584 (16.944)	Data 18.392 (16.759)	Loss 3.8757e+00 (5.0728e+00)	Acc@1  22.85 (  9.77)	Acc@5  46.48 ( 23.75)
Epoch: [0][2281/2503]	Time 18.668 (16.951)	Data 18.488 (16.766)	Loss 4.2441e+00 (5.0687e+00)	Acc@1  18.16 (  9.81)	Acc@5  37.50 ( 23.82)
Epoch: [0][2291/2503]	Time 19.215 (16.958)	Data 19.017 (16.773)	Loss 4.0587e+00 (5.0646e+00)	Acc@1  19.73 (  9.85)	Acc@5  42.19 ( 23.90)
Epoch: [0][2301/2503]	Time 18.112 (16.964)	Data 17.926 (16.779)	Loss 3.9636e+00 (5.0604e+00)	Acc@1  20.31 (  9.89)	Acc@5  43.75 ( 23.97)
Epoch: [0][2311/2503]	Time 18.113 (16.970)	Data 17.933 (16.785)	Loss 4.1015e+00 (5.0566e+00)	Acc@1  20.51 (  9.92)	Acc@5  39.06 ( 24.04)
Epoch: [0][2321/2503]	Time 18.602 (16.976)	Data 18.430 (16.791)	Loss 4.1323e+00 (5.0525e+00)	Acc@1  21.09 (  9.97)	Acc@5  39.84 ( 24.11)
Epoch: [0][2331/2503]	Time 18.529 (16.978)	Data 18.333 (16.793)	Loss 3.7968e+00 (5.0483e+00)	Acc@1  22.46 ( 10.01)	Acc@5  46.29 ( 24.18)
Epoch: [0][2341/2503]	Time 18.981 (16.983)	Data 18.798 (16.798)	Loss 4.2208e+00 (5.0444e+00)	Acc@1  19.73 ( 10.05)	Acc@5  39.45 ( 24.25)
Epoch: [0][2351/2503]	Time 18.162 (16.989)	Data 17.977 (16.804)	Loss 4.1153e+00 (5.0405e+00)	Acc@1  18.36 ( 10.09)	Acc@5  41.02 ( 24.32)
Epoch: [0][2361/2503]	Time 17.925 (16.994)	Data 17.735 (16.809)	Loss 3.9869e+00 (5.0364e+00)	Acc@1  18.75 ( 10.13)	Acc@5  41.99 ( 24.39)
Epoch: [0][2371/2503]	Time 18.114 (16.996)	Data 17.943 (16.811)	Loss 4.1353e+00 (5.0326e+00)	Acc@1  20.12 ( 10.17)	Acc@5  38.28 ( 24.45)
Epoch: [0][2381/2503]	Time 17.628 (17.000)	Data 17.461 (16.815)	Loss 4.0461e+00 (5.0286e+00)	Acc@1  20.70 ( 10.21)	Acc@5  39.84 ( 24.52)
Epoch: [0][2391/2503]	Time 17.610 (17.004)	Data 17.411 (16.819)	Loss 4.0504e+00 (5.0249e+00)	Acc@1  19.14 ( 10.25)	Acc@5  40.82 ( 24.58)
Epoch: [0][2401/2503]	Time 18.798 (17.007)	Data 18.614 (16.822)	Loss 4.1223e+00 (5.0208e+00)	Acc@1  19.14 ( 10.29)	Acc@5  41.41 ( 24.66)
Epoch: [0][2411/2503]	Time 19.178 (17.016)	Data 18.993 (16.831)	Loss 4.0387e+00 (5.0166e+00)	Acc@1  21.88 ( 10.33)	Acc@5  41.41 ( 24.73)
Epoch: [0][2421/2503]	Time 18.958 (17.024)	Data 18.787 (16.839)	Loss 3.9420e+00 (5.0126e+00)	Acc@1  19.92 ( 10.38)	Acc@5  41.99 ( 24.81)
Epoch: [0][2431/2503]	Time 19.855 (17.032)	Data 19.670 (16.847)	Loss 4.1423e+00 (5.0089e+00)	Acc@1  18.16 ( 10.41)	Acc@5  40.23 ( 24.87)
Epoch: [0][2441/2503]	Time 18.432 (17.039)	Data 18.229 (16.854)	Loss 4.0646e+00 (5.0048e+00)	Acc@1  20.12 ( 10.45)	Acc@5  45.12 ( 24.95)
Epoch: [0][2451/2503]	Time 18.587 (17.046)	Data 18.404 (16.861)	Loss 3.9309e+00 (5.0008e+00)	Acc@1  22.85 ( 10.49)	Acc@5  44.53 ( 25.02)
Epoch: [0][2461/2503]	Time 15.454 (17.051)	Data 15.267 (16.866)	Loss 3.8716e+00 (4.9968e+00)	Acc@1  22.66 ( 10.53)	Acc@5  43.16 ( 25.09)
Epoch: [0][2471/2503]	Time 18.980 (17.058)	Data 18.787 (16.873)	Loss 4.0766e+00 (4.9931e+00)	Acc@1  18.95 ( 10.57)	Acc@5  41.80 ( 25.15)
Epoch: [0][2481/2503]	Time 18.628 (17.064)	Data 18.447 (16.879)	Loss 3.9986e+00 (4.9892e+00)	Acc@1  20.31 ( 10.60)	Acc@5  45.31 ( 25.22)
Epoch: [0][2491/2503]	Time 19.271 (17.070)	Data 19.078 (16.885)	Loss 4.1244e+00 (4.9853e+00)	Acc@1  18.75 ( 10.64)	Acc@5  41.02 ( 25.29)
Epoch: [0][2501/2503]	Time 18.461 (17.076)	Data 18.275 (16.891)	Loss 4.0727e+00 (4.9816e+00)	Acc@1  18.95 ( 10.68)	Acc@5  40.82 ( 25.36)
NOTE: The GPU is currently running in a mode that can reduce Scalene's accuracy when reporting GPU utilization.
Run once as Administrator or root (i.e., prefixed with `sudo`) to enable per-process GPU accounting.
real 42774.99
user 18898.07
sys 37464.51
