=> creating model 'resnet18'
STAGE:2023-09-24 17:25:44 117864:117864 ActivityProfilerController.cpp:311] Completed Stage: Warm Up
STAGE:2023-09-24 17:25:44 117864:117864 ActivityProfilerController.cpp:317] Completed Stage: Collection
STAGE:2023-09-24 17:25:44 117864:117864 ActivityProfilerController.cpp:321] Completed Stage: Post Processing
STAGE:2023-09-24 17:25:52 117864:117864 ActivityProfilerController.cpp:311] Completed Stage: Warm Up
STAGE:2023-09-24 17:25:52 117864:117864 ActivityProfilerController.cpp:317] Completed Stage: Collection
STAGE:2023-09-24 17:25:52 117864:117864 ActivityProfilerController.cpp:321] Completed Stage: Post Processing
Epoch: [0][    1/10010]	Time 14.535 (14.535)	Data  4.042 ( 4.042)	Loss 7.0742e+00 (7.0742e+00)	Acc@1   0.00 (  0.00)	Acc@5   0.00 (  0.00)
=> creating model 'resnet18'
STAGE:2023-09-24 17:26:23 118140:118140 ActivityProfilerController.cpp:311] Completed Stage: Warm Up
STAGE:2023-09-24 17:26:24 118140:118140 ActivityProfilerController.cpp:317] Completed Stage: Collection
STAGE:2023-09-24 17:26:24 118140:118140 ActivityProfilerController.cpp:321] Completed Stage: Post Processing
STAGE:2023-09-24 17:26:32 118140:118140 ActivityProfilerController.cpp:311] Completed Stage: Warm Up
STAGE:2023-09-24 17:26:32 118140:118140 ActivityProfilerController.cpp:317] Completed Stage: Collection
STAGE:2023-09-24 17:26:32 118140:118140 ActivityProfilerController.cpp:321] Completed Stage: Post Processing
Epoch: [0][   1/5005]	Time 18.695 (18.695)	Data  7.970 ( 7.970)	Loss 7.0496e+00 (7.0496e+00)	Acc@1   0.78 (  0.78)	Acc@5   1.17 (  1.17)
=> creating model 'resnet18'
STAGE:2023-09-24 17:27:11 118385:118385 ActivityProfilerController.cpp:311] Completed Stage: Warm Up
STAGE:2023-09-24 17:27:17 118385:118385 ActivityProfilerController.cpp:317] Completed Stage: Collection
STAGE:2023-09-24 17:27:17 118385:118385 ActivityProfilerController.cpp:321] Completed Stage: Post Processing
STAGE:2023-09-24 17:27:32 118385:118385 ActivityProfilerController.cpp:311] Completed Stage: Warm Up
STAGE:2023-09-24 17:27:32 118385:118385 ActivityProfilerController.cpp:317] Completed Stage: Collection
STAGE:2023-09-24 17:27:32 118385:118385 ActivityProfilerController.cpp:321] Completed Stage: Post Processing
Epoch: [0][   1/2503]	Time 26.664 (26.664)	Data 16.000 (16.000)	Loss 7.0534e+00 (7.0534e+00)	Acc@1   0.00 (  0.00)	Acc@5   0.39 (  0.39)
=> creating model 'resnet18'
STAGE:2023-09-24 17:28:27 118631:118631 ActivityProfilerController.cpp:311] Completed Stage: Warm Up
STAGE:2023-09-24 17:28:49 118631:118631 ActivityProfilerController.cpp:317] Completed Stage: Collection
STAGE:2023-09-24 17:28:49 118631:118631 ActivityProfilerController.cpp:321] Completed Stage: Post Processing
STAGE:2023-09-24 17:29:13 118631:118631 ActivityProfilerController.cpp:311] Completed Stage: Warm Up
STAGE:2023-09-24 17:29:13 118631:118631 ActivityProfilerController.cpp:317] Completed Stage: Collection
STAGE:2023-09-24 17:29:13 118631:118631 ActivityProfilerController.cpp:321] Completed Stage: Post Processing
Epoch: [0][   1/1252]	Time 43.554 (43.554)	Data 33.356 (33.356)	Loss 7.0367e+00 (7.0367e+00)	Acc@1   0.10 (  0.10)	Acc@5   0.39 (  0.39)
