Main process wait time
/mydata/pytorch_custom_log_one_epoch_imagenet_dataset/
/mydata/pytorch_custom_log_one_epoch_imagenet_dataset/b128_gpu1
b128_gpu1:
	0.02% of batches had 1 us < wait time < 1 ms
	99.98% of batches had wait time > 1 ms
	0.00% of batches had wait time == 1 us
	sum = 8345066.48 ms,
	avg = 833.67 ms,
	std = 89.55 (10.74% of avg) ms,
	min = 0.02 ms,
	max = 1445.59 ms
	99.97% of batches had wait time > 500 ms
/mydata/pytorch_custom_log_one_epoch_imagenet_dataset/b128_gpu2
b128_gpu2:
	0.80% of batches had 1 us < wait time < 1 ms
	61.82% of batches had wait time > 1 ms
	37.38% of batches had wait time == 1 us
	sum = 3891876.85 ms,
	avg = 388.80 ms,
	std = 359.79 (92.54% of avg) ms,
	min = 0.00 ms,
	max = 1463.42 ms
	46.65% of batches had wait time > 500 ms
/mydata/pytorch_custom_log_one_epoch_imagenet_dataset/b128_gpu3
b128_gpu3:
	2.83% of batches had 1 us < wait time < 1 ms
	50.80% of batches had wait time > 1 ms
	46.37% of batches had wait time == 1 us
	sum = 2455573.80 ms,
	avg = 245.31 ms,
	std = 302.90 (123.48% of avg) ms,
	min = 0.00 ms,
	max = 1191.69 ms
	27.60% of batches had wait time > 500 ms
/mydata/pytorch_custom_log_one_epoch_imagenet_dataset/b128_gpu4
b128_gpu4:
	3.88% of batches had 1 us < wait time < 1 ms
	38.26% of batches had wait time > 1 ms
	57.86% of batches had wait time == 1 us
	sum = 1741616.33 ms,
	avg = 173.99 ms,
	std = 269.70 (155.01% of avg) ms,
	min = 0.00 ms,
	max = 1489.54 ms
	19.49% of batches had wait time > 500 ms
/mydata/pytorch_custom_log_one_epoch_imagenet_dataset/b256_gpu1
b256_gpu1:
	0.02% of batches had 1 us < wait time < 1 ms
	99.98% of batches had wait time > 1 ms
	0.00% of batches had wait time == 1 us
	sum = 8323762.54 ms,
	avg = 1663.09 ms,
	std = 131.56 (7.91% of avg) ms,
	min = 0.06 ms,
	max = 2357.77 ms
	99.98% of batches had wait time > 500 ms
/mydata/pytorch_custom_log_one_epoch_imagenet_dataset/b256_gpu2
b256_gpu2:
	0.12% of batches had 1 us < wait time < 1 ms
	69.91% of batches had wait time > 1 ms
	29.97% of batches had wait time == 1 us
	sum = 3886329.02 ms,
	avg = 776.49 ms,
	std = 679.83 (87.55% of avg) ms,
	min = 0.00 ms,
	max = 2098.81 ms
	55.88% of batches had wait time > 500 ms
/mydata/pytorch_custom_log_one_epoch_imagenet_dataset/b256_gpu3
b256_gpu3:
	0.56% of batches had 1 us < wait time < 1 ms
	43.08% of batches had wait time > 1 ms
	56.36% of batches had wait time == 1 us
	sum = 2491890.85 ms,
	avg = 497.88 ms,
	std = 659.01 (132.36% of avg) ms,
	min = 0.00 ms,
	max = 2290.12 ms
	35.92% of batches had wait time > 500 ms
/mydata/pytorch_custom_log_one_epoch_imagenet_dataset/b256_gpu4
b256_gpu4:
	2.18% of batches had 1 us < wait time < 1 ms
	38.18% of batches had wait time > 1 ms
	59.64% of batches had wait time == 1 us
	sum = 1834332.47 ms,
	avg = 366.50 ms,
	std = 563.29 (153.69% of avg) ms,
	min = 0.00 ms,
	max = 2312.78 ms
	29.19% of batches had wait time > 500 ms
/mydata/pytorch_custom_log_one_epoch_imagenet_dataset/b512_gpu1
b512_gpu1:
	0.00% of batches had 1 us < wait time < 1 ms
	100.00% of batches had wait time > 1 ms
	0.00% of batches had wait time == 1 us
	sum = 8229102.67 ms,
	avg = 3287.70 ms,
	std = 224.49 (6.83% of avg) ms,
	min = 718.69 ms,
	max = 4042.93 ms
	100.00% of batches had wait time > 500 ms
/mydata/pytorch_custom_log_one_epoch_imagenet_dataset/b512_gpu2
b512_gpu2:
	0.12% of batches had 1 us < wait time < 1 ms
	65.12% of batches had wait time > 1 ms
	34.76% of batches had wait time == 1 us
	sum = 3914081.52 ms,
	avg = 1563.76 ms,
	std = 1395.59 (89.25% of avg) ms,
	min = 0.00 ms,
	max = 3958.68 ms
	60.17% of batches had wait time > 500 ms
/mydata/pytorch_custom_log_one_epoch_imagenet_dataset/b512_gpu3
b512_gpu3:
	1.00% of batches had 1 us < wait time < 1 ms
	41.71% of batches had wait time > 1 ms
	57.29% of batches had wait time == 1 us
	sum = 2528061.30 ms,
	avg = 1010.01 ms,
	std = 1356.13 (134.27% of avg) ms,
	min = 0.00 ms,
	max = 4425.16 ms
	37.83% of batches had wait time > 500 ms
/mydata/pytorch_custom_log_one_epoch_imagenet_dataset/b512_gpu4
b512_gpu4:
	2.32% of batches had 1 us < wait time < 1 ms
	36.52% of batches had wait time > 1 ms
	61.17% of batches had wait time == 1 us
	sum = 1906040.14 ms,
	avg = 761.50 ms,
	std = 1218.97 (160.07% of avg) ms,
	min = 0.00 ms,
	max = 4472.66 ms
	30.84% of batches had wait time > 500 ms
/mydata/pytorch_custom_log_one_epoch_imagenet_dataset/b1024_gpu2
b1024_gpu2:
	0.08% of batches had 1 us < wait time < 1 ms
	87.06% of batches had wait time > 1 ms
	12.86% of batches had wait time == 1 us
	sum = 4006838.85 ms,
	avg = 3200.35 ms,
	std = 2438.85 (76.21% of avg) ms,
	min = 0.00 ms,
	max = 7940.76 ms
	79.39% of batches had wait time > 500 ms
/mydata/pytorch_custom_log_one_epoch_imagenet_dataset/b1024_gpu3
b1024_gpu3:
	0.72% of batches had 1 us < wait time < 1 ms
	56.63% of batches had wait time > 1 ms
	42.65% of batches had wait time == 1 us
	sum = 2584957.44 ms,
	avg = 2064.66 ms,
	std = 2374.04 (114.98% of avg) ms,
	min = 0.00 ms,
	max = 7587.67 ms
	52.24% of batches had wait time > 500 ms
/mydata/pytorch_custom_log_one_epoch_imagenet_dataset/b1024_gpu4
b1024_gpu4:
	2.40% of batches had 1 us < wait time < 1 ms
	45.85% of batches had wait time > 1 ms
	51.76% of batches had wait time == 1 us
	sum = 1951562.77 ms,
	avg = 1558.76 ms,
	std = 2330.92 (149.54% of avg) ms,
	min = 0.00 ms,
	max = 8204.06 ms
	39.86% of batches had wait time > 500 ms
----------------------------------------------

Batch consumption delay time
/mydata/pytorch_custom_log_one_epoch_imagenet_dataset/
/mydata/pytorch_custom_log_one_epoch_imagenet_dataset/b128_gpu1
b128_gpu1:
	99.98% of batches had delay time < 250 ms
	avg = 44.27 ms,
	std = 12.12 (27.37% of avg) ms,
	min = 8.33 ms,
	max = 1143.22 ms
	0.01% of batches had delay time > 500 ms
/mydata/pytorch_custom_log_one_epoch_imagenet_dataset/b128_gpu2
b128_gpu2:
	68.29% of batches had delay time < 250 ms
	avg = 233.72 ms,
	std = 299.11 (127.98% of avg) ms,
	min = 31.84 ms,
	max = 4889.48 ms
	21.07% of batches had delay time > 500 ms
/mydata/pytorch_custom_log_one_epoch_imagenet_dataset/b128_gpu3
b128_gpu3:
	60.32% of batches had delay time < 250 ms
	avg = 287.92 ms,
	std = 339.87 (118.04% of avg) ms,
	min = 32.84 ms,
	max = 6472.78 ms
	26.62% of batches had delay time > 500 ms
/mydata/pytorch_custom_log_one_epoch_imagenet_dataset/b128_gpu4
b128_gpu4:
	50.18% of batches had delay time < 250 ms
	avg = 344.05 ms,
	std = 385.93 (112.17% of avg) ms,
	min = 33.21 ms,
	max = 8859.01 ms
	31.73% of batches had delay time > 500 ms
/mydata/pytorch_custom_log_one_epoch_imagenet_dataset/b256_gpu1
b256_gpu1:
	99.98% of batches had delay time < 250 ms
	avg = 79.88 ms,
	std = 8.86 (11.09% of avg) ms,
	min = 40.59 ms,
	max = 517.66 ms
	0.02% of batches had delay time > 500 ms
/mydata/pytorch_custom_log_one_epoch_imagenet_dataset/b256_gpu2
b256_gpu2:
	72.29% of batches had delay time < 250 ms
	avg = 328.18 ms,
	std = 464.61 (141.57% of avg) ms,
	min = 63.24 ms,
	max = 4390.62 ms
	21.88% of batches had delay time > 500 ms
/mydata/pytorch_custom_log_one_epoch_imagenet_dataset/b256_gpu3
b256_gpu3:
	44.78% of batches had delay time < 250 ms
	avg = 706.86 ms,
	std = 667.86 (94.48% of avg) ms,
	min = 65.91 ms,
	max = 7055.27 ms
	50.71% of batches had delay time > 500 ms
/mydata/pytorch_custom_log_one_epoch_imagenet_dataset/b256_gpu4
b256_gpu4:
	40.32% of batches had delay time < 250 ms
	avg = 747.74 ms,
	std = 714.16 (95.51% of avg) ms,
	min = 47.26 ms,
	max = 9374.74 ms
	53.01% of batches had delay time > 500 ms
/mydata/pytorch_custom_log_one_epoch_imagenet_dataset/b512_gpu1
b512_gpu1:
	99.88% of batches had delay time < 250 ms
	avg = 149.69 ms,
	std = 9.83 (6.57% of avg) ms,
	min = 121.88 ms,
	max = 403.97 ms
	0.00% of batches had delay time > 500 ms
/mydata/pytorch_custom_log_one_epoch_imagenet_dataset/b512_gpu2
b512_gpu2:
	64.60% of batches had delay time < 250 ms
	avg = 824.64 ms,
	std = 1114.39 (135.14% of avg) ms,
	min = 122.14 ms,
	max = 4856.35 ms
	32.12% of batches had delay time > 500 ms
/mydata/pytorch_custom_log_one_epoch_imagenet_dataset/b512_gpu3
b512_gpu3:
	40.79% of batches had delay time < 250 ms
	avg = 1618.56 ms,
	std = 1456.18 (89.97% of avg) ms,
	min = 124.04 ms,
	max = 8638.51 ms
	56.45% of batches had delay time > 500 ms
/mydata/pytorch_custom_log_one_epoch_imagenet_dataset/b512_gpu4
b512_gpu4:
	34.61% of batches had delay time < 250 ms
	avg = 1615.83 ms,
	std = 1412.79 (87.43% of avg) ms,
	min = 127.03 ms,
	max = 10686.82 ms
	61.71% of batches had delay time > 500 ms
/mydata/pytorch_custom_log_one_epoch_imagenet_dataset/b1024_gpu2
b1024_gpu2:
	3.27% of batches had delay time < 250 ms
	avg = 407.08 ms,
	std = 369.52 (90.77% of avg) ms,
	min = 235.31 ms,
	max = 5665.80 ms
	14.30% of batches had delay time > 500 ms
/mydata/pytorch_custom_log_one_epoch_imagenet_dataset/b1024_gpu3
b1024_gpu3:
	0.16% of batches had delay time < 250 ms
	avg = 2245.30 ms,
	std = 2739.05 (121.99% of avg) ms,
	min = 147.37 ms,
	max = 9832.80 ms
	43.77% of batches had delay time > 500 ms
/mydata/pytorch_custom_log_one_epoch_imagenet_dataset/b1024_gpu4
b1024_gpu4:
	0.32% of batches had delay time < 250 ms
	avg = 2481.41 ms,
	std = 2653.74 (106.94% of avg) ms,
	min = 245.50 ms,
	max = 13445.84 ms
	56.55% of batches had delay time > 500 ms
----------------------------------------------

