preprocessing time
/mydata/pytorch_custom_log_and_vtune_one_epoch_imagenet_dataset/
/mydata/pytorch_custom_log_and_vtune_one_epoch_imagenet_dataset/b1024_gpu4_dataloader8
b1024_gpu4_dataloader8:
Before removing outliers:
sum = 10038475.47 ms, avg = 8017.95 ms, std = 1001.40 (12.49% of avg) ms , min = 1081.56 ms, max = 11919.09 ms
median = 7976.24 ms, 25th percentile = 7367.01 ms, 75th percentile = 8600.69 ms
75th - 25th = 1233.67 ms
remove outliers less than q1 - iqr, where iqr = (q3 - q1) * 2
After removing outliers:
sum = 10037393.91 ms, avg = 8023.50 ms, std = 982.41 (12.24% of avg) ms, min = 5383.34 ms, max = 11919.09 ms
median = 7977.28 ms, 25th percentile = 7368.23 ms, 75th percentile = 8601.51 ms
75th - 25th = 1233.28 ms
/mydata/pytorch_custom_log_and_vtune_one_epoch_imagenet_dataset/b1024_gpu4_dataloader12
b1024_gpu4_dataloader12:
Before removing outliers:
sum = 15912810.20 ms, avg = 12709.91 ms, std = 3706.84 (29.16% of avg) ms , min = 1465.31 ms, max = 26237.53 ms
median = 11465.98 ms, 25th percentile = 10104.10 ms, 75th percentile = 15036.07 ms
75th - 25th = 4931.97 ms
remove outliers less than q1 - iqr, where iqr = (q3 - q1) * 2
After removing outliers:
sum = 15912810.20 ms, avg = 12709.91 ms, std = 3706.84 (29.16% of avg) ms, min = 1465.31 ms, max = 26237.53 ms
median = 11465.98 ms, 25th percentile = 10104.10 ms, 75th percentile = 15036.07 ms
75th - 25th = 4931.97 ms
/mydata/pytorch_custom_log_and_vtune_one_epoch_imagenet_dataset/b1024_gpu4_dataloader16
b1024_gpu4_dataloader16:
Before removing outliers:
sum = 11210339.31 ms, avg = 8953.95 ms, std = 1085.41 (12.12% of avg) ms , min = 1706.44 ms, max = 13714.05 ms
median = 8918.26 ms, 25th percentile = 8226.34 ms, 75th percentile = 9633.95 ms
75th - 25th = 1407.60 ms
remove outliers less than q1 - iqr, where iqr = (q3 - q1) * 2
After removing outliers:
sum = 11203547.82 ms, avg = 8962.84 ms, std = 1061.09 (11.84% of avg) ms, min = 5855.61 ms, max = 13714.05 ms
median = 8919.28 ms, 25th percentile = 8229.20 ms, 75th percentile = 9634.13 ms
75th - 25th = 1404.93 ms
/mydata/pytorch_custom_log_and_vtune_one_epoch_imagenet_dataset/b1024_gpu4_dataloader20
b1024_gpu4_dataloader20:
Before removing outliers:
sum = 12850347.69 ms, avg = 10263.86 ms, std = 1273.19 (12.40% of avg) ms , min = 1513.75 ms, max = 15479.04 ms
median = 10234.60 ms, 25th percentile = 9475.62 ms, 75th percentile = 10964.32 ms
75th - 25th = 1488.70 ms
remove outliers less than q1 - iqr, where iqr = (q3 - q1) * 2
After removing outliers:
sum = 12848833.94 ms, avg = 10270.85 ms, std = 1249.42 (12.16% of avg) ms, min = 6697.73 ms, max = 15479.04 ms
median = 10234.62 ms, 25th percentile = 9477.08 ms, 75th percentile = 10964.50 ms
75th - 25th = 1487.42 ms
/mydata/pytorch_custom_log_and_vtune_one_epoch_imagenet_dataset/b1024_gpu4_dataloader24
b1024_gpu4_dataloader24:
Before removing outliers:
sum = 14272999.20 ms, avg = 11400.16 ms, std = 1451.74 (12.73% of avg) ms , min = 1487.90 ms, max = 18053.82 ms
median = 11401.22 ms, 25th percentile = 10494.82 ms, 75th percentile = 12231.05 ms
75th - 25th = 1736.23 ms
remove outliers less than q1 - iqr, where iqr = (q3 - q1) * 2
After removing outliers:
sum = 14271511.30 ms, avg = 11408.08 ms, std = 1425.00 (12.49% of avg) ms, min = 7501.40 ms, max = 18053.82 ms
median = 11401.42 ms, 25th percentile = 10499.17 ms, 75th percentile = 12232.40 ms
75th - 25th = 1733.24 ms
/mydata/pytorch_custom_log_and_vtune_one_epoch_imagenet_dataset/b1024_gpu4_dataloader28
b1024_gpu4_dataloader28:
Before removing outliers:
sum = 15185851.62 ms, avg = 12129.27 ms, std = 1455.16 (12.00% of avg) ms , min = 1510.39 ms, max = 18817.23 ms
median = 12053.64 ms, 25th percentile = 11179.98 ms, 75th percentile = 12982.27 ms
75th - 25th = 1802.29 ms
remove outliers less than q1 - iqr, where iqr = (q3 - q1) * 2
After removing outliers:
sum = 15184341.24 ms, avg = 12137.76 ms, std = 1424.42 (11.74% of avg) ms, min = 7898.95 ms, max = 18817.23 ms
median = 12053.89 ms, 25th percentile = 11181.60 ms, 75th percentile = 12982.55 ms
75th - 25th = 1800.95 ms
----------------------------------------------

main process wait time
/mydata/pytorch_custom_log_and_vtune_one_epoch_imagenet_dataset/
/mydata/pytorch_custom_log_and_vtune_one_epoch_imagenet_dataset/b1024_gpu4_dataloader8
b1024_gpu4_dataloader8:
sum = 915544.26 ms, avg = 731.27 ms, std = 1524.64 (208.49% of avg) ms, min = 0.00 ms, max = 11430.41 ms
24.36% of batches had wait time > 500 ms
/mydata/pytorch_custom_log_and_vtune_one_epoch_imagenet_dataset/b1024_gpu4_dataloader12
b1024_gpu4_dataloader12:
sum = 976006.37 ms, avg = 779.56 ms, std = 2153.11 (276.20% of avg) ms, min = 0.00 ms, max = 17966.51 ms
19.65% of batches had wait time > 500 ms
/mydata/pytorch_custom_log_and_vtune_one_epoch_imagenet_dataset/b1024_gpu4_dataloader16
b1024_gpu4_dataloader16:
sum = 340684.45 ms, avg = 272.11 ms, std = 833.42 (306.28% of avg) ms, min = 0.00 ms, max = 11056.61 ms
13.18% of batches had wait time > 500 ms
/mydata/pytorch_custom_log_and_vtune_one_epoch_imagenet_dataset/b1024_gpu4_dataloader20
b1024_gpu4_dataloader20:
sum = 284303.29 ms, avg = 227.08 ms, std = 924.21 (407.00% of avg) ms, min = 0.00 ms, max = 21864.06 ms
10.38% of batches had wait time > 500 ms
/mydata/pytorch_custom_log_and_vtune_one_epoch_imagenet_dataset/b1024_gpu4_dataloader24
b1024_gpu4_dataloader24:
sum = 236119.40 ms, avg = 188.59 ms, std = 840.67 (445.76% of avg) ms, min = 0.00 ms, max = 19053.95 ms
8.39% of batches had wait time > 500 ms
/mydata/pytorch_custom_log_and_vtune_one_epoch_imagenet_dataset/b1024_gpu4_dataloader28
b1024_gpu4_dataloader28:
sum = 212952.83 ms, avg = 170.09 ms, std = 889.34 (522.87% of avg) ms, min = 0.00 ms, max = 24616.30 ms
8.47% of batches had wait time > 500 ms
----------------------------------------------

[imagenet]  plotting difference between batch consumed and end of batch preprocessing
/mydata/pytorch_custom_log_and_vtune_one_epoch_imagenet_dataset/
/mydata/pytorch_custom_log_and_vtune_one_epoch_imagenet_dataset/b1024_gpu4_dataloader8
b1024_gpu4_dataloader8:
avg = 3768.28 ms, std = 3327.17 (88.29% of avg) ms, min = 206.53 ms, max = 18209.91 ms
71.65% of batches had wait time > 500 ms
/mydata/pytorch_custom_log_and_vtune_one_epoch_imagenet_dataset/b1024_gpu4_dataloader12
b1024_gpu4_dataloader12:
avg = 6314.12 ms, std = 5485.77 (86.88% of avg) ms, min = 209.15 ms, max = 26285.62 ms
78.51% of batches had wait time > 500 ms
/mydata/pytorch_custom_log_and_vtune_one_epoch_imagenet_dataset/b1024_gpu4_dataloader16
b1024_gpu4_dataloader16:
avg = 5417.31 ms, std = 4432.88 (81.83% of avg) ms, min = 220.35 ms, max = 29243.26 ms
89.62% of batches had wait time > 500 ms
/mydata/pytorch_custom_log_and_vtune_one_epoch_imagenet_dataset/b1024_gpu4_dataloader20
b1024_gpu4_dataloader20:
avg = 6797.98 ms, std = 5732.18 (84.32% of avg) ms, min = 247.84 ms, max = 37642.01 ms
93.61% of batches had wait time > 500 ms
/mydata/pytorch_custom_log_and_vtune_one_epoch_imagenet_dataset/b1024_gpu4_dataloader24
b1024_gpu4_dataloader24:
avg = 8352.26 ms, std = 6867.37 (82.22% of avg) ms, min = 254.30 ms, max = 41982.84 ms
97.92% of batches had wait time > 500 ms
/mydata/pytorch_custom_log_and_vtune_one_epoch_imagenet_dataset/b1024_gpu4_dataloader28
b1024_gpu4_dataloader28:
avg = 13329.03 ms, std = 7725.63 (57.96% of avg) ms, min = 651.60 ms, max = 51125.88 ms
100.00% of batches had wait time > 500 ms
----------------------------------------------

[imagenet] plotting difference between batch consumed and end of batch wait
/mydata/pytorch_custom_log_and_vtune_one_epoch_imagenet_dataset/
/mydata/pytorch_custom_log_and_vtune_one_epoch_imagenet_dataset/b1024_gpu4_dataloader8
b1024_gpu4_dataloader8:
avg = 3222.41 ms, std = 3095.93 (96.07% of avg) ms, min = 0.12 ms, max = 17564.44 ms
66.29% of batches had wait time > 100 ms
/mydata/pytorch_custom_log_and_vtune_one_epoch_imagenet_dataset/b1024_gpu4_dataloader12
b1024_gpu4_dataloader12:
avg = 5448.23 ms, std = 5218.69 (95.79% of avg) ms, min = 0.16 ms, max = 26056.16 ms
71.33% of batches had wait time > 100 ms
/mydata/pytorch_custom_log_and_vtune_one_epoch_imagenet_dataset/b1024_gpu4_dataloader16
b1024_gpu4_dataloader16:
avg = 3777.07 ms, std = 3147.84 (83.34% of avg) ms, min = 0.12 ms, max = 27724.92 ms
75.24% of batches had wait time > 100 ms
/mydata/pytorch_custom_log_and_vtune_one_epoch_imagenet_dataset/b1024_gpu4_dataloader20
b1024_gpu4_dataloader20:
avg = 4813.98 ms, std = 4304.99 (89.43% of avg) ms, min = 0.11 ms, max = 34343.59 ms
78.51% of batches had wait time > 100 ms
/mydata/pytorch_custom_log_and_vtune_one_epoch_imagenet_dataset/b1024_gpu4_dataloader24
b1024_gpu4_dataloader24:
avg = 5111.63 ms, std = 4696.22 (91.87% of avg) ms, min = 0.02 ms, max = 39826.49 ms
80.91% of batches had wait time > 100 ms
/mydata/pytorch_custom_log_and_vtune_one_epoch_imagenet_dataset/b1024_gpu4_dataloader28
b1024_gpu4_dataloader28:
avg = 3334.72 ms, std = 5006.36 (150.13% of avg) ms, min = 0.03 ms, max = 47110.51 ms
73.32% of batches had wait time > 100 ms
----------------------------------------------

