preprocessing time
/mydata/rbachkaniwala3/code/rajveerb_mlperf-training/object_detection/p3torch_logs
2:
Before removing outliers:
sum = 4483187.54 ms, avg = 76.45 ms, std = 11.83 (15.47% of avg) ms , min = 43.83 ms, max = 319.83 ms
median = 72.80 ms, 25th percentile = 68.18 ms, 75th percentile = 83.74 ms
75th - 25th = 15.56 ms
remove outliers less than q1 - iqr, where iqr = (q3 - q1) * 2
After removing outliers:
sum = 4483187.54 ms, avg = 76.45 ms, std = 11.83 (15.47% of avg) ms, min = 43.83 ms, max = 319.83 ms
median = 72.80 ms, 25th percentile = 68.18 ms, 75th percentile = 83.74 ms
75th - 25th = 15.56 ms
----------------------------------------------

main process wait time
/mydata/rbachkaniwala3/code/rajveerb_mlperf-training/object_detection/p3torch_logs
2:
0.00% of batches had 1 us < wait time < 1 ms
99.99% of batches had wait time > 1 ms
0.01% of batches had wait time == 1 us
sum = 460425.00 ms, avg = 7.85 ms, std = 3.72 (47.34% of avg) ms, min = 0.00 ms, max = 350.39 ms
0.00% of batches had wait time > 250 ms
----------------------------------------------

batch consumption delay time
/mydata/rbachkaniwala3/code/rajveerb_mlperf-training/object_detection/p3torch_logs
0.00% of batches had wait time < 250 ms
avg = 1645.39 ms, std = 66.96 (4.07% of avg) ms, min = 34.02 ms, max = 3293.09 ms
100.00% of batches had wait time > 250 ms
----------------------------------------------

[imagenet] plotting difference between batch consumed and end of batch wait
/mydata/rbachkaniwala3/code/rajveerb_mlperf-training/object_detection/p3torch_logs
2:
avg = 0.32 ms, std = 11.50 (3554.01% of avg) ms, min = 0.10 ms, max = 1743.66 ms
0.01% of batches had wait time > 100 ms
----------------------------------------------

