All numbers are in ms
/mydata/rbachkaniwala3/code/rajveerb_mlperf-training/object_detection/p3torch_logs/
Percentile: 0.9
                                dur                                              
                                sum      mean    median percentile_func       std
name                                                                             
SCollation             4.335500e+05  7.393165  6.743707       10.442367  2.165300
SLoad                  1.125375e+06  9.595301  8.275821       15.572850  4.257243
SNormalize             9.152264e+05  7.803506  6.627367       12.609570  3.213556
SRandomHorizontalFlip  6.101571e+04  0.520239  0.518017        1.136580  0.634142
SResize                1.106893e+06  9.437715  9.093016       11.567809  1.548869
SToTensor              7.919161e+05  6.752124  5.848776       12.862692  3.025488



Histogram of duration of each operation



% of each operation with duration < 10 ms
                              dur
name                             
SCollation              87.135500
SLoad                   58.467481
SNormalize              79.965724
SRandomHorizontalFlip  100.000000
SResize                 76.546673
SToTensor               87.689710



% of each operation with duration < 100 us
                             dur
name                            
SCollation              0.000000
SLoad                   0.000000
SNormalize              0.000000
SRandomHorizontalFlip  49.963337
SResize                 0.000000
SToTensor               0.000000
--------------------------------------------------


