All numbers are in ms
/mydata/pytorch_custom_log_one_epoch_imagenet_dataset/
/mydata/pytorch_custom_log_one_epoch_imagenet_dataset/b128_gpu1
Percentile: 0.9
                                dur                                                
                                sum       mean     median percentile_func       std
name                                                                               
SCollation             4.981761e+05  49.767840  50.694746       52.495195  3.046774
SLoader                6.013031e+06   4.693402   4.332666        6.093559  5.930141
SNormalize             2.709073e+05   0.211454   0.205061        0.236374  0.031627
SRandomHorizontalFlip  7.456310e+04   0.058199   0.076145        0.084953  0.028720
SRandomResizedCrop     1.335576e+06   1.042468   0.928461        1.348845  0.865276
SToTensor              4.055524e+05   0.316549   0.312193        0.334706  0.044434
STransform             2.239575e+06   1.748074   1.627177        2.069773  0.955482



% of each operation with duration < 10 ms
                              dur
name                             
SCollation               0.009990
SLoader                 97.797165
SNormalize             100.000000
SRandomHorizontalFlip  100.000000
SRandomResizedCrop      99.822818
SToTensor              100.000000
STransform              99.769663



% of each operation with duration < 100 us
                             dur
name                            
SCollation              0.000000
SLoader                 0.000000
SNormalize              0.000000
SRandomHorizontalFlip  98.302797
SRandomResizedCrop      0.000000
SToTensor               0.000000
STransform              0.000000
--------------------------------------------------


/mydata/pytorch_custom_log_one_epoch_imagenet_dataset/b128_gpu2
Percentile: 0.9
                                dur                                                
                                sum       mean     median percentile_func       std
name                                                                               
SCollation             4.862332e+05  48.574743  47.387682       52.770570  3.632287
SLoader                5.976696e+06   4.665041   4.322948        6.100642  5.859816
SNormalize             2.684417e+05   0.209529   0.198781        0.234427  0.044785
SRandomHorizontalFlip  7.395954e+04   0.057728   0.075361        0.082464  0.032305
SRandomResizedCrop     1.334862e+06   1.041911   0.926117        1.351495  0.863688
SToTensor              4.088054e+05   0.319088   0.308644        0.339909  0.063616
STransform             2.241940e+06   1.749920   1.623990        2.082558  0.969345



% of each operation with duration < 10 ms
                              dur
name                             
SCollation               0.009990
SLoader                 97.829401
SNormalize             100.000000
SRandomHorizontalFlip  100.000000
SRandomResizedCrop      99.817510
SToTensor              100.000000
STransform              99.761389



% of each operation with duration < 100 us
                             dur
name                            
SCollation              0.000000
SLoader                 0.000000
SNormalize              0.000000
SRandomHorizontalFlip  97.872252
SRandomResizedCrop      0.000000
SToTensor               0.000000
STransform              0.000000
--------------------------------------------------


/mydata/pytorch_custom_log_one_epoch_imagenet_dataset/b128_gpu3
Percentile: 0.9
                                dur                                                
                                sum       mean     median percentile_func       std
name                                                                               
SCollation             5.058157e+05  50.531036  49.127899       55.000073  4.069321
SLoader                5.873084e+06   4.584167   4.254407        5.978240  5.854077
SNormalize             2.699660e+05   0.210719   0.200971        0.236702  0.038233
SRandomHorizontalFlip  7.497370e+04   0.058520   0.076263        0.082556  0.028197
SRandomResizedCrop     1.347661e+06   1.051901   0.935453        1.363240  0.884825
SToTensor              4.131055e+05   0.322445   0.314550        0.355284  0.057173
STransform             2.264523e+06   1.767547   1.641955        2.101415  0.984421



% of each operation with duration < 10 ms
                              dur
name                             
SCollation               0.009990
SLoader                 97.885209
SNormalize             100.000000
SRandomHorizontalFlip  100.000000
SRandomResizedCrop      99.814466
SToTensor              100.000000
STransform              99.760687



% of each operation with duration < 100 us
                            dur
name                           
SCollation              0.00000
SLoader                 0.00000
SNormalize              0.00000
SRandomHorizontalFlip  97.57877
SRandomResizedCrop      0.00000
SToTensor               0.00000
STransform              0.00000
--------------------------------------------------


/mydata/pytorch_custom_log_one_epoch_imagenet_dataset/b128_gpu4
Percentile: 0.9
                                dur                                                
                                sum       mean     median percentile_func       std
name                                                                               
SCollation             4.962334e+05  49.573764  48.418884       52.955063  7.352000
SLoader                5.836317e+06   4.555469   4.210263        5.926428  5.948234
SNormalize             2.731764e+05   0.213225   0.203680        0.239412  0.048955
SRandomHorizontalFlip  7.568198e+04   0.059073   0.075439        0.085694  0.032301
SRandomResizedCrop     1.365578e+06   1.065886   0.943692        1.376758  0.933779
SToTensor              4.187928e+05   0.326884   0.315865        0.368252  0.078444
STransform             2.303422e+06   1.797909   1.658449        2.130956  1.145060



% of each operation with duration < 10 ms
                              dur
name                             
SCollation               0.009990
SLoader                 97.825342
SNormalize             100.000000
SRandomHorizontalFlip  100.000000
SRandomResizedCrop      99.794640
SToTensor               99.999922
STransform              99.713933



% of each operation with duration < 100 us
                             dur
name                            
SCollation              0.000000
SLoader                 0.000000
SNormalize              0.000000
SRandomHorizontalFlip  97.089529
SRandomResizedCrop      0.000000
SToTensor               0.000000
STransform              0.000000
--------------------------------------------------


/mydata/pytorch_custom_log_one_epoch_imagenet_dataset/b256_gpu1
Percentile: 0.9
                                dur                                                  
                                sum        mean      median percentile_func       std
name                                                                                 
SCollation             5.047608e+05  100.851314  101.594340      105.144561  5.493501
SLoader                5.954847e+06    4.647986    4.331596        6.092886  5.605856
SNormalize             2.676071e+05    0.208878    0.199527        0.233709  0.023341
SRandomHorizontalFlip  7.426900e+04    0.057970    0.076055        0.081293  0.024893
SRandomResizedCrop     1.330534e+06    1.038533    0.926821        1.341940  0.854157
SToTensor              4.006043e+05    0.312687    0.309361        0.330747  0.033673
STransform             2.221925e+06    1.734298    1.619138        2.053028  0.894905



% of each operation with duration < 10 ms
                              dur
name                             
SCollation               0.000000
SLoader                 97.939145
SNormalize             100.000000
SRandomHorizontalFlip  100.000000
SRandomResizedCrop      99.821491
SToTensor              100.000000
STransform              99.787850



% of each operation with duration < 100 us
                             dur
name                            
SCollation              0.000000
SLoader                 0.000000
SNormalize              0.000000
SRandomHorizontalFlip  98.678002
SRandomResizedCrop      0.000000
SToTensor               0.000000
STransform              0.000000
--------------------------------------------------


/mydata/pytorch_custom_log_one_epoch_imagenet_dataset/b256_gpu2
Percentile: 0.9
                                dur                                                
                                sum       mean     median percentile_func       std
name                                                                               
SCollation             4.791949e+05  95.743246  94.412087      101.091101  5.038252
SLoader                5.822750e+06   4.544880   4.217177        5.989985  5.599673
SNormalize             2.651096e+05   0.206928   0.198102        0.232542  0.028146
SRandomHorizontalFlip  7.452735e+04   0.058171   0.076981        0.080586  0.026548
SRandomResizedCrop     1.332656e+06   1.040189   0.928616        1.346036  0.846434
SToTensor              4.010855e+05   0.313063   0.307276        0.328343  0.037163
STransform             2.226237e+06   1.737663   1.620307        2.060681  0.885866



% of each operation with duration < 10 ms
                              dur
name                             
SCollation               0.000000
SLoader                 97.966463
SNormalize             100.000000
SRandomHorizontalFlip  100.000000
SRandomResizedCrop      99.821491
SToTensor              100.000000
STransform              99.784259



% of each operation with duration < 100 us
                             dur
name                            
SCollation              0.000000
SLoader                 0.000000
SNormalize              0.000000
SRandomHorizontalFlip  98.345961
SRandomResizedCrop      0.000000
SToTensor               0.000000
STransform              0.000000
--------------------------------------------------


/mydata/pytorch_custom_log_one_epoch_imagenet_dataset/b256_gpu3
Percentile: 0.9
                                dur                                                  
                                sum        mean      median percentile_func       std
name                                                                                 
SCollation             5.125989e+05  102.417362  102.270302      109.535276  8.338165
SLoader                5.790833e+06    4.519967    4.194359        5.926078  5.683046
SNormalize             2.673355e+05    0.208666    0.199402        0.234449  0.032340
SRandomHorizontalFlip  7.418054e+04    0.057901    0.075610        0.081852  0.027402
SRandomResizedCrop     1.346575e+06    1.051053    0.936850        1.360800  0.862935
SToTensor              4.088166e+05    0.319097    0.312214        0.347185  0.052892
STransform             2.250288e+06    1.756436    1.637848        2.090006  0.902047



% of each operation with duration < 10 ms
                              dur
name                             
SCollation               0.000000
SLoader                 97.936022
SNormalize             100.000000
SRandomHorizontalFlip  100.000000
SRandomResizedCrop      99.812749
SToTensor               99.999844
STransform              99.777156



% of each operation with duration < 100 us
                            dur
name                           
SCollation              0.00000
SLoader                 0.00000
SNormalize              0.00000
SRandomHorizontalFlip  97.80177
SRandomResizedCrop      0.00000
SToTensor               0.00000
STransform              0.00000
--------------------------------------------------


/mydata/pytorch_custom_log_one_epoch_imagenet_dataset/b256_gpu4
Percentile: 0.9
                                dur                                                  
                                sum        mean     median percentile_func        std
name                                                                                 
SCollation             5.012819e+05  100.156219  97.185684      105.637542  20.979730
SLoader                5.867645e+06    4.579922   4.186910        5.937924   6.403614
SNormalize             2.743849e+05    0.214168   0.203023        0.238450   0.062986
SRandomHorizontalFlip  7.903852e+04    0.061693   0.077774        0.087698   0.035667
SRandomResizedCrop     1.384565e+06    1.080706   0.948368        1.381083   1.179539
SToTensor              4.210302e+05    0.328630   0.315361        0.366489   0.121354
STransform             2.317265e+06    1.808714   1.661249        2.135577   1.308586



% of each operation with duration < 10 ms
                              dur
name                             
SCollation               0.000000
SLoader                 97.697568
SNormalize              99.999922
SRandomHorizontalFlip  100.000000
SRandomResizedCrop      99.742344
SToTensor               99.999610
STransform              99.691375



% of each operation with duration < 100 us
                             dur
name                            
SCollation              0.000000
SLoader                 0.000000
SNormalize              0.000000
SRandomHorizontalFlip  96.218448
SRandomResizedCrop      0.000000
SToTensor               0.000000
STransform              0.000000
--------------------------------------------------


/mydata/pytorch_custom_log_one_epoch_imagenet_dataset/b512_gpu1
Percentile: 0.9
                                dur                                                   
                                sum        mean      median percentile_func        std
name                                                                                  
SCollation             5.121124e+05  204.599448  203.352538      210.045911  11.194555
SLoader                5.832091e+06    4.552171    4.215938        6.018597   5.517503
SNormalize             2.707661e+05    0.211343    0.205726        0.235375   0.026759
SRandomHorizontalFlip  7.564491e+04    0.059044    0.077032        0.086331   0.025973
SRandomResizedCrop     1.325043e+06    1.034247    0.925338        1.335093   0.834405
SToTensor              4.037227e+05    0.315121    0.311271        0.332651   0.034496
STransform             2.224371e+06    1.736207    1.624685        2.051973   0.864290



% of each operation with duration < 10 ms
                              dur
name                             
SCollation               0.000000
SLoader                 97.982386
SNormalize             100.000000
SRandomHorizontalFlip  100.000000
SRandomResizedCrop      99.825706
SToTensor              100.000000
STransform              99.790816



% of each operation with duration < 100 us
                             dur
name                            
SCollation              0.000000
SLoader                 0.000000
SNormalize              0.000000
SRandomHorizontalFlip  98.901939
SRandomResizedCrop      0.000000
SToTensor               0.000000
STransform              0.000000
--------------------------------------------------


/mydata/pytorch_custom_log_one_epoch_imagenet_dataset/b512_gpu2
Percentile: 0.9
                                dur                                                   
                                sum        mean      median percentile_func        std
name                                                                                  
SCollation             4.936026e+05  197.204398  194.489463      211.827346  13.498063
SLoader                5.821741e+06    4.544093    4.214348        5.990870   5.558630
SNormalize             2.677549e+05    0.208993    0.199391        0.233820   0.036637
SRandomHorizontalFlip  7.545569e+04    0.058896    0.077334        0.081454   0.028197
SRandomResizedCrop     1.336780e+06    1.043408    0.931912        1.347776   0.850364
SToTensor              4.045417e+05    0.315760    0.308533        0.332269   0.051055
STransform             2.233316e+06    1.743189    1.626886        2.066388   0.882266



% of each operation with duration < 10 ms
                              dur
name                             
SCollation               0.000000
SLoader                 97.951867
SNormalize             100.000000
SRandomHorizontalFlip  100.000000
SRandomResizedCrop      99.820554
SToTensor               99.999766
STransform              99.784025



% of each operation with duration < 100 us
                             dur
name                            
SCollation              0.000000
SLoader                 0.000000
SNormalize              0.000000
SRandomHorizontalFlip  98.401614
SRandomResizedCrop      0.000000
SToTensor               0.000000
STransform              0.000000
--------------------------------------------------


/mydata/pytorch_custom_log_one_epoch_imagenet_dataset/b512_gpu3
Percentile: 0.9
                                dur                                                   
                                sum        mean      median percentile_func        std
name                                                                                  
SCollation             5.280516e+05  210.967468  211.303818      233.572184  20.344157
SLoader                5.833675e+06    4.553407    4.224762        5.954984   5.843776
SNormalize             2.663305e+05    0.207881    0.198015        0.232910   0.039871
SRandomHorizontalFlip  7.429301e+04    0.057989    0.075477        0.081814   0.041088
SRandomResizedCrop     1.345591e+06    1.050285    0.936187        1.357465   0.877008
SToTensor              4.121708e+05    0.321715    0.312439        0.354359   0.062577
STransform             2.250377e+06    1.756506    1.637701        2.088455   0.912070



% of each operation with duration < 10 ms
                             dur
name                            
SCollation              0.000000
SLoader                97.911904
SNormalize             99.999844
SRandomHorizontalFlip  99.999766
SRandomResizedCrop     99.810876
SToTensor              99.999688
STransform             99.777625



% of each operation with duration < 100 us
                             dur
name                            
SCollation              0.000000
SLoader                 0.000000
SNormalize              0.000000
SRandomHorizontalFlip  97.823859
SRandomResizedCrop      0.000000
SToTensor               0.000000
STransform              0.000000
--------------------------------------------------


/mydata/pytorch_custom_log_one_epoch_imagenet_dataset/b512_gpu4
Percentile: 0.9
                                dur                                                   
                                sum        mean      median percentile_func        std
name                                                                                  
SCollation             5.245438e+05  209.566055  198.252771      221.010996  66.926478
SLoader                6.022698e+06    4.700946    4.217695        5.986103   6.884835
SNormalize             2.774006e+05    0.216522    0.201401        0.237703   0.094259
SRandomHorizontalFlip  7.840327e+04    0.061197    0.076268        0.086544   0.046449
SRandomResizedCrop     1.418448e+06    1.107153    0.951275        1.388700   1.281218
SToTensor              4.304549e+05    0.335987    0.315439        0.372598   0.181161
STransform             2.365012e+06    1.845983    1.662075        2.145304   1.522497



% of each operation with duration < 10 ms
                              dur
name                             
SCollation               0.000000
SLoader                 97.436556
SNormalize             100.000000
SRandomHorizontalFlip  100.000000
SRandomResizedCrop      99.612853
SToTensor               99.999766
STransform              99.517549



% of each operation with duration < 100 us
                             dur
name                            
SCollation              0.000000
SLoader                 0.000000
SNormalize              0.000000
SRandomHorizontalFlip  96.168649
SRandomResizedCrop      0.000000
SToTensor               0.000000
STransform              0.000000
--------------------------------------------------


/mydata/pytorch_custom_log_one_epoch_imagenet_dataset/b1024_gpu2
Percentile: 0.9
                                dur                                                   
                                sum        mean      median percentile_func        std
name                                                                                  
SCollation             5.028780e+05  401.659784  400.604355      436.750807  28.653005
SLoader                5.860824e+06    4.574598    4.243891        6.016014   5.576389
SNormalize             2.680153e+05    0.209196    0.199948        0.233532   0.036604
SRandomHorizontalFlip  7.371841e+04    0.057540    0.076232        0.080302   0.026533
SRandomResizedCrop     1.335953e+06    1.042762    0.931013        1.347818   0.858957
SToTensor              4.057520e+05    0.316705    0.307529        0.331761   0.045710
STransform             2.233930e+06    1.743668    1.627542        2.067784   0.889171



% of each operation with duration < 10 ms
                              dur
name                             
SCollation               0.000000
SLoader                 97.935320
SNormalize              99.999922
SRandomHorizontalFlip  100.000000
SRandomResizedCrop      99.819540
SToTensor              100.000000
STransform              99.783401



% of each operation with duration < 100 us
                             dur
name                            
SCollation              0.000000
SLoader                 0.000000
SNormalize              0.000000
SRandomHorizontalFlip  98.559673
SRandomResizedCrop      0.000000
SToTensor               0.000000
STransform              0.000000
--------------------------------------------------


/mydata/pytorch_custom_log_one_epoch_imagenet_dataset/b1024_gpu3
Percentile: 0.9
                                dur                                                   
                                sum        mean      median percentile_func        std
name                                                                                  
SCollation             5.351603e+05  427.444330  428.556887      472.516849  41.166660
SLoader                5.872894e+06    4.584019    4.257930        5.979355   5.697228
SNormalize             2.718730e+05    0.212207    0.201476        0.236288   0.102598
SRandomHorizontalFlip  7.818783e+04    0.061029    0.078452        0.085916   0.062691
SRandomResizedCrop     1.353314e+06    1.056313    0.943740        1.364239   0.868762
SToTensor              4.184396e+05    0.326608    0.315207        0.362998   0.086850
STransform             2.275169e+06    1.775856    1.658313        2.110548   0.909066



% of each operation with duration < 10 ms
                             dur
name                            
SCollation              0.000000
SLoader                97.897932
SNormalize             99.997971
SRandomHorizontalFlip  99.999766
SRandomResizedCrop     99.813139
SToTensor              99.999610
STransform             99.775049



% of each operation with duration < 100 us
                             dur
name                            
SCollation              0.000000
SLoader                 0.000000
SNormalize              0.000000
SRandomHorizontalFlip  97.274048
SRandomResizedCrop      0.000000
SToTensor               0.000000
STransform              0.000000
--------------------------------------------------


/mydata/pytorch_custom_log_one_epoch_imagenet_dataset/b1024_gpu4
Percentile: 0.9
                                dur                                                    
                                sum        mean      median percentile_func         std
name                                                                                   
SCollation             5.411747e+05  432.248189  409.119562      469.534549  102.363125
SLoader                6.102529e+06    4.763258    4.266182        6.024001    7.297680
SNormalize             2.793874e+05    0.218073    0.201690        0.238340    0.105983
SRandomHorizontalFlip  7.918875e+04    0.061810    0.076333        0.087269    0.054877
SRandomResizedCrop     1.427240e+06    1.114015    0.955619        1.391265    1.332118
SToTensor              4.366998e+05    0.340861    0.316827        0.395547    0.191674
STransform             2.383687e+06    1.860559    1.673650        2.155583    1.580302



% of each operation with duration < 10 ms
                             dur
name                            
SCollation              0.000000
SLoader                97.352492
SNormalize             99.999532
SRandomHorizontalFlip  99.999922
SRandomResizedCrop     99.603643
SToTensor              99.999610
STransform             99.510290



% of each operation with duration < 100 us
                             dur
name                            
SCollation              0.000000
SLoader                 0.000000
SNormalize              0.000000
SRandomHorizontalFlip  95.854717
SRandomResizedCrop      0.000000
SToTensor               0.000000
STransform              0.000000
--------------------------------------------------


